#
# A fatal error has been detected by the Java Runtime Environment:
#
#  SIGSEGV (0xb) at pc=0x00007fc3aac3c1e6, pid=253608, tid=0x00007fc3a86b9700
#
# JRE version: OpenJDK Runtime Environment (8.0_402) (build 1.8.0_402-internal-racerz_2024_01_30_12_46-b00)
# Java VM: OpenJDK 64-Bit Server VM (25.402-b00 mixed mode linux-amd64 compressed oops)
# Problematic frame:
# V  [libjvm.so+0x41b1e6]  ciEnv::register_method(ciMethod*, int, CodeOffsets*, int, CodeBuffer*, int, OopMapSet*, ExceptionHandlerTable*, ImplicitExceptionTable*, AbstractCompiler*, int, bool, bool, RTMState)+0x9f6
#
# Failed to write core dump. Core dumps have been disabled. To enable core dumping, try "ulimit -c unlimited" before starting Java again
#
# If you would like to submit a bug report, please visit:
#   http://bugreport.java.com/bugreport/crash.jsp
#

---------------  T H R E A D  ---------------

Current thread (0x00007fc3a40e9000):  JavaThread "C1 CompilerThread1" daemon [_thread_in_vm, id=253615, stack(0x00007fc3a85ba000,0x00007fc3a86ba000)]

siginfo: si_signo: 11 (SIGSEGV), si_code: 1 (SEGV_MAPERR), si_addr: 0x00007fc04d4eb240

Registers:
RAX=0xffffffff943c36e0, RBX=0x000055c03abb4008, RCX=0x00007fc3ab6cfb40, RDX=0x00000000943c36e0
RSP=0x00007fc3a86b84d0, RBP=0x00007fc3a86b85a0, RSI=0x0000000000000028, RDI=0x00000000943c36e1
R8 =0x00007fc38412b358, R9 =0x0000000000000012, R10=0x0000000000000010, R11=0x00007fc3a47fae60
R12=0x00007fc3a40e9000, R13=0x00007fc3ab6cfd94, R14=0x00007fc3ab6cfa68, R15=0x00007fc3943c3798
RIP=0x00007fc3aac3c1e6, EFLAGS=0x0000000000010286, CSGSFS=0x002b000000000033, ERR=0x0000000000000006
  TRAPNO=0x000000000000000e

Top of Stack: (sp=0x00007fc3a86b84d0)
0x00007fc3a86b84d0:   00007fc384127ac0 00007fc384127ae0
0x00007fc3a86b84e0:   00007fc3a4030dd0 00007fc377818af0
0x00007fc3a86b84f0:   00007fc300000000 0000000000000000
0x00007fc3a86b8500:   00007fc395117110 00007fc3ffffffff
0x00007fc3a86b8510:   00007fc3a401f430 00007fc3a401f530
0x00007fc3a86b8520:   00007fc3a86b8530 00007fc3a86b8af0
0x00007fc3a86b8530:   0000000000000000 00007fc3842b6e10
0x00007fc3a86b8540:   00007fc384128620 00007fc300000012
0x00007fc3a86b8550:   0000000600000001 00007fc3aab77a82
0x00007fc3a86b8560:   00007fc3a86b8580 00007fc384118c00
0x00007fc3a86b8570:   0000000077818af0 00007fc3a86b8730
0x00007fc3a86b8580:   0000000000000012 0000000000000000
0x00007fc3a86b8590:   00007fc3a86b8610 00007fc3842b6dc0
0x00007fc3a86b85a0:   00007fc3a86b8680 00007fc3aab77d54
0x00007fc3a86b85b0:   0000000000000012 00007fc3842b6dc0
0x00007fc3a86b85c0:   00007fc3a86b87a0 00007fc3a86b87b8
0x00007fc3a86b85d0:   00007fc3a40d32b0 0000000000000003
0x00007fc3a86b85e0:   0000000000000000 0000000000000000
0x00007fc3a86b85f0:   0000000000000002 00007fc3aab77d03
0x00007fc3a86b8600:   00007fc3a40d32b0 0000000000000003
0x00007fc3a86b8610:   00007fc3fbad0000 0000000000000000
0x00007fc3a86b8620:   00007fc3a86b88e0 00007fc3a86b8800
0x00007fc3a86b8630:   00007fc3a86b8660 00007fc3ab237416
0x00007fc3a86b8640:   0000000000000000 00007fc30000000b
0x00007fc3a86b8650:   00007fc3a86b8690 00007fc3a86b8730
0x00007fc3a86b8660:   00007fc3a86b8690 00007fc384117e70
0x00007fc3a86b8670:   00007fc3ab6b6388 00000000ffffffff
0x00007fc3a86b8680:   00007fc3a86b86f0 00007fc3aab780d7
0x00007fc3a86b8690:   3834326362330000 0000000000000000
0x00007fc3a86b86a0:   00007fc3a86b8700 e44fe27f74b47900
0x00007fc3a86b86b0:   ffffffffffffffff 0000000000000000
0x00007fc3a86b86c0:   0000000000000000 00007fc300000000 

Instructions: (pc=0x00007fc3aac3c1e6)
0x00007fc3aac3c1c6:   15 b5 3a a9 00 8d 7a 01 48 8d 0d 6b 39 a9 00 48
0x00007fc3aac3c1d6:   63 c2 41 8b 75 00 89 3d 9e 3a a9 00 41 89 55 00
0x00007fc3aac3c1e6:   4c 89 3c c1 48 8d 0d cf 3a a9 00 89 34 81 eb 8a
0x00007fc3aac3c1f6:   66 2e 0f 1f 84 00 00 00 00 00 48 8d 3d 79 3b a9 

Register to memory mapping:

RAX=0xffffffff943c36e0 is an unknown value
RBX=0x000055c03abb4008 is an unknown value
RCX=0x00007fc3ab6cfb40: <offset 0xeaeb40> in /home/racerz/openjdk8/build/linux-x86_64-normal-server-release/jdk/lib/amd64/server/libjvm.so at 0x00007fc3aa821000
RDX=0x00000000943c36e0 is an unallocated location in the heap
RSP=0x00007fc3a86b84d0 is pointing into the stack for thread: 0x00007fc3a40e9000
RBP=0x00007fc3a86b85a0 is pointing into the stack for thread: 0x00007fc3a40e9000
RSI=0x0000000000000028 is an unknown value
RDI=0x00000000943c36e1 is an unallocated location in the heap
R8 =0x00007fc38412b358 is an unknown value
R9 =0x0000000000000012 is an unknown value
R10=0x0000000000000010 is an unknown value
R11=0x00007fc3a47fae60 is an unknown value
R12=0x00007fc3a40e9000 is a thread
R13=0x00007fc3ab6cfd94: <offset 0xeaed94> in /home/racerz/openjdk8/build/linux-x86_64-normal-server-release/jdk/lib/amd64/server/libjvm.so at 0x00007fc3aa821000
R14=0x00007fc3ab6cfa68: <offset 0xeaea68> in /home/racerz/openjdk8/build/linux-x86_64-normal-server-release/jdk/lib/amd64/server/libjvm.so at 0x00007fc3aa821000
R15={method} {0x00007fc3943c3798} 'getContentLengthLong' '()J' in 'org/apache/coyote/Response'


Stack: [0x00007fc3a85ba000,0x00007fc3a86ba000],  sp=0x00007fc3a86b84d0,  free space=1017k
Native frames: (J=compiled Java code, j=interpreted, Vv=VM code, C=native code)
V  [libjvm.so+0x41b1e6]  ciEnv::register_method(ciMethod*, int, CodeOffsets*, int, CodeBuffer*, int, OopMapSet*, ExceptionHandlerTable*, ImplicitExceptionTable*, AbstractCompiler*, int, bool, bool, RTMState)+0x9f6
V  [libjvm.so+0x356d54]  Compilation::compile_method()+0x1d4
V  [libjvm.so+0x3570d7]  Compilation::Compilation(AbstractCompiler*, ciEnv*, ciMethod*, int, BufferBlob*)+0x267
V  [libjvm.so+0x357e4c]  Compiler::compile_method(ciEnv*, ciMethod*, int)+0xbc
V  [libjvm.so+0x4ba15e]  CompileBroker::invoke_compiler_on_method(CompileTask*)+0xaee
V  [libjvm.so+0x4bb5d7]  CompileBroker::compiler_thread_loop()+0x407
V  [libjvm.so+0xadef38]  JavaThread::thread_main_inner()+0xd8
V  [libjvm.so+0x9792a2]  java_start(Thread*)+0xf2
C  [libpthread.so.0+0x8609]  start_thread+0xd9


Current CompileTask:
C1:  18733 3760       3       org.apache.catalina.connector.Response::isAppCommitted (47 bytes)


---------------  P R O C E S S  ---------------

Java Threads: ( => current thread )
  0x00007fc3a4021800 JavaThread "DestroyJavaVM" [_thread_blocked, id=253609, stack(0x00007fc3aa5d2000,0x00007fc3aa6d2000)]
  0x00007fc3a4b5b000 JavaThread "http-nio-8002-Acceptor" daemon [_thread_in_native, id=253644, stack(0x00007fc37687f000,0x00007fc376980000)]
  0x00007fc3a4b3e800 JavaThread "http-nio-8002-Poller" daemon [_thread_in_native, id=253643, stack(0x00007fc376980000,0x00007fc376a81000)]
  0x00007fc3a4b39800 JavaThread "http-nio-8002-exec-10" daemon [_thread_blocked, id=253642, stack(0x00007fc376a81000,0x00007fc376b82000)]
  0x00007fc3a4b37800 JavaThread "http-nio-8002-exec-9" daemon [_thread_blocked, id=253641, stack(0x00007fc376b82000,0x00007fc376c83000)]
  0x00007fc3a4b35800 JavaThread "http-nio-8002-exec-8" daemon [_thread_blocked, id=253640, stack(0x00007fc376c83000,0x00007fc376d84000)]
  0x00007fc3a4b33800 JavaThread "http-nio-8002-exec-7" daemon [_thread_blocked, id=253639, stack(0x00007fc376d84000,0x00007fc376e85000)]
  0x00007fc3a4b31800 JavaThread "http-nio-8002-exec-6" daemon [_thread_blocked, id=253638, stack(0x00007fc376e85000,0x00007fc376f86000)]
  0x00007fc3a4b2f800 JavaThread "http-nio-8002-exec-5" daemon [_thread_blocked, id=253637, stack(0x00007fc376f86000,0x00007fc377087000)]
  0x00007fc3a4b2e000 JavaThread "http-nio-8002-exec-4" daemon [_thread_blocked, id=253636, stack(0x00007fc377087000,0x00007fc377188000)]
  0x00007fc3a4b2c000 JavaThread "http-nio-8002-exec-3" daemon [_thread_blocked, id=253635, stack(0x00007fc377188000,0x00007fc377289000)]
  0x00007fc3a4b2a800 JavaThread "http-nio-8002-exec-2" daemon [_thread_blocked, id=253634, stack(0x00007fc377289000,0x00007fc37738a000)]
  0x00007fc3a4b29000 JavaThread "http-nio-8002-exec-1" daemon [_thread_blocked, id=253633, stack(0x00007fc37738a000,0x00007fc37748b000)]
  0x00007fc3a4a23800 JavaThread "container-0" [_thread_blocked, id=253626, stack(0x00007fc3778ac000,0x00007fc3779ad000)]
  0x00007fc3a4a22000 JavaThread "Catalina-utility-2" [_thread_blocked, id=253625, stack(0x00007fc3779ad000,0x00007fc377aae000)]
  0x00007fc3a4a15000 JavaThread "Catalina-utility-1" [_thread_blocked, id=253624, stack(0x00007fc377aae000,0x00007fc377baf000)]
  0x00007fc3a40ec800 JavaThread "Service Thread" daemon [_thread_blocked, id=253616, stack(0x00007fc3a84b8000,0x00007fc3a85b9000)]
=>0x00007fc3a40e9000 JavaThread "C1 CompilerThread1" daemon [_thread_in_vm, id=253615, stack(0x00007fc3a85ba000,0x00007fc3a86ba000)]
  0x00007fc3a40e3000 JavaThread "C2 CompilerThread0" daemon [_thread_blocked, id=253614, stack(0x00007fc3a86bb000,0x00007fc3a87bb000)]
  0x00007fc3a40d6800 JavaThread "Signal Dispatcher" daemon [_thread_blocked, id=253613, stack(0x00007fc3a87bb000,0x00007fc3a88bc000)]
  0x00007fc3a40b0800 JavaThread "Finalizer" daemon [_thread_blocked, id=253612, stack(0x00007fc3a8d4e000,0x00007fc3a8e4f000)]
  0x00007fc3a40ac000 JavaThread "Reference Handler" daemon [_thread_blocked, id=253611, stack(0x00007fc3a8e4f000,0x00007fc3a8f50000)]

Other Threads:
  0x00007fc3a40a2000 VMThread [stack: 0x00007fc3a8f51000,0x00007fc3a9051000] [id=253610]
  0x00007fc3a40f2000 WatcherThread [stack: 0x00007fc3a833e000,0x00007fc3a843e000] [id=253617]

VM state:not at safepoint (normal execution)

VM Mutex/Monitor currently owned by a thread:  ([mutex/lock_event])
[0x00007fc3a401f430] Compile_lock - owner thread: 0x00007fc3a40e9000
[0x00007fc3a401f530] MethodCompileQueue_lock - owner thread: 0x00007fc3a40e9000

heap address: 0x0000000084800000, size: 1976 MB, Compressed Oops mode: 32-bit
Narrow klass base: 0x0000000000000000, Narrow klass shift: 3
Compressed class space size: 1073741824 Address: 0x0000000100000000

Heap:
 def new generation   total 38144K, used 21652K [0x0000000084800000, 0x0000000087160000, 0x00000000adaa0000)
  eden space 33920K,  63% used [0x0000000084800000, 0x0000000085d25040, 0x0000000086920000)
  from space 4224K,   0% used [0x0000000086920000, 0x0000000086920000, 0x0000000086d40000)
  to   space 4224K,   0% used [0x0000000086d40000, 0x0000000086d40000, 0x0000000087160000)
 tenured generation   total 84672K, used 17871K [0x00000000adaa0000, 0x00000000b2d50000, 0x0000000100000000)
   the space 84672K,  21% used [0x00000000adaa0000, 0x00000000aec13e98, 0x00000000aec14000, 0x00000000b2d50000)
 Metaspace       used 37210K, capacity 39496K, committed 39680K, reserved 1083392K
  class space    used 4703K, capacity 5119K, committed 5120K, reserved 1048576K

Card table byte_map: [0x00007fc3a9bb5000,0x00007fc3a9f92000] byte_map_base: 0x00007fc3a9791000

Polling page: 0x00007fc3ab990000

CodeCache: size=245760Kb used=9768Kb max_used=10726Kb free=235991Kb
 bounds [0x00007fc395000000, 0x00007fc395a90000, 0x00007fc3a4000000]
 total_blobs=3782 nmethods=3318 adapters=377
 compilation: enabled

Compilation events (10 events):
Event: 18.705 Thread 0x00007fc3a40e9000 nmethod 3752 0x00007fc39540dc90 code [0x00007fc39540dde0, 0x00007fc39540def0]
Event: 18.729 Thread 0x00007fc3a40e9000 3763       3       org.apache.tomcat.util.http.MimeHeaders::getHeader (19 bytes)
Event: 18.729 Thread 0x00007fc3a40e9000 nmethod 3763 0x00007fc3956c1b50 code [0x00007fc3956c1ce0, 0x00007fc3956c1f78]
Event: 18.729 Thread 0x00007fc3a40e9000 3761       3       org.springframework.web.method.HandlerMethod$HandlerMethodParameter::getMethod (8 bytes)
Event: 18.729 Thread 0x00007fc3a40e9000 nmethod 3761 0x00007fc3956c17d0 code [0x00007fc3956c1940, 0x00007fc3956c1ab0]
Event: 18.729 Thread 0x00007fc3a40e9000 3758       3       org.apache.catalina.connector.RequestFacade::removeAttribute (32 bytes)
Event: 18.729 Thread 0x00007fc3a40e9000 nmethod 3758 0x00007fc3953bc390 code [0x00007fc3953bc520, 0x00007fc3953bc7e8]
Event: 18.729 Thread 0x00007fc3a40e9000 3759       3       org.apache.catalina.connector.ResponseFacade::isCommitted (31 bytes)
Event: 18.730 Thread 0x00007fc3a40e9000 nmethod 3759 0x00007fc3953bbdd0 code [0x00007fc3953bbf60, 0x00007fc3953bc248]
Event: 18.730 Thread 0x00007fc3a40e9000 3760       3       org.apache.catalina.connector.Response::isAppCommitted (47 bytes)

GC Heap History (10 events):
Event: 1.542 GC heap before
{Heap before GC invocations=2 (full 0):
 def new generation   total 38080K, used 35446K [0x0000000084800000, 0x0000000087150000, 0x00000000adaa0000)
  eden space 33856K, 100% used [0x0000000084800000, 0x0000000086910000, 0x0000000086910000)
  from space 4224K,  37% used [0x0000000086910000, 0x0000000086a9d9b8, 0x0000000086d30000)
  to   space 4224K,   0% used [0x0000000086d30000, 0x0000000086d30000, 0x0000000087150000)
 tenured generation   total 84672K, used 6426K [0x00000000adaa0000, 0x00000000b2d50000, 0x0000000100000000)
   the space 84672K,   7% used [0x00000000adaa0000, 0x00000000ae0e6b60, 0x00000000ae0e6c00, 0x00000000b2d50000)
 Metaspace       used 18119K, capacity 19016K, committed 19200K, reserved 1067008K
  class space    used 2269K, capacity 2476K, committed 2560K, reserved 1048576K
Event: 1.546 GC heap after
Heap after GC invocations=3 (full 0):
 def new generation   total 38080K, used 4224K [0x0000000084800000, 0x0000000087150000, 0x00000000adaa0000)
  eden space 33856K,   0% used [0x0000000084800000, 0x0000000084800000, 0x0000000086910000)
  from space 4224K, 100% used [0x0000000086d30000, 0x0000000087150000, 0x0000000087150000)
  to   space 4224K,   0% used [0x0000000086910000, 0x0000000086910000, 0x0000000086d30000)
 tenured generation   total 84672K, used 7323K [0x00000000adaa0000, 0x00000000b2d50000, 0x0000000100000000)
   the space 84672K,   8% used [0x00000000adaa0000, 0x00000000ae1c6d40, 0x00000000ae1c6e00, 0x00000000b2d50000)
 Metaspace       used 18119K, capacity 19016K, committed 19200K, reserved 1067008K
  class space    used 2269K, capacity 2476K, committed 2560K, reserved 1048576K
}
Event: 1.916 GC heap before
{Heap before GC invocations=3 (full 0):
 def new generation   total 38080K, used 23933K [0x0000000084800000, 0x0000000087150000, 0x00000000adaa0000)
  eden space 33856K,  58% used [0x0000000084800000, 0x0000000085b3f768, 0x0000000086910000)
  from space 4224K, 100% used [0x0000000086d30000, 0x0000000087150000, 0x0000000087150000)
  to   space 4224K,   0% used [0x0000000086910000, 0x0000000086910000, 0x0000000086d30000)
 tenured generation   total 84672K, used 7323K [0x00000000adaa0000, 0x00000000b2d50000, 0x0000000100000000)
   the space 84672K,   8% used [0x00000000adaa0000, 0x00000000ae1c6d40, 0x00000000ae1c6e00, 0x00000000b2d50000)
 Metaspace       used 20280K, capacity 21184K, committed 21248K, reserved 1067008K
  class space    used 2563K, capacity 2754K, committed 2816K, reserved 1048576K
Event: 1.935 GC heap after
Heap after GC invocations=4 (full 1):
 def new generation   total 38144K, used 0K [0x0000000084800000, 0x0000000087160000, 0x00000000adaa0000)
  eden space 33920K,   0% used [0x0000000084800000, 0x0000000084800000, 0x0000000086920000)
  from space 4224K,   0% used [0x0000000086920000, 0x0000000086920000, 0x0000000086d40000)
  to   space 4224K,   0% used [0x0000000086d40000, 0x0000000086d40000, 0x0000000087160000)
 tenured generation   total 84672K, used 12002K [0x00000000adaa0000, 0x00000000b2d50000, 0x0000000100000000)
   the space 84672K,  14% used [0x00000000adaa0000, 0x00000000ae658ba0, 0x00000000ae658c00, 0x00000000b2d50000)
 Metaspace       used 20280K, capacity 21184K, committed 21248K, reserved 1067008K
  class space    used 2563K, capacity 2754K, committed 2816K, reserved 1048576K
}
Event: 2.856 GC heap before
{Heap before GC invocations=4 (full 1):
 def new generation   total 38144K, used 33920K [0x0000000084800000, 0x0000000087160000, 0x00000000adaa0000)
  eden space 33920K, 100% used [0x0000000084800000, 0x0000000086920000, 0x0000000086920000)
  from space 4224K,   0% used [0x0000000086920000, 0x0000000086920000, 0x0000000086d40000)
  to   space 4224K,   0% used [0x0000000086d40000, 0x0000000086d40000, 0x0000000087160000)
 tenured generation   total 84672K, used 12002K [0x00000000adaa0000, 0x00000000b2d50000, 0x0000000100000000)
   the space 84672K,  14% used [0x00000000adaa0000, 0x00000000ae658ba0, 0x00000000ae658c00, 0x00000000b2d50000)
 Metaspace       used 27400K, capacity 29082K, committed 29184K, reserved 1075200K
  class space    used 3486K, capacity 3790K, committed 3840K, reserved 1048576K
Event: 2.866 GC heap after
Heap after GC invocations=5 (full 1):
 def new generation   total 38144K, used 4224K [0x0000000084800000, 0x0000000087160000, 0x00000000adaa0000)
  eden space 33920K,   0% used [0x0000000084800000, 0x0000000084800000, 0x0000000086920000)
  from space 4224K, 100% used [0x0000000086d40000, 0x0000000087160000, 0x0000000087160000)
  to   space 4224K,   0% used [0x0000000086920000, 0x0000000086920000, 0x0000000086d40000)
 tenured generation   total 84672K, used 15831K [0x00000000adaa0000, 0x00000000b2d50000, 0x0000000100000000)
   the space 84672K,  18% used [0x00000000adaa0000, 0x00000000aea15c80, 0x00000000aea15e00, 0x00000000b2d50000)
 Metaspace       used 27400K, capacity 29082K, committed 29184K, reserved 1075200K
  class space    used 3486K, capacity 3790K, committed 3840K, reserved 1048576K
}
Event: 3.352 GC heap before
{Heap before GC invocations=5 (full 1):
 def new generation   total 38144K, used 38144K [0x0000000084800000, 0x0000000087160000, 0x00000000adaa0000)
  eden space 33920K, 100% used [0x0000000084800000, 0x0000000086920000, 0x0000000086920000)
  from space 4224K, 100% used [0x0000000086d40000, 0x0000000087160000, 0x0000000087160000)
  to   space 4224K,   0% used [0x0000000086920000, 0x0000000086920000, 0x0000000086d40000)
 tenured generation   total 84672K, used 15831K [0x00000000adaa0000, 0x00000000b2d50000, 0x0000000100000000)
   the space 84672K,  18% used [0x00000000adaa0000, 0x00000000aea15c80, 0x00000000aea15e00, 0x00000000b2d50000)
 Metaspace       used 31483K, capacity 33228K, committed 33536K, reserved 1079296K
  class space    used 3982K, capacity 4289K, committed 4352K, reserved 1048576K
Event: 3.361 GC heap after
Heap after GC invocations=6 (full 1):
 def new generation   total 38144K, used 4224K [0x0000000084800000, 0x0000000087160000, 0x00000000adaa0000)
  eden space 33920K,   0% used [0x0000000084800000, 0x0000000084800000, 0x0000000086920000)
  from space 4224K, 100% used [0x0000000086920000, 0x0000000086d40000, 0x0000000086d40000)
  to   space 4224K,   0% used [0x0000000086d40000, 0x0000000086d40000, 0x0000000087160000)
 tenured generation   total 84672K, used 19413K [0x00000000adaa0000, 0x00000000b2d50000, 0x0000000100000000)
   the space 84672K,  22% used [0x00000000adaa0000, 0x00000000aed95788, 0x00000000aed95800, 0x00000000b2d50000)
 Metaspace       used 31483K, capacity 33228K, committed 33536K, reserved 1079296K
  class space    used 3982K, capacity 4289K, committed 4352K, reserved 1048576K
}
Event: 3.790 GC heap before
{Heap before GC invocations=6 (full 1):
 def new generation   total 38144K, used 25116K [0x0000000084800000, 0x0000000087160000, 0x00000000adaa0000)
  eden space 33920K,  61% used [0x0000000084800000, 0x0000000085c673b8, 0x0000000086920000)
  from space 4224K, 100% used [0x0000000086920000, 0x0000000086d40000, 0x0000000086d40000)
  to   space 4224K,   0% used [0x0000000086d40000, 0x0000000086d40000, 0x0000000087160000)
 tenured generation   total 84672K, used 19413K [0x00000000adaa0000, 0x00000000b2d50000, 0x0000000100000000)
   the space 84672K,  22% used [0x00000000adaa0000, 0x00000000aed95788, 0x00000000aed95800, 0x00000000b2d50000)
 Metaspace       used 33365K, capacity 35404K, committed 35416K, reserved 1081344K
  class space    used 4226K, capacity 4599K, committed 4608K, reserved 1048576K
Event: 3.823 GC heap after
Heap after GC invocations=7 (full 2):
 def new generation   total 38144K, used 0K [0x0000000084800000, 0x0000000087160000, 0x00000000adaa0000)
  eden space 33920K,   0% used [0x0000000084800000, 0x0000000084800000, 0x0000000086920000)
  from space 4224K,   0% used [0x0000000086920000, 0x0000000086920000, 0x0000000086d40000)
  to   space 4224K,   0% used [0x0000000086d40000, 0x0000000086d40000, 0x0000000087160000)
 tenured generation   total 84672K, used 17871K [0x00000000adaa0000, 0x00000000b2d50000, 0x0000000100000000)
   the space 84672K,  21% used [0x00000000adaa0000, 0x00000000aec13e98, 0x00000000aec14000, 0x00000000b2d50000)
 Metaspace       used 33365K, capacity 35404K, committed 35416K, reserved 1081344K
  class space    used 4226K, capacity 4599K, committed 4608K, reserved 1048576K
}

Deoptimization events (10 events):
Event: 3.676 Thread 0x00007fc3a4021800 Uncommon trap: reason=class_check action=maybe_recompile pc=0x00007fc3958831b4 method=java.lang.reflect.Method.equals(Ljava/lang/Object;)Z @ 5
Event: 3.778 Thread 0x00007fc3a4021800 Uncommon trap: reason=unstable_if action=reinterpret pc=0x00007fc39588b60c method=org.springframework.beans.factory.support.AbstractBeanFactory.isTypeMatch(Ljava/lang/String;Lorg/springframework/core/ResolvableType;Z)Z @ 34
Event: 3.856 Thread 0x00007fc3a4021800 Uncommon trap: reason=unstable_if action=reinterpret pc=0x00007fc395607ff4 method=java.util.concurrent.ConcurrentHashMap.transfer([Ljava/util/concurrent/ConcurrentHashMap$Node;[Ljava/util/concurrent/ConcurrentHashMap$Node;)V @ 356
Event: 3.873 Thread 0x00007fc3a4021800 Uncommon trap: reason=unstable_if action=reinterpret pc=0x00007fc3958c13e0 method=org.springframework.beans.factory.support.DefaultSingletonBeanRegistry.getSingleton(Ljava/lang/String;Z)Ljava/lang/Object; @ 39
Event: 17.599 Thread 0x00007fc3a4b2a800 Uncommon trap: reason=unstable_if action=reinterpret pc=0x00007fc39549f8d8 method=org.springframework.asm.ClassReader.readUtf(II[C)Ljava/lang/String; @ 41
Event: 17.599 Thread 0x00007fc3a4b2a800 Uncommon trap: reason=unstable_if action=reinterpret pc=0x00007fc3954e83cc method=org.springframework.asm.ClassReader.readUtf(II[C)Ljava/lang/String; @ 41
Event: 17.599 Thread 0x00007fc3a4b2a800 Uncommon trap: reason=unstable_if action=reinterpret pc=0x00007fc3954574ac method=org.springframework.asm.ClassReader.readUtf(II[C)Ljava/lang/String; @ 41
Event: 17.989 Thread 0x00007fc3a4b2f800 Uncommon trap: reason=unstable_if action=reinterpret pc=0x00007fc3951b41c4 method=java.nio.Buffer.limit(I)Ljava/nio/Buffer; @ 30
Event: 18.613 Thread 0x00007fc3a4b37800 Uncommon trap: reason=unstable_if action=reinterpret pc=0x00007fc3952e4ba0 method=java.lang.CharacterDataLatin1.isWhitespace(I)Z @ 14
Event: 18.629 Thread 0x00007fc3a4b29000 Uncommon trap: reason=unstable_if action=reinterpret pc=0x00007fc3952e4ba0 method=java.lang.CharacterDataLatin1.isWhitespace(I)Z @ 14

Classes redefined (0 events):
No events

Internal exceptions (10 events):
Event: 3.450 Thread 0x00007fc3a4021800 Exception <a 'java/lang/ClassNotFoundException': org/springframework/web/servlet/config/annotation/WebMvcConfigurationSupportCustomizer> (0x0000000084f7e808) thrown at [/home/racerz/jdk8u-jdk8u402-b05/hotspot/src/share/vm/classfile/systemDictionary.cpp, l
Event: 3.453 Thread 0x00007fc3a4021800 Exception <a 'java/lang/ClassNotFoundException': org/springframework/web/servlet/config/annotation/DelegatingWebMvcConfigurationCustomizer> (0x0000000084f9a698) thrown at [/home/racerz/jdk8u-jdk8u402-b05/hotspot/src/share/vm/classfile/systemDictionary.cpp
Event: 3.454 Thread 0x00007fc3a4021800 Exception <a 'java/lang/ClassNotFoundException': org/springframework/boot/autoconfigure/web/servlet/WebMvcAutoConfiguration$EnableWebMvcConfigurationCustomizer> (0x0000000084fa4748) thrown at [/home/racerz/jdk8u-jdk8u402-b05/hotspot/src/share/vm/classfile
Event: 3.454 Thread 0x00007fc3a4021800 Exception <a 'java/lang/ClassNotFoundException': org/springframework/context/ResourceLoaderAwareCustomizer> (0x0000000084fbae50) thrown at [/home/racerz/jdk8u-jdk8u402-b05/hotspot/src/share/vm/classfile/systemDictionary.cpp, line 217]
Event: 3.454 Thread 0x00007fc3a4021800 Exception <a 'java/lang/ClassNotFoundException': org/springframework/beans/factory/AwareCustomizer> (0x0000000084fbf248) thrown at [/home/racerz/jdk8u-jdk8u402-b05/hotspot/src/share/vm/classfile/systemDictionary.cpp, line 217]
Event: 3.454 Thread 0x00007fc3a4021800 Exception <a 'java/lang/ClassNotFoundException': org/springframework/context/ApplicationContextAwareCustomizer> (0x0000000084fc29d8) thrown at [/home/racerz/jdk8u-jdk8u402-b05/hotspot/src/share/vm/classfile/systemDictionary.cpp, line 217]
Event: 3.455 Thread 0x00007fc3a4021800 Exception <a 'java/lang/ClassNotFoundException': org/springframework/beans/factory/AwareCustomizer> (0x0000000084fc73d8) thrown at [/home/racerz/jdk8u-jdk8u402-b05/hotspot/src/share/vm/classfile/systemDictionary.cpp, line 217]
Event: 3.455 Thread 0x00007fc3a4021800 Exception <a 'java/lang/ClassNotFoundException': org/springframework/web/context/ServletContextAwareCustomizer> (0x0000000084fcaaf8) thrown at [/home/racerz/jdk8u-jdk8u402-b05/hotspot/src/share/vm/classfile/systemDictionary.cpp, line 217]
Event: 3.455 Thread 0x00007fc3a4021800 Exception <a 'java/lang/ClassNotFoundException': org/springframework/beans/factory/AwareCustomizer> (0x0000000084fcef68) thrown at [/home/racerz/jdk8u-jdk8u402-b05/hotspot/src/share/vm/classfile/systemDictionary.cpp, line 217]
Event: 3.786 Thread 0x00007fc3a4021800 Exception <a 'java/lang/IncompatibleClassChangeError': Found class java.lang.Object, but interface was expected> (0x0000000085ba37e0) thrown at [/home/racerz/jdk8u-jdk8u402-b05/hotspot/src/share/vm/interpreter/linkResolver.cpp, line 653]

Events (10 events):
Event: 18.639 loading class org/springframework/http/ContentDisposition$Builder
Event: 18.639 loading class org/springframework/http/ContentDisposition$Builder done
Event: 18.674 Executing VM operation: RevokeBias
Event: 18.674 Executing VM operation: RevokeBias done
Event: 18.674 Executing VM operation: RevokeBias
Event: 18.674 Executing VM operation: RevokeBias done
Event: 18.681 Thread 0x00007fc3a4b29000 DEOPT PACKING pc=0x00007fc3952e4ba0 sp=0x00007fc3774879f0
Event: 18.681 Thread 0x00007fc3a4b29000 DEOPT UNPACKING pc=0x00007fc39504547a sp=0x00007fc377487988 mode 2
Event: 18.727 loading class java/io/RandomAccessFile
Event: 18.727 loading class java/io/RandomAccessFile done


Dynamic libraries:
84800000-87160000 rw-p 00000000 00:00 0 
87160000-adaa0000 ---p 00000000 00:00 0 
adaa0000-b2d50000 rw-p 00000000 00:00 0 
b2d50000-100000000 ---p 00000000 00:00 0 
100000000-100500000 rw-p 00000000 00:00 0 
100500000-140000000 ---p 00000000 00:00 0 
55c03933e000-55c03933f000 r--p 00000000 08:20 564708                     /home/racerz/openjdk8/build/linux-x86_64-normal-server-release/jdk/bin/java
55c03933f000-55c039340000 r-xp 00001000 08:20 564708                     /home/racerz/openjdk8/build/linux-x86_64-normal-server-release/jdk/bin/java
55c039340000-55c039341000 r--p 00002000 08:20 564708                     /home/racerz/openjdk8/build/linux-x86_64-normal-server-release/jdk/bin/java
55c039341000-55c039342000 r--p 00002000 08:20 564708                     /home/racerz/openjdk8/build/linux-x86_64-normal-server-release/jdk/bin/java
55c039342000-55c039343000 rw-p 00003000 08:20 564708                     /home/racerz/openjdk8/build/linux-x86_64-normal-server-release/jdk/bin/java
55c03abb3000-55c03abd4000 rw-p 00000000 00:00 0                          [heap]
7fc334000000-7fc334021000 rw-p 00000000 00:00 0 
7fc334021000-7fc338000000 ---p 00000000 00:00 0 
7fc338000000-7fc338021000 rw-p 00000000 00:00 0 
7fc338021000-7fc33c000000 ---p 00000000 00:00 0 
7fc33c000000-7fc33c021000 rw-p 00000000 00:00 0 
7fc33c021000-7fc340000000 ---p 00000000 00:00 0 
7fc340000000-7fc340021000 rw-p 00000000 00:00 0 
7fc340021000-7fc344000000 ---p 00000000 00:00 0 
7fc344000000-7fc344021000 rw-p 00000000 00:00 0 
7fc344021000-7fc348000000 ---p 00000000 00:00 0 
7fc348000000-7fc348021000 rw-p 00000000 00:00 0 
7fc348021000-7fc34c000000 ---p 00000000 00:00 0 
7fc34c000000-7fc34c021000 rw-p 00000000 00:00 0 
7fc34c021000-7fc350000000 ---p 00000000 00:00 0 
7fc350000000-7fc35002f000 rw-p 00000000 00:00 0 
7fc35002f000-7fc354000000 ---p 00000000 00:00 0 
7fc354000000-7fc354021000 rw-p 00000000 00:00 0 
7fc354021000-7fc358000000 ---p 00000000 00:00 0 
7fc358000000-7fc35803f000 rw-p 00000000 00:00 0 
7fc35803f000-7fc35c000000 ---p 00000000 00:00 0 
7fc35c000000-7fc35c05b000 rw-p 00000000 00:00 0 
7fc35c05b000-7fc360000000 ---p 00000000 00:00 0 
7fc360000000-7fc360021000 rw-p 00000000 00:00 0 
7fc360021000-7fc364000000 ---p 00000000 00:00 0 
7fc364000000-7fc364021000 rw-p 00000000 00:00 0 
7fc364021000-7fc368000000 ---p 00000000 00:00 0 
7fc368000000-7fc368021000 rw-p 00000000 00:00 0 
7fc368021000-7fc36c000000 ---p 00000000 00:00 0 
7fc36c000000-7fc36c021000 rw-p 00000000 00:00 0 
7fc36c021000-7fc370000000 ---p 00000000 00:00 0 
7fc370000000-7fc370021000 rw-p 00000000 00:00 0 
7fc370021000-7fc374000000 ---p 00000000 00:00 0 
7fc37667f000-7fc37683f000 rw-p 00000000 00:00 0 
7fc37683f000-7fc37687f000 ---p 00000000 00:00 0 
7fc37687f000-7fc376882000 ---p 00000000 00:00 0 
7fc376882000-7fc376980000 rw-p 00000000 00:00 0 
7fc376980000-7fc376983000 ---p 00000000 00:00 0 
7fc376983000-7fc376a81000 rw-p 00000000 00:00 0 
7fc376a81000-7fc376a84000 ---p 00000000 00:00 0 
7fc376a84000-7fc376b82000 rw-p 00000000 00:00 0 
7fc376b82000-7fc376b85000 ---p 00000000 00:00 0 
7fc376b85000-7fc376c83000 rw-p 00000000 00:00 0 
7fc376c83000-7fc376c86000 ---p 00000000 00:00 0 
7fc376c86000-7fc376d84000 rw-p 00000000 00:00 0 
7fc376d84000-7fc376d87000 ---p 00000000 00:00 0 
7fc376d87000-7fc376e85000 rw-p 00000000 00:00 0 
7fc376e85000-7fc376e88000 ---p 00000000 00:00 0 
7fc376e88000-7fc376f86000 rw-p 00000000 00:00 0 
7fc376f86000-7fc376f89000 ---p 00000000 00:00 0 
7fc376f89000-7fc377087000 rw-p 00000000 00:00 0 
7fc377087000-7fc37708a000 ---p 00000000 00:00 0 
7fc37708a000-7fc377188000 rw-p 00000000 00:00 0 
7fc377188000-7fc37718b000 ---p 00000000 00:00 0 
7fc37718b000-7fc377289000 rw-p 00000000 00:00 0 
7fc377289000-7fc37728c000 ---p 00000000 00:00 0 
7fc37728c000-7fc37738a000 rw-p 00000000 00:00 0 
7fc37738a000-7fc37738d000 ---p 00000000 00:00 0 
7fc37738d000-7fc37768b000 rw-p 00000000 00:00 0 
7fc3776ac000-7fc3778ac000 rw-p 00000000 00:00 0 
7fc3778ac000-7fc3778af000 ---p 00000000 00:00 0 
7fc3778af000-7fc3779ad000 rw-p 00000000 00:00 0 
7fc3779ad000-7fc3779b0000 ---p 00000000 00:00 0 
7fc3779b0000-7fc377aae000 rw-p 00000000 00:00 0 
7fc377aae000-7fc377ab1000 ---p 00000000 00:00 0 
7fc377ab1000-7fc377daf000 rw-p 00000000 00:00 0 
7fc377daf000-7fc377faf000 rw-p 00000000 00:00 0 
7fc377faf000-7fc377fb8000 r--p 00000000 08:20 564363                     /home/racerz/openjdk8/build/linux-x86_64-normal-server-release/jdk/lib/amd64/libsunec.so
7fc377fb8000-7fc377fda000 r-xp 00009000 08:20 564363                     /home/racerz/openjdk8/build/linux-x86_64-normal-server-release/jdk/lib/amd64/libsunec.so
7fc377fda000-7fc377fe7000 r--p 0002b000 08:20 564363                     /home/racerz/openjdk8/build/linux-x86_64-normal-server-release/jdk/lib/amd64/libsunec.so
7fc377fe7000-7fc377fe8000 ---p 00038000 08:20 564363                     /home/racerz/openjdk8/build/linux-x86_64-normal-server-release/jdk/lib/amd64/libsunec.so
7fc377fe8000-7fc377fed000 r--p 00038000 08:20 564363                     /home/racerz/openjdk8/build/linux-x86_64-normal-server-release/jdk/lib/amd64/libsunec.so
7fc377fed000-7fc377fef000 rw-p 0003d000 08:20 564363                     /home/racerz/openjdk8/build/linux-x86_64-normal-server-release/jdk/lib/amd64/libsunec.so
7fc377fef000-7fc378000000 rw-p 00000000 00:00 0 
7fc378000000-7fc379415000 rw-p 00000000 00:00 0 
7fc379415000-7fc37c000000 ---p 00000000 00:00 0 
7fc37c000000-7fc37c021000 rw-p 00000000 00:00 0 
7fc37c021000-7fc380000000 ---p 00000000 00:00 0 
7fc380000000-7fc380021000 rw-p 00000000 00:00 0 
7fc380021000-7fc384000000 ---p 00000000 00:00 0 
7fc384000000-7fc385772000 rw-p 00000000 00:00 0 
7fc385772000-7fc388000000 ---p 00000000 00:00 0 
7fc388000000-7fc388021000 rw-p 00000000 00:00 0 
7fc388021000-7fc38c000000 ---p 00000000 00:00 0 
7fc38c000000-7fc38c021000 rw-p 00000000 00:00 0 
7fc38c021000-7fc390000000 ---p 00000000 00:00 0 
7fc390000000-7fc390031000 rw-p 00000000 00:00 0 
7fc390031000-7fc394000000 ---p 00000000 00:00 0 
7fc394000000-7fc394200000 rw-p 00000000 00:00 0 
7fc394200000-7fc394400000 rw-p 00000000 00:00 0 
7fc394400000-7fc394600000 rw-p 00000000 00:00 0 
7fc394600000-7fc394800000 rw-p 00000000 00:00 0 
7fc394800000-7fc394a00000 rw-p 00000000 00:00 0 
7fc394a00000-7fc394c00000 rw-p 00000000 00:00 0 
7fc394c00000-7fc394e00000 rw-p 00000000 00:00 0 
7fc394e00000-7fc395000000 rw-p 00000000 00:00 0 
7fc395000000-7fc395a90000 rwxp 00000000 00:00 0 
7fc395a90000-7fc3a4000000 ---p 00000000 00:00 0 
7fc3a4000000-7fc3a4b66000 rw-p 00000000 00:00 0 
7fc3a4b66000-7fc3a8000000 ---p 00000000 00:00 0 
7fc3a801d000-7fc3a8021000 r--p 00000000 08:20 564421                     /home/racerz/openjdk8/build/linux-x86_64-normal-server-release/jdk/lib/amd64/libmanagement.so
7fc3a8021000-7fc3a8024000 r-xp 00004000 08:20 564421                     /home/racerz/openjdk8/build/linux-x86_64-normal-server-release/jdk/lib/amd64/libmanagement.so
7fc3a8024000-7fc3a8026000 r--p 00007000 08:20 564421                     /home/racerz/openjdk8/build/linux-x86_64-normal-server-release/jdk/lib/amd64/libmanagement.so
7fc3a8026000-7fc3a8027000 r--p 00008000 08:20 564421                     /home/racerz/openjdk8/build/linux-x86_64-normal-server-release/jdk/lib/amd64/libmanagement.so
7fc3a8027000-7fc3a8028000 rw-p 00009000 08:20 564421                     /home/racerz/openjdk8/build/linux-x86_64-normal-server-release/jdk/lib/amd64/libmanagement.so
7fc3a8028000-7fc3a802d000 r--p 00000000 08:20 564398                     /home/racerz/openjdk8/build/linux-x86_64-normal-server-release/jdk/lib/amd64/libnet.so
7fc3a802d000-7fc3a803d000 r-xp 00005000 08:20 564398                     /home/racerz/openjdk8/build/linux-x86_64-normal-server-release/jdk/lib/amd64/libnet.so
7fc3a803d000-7fc3a8041000 r--p 00015000 08:20 564398                     /home/racerz/openjdk8/build/linux-x86_64-normal-server-release/jdk/lib/amd64/libnet.so
7fc3a8041000-7fc3a8042000 r--p 00018000 08:20 564398                     /home/racerz/openjdk8/build/linux-x86_64-normal-server-release/jdk/lib/amd64/libnet.so
7fc3a8042000-7fc3a8043000 rw-p 00019000 08:20 564398                     /home/racerz/openjdk8/build/linux-x86_64-normal-server-release/jdk/lib/amd64/libnet.so
7fc3a8043000-7fc3a804a000 r--p 00000000 08:20 564453                     /home/racerz/openjdk8/build/linux-x86_64-normal-server-release/jdk/lib/amd64/libnio.so
7fc3a804a000-7fc3a8052000 r-xp 00007000 08:20 564453                     /home/racerz/openjdk8/build/linux-x86_64-normal-server-release/jdk/lib/amd64/libnio.so
7fc3a8052000-7fc3a8055000 r--p 0000f000 08:20 564453                     /home/racerz/openjdk8/build/linux-x86_64-normal-server-release/jdk/lib/amd64/libnio.so
7fc3a8055000-7fc3a8056000 ---p 00012000 08:20 564453                     /home/racerz/openjdk8/build/linux-x86_64-normal-server-release/jdk/lib/amd64/libnio.so
7fc3a8056000-7fc3a8057000 r--p 00012000 08:20 564453                     /home/racerz/openjdk8/build/linux-x86_64-normal-server-release/jdk/lib/amd64/libnio.so
7fc3a8057000-7fc3a8058000 rw-p 00013000 08:20 564453                     /home/racerz/openjdk8/build/linux-x86_64-normal-server-release/jdk/lib/amd64/libnio.so
7fc3a8058000-7fc3a8332000 r--s 0341f000 08:20 354995                     /home/racerz/openjdk8/vuln-springboot2.jar
7fc3a8332000-7fc3a8334000 r--s 00008000 08:20 565110                     /home/racerz/openjdk8/build/linux-x86_64-normal-server-release/jdk/lib/ext/sunec.jar
7fc3a8334000-7fc3a833a000 r--s 0003e000 08:20 565091                     /home/racerz/openjdk8/build/linux-x86_64-normal-server-release/jdk/lib/ext/sunjce_provider.jar
7fc3a833a000-7fc3a833d000 r--s 00042000 08:20 565096                     /home/racerz/openjdk8/build/linux-x86_64-normal-server-release/jdk/lib/ext/sunpkcs11.jar
7fc3a833d000-7fc3a833e000 ---p 00000000 00:00 0 
7fc3a833e000-7fc3a843e000 rw-p 00000000 00:00 0 
7fc3a843e000-7fc3a84b8000 r--s 01107000 08:20 354993                     /home/racerz/openjdk8/tools.jar
7fc3a84b8000-7fc3a84bb000 ---p 00000000 00:00 0 
7fc3a84bb000-7fc3a85b9000 rw-p 00000000 00:00 0 
7fc3a85b9000-7fc3a85ba000 ---p 00000000 00:00 0 
7fc3a85ba000-7fc3a85bd000 ---p 00000000 00:00 0 
7fc3a85bd000-7fc3a86ba000 rw-p 00000000 00:00 0 
7fc3a86ba000-7fc3a86bb000 ---p 00000000 00:00 0 
7fc3a86bb000-7fc3a86be000 ---p 00000000 00:00 0 
7fc3a86be000-7fc3a87bb000 rw-p 00000000 00:00 0 
7fc3a87bb000-7fc3a87be000 ---p 00000000 00:00 0 
7fc3a87be000-7fc3a88bc000 rw-p 00000000 00:00 0 
7fc3a88bc000-7fc3a88ee000 r--p 00000000 08:20 22158                      /usr/lib/locale/C.UTF-8/LC_CTYPE
7fc3a88ee000-7fc3a88ef000 r--p 00000000 08:20 22164                      /usr/lib/locale/C.UTF-8/LC_NUMERIC
7fc3a88ef000-7fc3a88f0000 r--p 00000000 08:20 22167                      /usr/lib/locale/C.UTF-8/LC_TIME
7fc3a88f0000-7fc3a8a63000 r--p 00000000 08:20 22157                      /usr/lib/locale/C.UTF-8/LC_COLLATE
7fc3a8a63000-7fc3a8a64000 r--p 00000000 08:20 22162                      /usr/lib/locale/C.UTF-8/LC_MONETARY
7fc3a8a64000-7fc3a8a65000 r--p 00000000 08:20 22161                      /usr/lib/locale/C.UTF-8/LC_MESSAGES/SYS_LC_MESSAGES
7fc3a8a65000-7fc3a8a66000 r--p 00000000 08:20 22165                      /usr/lib/locale/C.UTF-8/LC_PAPER
7fc3a8a66000-7fc3a8a67000 r--p 00000000 08:20 22163                      /usr/lib/locale/C.UTF-8/LC_NAME
7fc3a8a67000-7fc3a8a68000 r--p 00000000 08:20 22156                      /usr/lib/locale/C.UTF-8/LC_ADDRESS
7fc3a8a68000-7fc3a8d4e000 r--p 00000000 08:20 3070                       /usr/lib/locale/locale-archive
7fc3a8d4e000-7fc3a8d51000 ---p 00000000 00:00 0 
7fc3a8d51000-7fc3a8e4f000 rw-p 00000000 00:00 0 
7fc3a8e4f000-7fc3a8e52000 ---p 00000000 00:00 0 
7fc3a8e52000-7fc3a8f50000 rw-p 00000000 00:00 0 
7fc3a8f50000-7fc3a8f51000 ---p 00000000 00:00 0 
7fc3a8f51000-7fc3a994c000 rw-p 00000000 00:00 0 
7fc3a994c000-7fc3a9bb5000 ---p 00000000 00:00 0 
7fc3a9bb5000-7fc3a9bca000 rw-p 00000000 00:00 0 
7fc3a9bca000-7fc3a9cfe000 ---p 00000000 00:00 0 
7fc3a9cfe000-7fc3a9d28000 rw-p 00000000 00:00 0 
7fc3a9d28000-7fc3a9f91000 ---p 00000000 00:00 0 
7fc3a9f91000-7fc3a9fbd000 rw-p 00000000 00:00 0 
7fc3a9fbd000-7fc3aa352000 ---p 00000000 00:00 0 
7fc3aa352000-7fc3aa355000 r--p 00000000 08:20 564392                     /home/racerz/openjdk8/build/linux-x86_64-normal-server-release/jdk/lib/amd64/libzip.so
7fc3aa355000-7fc3aa367000 r-xp 00003000 08:20 564392                     /home/racerz/openjdk8/build/linux-x86_64-normal-server-release/jdk/lib/amd64/libzip.so
7fc3aa367000-7fc3aa36f000 r--p 00015000 08:20 564392                     /home/racerz/openjdk8/build/linux-x86_64-normal-server-release/jdk/lib/amd64/libzip.so
7fc3aa36f000-7fc3aa370000 r--p 0001c000 08:20 564392                     /home/racerz/openjdk8/build/linux-x86_64-normal-server-release/jdk/lib/amd64/libzip.so
7fc3aa370000-7fc3aa371000 rw-p 0001d000 08:20 564392                     /home/racerz/openjdk8/build/linux-x86_64-normal-server-release/jdk/lib/amd64/libzip.so
7fc3aa371000-7fc3aa374000 r--p 00000000 08:20 29549                      /usr/lib/x86_64-linux-gnu/libnss_files-2.31.so
7fc3aa374000-7fc3aa37b000 r-xp 00003000 08:20 29549                      /usr/lib/x86_64-linux-gnu/libnss_files-2.31.so
7fc3aa37b000-7fc3aa37d000 r--p 0000a000 08:20 29549                      /usr/lib/x86_64-linux-gnu/libnss_files-2.31.so
7fc3aa37d000-7fc3aa37e000 r--p 0000b000 08:20 29549                      /usr/lib/x86_64-linux-gnu/libnss_files-2.31.so
7fc3aa37e000-7fc3aa37f000 rw-p 0000c000 08:20 29549                      /usr/lib/x86_64-linux-gnu/libnss_files-2.31.so
7fc3aa37f000-7fc3aa385000 rw-p 00000000 00:00 0 
7fc3aa385000-7fc3aa388000 r--p 00000000 08:20 20814                      /usr/lib/x86_64-linux-gnu/libgcc_s.so.1
7fc3aa388000-7fc3aa39a000 r-xp 00003000 08:20 20814                      /usr/lib/x86_64-linux-gnu/libgcc_s.so.1
7fc3aa39a000-7fc3aa39e000 r--p 00015000 08:20 20814                      /usr/lib/x86_64-linux-gnu/libgcc_s.so.1
7fc3aa39e000-7fc3aa39f000 r--p 00018000 08:20 20814                      /usr/lib/x86_64-linux-gnu/libgcc_s.so.1
7fc3aa39f000-7fc3aa3a0000 rw-p 00019000 08:20 20814                      /usr/lib/x86_64-linux-gnu/libgcc_s.so.1
7fc3aa3a0000-7fc3aa436000 r--p 00000000 08:20 29517                      /usr/lib/x86_64-linux-gnu/libstdc++.so.6.0.28
7fc3aa436000-7fc3aa527000 r-xp 00096000 08:20 29517                      /usr/lib/x86_64-linux-gnu/libstdc++.so.6.0.28
7fc3aa527000-7fc3aa570000 r--p 00187000 08:20 29517                      /usr/lib/x86_64-linux-gnu/libstdc++.so.6.0.28
7fc3aa570000-7fc3aa571000 ---p 001d0000 08:20 29517                      /usr/lib/x86_64-linux-gnu/libstdc++.so.6.0.28
7fc3aa571000-7fc3aa57c000 r--p 001d0000 08:20 29517                      /usr/lib/x86_64-linux-gnu/libstdc++.so.6.0.28
7fc3aa57c000-7fc3aa57f000 rw-p 001db000 08:20 29517                      /usr/lib/x86_64-linux-gnu/libstdc++.so.6.0.28
7fc3aa57f000-7fc3aa582000 rw-p 00000000 00:00 0 
7fc3aa582000-7fc3aa583000 r--p 00000000 08:20 22166                      /usr/lib/locale/C.UTF-8/LC_TELEPHONE
7fc3aa583000-7fc3aa584000 r--p 00000000 08:20 22160                      /usr/lib/locale/C.UTF-8/LC_MEASUREMENT
7fc3aa584000-7fc3aa58b000 r--s 00000000 08:20 29871                      /usr/lib/x86_64-linux-gnu/gconv/gconv-modules.cache
7fc3aa58b000-7fc3aa58d000 r--s 00016000 08:20 565087                     /home/racerz/openjdk8/build/linux-x86_64-normal-server-release/jdk/lib/jce.jar
7fc3aa58d000-7fc3aa595000 rw-s 00000000 08:20 584440                     /tmp/hsperfdata_racerz/253608
7fc3aa595000-7fc3aa596000 r--p 00000000 08:20 354992                     /home/racerz/openjdk8/libagent.so
7fc3aa596000-7fc3aa597000 r-xp 00001000 08:20 354992                     /home/racerz/openjdk8/libagent.so
7fc3aa597000-7fc3aa598000 r--p 00002000 08:20 354992                     /home/racerz/openjdk8/libagent.so
7fc3aa598000-7fc3aa599000 r--p 00002000 08:20 354992                     /home/racerz/openjdk8/libagent.so
7fc3aa599000-7fc3aa59a000 rw-p 00003000 08:20 354992                     /home/racerz/openjdk8/libagent.so
7fc3aa59a000-7fc3aa5a7000 r--p 00000000 08:20 564384                     /home/racerz/openjdk8/build/linux-x86_64-normal-server-release/jdk/lib/amd64/libjava.so
7fc3aa5a7000-7fc3aa5bd000 r-xp 0000d000 08:20 564384                     /home/racerz/openjdk8/build/linux-x86_64-normal-server-release/jdk/lib/amd64/libjava.so
7fc3aa5bd000-7fc3aa5c4000 r--p 00023000 08:20 564384                     /home/racerz/openjdk8/build/linux-x86_64-normal-server-release/jdk/lib/amd64/libjava.so
7fc3aa5c4000-7fc3aa5c5000 r--p 00029000 08:20 564384                     /home/racerz/openjdk8/build/linux-x86_64-normal-server-release/jdk/lib/amd64/libjava.so
7fc3aa5c5000-7fc3aa5c7000 rw-p 0002a000 08:20 564384                     /home/racerz/openjdk8/build/linux-x86_64-normal-server-release/jdk/lib/amd64/libjava.so
7fc3aa5c7000-7fc3aa5c9000 r--p 00000000 08:20 29559                      /usr/lib/x86_64-linux-gnu/librt-2.31.so
7fc3aa5c9000-7fc3aa5cd000 r-xp 00002000 08:20 29559                      /usr/lib/x86_64-linux-gnu/librt-2.31.so
7fc3aa5cd000-7fc3aa5cf000 r--p 00006000 08:20 29559                      /usr/lib/x86_64-linux-gnu/librt-2.31.so
7fc3aa5cf000-7fc3aa5d0000 r--p 00007000 08:20 29559                      /usr/lib/x86_64-linux-gnu/librt-2.31.so
7fc3aa5d0000-7fc3aa5d1000 rw-p 00008000 08:20 29559                      /usr/lib/x86_64-linux-gnu/librt-2.31.so
7fc3aa5d1000-7fc3aa5d2000 ---p 00000000 00:00 0 
7fc3aa5d2000-7fc3aa5d5000 ---p 00000000 00:00 0 
7fc3aa5d5000-7fc3aa6d2000 rw-p 00000000 00:00 0 
7fc3aa6d2000-7fc3aa6df000 r--p 00000000 08:20 29541                      /usr/lib/x86_64-linux-gnu/libm-2.31.so
7fc3aa6df000-7fc3aa786000 r-xp 0000d000 08:20 29541                      /usr/lib/x86_64-linux-gnu/libm-2.31.so
7fc3aa786000-7fc3aa81f000 r--p 000b4000 08:20 29541                      /usr/lib/x86_64-linux-gnu/libm-2.31.so
7fc3aa81f000-7fc3aa820000 r--p 0014c000 08:20 29541                      /usr/lib/x86_64-linux-gnu/libm-2.31.so
7fc3aa820000-7fc3aa821000 rw-p 0014d000 08:20 29541                      /usr/lib/x86_64-linux-gnu/libm-2.31.so
7fc3aa821000-7fc3aaa2e000 r--p 00000000 08:20 519511                     /home/racerz/openjdk8/build/linux-x86_64-normal-server-release/jdk/lib/amd64/server/libjvm.so
7fc3aaa2e000-7fc3ab3df000 r-xp 0020d000 08:20 519511                     /home/racerz/openjdk8/build/linux-x86_64-normal-server-release/jdk/lib/amd64/server/libjvm.so
7fc3ab3df000-7fc3ab5f4000 r--p 00bbe000 08:20 519511                     /home/racerz/openjdk8/build/linux-x86_64-normal-server-release/jdk/lib/amd64/server/libjvm.so
7fc3ab5f4000-7fc3ab6a1000 r--p 00dd2000 08:20 519511                     /home/racerz/openjdk8/build/linux-x86_64-normal-server-release/jdk/lib/amd64/server/libjvm.so
7fc3ab6a1000-7fc3ab6cb000 rw-p 00e7f000 08:20 519511                     /home/racerz/openjdk8/build/linux-x86_64-normal-server-release/jdk/lib/amd64/server/libjvm.so
7fc3ab6cb000-7fc3ab718000 rw-p 00000000 00:00 0 
7fc3ab718000-7fc3ab71e000 r--p 00000000 08:20 29555                      /usr/lib/x86_64-linux-gnu/libpthread-2.31.so
7fc3ab71e000-7fc3ab72f000 r-xp 00006000 08:20 29555                      /usr/lib/x86_64-linux-gnu/libpthread-2.31.so
7fc3ab72f000-7fc3ab735000 r--p 00017000 08:20 29555                      /usr/lib/x86_64-linux-gnu/libpthread-2.31.so
7fc3ab735000-7fc3ab736000 r--p 0001c000 08:20 29555                      /usr/lib/x86_64-linux-gnu/libpthread-2.31.so
7fc3ab736000-7fc3ab737000 rw-p 0001d000 08:20 29555                      /usr/lib/x86_64-linux-gnu/libpthread-2.31.so
7fc3ab737000-7fc3ab73b000 rw-p 00000000 00:00 0 
7fc3ab73b000-7fc3ab73c000 r--p 00000000 08:20 29540                      /usr/lib/x86_64-linux-gnu/libdl-2.31.so
7fc3ab73c000-7fc3ab73e000 r-xp 00001000 08:20 29540                      /usr/lib/x86_64-linux-gnu/libdl-2.31.so
7fc3ab73e000-7fc3ab73f000 r--p 00003000 08:20 29540                      /usr/lib/x86_64-linux-gnu/libdl-2.31.so
7fc3ab73f000-7fc3ab740000 r--p 00003000 08:20 29540                      /usr/lib/x86_64-linux-gnu/libdl-2.31.so
7fc3ab740000-7fc3ab741000 rw-p 00004000 08:20 29540                      /usr/lib/x86_64-linux-gnu/libdl-2.31.so
7fc3ab741000-7fc3ab763000 r--p 00000000 08:20 29539                      /usr/lib/x86_64-linux-gnu/libc-2.31.so
7fc3ab763000-7fc3ab8db000 r-xp 00022000 08:20 29539                      /usr/lib/x86_64-linux-gnu/libc-2.31.so
7fc3ab8db000-7fc3ab929000 r--p 0019a000 08:20 29539                      /usr/lib/x86_64-linux-gnu/libc-2.31.so
7fc3ab929000-7fc3ab92d000 r--p 001e7000 08:20 29539                      /usr/lib/x86_64-linux-gnu/libc-2.31.so
7fc3ab92d000-7fc3ab92f000 rw-p 001eb000 08:20 29539                      /usr/lib/x86_64-linux-gnu/libc-2.31.so
7fc3ab92f000-7fc3ab933000 rw-p 00000000 00:00 0 
7fc3ab933000-7fc3ab934000 r--p 00000000 08:20 22159                      /usr/lib/locale/C.UTF-8/LC_IDENTIFICATION
7fc3ab934000-7fc3ab935000 rw-p 00000000 00:00 0 
7fc3ab935000-7fc3ab93a000 r--p 00000000 08:20 564351                     /home/racerz/openjdk8/build/linux-x86_64-normal-server-release/jdk/lib/amd64/libverify.so
7fc3ab93a000-7fc3ab941000 r-xp 00005000 08:20 564351                     /home/racerz/openjdk8/build/linux-x86_64-normal-server-release/jdk/lib/amd64/libverify.so
7fc3ab941000-7fc3ab943000 r--p 0000c000 08:20 564351                     /home/racerz/openjdk8/build/linux-x86_64-normal-server-release/jdk/lib/amd64/libverify.so
7fc3ab943000-7fc3ab945000 r--p 0000d000 08:20 564351                     /home/racerz/openjdk8/build/linux-x86_64-normal-server-release/jdk/lib/amd64/libverify.so
7fc3ab945000-7fc3ab946000 rw-p 0000f000 08:20 564351                     /home/racerz/openjdk8/build/linux-x86_64-normal-server-release/jdk/lib/amd64/libverify.so
7fc3ab946000-7fc3ab949000 r--p 00000000 08:20 564353                     /home/racerz/openjdk8/build/linux-x86_64-normal-server-release/jdk/lib/amd64/jli/libjli.so
7fc3ab949000-7fc3ab959000 r-xp 00003000 08:20 564353                     /home/racerz/openjdk8/build/linux-x86_64-normal-server-release/jdk/lib/amd64/jli/libjli.so
7fc3ab959000-7fc3ab960000 r--p 00013000 08:20 564353                     /home/racerz/openjdk8/build/linux-x86_64-normal-server-release/jdk/lib/amd64/jli/libjli.so
7fc3ab960000-7fc3ab961000 r--p 00019000 08:20 564353                     /home/racerz/openjdk8/build/linux-x86_64-normal-server-release/jdk/lib/amd64/jli/libjli.so
7fc3ab961000-7fc3ab962000 rw-p 0001a000 08:20 564353                     /home/racerz/openjdk8/build/linux-x86_64-normal-server-release/jdk/lib/amd64/jli/libjli.so
7fc3ab962000-7fc3ab964000 rw-p 00000000 00:00 0 
7fc3ab964000-7fc3ab965000 r--p 00000000 08:20 29534                      /usr/lib/x86_64-linux-gnu/ld-2.31.so
7fc3ab965000-7fc3ab988000 r-xp 00001000 08:20 29534                      /usr/lib/x86_64-linux-gnu/ld-2.31.so
7fc3ab988000-7fc3ab990000 r--p 00024000 08:20 29534                      /usr/lib/x86_64-linux-gnu/ld-2.31.so
7fc3ab990000-7fc3ab991000 r--p 00000000 00:00 0 
7fc3ab991000-7fc3ab992000 r--p 0002c000 08:20 29534                      /usr/lib/x86_64-linux-gnu/ld-2.31.so
7fc3ab992000-7fc3ab993000 rw-p 0002d000 08:20 29534                      /usr/lib/x86_64-linux-gnu/ld-2.31.so
7fc3ab993000-7fc3ab994000 rw-p 00000000 00:00 0 
7ffd61f09000-7ffd61f2b000 rw-p 00000000 00:00 0                          [stack]
7ffd61ff8000-7ffd61ffc000 r--p 00000000 00:00 0                          [vvar]
7ffd61ffc000-7ffd61ffe000 r-xp 00000000 00:00 0                          [vdso]

VM Arguments:
jvm_args: -Xbootclasspath/a:/home/racerz/openjdk8/tools.jar -agentpath:/home/racerz/openjdk8/libagent.so 
java_command: vuln-springboot2.jar
java_class_path (initial): vuln-springboot2.jar
Launcher Type: SUN_STANDARD

Environment Variables:
SHELL=/bin/bash
DISPLAY=:0
HOSTTYPE=x86_64

Signal Handlers:
SIGSEGV: [libjvm.so+0xb3c6d0], sa_mask[0]=11111111011111111101111111111110, sa_flags=SA_RESTART|SA_SIGINFO
SIGBUS: [libjvm.so+0xb3c6d0], sa_mask[0]=11111111011111111101111111111110, sa_flags=SA_RESTART|SA_SIGINFO
SIGFPE: [libjvm.so+0x977280], sa_mask[0]=11111111011111111101111111111110, sa_flags=SA_RESTART|SA_SIGINFO
SIGPIPE: [libjvm.so+0x977280], sa_mask[0]=11111111011111111101111111111110, sa_flags=SA_RESTART|SA_SIGINFO
SIGXFSZ: [libjvm.so+0x977280], sa_mask[0]=11111111011111111101111111111110, sa_flags=SA_RESTART|SA_SIGINFO
SIGILL: [libjvm.so+0x977280], sa_mask[0]=11111111011111111101111111111110, sa_flags=SA_RESTART|SA_SIGINFO
SIGUSR1: SIG_DFL, sa_mask[0]=00000000000000000000000000000000, sa_flags=none
SIGUSR2: [libjvm.so+0x9775c0], sa_mask[0]=00000000000000000000000000000000, sa_flags=SA_RESTART|SA_SIGINFO
SIGHUP: [libjvm.so+0x977510], sa_mask[0]=11111111011111111101111111111110, sa_flags=SA_RESTART|SA_SIGINFO
SIGINT: [libjvm.so+0x977510], sa_mask[0]=11111111011111111101111111111110, sa_flags=SA_RESTART|SA_SIGINFO
SIGTERM: [libjvm.so+0x977510], sa_mask[0]=11111111011111111101111111111110, sa_flags=SA_RESTART|SA_SIGINFO
SIGQUIT: [libjvm.so+0x977510], sa_mask[0]=11111111011111111101111111111110, sa_flags=SA_RESTART|SA_SIGINFO


---------------  S Y S T E M  ---------------

OS:DISTRIB_ID=Ubuntu
DISTRIB_RELEASE=20.04
DISTRIB_CODENAME=focal
DISTRIB_DESCRIPTION="Ubuntu 20.04.6 LTS"

uname:Linux 5.15.133.1-microsoft-standard-WSL2 #1 SMP Thu Oct 5 21:02:42 UTC 2023 x86_64
libc:glibc 2.31 NPTL 2.31 
rlimit: STACK 8192k, CORE 0k, NPROC 31559, NOFILE 1048576, AS infinity
load average:0.53 0.49 0.60

/proc/meminfo:
MemTotal:        8085828 kB
MemFree:         1564516 kB
MemAvailable:    5906984 kB
Buffers:          219428 kB
Cached:          3934288 kB
SwapCached:          540 kB
Active:          2276880 kB
Inactive:        3370080 kB
Active(anon):      10048 kB
Inactive(anon):  1469848 kB
Active(file):    2266832 kB
Inactive(file):  1900232 kB
Unevictable:           0 kB
Mlocked:               0 kB
SwapTotal:       2097152 kB
SwapFree:        2055556 kB
Dirty:               292 kB
Writeback:             0 kB
AnonPages:       1465712 kB
Mapped:           145292 kB
Shmem:              2964 kB
KReclaimable:     475972 kB
Slab:             571800 kB
SReclaimable:     475972 kB
SUnreclaim:        95828 kB
KernelStack:        8128 kB
PageTables:        14848 kB
NFS_Unstable:          0 kB
Bounce:                0 kB
WritebackTmp:          0 kB
CommitLimit:     6140064 kB
Committed_AS:    2806924 kB
VmallocTotal:   34359738367 kB
VmallocUsed:       30432 kB
VmallocChunk:          0 kB
Percpu:             8512 kB
AnonHugePages:    446464 kB
ShmemHugePages:        0 kB
ShmemPmdMapped:        0 kB
FileHugePages:         0 kB
FilePmdMapped:         0 kB
HugePages_Total:       0
HugePages_Free:        0
HugePages_Rsvd:        0
HugePages_Surp:        0
Hugepagesize:       2048 kB
Hugetlb:               0 kB
DirectMap4k:      152576 kB
DirectMap2M:     7137280 kB
DirectMap1G:    10485760 kB

container (cgroup) information:
container_type: cgroupv1
cpu_cpuset_cpus: 0-15
cpu_memory_nodes: 0
active_processor_count: 1
cpu_quota: -1
cpu_period: 100000
cpu_shares: -1
memory_limit_in_bytes: -1
memory_and_swap_limit_in_bytes: -1
memory_soft_limit_in_bytes: -1
memory_usage_in_bytes: 5754474496
memory_max_usage_in_bytes: 1150681088


CPU:total 16 (initial active 1) (8 cores per cpu, 2 threads per core) family 6 model 165 stepping 2, cmov, cx8, fxsr, mmx, sse, sse2, sse3, ssse3, sse4.1, sse4.2, popcnt, avx, avx2, aes, clmul, erms, 3dnowpref, lzcnt, ht, tsc, bmi1, bmi2, adx

/proc/cpuinfo:
processor	: 0
vendor_id	: GenuineIntel
cpu family	: 6
model		: 165
model name	: Intel(R) Core(TM) i7-10875H CPU @ 2.30GHz
stepping	: 2
microcode	: 0xffffffff
cpu MHz		: 2304.008
cache size	: 16384 KB
physical id	: 0
siblings	: 16
core id		: 0
cpu cores	: 8
apicid		: 0
initial apicid	: 0
fpu		: yes
fpu_exception	: yes
cpuid level	: 22
wp		: yes
flags		: fpu vme de pse tsc msr pae mce cx8 apic sep mtrr pge mca cmov pat pse36 clflush mmx fxsr sse sse2 ss ht syscall nx pdpe1gb rdtscp lm constant_tsc arch_perfmon rep_good nopl xtopology cpuid pni pclmulqdq vmx ssse3 fma cx16 pdcm pcid sse4_1 sse4_2 x2apic movbe popcnt aes xsave avx f16c rdrand hypervisor lahf_lm abm 3dnowprefetch invpcid_single ssbd ibrs ibpb stibp ibrs_enhanced tpr_shadow vnmi ept vpid ept_ad fsgsbase bmi1 avx2 smep bmi2 erms invpcid rdseed adx smap clflushopt xsaveopt xsavec xgetbv1 xsaves flush_l1d arch_capabilities
vmx flags	: vnmi invvpid ept_x_only ept_ad ept_1gb tsc_offset vtpr ept vpid unrestricted_guest ept_mode_based_exec
bugs		: spectre_v1 spectre_v2 spec_store_bypass swapgs itlb_multihit srbds mmio_stale_data retbleed eibrs_pbrsb gds
bogomips	: 4608.01
clflush size	: 64
cache_alignment	: 64
address sizes	: 39 bits physical, 48 bits virtual
power management:

processor	: 1
vendor_id	: GenuineIntel
cpu family	: 6
model		: 165
model name	: Intel(R) Core(TM) i7-10875H CPU @ 2.30GHz
stepping	: 2
microcode	: 0xffffffff
cpu MHz		: 2304.008
cache size	: 16384 KB
physical id	: 0
siblings	: 16
core id		: 0
cpu cores	: 8
apicid		: 1
initial apicid	: 1
fpu		: yes
fpu_exception	: yes
cpuid level	: 22
wp		: yes
flags		: fpu vme de pse tsc msr pae mce cx8 apic sep mtrr pge mca cmov pat pse36 clflush mmx fxsr sse sse2 ss ht syscall nx pdpe1gb rdtscp lm constant_tsc arch_perfmon rep_good nopl xtopology cpuid pni pclmulqdq vmx ssse3 fma cx16 pdcm pcid sse4_1 sse4_2 x2apic movbe popcnt aes xsave avx f16c rdrand hypervisor lahf_lm abm 3dnowprefetch invpcid_single ssbd ibrs ibpb stibp ibrs_enhanced tpr_shadow vnmi ept vpid ept_ad fsgsbase bmi1 avx2 smep bmi2 erms invpcid rdseed adx smap clflushopt xsaveopt xsavec xgetbv1 xsaves flush_l1d arch_capabilities
vmx flags	: vnmi invvpid ept_x_only ept_ad ept_1gb tsc_offset vtpr ept vpid unrestricted_guest ept_mode_based_exec
bugs		: spectre_v1 spectre_v2 spec_store_bypass swapgs itlb_multihit srbds mmio_stale_data retbleed eibrs_pbrsb gds
bogomips	: 4608.01
clflush size	: 64
cache_alignment	: 64
address sizes	: 39 bits physical, 48 bits virtual
power management:

processor	: 2
vendor_id	: GenuineIntel
cpu family	: 6
model		: 165
model name	: Intel(R) Core(TM) i7-10875H CPU @ 2.30GHz
stepping	: 2
microcode	: 0xffffffff
cpu MHz		: 2304.008
cache size	: 16384 KB
physical id	: 0
siblings	: 16
core id		: 1
cpu cores	: 8
apicid		: 2
initial apicid	: 2
fpu		: yes
fpu_exception	: yes
cpuid level	: 22
wp		: yes
flags		: fpu vme de pse tsc msr pae mce cx8 apic sep mtrr pge mca cmov pat pse36 clflush mmx fxsr sse sse2 ss ht syscall nx pdpe1gb rdtscp lm constant_tsc arch_perfmon rep_good nopl xtopology cpuid pni pclmulqdq vmx ssse3 fma cx16 pdcm pcid sse4_1 sse4_2 x2apic movbe popcnt aes xsave avx f16c rdrand hypervisor lahf_lm abm 3dnowprefetch invpcid_single ssbd ibrs ibpb stibp ibrs_enhanced tpr_shadow vnmi ept vpid ept_ad fsgsbase bmi1 avx2 smep bmi2 erms invpcid rdseed adx smap clflushopt xsaveopt xsavec xgetbv1 xsaves flush_l1d arch_capabilities
vmx flags	: vnmi invvpid ept_x_only ept_ad ept_1gb tsc_offset vtpr ept vpid unrestricted_guest ept_mode_based_exec
bugs		: spectre_v1 spectre_v2 spec_store_bypass swapgs itlb_multihit srbds mmio_stale_data retbleed eibrs_pbrsb gds
bogomips	: 4608.01
clflush size	: 64
cache_alignment	: 64
address sizes	: 39 bits physical, 48 bits virtual
power management:

processor	: 3
vendor_id	: GenuineIntel
cpu family	: 6
model		: 165
model name	: Intel(R) Core(TM) i7-10875H CPU @ 2.30GHz
stepping	: 2
microcode	: 0xffffffff
cpu MHz		: 2304.008
cache size	: 16384 KB
physical id	: 0
siblings	: 16
core id		: 1
cpu cores	: 8
apicid		: 3
initial apicid	: 3
fpu		: yes
fpu_exception	: yes
cpuid level	: 22
wp		: yes
flags		: fpu vme de pse tsc msr pae mce cx8 apic sep mtrr pge mca cmov pat pse36 clflush mmx fxsr sse sse2 ss ht syscall nx pdpe1gb rdtscp lm constant_tsc arch_perfmon rep_good nopl xtopology cpuid pni pclmulqdq vmx ssse3 fma cx16 pdcm pcid sse4_1 sse4_2 x2apic movbe popcnt aes xsave avx f16c rdrand hypervisor lahf_lm abm 3dnowprefetch invpcid_single ssbd ibrs ibpb stibp ibrs_enhanced tpr_shadow vnmi ept vpid ept_ad fsgsbase bmi1 avx2 smep bmi2 erms invpcid rdseed adx smap clflushopt xsaveopt xsavec xgetbv1 xsaves flush_l1d arch_capabilities
vmx flags	: vnmi invvpid ept_x_only ept_ad ept_1gb tsc_offset vtpr ept vpid unrestricted_guest ept_mode_based_exec
bugs		: spectre_v1 spectre_v2 spec_store_bypass swapgs itlb_multihit srbds mmio_stale_data retbleed eibrs_pbrsb gds
bogomips	: 4608.01
clflush size	: 64
cache_alignment	: 64
address sizes	: 39 bits physical, 48 bits virtual
power management:

processor	: 4
vendor_id	: GenuineIntel
cpu family	: 6
model		: 165
model name	: Intel(R) Core(TM) i7-10875H CPU @ 2.30GHz
stepping	: 2
microcode	: 0xffffffff
cpu MHz		: 2304.008
cache size	: 16384 KB
physical id	: 0
siblings	: 16
core id		: 2
cpu cores	: 8
apicid		: 4
initial apicid	: 4
fpu		: yes
fpu_exception	: yes
cpuid level	: 22
wp		: yes
flags		: fpu vme de pse tsc msr pae mce cx8 apic sep mtrr pge mca cmov pat pse36 clflush mmx fxsr sse sse2 ss ht syscall nx pdpe1gb rdtscp lm constant_tsc arch_perfmon rep_good nopl xtopology cpuid pni pclmulqdq vmx ssse3 fma cx16 pdcm pcid sse4_1 sse4_2 x2apic movbe popcnt aes xsave avx f16c rdrand hypervisor lahf_lm abm 3dnowprefetch invpcid_single ssbd ibrs ibpb stibp ibrs_enhanced tpr_shadow vnmi ept vpid ept_ad fsgsbase bmi1 avx2 smep bmi2 erms invpcid rdseed adx smap clflushopt xsaveopt xsavec xgetbv1 xsaves flush_l1d arch_capabilities
vmx flags	: vnmi invvpid ept_x_only ept_ad ept_1gb tsc_offset vtpr ept vpid unrestricted_guest ept_mode_based_exec
bugs		: spectre_v1 spectre_v2 spec_store_bypass swapgs itlb_multihit srbds mmio_stale_data retbleed eibrs_pbrsb gds
bogomips	: 4608.01
clflush size	: 64
cache_alignment	: 64
address sizes	: 39 bits physical, 48 bits virtual
power management:

processor	: 5
vendor_id	: GenuineIntel
cpu family	: 6
model		: 165
model name	: Intel(R) Core(TM) i7-10875H CPU @ 2.30GHz
stepping	: 2
microcode	: 0xffffffff
cpu MHz		: 2304.008
cache size	: 16384 KB
physical id	: 0
siblings	: 16
core id		: 2
cpu cores	: 8
apicid		: 5
initial apicid	: 5
fpu		: yes
fpu_exception	: yes
cpuid level	: 22
wp		: yes
flags		: fpu vme de pse tsc msr pae mce cx8 apic sep mtrr pge mca cmov pat pse36 clflush mmx fxsr sse sse2 ss ht syscall nx pdpe1gb rdtscp lm constant_tsc arch_perfmon rep_good nopl xtopology cpuid pni pclmulqdq vmx ssse3 fma cx16 pdcm pcid sse4_1 sse4_2 x2apic movbe popcnt aes xsave avx f16c rdrand hypervisor lahf_lm abm 3dnowprefetch invpcid_single ssbd ibrs ibpb stibp ibrs_enhanced tpr_shadow vnmi ept vpid ept_ad fsgsbase bmi1 avx2 smep bmi2 erms invpcid rdseed adx smap clflushopt xsaveopt xsavec xgetbv1 xsaves flush_l1d arch_capabilities
vmx flags	: vnmi invvpid ept_x_only ept_ad ept_1gb tsc_offset vtpr ept vpid unrestricted_guest ept_mode_based_exec
bugs		: spectre_v1 spectre_v2 spec_store_bypass swapgs itlb_multihit srbds mmio_stale_data retbleed eibrs_pbrsb gds
bogomips	: 4608.01
clflush size	: 64
cache_alignment	: 64
address sizes	: 39 bits physical, 48 bits virtual
power management:

processor	: 6
vendor_id	: GenuineIntel
cpu family	: 6
model		: 165
model name	: Intel(R) Core(TM) i7-10875H CPU @ 2.30GHz
stepping	: 2
microcode	: 0xffffffff
cpu MHz		: 2304.008
cache size	: 16384 KB
physical id	: 0
siblings	: 16
core id		: 3
cpu cores	: 8
apicid		: 6
initial apicid	: 6
fpu		: yes
fpu_exception	: yes
cpuid level	: 22
wp		: yes
flags		: fpu vme de pse tsc msr pae mce cx8 apic sep mtrr pge mca cmov pat pse36 clflush mmx fxsr sse sse2 ss ht syscall nx pdpe1gb rdtscp lm constant_tsc arch_perfmon rep_good nopl xtopology cpuid pni pclmulqdq vmx ssse3 fma cx16 pdcm pcid sse4_1 sse4_2 x2apic movbe popcnt aes xsave avx f16c rdrand hypervisor lahf_lm abm 3dnowprefetch invpcid_single ssbd ibrs ibpb stibp ibrs_enhanced tpr_shadow vnmi ept vpid ept_ad fsgsbase bmi1 avx2 smep bmi2 erms invpcid rdseed adx smap clflushopt xsaveopt xsavec xgetbv1 xsaves flush_l1d arch_capabilities
vmx flags	: vnmi invvpid ept_x_only ept_ad ept_1gb tsc_offset vtpr ept vpid unrestricted_guest ept_mode_based_exec
bugs		: spectre_v1 spectre_v2 spec_store_bypass swapgs itlb_multihit srbds mmio_stale_data retbleed eibrs_pbrsb gds
bogomips	: 4608.01
clflush size	: 64
cache_alignment	: 64
address sizes	: 39 bits physical, 48 bits virtual
power management:

processor	: 7
vendor_id	: GenuineIntel
cpu family	: 6
model		: 165
model name	: Intel(R) Core(TM) i7-10875H CPU @ 2.30GHz
stepping	: 2
microcode	: 0xffffffff
cpu MHz		: 2304.008
cache size	: 16384 KB
physical id	: 0
siblings	: 16
core id		: 3
cpu cores	: 8
apicid		: 7
initial apicid	: 7
fpu		: yes
fpu_exception	: yes
cpuid level	: 22
wp		: yes
flags		: fpu vme de pse tsc msr pae mce cx8 apic sep mtrr pge mca cmov pat pse36 clflush mmx fxsr sse sse2 ss ht syscall nx pdpe1gb rdtscp lm constant_tsc arch_perfmon rep_good nopl xtopology cpuid pni pclmulqdq vmx ssse3 fma cx16 pdcm pcid sse4_1 sse4_2 x2apic movbe popcnt aes xsave avx f16c rdrand hypervisor lahf_lm abm 3dnowprefetch invpcid_single ssbd ibrs ibpb stibp ibrs_enhanced tpr_shadow vnmi ept vpid ept_ad fsgsbase bmi1 avx2 smep bmi2 erms invpcid rdseed adx smap clflushopt xsaveopt xsavec xgetbv1 xsaves flush_l1d arch_capabilities
vmx flags	: vnmi invvpid ept_x_only ept_ad ept_1gb tsc_offset vtpr ept vpid unrestricted_guest ept_mode_based_exec
bugs		: spectre_v1 spectre_v2 spec_store_bypass swapgs itlb_multihit srbds mmio_stale_data retbleed eibrs_pbrsb gds
bogomips	: 4608.01
clflush size	: 64
cache_alignment	: 64
address sizes	: 39 bits physical, 48 bits virtual
power management:

processor	: 8
vendor_id	: GenuineIntel
cpu family	: 6
model		: 165
model name	: Intel(R) Core(TM) i7-10875H CPU @ 2.30GHz
stepping	: 2
microcode	: 0xffffffff
cpu MHz		: 2304.008
cache size	: 16384 KB
physical id	: 0
siblings	: 16
core id		: 4
cpu cores	: 8
apicid		: 8
initial apicid	: 8
fpu		: yes
fpu_exception	: yes
cpuid level	: 22
wp		: yes
flags		: fpu vme de pse tsc msr pae mce cx8 apic sep mtrr pge mca cmov pat pse36 clflush mmx fxsr sse sse2 ss ht syscall nx pdpe1gb rdtscp lm constant_tsc arch_perfmon rep_good nopl xtopology cpuid pni pclmulqdq vmx ssse3 fma cx16 pdcm pcid sse4_1 sse4_2 x2apic movbe popcnt aes xsave avx f16c rdrand hypervisor lahf_lm abm 3dnowprefetch invpcid_single ssbd ibrs ibpb stibp ibrs_enhanced tpr_shadow vnmi ept vpid ept_ad fsgsbase bmi1 avx2 smep bmi2 erms invpcid rdseed adx smap clflushopt xsaveopt xsavec xgetbv1 xsaves flush_l1d arch_capabilities
vmx flags	: vnmi invvpid ept_x_only ept_ad ept_1gb tsc_offset vtpr ept vpid unrestricted_guest ept_mode_based_exec
bugs		: spectre_v1 spectre_v2 spec_store_bypass swapgs itlb_multihit srbds mmio_stale_data retbleed eibrs_pbrsb gds
bogomips	: 4608.01
clflush size	: 64
cache_alignment	: 64
address sizes	: 39 bits physical, 48 bits virtual
power management:

processor	: 9
vendor_id	: GenuineIntel
cpu family	: 6
model		: 165
model name	: Intel(R) Core(TM) i7-10875H CPU @ 2.30GHz
stepping	: 2
microcode	: 0xffffffff
cpu MHz		: 2304.008
cache size	: 16384 KB
physical id	: 0
siblings	: 16
core id		: 4
cpu cores	: 8
apicid		: 9
initial apicid	: 9
fpu		: yes
fpu_exception	: yes
cpuid level	: 22
wp		: yes
flags		: fpu vme de pse tsc msr pae mce cx8 apic sep mtrr pge mca cmov pat pse36 clflush mmx fxsr sse sse2 ss ht syscall nx pdpe1gb rdtscp lm constant_tsc arch_perfmon rep_good nopl xtopology cpuid pni pclmulqdq vmx ssse3 fma cx16 pdcm pcid sse4_1 sse4_2 x2apic movbe popcnt aes xsave avx f16c rdrand hypervisor lahf_lm abm 3dnowprefetch invpcid_single ssbd ibrs ibpb stibp ibrs_enhanced tpr_shadow vnmi ept vpid ept_ad fsgsbase bmi1 avx2 smep bmi2 erms invpcid rdseed adx smap clflushopt xsaveopt xsavec xgetbv1 xsaves flush_l1d arch_capabilities
vmx flags	: vnmi invvpid ept_x_only ept_ad ept_1gb tsc_offset vtpr ept vpid unrestricted_guest ept_mode_based_exec
bugs		: spectre_v1 spectre_v2 spec_store_bypass swapgs itlb_multihit srbds mmio_stale_data retbleed eibrs_pbrsb gds
bogomips	: 4608.01
clflush size	: 64
cache_alignment	: 64
address sizes	: 39 bits physical, 48 bits virtual
power management:

processor	: 10
vendor_id	: GenuineIntel
cpu family	: 6
model		: 165
model name	: Intel(R) Core(TM) i7-10875H CPU @ 2.30GHz
stepping	: 2
microcode	: 0xffffffff
cpu MHz		: 2304.008
cache size	: 16384 KB
physical id	: 0
siblings	: 16
core id		: 5
cpu cores	: 8
apicid		: 10
initial apicid	: 10
fpu		: yes
fpu_exception	: yes
cpuid level	: 22
wp		: yes
flags		: fpu vme de pse tsc msr pae mce cx8 apic sep mtrr pge mca cmov pat pse36 clflush mmx fxsr sse sse2 ss ht syscall nx pdpe1gb rdtscp lm constant_tsc arch_perfmon rep_good nopl xtopology cpuid pni pclmulqdq vmx ssse3 fma cx16 pdcm pcid sse4_1 sse4_2 x2apic movbe popcnt aes xsave avx f16c rdrand hypervisor lahf_lm abm 3dnowprefetch invpcid_single ssbd ibrs ibpb stibp ibrs_enhanced tpr_shadow vnmi ept vpid ept_ad fsgsbase bmi1 avx2 smep bmi2 erms invpcid rdseed adx smap clflushopt xsaveopt xsavec xgetbv1 xsaves flush_l1d arch_capabilities
vmx flags	: vnmi invvpid ept_x_only ept_ad ept_1gb tsc_offset vtpr ept vpid unrestricted_guest ept_mode_based_exec
bugs		: spectre_v1 spectre_v2 spec_store_bypass swapgs itlb_multihit srbds mmio_stale_data retbleed eibrs_pbrsb gds
bogomips	: 4608.01
clflush size	: 64
cache_alignment	: 64
address sizes	: 39 bits physical, 48 bits virtual
power management:

processor	: 11
vendor_id	: GenuineIntel
cpu family	: 6
model		: 165
model name	: Intel(R) Core(TM) i7-10875H CPU @ 2.30GHz
stepping	: 2
microcode	: 0xffffffff
cpu MHz		: 2304.008
cache size	: 16384 KB
physical id	: 0
siblings	: 16
core id		: 5
cpu cores	: 8
apicid		: 11
initial apicid	: 11
fpu		: yes
fpu_exception	: yes
cpuid level	: 22
wp		: yes
flags		: fpu vme de pse tsc msr pae mce cx8 apic sep mtrr pge mca cmov pat pse36 clflush mmx fxsr sse sse2 ss ht syscall nx pdpe1gb rdtscp lm constant_tsc arch_perfmon rep_good nopl xtopology cpuid pni pclmulqdq vmx ssse3 fma cx16 pdcm pcid sse4_1 sse4_2 x2apic movbe popcnt aes xsave avx f16c rdrand hypervisor lahf_lm abm 3dnowprefetch invpcid_single ssbd ibrs ibpb stibp ibrs_enhanced tpr_shadow vnmi ept vpid ept_ad fsgsbase bmi1 avx2 smep bmi2 erms invpcid rdseed adx smap clflushopt xsaveopt xsavec xgetbv1 xsaves flush_l1d arch_capabilities
vmx flags	: vnmi invvpid ept_x_only ept_ad ept_1gb tsc_offset vtpr ept vpid unrestricted_guest ept_mode_based_exec
bugs		: spectre_v1 spectre_v2 spec_store_bypass swapgs itlb_multihit srbds mmio_stale_data retbleed eibrs_pbrsb gds
bogomips	: 4608.01
clflush size	: 64
cache_alignment	: 64
address sizes	: 39 bits physical, 48 bits virtual
power management:

processor	: 12
vendor_id	: GenuineIntel
cpu family	: 6
model		: 165
model name	: Intel(R) Core(TM) i7-10875H CPU @ 2.30GHz
stepping	: 2
microcode	: 0xffffffff
cpu MHz		: 2304.008
cache size	: 16384 KB
physical id	: 0
siblings	: 16
core id		: 6
cpu cores	: 8
apicid		: 12
initial apicid	: 12
fpu		: yes
fpu_exception	: yes
cpuid level	: 22
wp		: yes
flags		: fpu vme de pse tsc msr pae mce cx8 apic sep mtrr pge mca cmov pat pse36 clflush mmx fxsr sse sse2 ss ht syscall nx pdpe1gb rdtscp lm constant_tsc arch_perfmon rep_good nopl xtopology cpuid pni pclmulqdq vmx ssse3 fma cx16 pdcm pcid sse4_1 sse4_2 x2apic movbe popcnt aes xsave avx f16c rdrand hypervisor lahf_lm abm 3dnowprefetch invpcid_single ssbd ibrs ibpb stibp ibrs_enhanced tpr_shadow vnmi ept vpid ept_ad fsgsbase bmi1 avx2 smep bmi2 erms invpcid rdseed adx smap clflushopt xsaveopt xsavec xgetbv1 xsaves flush_l1d arch_capabilities
vmx flags	: vnmi invvpid ept_x_only ept_ad ept_1gb tsc_offset vtpr ept vpid unrestricted_guest ept_mode_based_exec
bugs		: spectre_v1 spectre_v2 spec_store_bypass swapgs itlb_multihit srbds mmio_stale_data retbleed eibrs_pbrsb gds
bogomips	: 4608.01
clflush size	: 64
cache_alignment	: 64
address sizes	: 39 bits physical, 48 bits virtual
power management:

processor	: 13
vendor_id	: GenuineIntel
cpu family	: 6
model		: 165
model name	: Intel(R) Core(TM) i7-10875H CPU @ 2.30GHz
stepping	: 2
microcode	: 0xffffffff
cpu MHz		: 2304.008
cache size	: 16384 KB
physical id	: 0
siblings	: 16
core id		: 6
cpu cores	: 8
apicid		: 13
initial apicid	: 13
fpu		: yes
fpu_exception	: yes
cpuid level	: 22
wp		: yes
flags		: fpu vme de pse tsc msr pae mce cx8 apic sep mtrr pge mca cmov pat pse36 clflush mmx fxsr sse sse2 ss ht syscall nx pdpe1gb rdtscp lm constant_tsc arch_perfmon rep_good nopl xtopology cpuid pni pclmulqdq vmx ssse3 fma cx16 pdcm pcid sse4_1 sse4_2 x2apic movbe popcnt aes xsave avx f16c rdrand hypervisor lahf_lm abm 3dnowprefetch invpcid_single ssbd ibrs ibpb stibp ibrs_enhanced tpr_shadow vnmi ept vpid ept_ad fsgsbase bmi1 avx2 smep bmi2 erms invpcid rdseed adx smap clflushopt xsaveopt xsavec xgetbv1 xsaves flush_l1d arch_capabilities
vmx flags	: vnmi invvpid ept_x_only ept_ad ept_1gb tsc_offset vtpr ept vpid unrestricted_guest ept_mode_based_exec
bugs		: spectre_v1 spectre_v2 spec_store_bypass swapgs itlb_multihit srbds mmio_stale_data retbleed eibrs_pbrsb gds
bogomips	: 4608.01
clflush size	: 64
cache_alignment	: 64
address sizes	: 39 bits physical, 48 bits virtual
power management:

processor	: 14
vendor_id	: GenuineIntel
cpu family	: 6
model		: 165
model name	: Intel(R) Core(TM) i7-10875H CPU @ 2.30GHz
stepping	: 2
microcode	: 0xffffffff
cpu MHz		: 2304.008
cache size	: 16384 KB
physical id	: 0
siblings	: 16
core id		: 7
cpu cores	: 8
apicid		: 14
initial apicid	: 14
fpu		: yes
fpu_exception	: yes
cpuid level	: 22
wp		: yes
flags		: fpu vme de pse tsc msr pae mce cx8 apic sep mtrr pge mca cmov pat pse36 clflush mmx fxsr sse sse2 ss ht syscall nx pdpe1gb rdtscp lm constant_tsc arch_perfmon rep_good nopl xtopology cpuid pni pclmulqdq vmx ssse3 fma cx16 pdcm pcid sse4_1 sse4_2 x2apic movbe popcnt aes xsave avx f16c rdrand hypervisor lahf_lm abm 3dnowprefetch invpcid_single ssbd ibrs ibpb stibp ibrs_enhanced tpr_shadow vnmi ept vpid ept_ad fsgsbase bmi1 avx2 smep bmi2 erms invpcid rdseed adx smap clflushopt xsaveopt xsavec xgetbv1 xsaves flush_l1d arch_capabilities
vmx flags	: vnmi invvpid ept_x_only ept_ad ept_1gb tsc_offset vtpr ept vpid unrestricted_guest ept_mode_based_exec
bugs		: spectre_v1 spectre_v2 spec_store_bypass swapgs itlb_multihit srbds mmio_stale_data retbleed eibrs_pbrsb gds
bogomips	: 4608.01
clflush size	: 64
cache_alignment	: 64
address sizes	: 39 bits physical, 48 bits virtual
power management:

processor	: 15
vendor_id	: GenuineIntel
cpu family	: 6
model		: 165
model name	: Intel(R) Core(TM) i7-10875H CPU @ 2.30GHz
stepping	: 2
microcode	: 0xffffffff
cpu MHz		: 2304.008
cache size	: 16384 KB
physical id	: 0
siblings	: 16
core id		: 7
cpu cores	: 8
apicid		: 15
initial apicid	: 15
fpu		: yes
fpu_exception	: yes
cpuid level	: 22
wp		: yes
flags		: fpu vme de pse tsc msr pae mce cx8 apic sep mtrr pge mca cmov pat pse36 clflush mmx fxsr sse sse2 ss ht syscall nx pdpe1gb rdtscp lm constant_tsc arch_perfmon rep_good nopl xtopology cpuid pni pclmulqdq vmx ssse3 fma cx16 pdcm pcid sse4_1 sse4_2 x2apic movbe popcnt aes xsave avx f16c rdrand hypervisor lahf_lm abm 3dnowprefetch invpcid_single ssbd ibrs ibpb stibp ibrs_enhanced tpr_shadow vnmi ept vpid ept_ad fsgsbase bmi1 avx2 smep bmi2 erms invpcid rdseed adx smap clflushopt xsaveopt xsavec xgetbv1 xsaves flush_l1d arch_capabilities
vmx flags	: vnmi invvpid ept_x_only ept_ad ept_1gb tsc_offset vtpr ept vpid unrestricted_guest ept_mode_based_exec
bugs		: spectre_v1 spectre_v2 spec_store_bypass swapgs itlb_multihit srbds mmio_stale_data retbleed eibrs_pbrsb gds
bogomips	: 4608.01
clflush size	: 64
cache_alignment	: 64
address sizes	: 39 bits physical, 48 bits virtual
power management:



Memory: 4k page, physical 8085828k(1564516k free), swap 2097152k(2055556k free)

vm_info: OpenJDK 64-Bit Server VM (25.402-b00) for linux-amd64 JRE (1.8.0_402-internal-racerz_2024_01_30_12_46-b00), built on Jan 30 2024 20:53:02 by "racerz" with gcc 4.9.3

time: Tue Jan 30 20:54:17 2024
timezone: CST
elapsed time: 18.741445 seconds (0d 0h 0m 18s)

