#
# A fatal error has been detected by the Java Runtime Environment:
#
#  SIGSEGV (0xb) at pc=0x00007f986aa031e6, pid=222760, tid=0x00007f9868480700
#
# JRE version: OpenJDK Runtime Environment (8.0_402) (build 1.8.0_402-internal-racerz_2024_01_30_12_46-b00)
# Java VM: OpenJDK 64-Bit Server VM (25.402-b00 mixed mode linux-amd64 compressed oops)
# Problematic frame:
# V  [libjvm.so+0x41b1e6]  ciEnv::register_method(ciMethod*, int, CodeOffsets*, int, CodeBuffer*, int, OopMapSet*, ExceptionHandlerTable*, ImplicitExceptionTable*, AbstractCompiler*, int, bool, bool, RTMState)+0x9f6
#
# Failed to write core dump. Core dumps have been disabled. To enable core dumping, try "ulimit -c unlimited" before starting Java again
#
# If you would like to submit a bug report, please visit:
#   http://bugreport.java.com/bugreport/crash.jsp
#

---------------  T H R E A D  ---------------

Current thread (0x00007f98640e9000):  JavaThread "C1 CompilerThread1" daemon [_thread_in_vm, id=222767, stack(0x00007f9868381000,0x00007f9868481000)]

siginfo: si_signo: 11 (SIGSEGV), si_code: 1 (SEGV_MAPERR), si_addr: 0x00007f9a2b2d7680

Registers:
RAX=0x0000000037fc8168, RBX=0x0000555eeb327128, RCX=0x00007f986b496b40, RDX=0x0000000037fc8168
RSP=0x00007f986847f4d0, RBP=0x00007f986847f5a0, RSI=0x0000000000000022, RDI=0x0000000037fc8169
R8 =0x00007f983822f3d8, R9 =0x000000000000001d, R10=0x0000000000000010, R11=0x00007f98647b73b0
R12=0x00007f98640e9000, R13=0x00007f986b496da4, R14=0x00007f986b496a88, R15=0x00007f9837550150
RIP=0x00007f986aa031e6, EFLAGS=0x0000000000010286, CSGSFS=0x002b000000000033, ERR=0x0000000000000006
  TRAPNO=0x000000000000000e

Top of Stack: (sp=0x00007f986847f4d0)
0x00007f986847f4d0:   00007f983822e1f0 00007f983822e210
0x00007f986847f4e0:   00007f9864030dd0 00007f9837581570
0x00007f986847f4f0:   00007f9800000000 0000000000000000
0x00007f986847f500:   00007f98557d1fd0 00007f98ffffffff
0x00007f986847f510:   00007f986401f430 00007f986401f530
0x00007f986847f520:   00007f986847f530 00007f986847faf0
0x00007f986847f530:   0000000000000000 00007f984406d280
0x00007f986847f540:   00007f983822eba0 00007f9800000004
0x00007f986847f550:   0000000200000001 00007f986a93ea82
0x00007f986847f560:   00007f986847f580 00007f984407b160
0x00007f986847f570:   0000000037581570 00007f986847f730
0x00007f986847f580:   000000000000000e 0000000000000000
0x00007f986847f590:   00007f986847f610 00007f984406d230
0x00007f986847f5a0:   00007f986847f680 00007f986a93ed54
0x00007f986847f5b0:   000000000000000e 00007f984406d230
0x00007f986847f5c0:   00007f986847f7a0 00007f986847f7b8
0x00007f986847f5d0:   00007f98640d32b0 0000000000000003
0x00007f986847f5e0:   0000000000000000 0000000000000000
0x00007f986847f5f0:   0000000000000002 00007f986a93ed03
0x00007f986847f600:   00007f98640d32b0 0000000000000003
0x00007f986847f610:   00007f98fbad0000 0000000000000000
0x00007f986847f620:   00007f986847f8e0 00007f986847f800
0x00007f986847f630:   00007f986847f660 00007f986affe416
0x00007f986847f640:   0000000000000000 00007f980000000b
0x00007f986847f650:   00007f986847f690 00007f986847f730
0x00007f986847f660:   00007f986847f690 00007f984407a3d0
0x00007f986847f670:   00007f986b47d388 00000000ffffffff
0x00007f986847f680:   00007f986847f6f0 00007f986a93f0d7
0x00007f986847f690:   00007f9868470000 0000000000000000
0x00007f986847f6a0:   00007f98640e9000 00007f98640ea000
0x00007f986847f6b0:   00007f986847faf0 00007f9868e8e120
0x00007f986847f6c0:   0000000000000000 00007f9800000000 

Instructions: (pc=0x00007f986aa031e6)
0x00007f986aa031c6:   15 b5 3a a9 00 8d 7a 01 48 8d 0d 6b 39 a9 00 48
0x00007f986aa031d6:   63 c2 41 8b 75 00 89 3d 9e 3a a9 00 41 89 55 00
0x00007f986aa031e6:   4c 89 3c c1 48 8d 0d cf 3a a9 00 89 34 81 eb 8a
0x00007f986aa031f6:   66 2e 0f 1f 84 00 00 00 00 00 48 8d 3d 79 3b a9 

Register to memory mapping:

RAX=0x0000000037fc8168 is an unknown value
RBX=0x0000555eeb327128 is an unknown value
RCX=0x00007f986b496b40: <offset 0xeaeb40> in /home/racerz/openjdk8/build/linux-x86_64-normal-server-release/jdk/lib/amd64/server/libjvm.so at 0x00007f986a5e8000
RDX=0x0000000037fc8168 is an unknown value
RSP=0x00007f986847f4d0 is pointing into the stack for thread: 0x00007f98640e9000
RBP=0x00007f986847f5a0 is pointing into the stack for thread: 0x00007f98640e9000
RSI=0x0000000000000022 is an unknown value
RDI=0x0000000037fc8169 is an unknown value
R8 =0x00007f983822f3d8 is an unknown value
R9 =0x000000000000001d is an unknown value
R10=0x0000000000000010 is an unknown value
R11=0x00007f98647b73b0 is an unknown value
R12=0x00007f98640e9000 is a thread
R13=0x00007f986b496da4: <offset 0xeaeda4> in /home/racerz/openjdk8/build/linux-x86_64-normal-server-release/jdk/lib/amd64/server/libjvm.so at 0x00007f986a5e8000
R14=0x00007f986b496a88: <offset 0xeaea88> in /home/racerz/openjdk8/build/linux-x86_64-normal-server-release/jdk/lib/amd64/server/libjvm.so at 0x00007f986a5e8000
R15={method} {0x00007f9837550150} 'getMethod' '()Ljava/lang/String;' in 'org/apache/catalina/connector/Request'


Stack: [0x00007f9868381000,0x00007f9868481000],  sp=0x00007f986847f4d0,  free space=1017k
Native frames: (J=compiled Java code, j=interpreted, Vv=VM code, C=native code)
V  [libjvm.so+0x41b1e6]  ciEnv::register_method(ciMethod*, int, CodeOffsets*, int, CodeBuffer*, int, OopMapSet*, ExceptionHandlerTable*, ImplicitExceptionTable*, AbstractCompiler*, int, bool, bool, RTMState)+0x9f6
V  [libjvm.so+0x356d54]  Compilation::compile_method()+0x1d4
V  [libjvm.so+0x3570d7]  Compilation::Compilation(AbstractCompiler*, ciEnv*, ciMethod*, int, BufferBlob*)+0x267
V  [libjvm.so+0x357e4c]  Compiler::compile_method(ciEnv*, ciMethod*, int)+0xbc
V  [libjvm.so+0x4ba15e]  CompileBroker::invoke_compiler_on_method(CompileTask*)+0xaee
V  [libjvm.so+0x4bb5d7]  CompileBroker::compiler_thread_loop()+0x407
V  [libjvm.so+0xadef38]  JavaThread::thread_main_inner()+0xd8
V  [libjvm.so+0x9792a2]  java_start(Thread*)+0xf2
C  [libpthread.so.0+0x8609]  start_thread+0xd9


Current CompileTask:
C1:  21935 3691       3       org.apache.catalina.connector.RequestFacade::getMethod (31 bytes)


---------------  P R O C E S S  ---------------

Java Threads: ( => current thread )
  0x00007f9864021800 JavaThread "DestroyJavaVM" [_thread_blocked, id=222761, stack(0x00007f986a399000,0x00007f986a499000)]
  0x00007f9864bb2000 JavaThread "http-nio-8002-Acceptor" daemon [_thread_in_native, id=222796, stack(0x00007f98365d1000,0x00007f98366d2000)]
  0x00007f9864b95800 JavaThread "http-nio-8002-Poller" daemon [_thread_in_native, id=222795, stack(0x00007f98366d2000,0x00007f98367d3000)]
  0x00007f9864b90800 JavaThread "http-nio-8002-exec-10" daemon [_thread_blocked, id=222794, stack(0x00007f98367d3000,0x00007f98368d4000)]
  0x00007f9864b8e800 JavaThread "http-nio-8002-exec-9" daemon [_thread_blocked, id=222793, stack(0x00007f98368d4000,0x00007f98369d5000)]
  0x00007f9864b8c800 JavaThread "http-nio-8002-exec-8" daemon [_thread_blocked, id=222792, stack(0x00007f98369d5000,0x00007f9836ad6000)]
  0x00007f9864b8a800 JavaThread "http-nio-8002-exec-7" daemon [_thread_blocked, id=222791, stack(0x00007f9836ad6000,0x00007f9836bd7000)]
  0x00007f9864b88800 JavaThread "http-nio-8002-exec-6" daemon [_thread_blocked, id=222790, stack(0x00007f9836bd7000,0x00007f9836cd8000)]
  0x00007f9864b86800 JavaThread "http-nio-8002-exec-5" daemon [_thread_blocked, id=222789, stack(0x00007f9836cd8000,0x00007f9836dd9000)]
  0x00007f9864b85000 JavaThread "http-nio-8002-exec-4" daemon [_thread_blocked, id=222788, stack(0x00007f9836dd9000,0x00007f9836eda000)]
  0x00007f9864b83000 JavaThread "http-nio-8002-exec-3" daemon [_thread_blocked, id=222787, stack(0x00007f9836eda000,0x00007f9836fdb000)]
  0x00007f9864b81000 JavaThread "http-nio-8002-exec-2" daemon [_thread_blocked, id=222786, stack(0x00007f9836fdb000,0x00007f98370dc000)]
  0x00007f9864b7f800 JavaThread "http-nio-8002-exec-1" daemon [_thread_blocked, id=222785, stack(0x00007f98370dc000,0x00007f98371dd000)]
  0x00007f9864a52800 JavaThread "container-0" [_thread_blocked, id=222784, stack(0x00007f98375fe000,0x00007f98376ff000)]
  0x00007f9864a51000 JavaThread "Catalina-utility-2" [_thread_blocked, id=222783, stack(0x00007f98376ff000,0x00007f9837800000)]
  0x00007f9864a44000 JavaThread "Catalina-utility-1" [_thread_blocked, id=222782, stack(0x00007f9854025000,0x00007f9854126000)]
  0x00007f98640ec800 JavaThread "Service Thread" daemon [_thread_blocked, id=222768, stack(0x00007f986827f000,0x00007f9868380000)]
=>0x00007f98640e9000 JavaThread "C1 CompilerThread1" daemon [_thread_in_vm, id=222767, stack(0x00007f9868381000,0x00007f9868481000)]
  0x00007f98640e3000 JavaThread "C2 CompilerThread0" daemon [_thread_blocked, id=222766, stack(0x00007f9868482000,0x00007f9868582000)]
  0x00007f98640d6800 JavaThread "Signal Dispatcher" daemon [_thread_blocked, id=222765, stack(0x00007f9868582000,0x00007f9868683000)]
  0x00007f98640b0800 JavaThread "Finalizer" daemon [_thread_blocked, id=222764, stack(0x00007f9868b15000,0x00007f9868c16000)]
  0x00007f98640ac000 JavaThread "Reference Handler" daemon [_thread_blocked, id=222763, stack(0x00007f9868c16000,0x00007f9868d17000)]

Other Threads:
  0x00007f98640a2000 VMThread [stack: 0x00007f9868d18000,0x00007f9868e18000] [id=222762]
  0x00007f98640f2000 WatcherThread [stack: 0x00007f9868105000,0x00007f9868205000] [id=222769]

VM state:not at safepoint (normal execution)

VM Mutex/Monitor currently owned by a thread:  ([mutex/lock_event])
[0x00007f986401f430] Compile_lock - owner thread: 0x00007f98640e9000
[0x00007f986401f530] MethodCompileQueue_lock - owner thread: 0x00007f98640e9000

heap address: 0x0000000084800000, size: 1976 MB, Compressed Oops mode: 32-bit
Narrow klass base: 0x0000000000000000, Narrow klass shift: 3
Compressed class space size: 1073741824 Address: 0x0000000100000000

Heap:
 def new generation   total 38144K, used 20873K [0x0000000084800000, 0x0000000087160000, 0x00000000adaa0000)
  eden space 33920K,  61% used [0x0000000084800000, 0x0000000085c625b0, 0x0000000086920000)
  from space 4224K,   0% used [0x0000000086920000, 0x0000000086920000, 0x0000000086d40000)
  to   space 4224K,   0% used [0x0000000086d40000, 0x0000000086d40000, 0x0000000087160000)
 tenured generation   total 84672K, used 17888K [0x00000000adaa0000, 0x00000000b2d50000, 0x0000000100000000)
   the space 84672K,  21% used [0x00000000adaa0000, 0x00000000aec18000, 0x00000000aec18000, 0x00000000b2d50000)
 Metaspace       used 37191K, capacity 39416K, committed 39680K, reserved 1083392K
  class space    used 4701K, capacity 5117K, committed 5120K, reserved 1048576K

Card table byte_map: [0x00007f986997c000,0x00007f9869d59000] byte_map_base: 0x00007f9869558000

Polling page: 0x00007f986b757000

CodeCache: size=245760Kb used=9499Kb max_used=10744Kb free=236260Kb
 bounds [0x00007f9855000000, 0x00007f9855a90000, 0x00007f9864000000]
 total_blobs=3692 nmethods=3228 adapters=377
 compilation: enabled

Compilation events (10 events):
Event: 21.908 Thread 0x00007f98640e9000 nmethod 3668 0x00007f98551ee510 code [0x00007f98551ee6c0, 0x00007f98551ee888]
Event: 21.908 Thread 0x00007f98640e9000 3669       3       java.lang.StrictMath::ceil (10 bytes)
Event: 21.908 Thread 0x00007f98640e9000 nmethod 3669 0x00007f98551df190 code [0x00007f98551df320, 0x00007f98551df4a8]
Event: 21.908 Thread 0x00007f98640e9000 3665       3       java.util.concurrent.atomic.AtomicBoolean::get (13 bytes)
Event: 21.917 Thread 0x00007f98640e3000 3692       4       java.util.HashMap::containsKey (18 bytes)
Event: 21.920 Thread 0x00007f98640e3000 nmethod 3692 0x00007f985567b750 code [0x00007f985567b8c0, 0x00007f985567bb98]
Event: 21.922 Thread 0x00007f98640e3000 3698       4       java.util.concurrent.CopyOnWriteArrayList$COWIterator::hasNext (18 bytes)
Event: 21.922 Thread 0x00007f98640e3000 nmethod 3698 0x00007f98551ef150 code [0x00007f98551ef2a0, 0x00007f98551ef338]
Event: 21.922 Thread 0x00007f98640e9000 nmethod 3665 0x00007f98557e5c90 code [0x00007f98557e5e00, 0x00007f98557e5fb0]
Event: 21.922 Thread 0x00007f98640e9000 3691       3       org.apache.catalina.connector.RequestFacade::getMethod (31 bytes)

GC Heap History (10 events):
Event: 1.411 GC heap before
{Heap before GC invocations=2 (full 0):
 def new generation   total 38080K, used 35449K [0x0000000084800000, 0x0000000087150000, 0x00000000adaa0000)
  eden space 33856K, 100% used [0x0000000084800000, 0x0000000086910000, 0x0000000086910000)
  from space 4224K,  37% used [0x0000000086910000, 0x0000000086a9e510, 0x0000000086d30000)
  to   space 4224K,   0% used [0x0000000086d30000, 0x0000000086d30000, 0x0000000087150000)
 tenured generation   total 84672K, used 6427K [0x00000000adaa0000, 0x00000000b2d50000, 0x0000000100000000)
   the space 84672K,   7% used [0x00000000adaa0000, 0x00000000ae0e6cd8, 0x00000000ae0e6e00, 0x00000000b2d50000)
 Metaspace       used 18141K, capacity 19016K, committed 19200K, reserved 1067008K
  class space    used 2269K, capacity 2476K, committed 2560K, reserved 1048576K
Event: 1.415 GC heap after
Heap after GC invocations=3 (full 0):
 def new generation   total 38080K, used 4224K [0x0000000084800000, 0x0000000087150000, 0x00000000adaa0000)
  eden space 33856K,   0% used [0x0000000084800000, 0x0000000084800000, 0x0000000086910000)
  from space 4224K, 100% used [0x0000000086d30000, 0x0000000087150000, 0x0000000087150000)
  to   space 4224K,   0% used [0x0000000086910000, 0x0000000086910000, 0x0000000086d30000)
 tenured generation   total 84672K, used 7317K [0x00000000adaa0000, 0x00000000b2d50000, 0x0000000100000000)
   the space 84672K,   8% used [0x00000000adaa0000, 0x00000000ae1c5498, 0x00000000ae1c5600, 0x00000000b2d50000)
 Metaspace       used 18141K, capacity 19016K, committed 19200K, reserved 1067008K
  class space    used 2269K, capacity 2476K, committed 2560K, reserved 1048576K
}
Event: 1.757 GC heap before
{Heap before GC invocations=3 (full 0):
 def new generation   total 38080K, used 23946K [0x0000000084800000, 0x0000000087150000, 0x00000000adaa0000)
  eden space 33856K,  58% used [0x0000000084800000, 0x0000000085b42948, 0x0000000086910000)
  from space 4224K, 100% used [0x0000000086d30000, 0x0000000087150000, 0x0000000087150000)
  to   space 4224K,   0% used [0x0000000086910000, 0x0000000086910000, 0x0000000086d30000)
 tenured generation   total 84672K, used 7317K [0x00000000adaa0000, 0x00000000b2d50000, 0x0000000100000000)
   the space 84672K,   8% used [0x00000000adaa0000, 0x00000000ae1c5498, 0x00000000ae1c5600, 0x00000000b2d50000)
 Metaspace       used 20259K, capacity 21180K, committed 21248K, reserved 1067008K
  class space    used 2557K, capacity 2754K, committed 2816K, reserved 1048576K
Event: 1.779 GC heap after
Heap after GC invocations=4 (full 1):
 def new generation   total 38144K, used 0K [0x0000000084800000, 0x0000000087160000, 0x00000000adaa0000)
  eden space 33920K,   0% used [0x0000000084800000, 0x0000000084800000, 0x0000000086920000)
  from space 4224K,   0% used [0x0000000086920000, 0x0000000086920000, 0x0000000086d40000)
  to   space 4224K,   0% used [0x0000000086d40000, 0x0000000086d40000, 0x0000000087160000)
 tenured generation   total 84672K, used 11950K [0x00000000adaa0000, 0x00000000b2d50000, 0x0000000100000000)
   the space 84672K,  14% used [0x00000000adaa0000, 0x00000000ae64b8e0, 0x00000000ae64ba00, 0x00000000b2d50000)
 Metaspace       used 20259K, capacity 21180K, committed 21248K, reserved 1067008K
  class space    used 2557K, capacity 2754K, committed 2816K, reserved 1048576K
}
Event: 2.567 GC heap before
{Heap before GC invocations=4 (full 1):
 def new generation   total 38144K, used 33920K [0x0000000084800000, 0x0000000087160000, 0x00000000adaa0000)
  eden space 33920K, 100% used [0x0000000084800000, 0x0000000086920000, 0x0000000086920000)
  from space 4224K,   0% used [0x0000000086920000, 0x0000000086920000, 0x0000000086d40000)
  to   space 4224K,   0% used [0x0000000086d40000, 0x0000000086d40000, 0x0000000087160000)
 tenured generation   total 84672K, used 11950K [0x00000000adaa0000, 0x00000000b2d50000, 0x0000000100000000)
   the space 84672K,  14% used [0x00000000adaa0000, 0x00000000ae64b8e0, 0x00000000ae64ba00, 0x00000000b2d50000)
 Metaspace       used 27358K, capacity 29074K, committed 29184K, reserved 1075200K
  class space    used 3484K, capacity 3790K, committed 3840K, reserved 1048576K
Event: 2.574 GC heap after
Heap after GC invocations=5 (full 1):
 def new generation   total 38144K, used 4224K [0x0000000084800000, 0x0000000087160000, 0x00000000adaa0000)
  eden space 33920K,   0% used [0x0000000084800000, 0x0000000084800000, 0x0000000086920000)
  from space 4224K, 100% used [0x0000000086d40000, 0x0000000087160000, 0x0000000087160000)
  to   space 4224K,   0% used [0x0000000086920000, 0x0000000086920000, 0x0000000086d40000)
 tenured generation   total 84672K, used 15734K [0x00000000adaa0000, 0x00000000b2d50000, 0x0000000100000000)
   the space 84672K,  18% used [0x00000000adaa0000, 0x00000000ae9fda30, 0x00000000ae9fdc00, 0x00000000b2d50000)
 Metaspace       used 27358K, capacity 29074K, committed 29184K, reserved 1075200K
  class space    used 3484K, capacity 3790K, committed 3840K, reserved 1048576K
}
Event: 2.963 GC heap before
{Heap before GC invocations=5 (full 1):
 def new generation   total 38144K, used 38144K [0x0000000084800000, 0x0000000087160000, 0x00000000adaa0000)
  eden space 33920K, 100% used [0x0000000084800000, 0x0000000086920000, 0x0000000086920000)
  from space 4224K, 100% used [0x0000000086d40000, 0x0000000087160000, 0x0000000087160000)
  to   space 4224K,   0% used [0x0000000086920000, 0x0000000086920000, 0x0000000086d40000)
 tenured generation   total 84672K, used 15734K [0x00000000adaa0000, 0x00000000b2d50000, 0x0000000100000000)
   the space 84672K,  18% used [0x00000000adaa0000, 0x00000000ae9fda30, 0x00000000ae9fdc00, 0x00000000b2d50000)
 Metaspace       used 31495K, capacity 33292K, committed 33536K, reserved 1079296K
  class space    used 3982K, capacity 4289K, committed 4352K, reserved 1048576K
Event: 2.972 GC heap after
Heap after GC invocations=6 (full 1):
 def new generation   total 38144K, used 4223K [0x0000000084800000, 0x0000000087160000, 0x00000000adaa0000)
  eden space 33920K,   0% used [0x0000000084800000, 0x0000000084800000, 0x0000000086920000)
  from space 4224K,  99% used [0x0000000086920000, 0x0000000086d3fff8, 0x0000000086d40000)
  to   space 4224K,   0% used [0x0000000086d40000, 0x0000000086d40000, 0x0000000087160000)
 tenured generation   total 84672K, used 19315K [0x00000000adaa0000, 0x00000000b2d50000, 0x0000000100000000)
   the space 84672K,  22% used [0x00000000adaa0000, 0x00000000aed7cef8, 0x00000000aed7d000, 0x00000000b2d50000)
 Metaspace       used 31495K, capacity 33292K, committed 33536K, reserved 1079296K
  class space    used 3982K, capacity 4289K, committed 4352K, reserved 1048576K
}
Event: 3.346 GC heap before
{Heap before GC invocations=6 (full 1):
 def new generation   total 38144K, used 25044K [0x0000000084800000, 0x0000000087160000, 0x00000000adaa0000)
  eden space 33920K,  61% used [0x0000000084800000, 0x0000000085c55368, 0x0000000086920000)
  from space 4224K,  99% used [0x0000000086920000, 0x0000000086d3fff8, 0x0000000086d40000)
  to   space 4224K,   0% used [0x0000000086d40000, 0x0000000086d40000, 0x0000000087160000)
 tenured generation   total 84672K, used 19315K [0x00000000adaa0000, 0x00000000b2d50000, 0x0000000100000000)
   the space 84672K,  22% used [0x00000000adaa0000, 0x00000000aed7cef8, 0x00000000aed7d000, 0x00000000b2d50000)
 Metaspace       used 33367K, capacity 35406K, committed 35416K, reserved 1081344K
  class space    used 4226K, capacity 4600K, committed 4608K, reserved 1048576K
Event: 3.396 GC heap after
Heap after GC invocations=7 (full 2):
 def new generation   total 38144K, used 0K [0x0000000084800000, 0x0000000087160000, 0x00000000adaa0000)
  eden space 33920K,   0% used [0x0000000084800000, 0x0000000084800000, 0x0000000086920000)
  from space 4224K,   0% used [0x0000000086920000, 0x0000000086920000, 0x0000000086d40000)
  to   space 4224K,   0% used [0x0000000086d40000, 0x0000000086d40000, 0x0000000087160000)
 tenured generation   total 84672K, used 17888K [0x00000000adaa0000, 0x00000000b2d50000, 0x0000000100000000)
   the space 84672K,  21% used [0x00000000adaa0000, 0x00000000aec18000, 0x00000000aec18000, 0x00000000b2d50000)
 Metaspace       used 33367K, capacity 35406K, committed 35416K, reserved 1081344K
  class space    used 4226K, capacity 4600K, committed 4608K, reserved 1048576K
}

Deoptimization events (10 events):
Event: 2.886 Thread 0x00007f9864021800 Uncommon trap: reason=unstable_if action=reinterpret pc=0x00007f98556ee760 method=org.springframework.beans.factory.BeanFactoryUtils.transformedBeanName(Ljava/lang/String;)Ljava/lang/String; @ 12
Event: 2.886 Thread 0x00007f9864021800 Uncommon trap: reason=unstable_if action=reinterpret pc=0x00007f98556db278 method=org.springframework.beans.factory.BeanFactoryUtils.isFactoryDereference(Ljava/lang/String;)Z @ 10
Event: 2.886 Thread 0x00007f9864021800 Uncommon trap: reason=unstable_if action=reinterpret pc=0x00007f98556c127c method=org.springframework.beans.factory.BeanFactoryUtils.transformedBeanName(Ljava/lang/String;)Ljava/lang/String; @ 12
Event: 3.003 Thread 0x00007f9864021800 Uncommon trap: reason=unstable_if action=reinterpret pc=0x00007f985564fb20 method=java.util.concurrent.ConcurrentHashMap.transfer([Ljava/util/concurrent/ConcurrentHashMap$Node;[Ljava/util/concurrent/ConcurrentHashMap$Node;)V @ 356
Event: 3.017 Thread 0x00007f9864021800 Uncommon trap: reason=class_check action=maybe_recompile pc=0x00007f98558afb34 method=java.lang.reflect.Method.equals(Ljava/lang/Object;)Z @ 5
Event: 3.250 Thread 0x00007f9864021800 Uncommon trap: reason=class_check action=maybe_recompile pc=0x00007f98558afb34 method=java.lang.reflect.Method.equals(Ljava/lang/Object;)Z @ 5
Event: 3.322 Thread 0x00007f9864021800 Uncommon trap: reason=unstable_if action=reinterpret pc=0x00007f98558c3fdc method=org.springframework.beans.factory.support.AbstractBeanFactory.isTypeMatch(Ljava/lang/String;Lorg/springframework/core/ResolvableType;Z)Z @ 34
Event: 20.890 Thread 0x00007f9864b81000 Uncommon trap: reason=unstable_if action=reinterpret pc=0x00007f9855500f4c method=org.springframework.asm.ClassReader.readUtf(II[C)Ljava/lang/String; @ 41
Event: 20.891 Thread 0x00007f9864b81000 Uncommon trap: reason=unstable_if action=reinterpret pc=0x00007f985546e92c method=org.springframework.asm.ClassReader.readUtf(II[C)Ljava/lang/String; @ 41
Event: 21.795 Thread 0x00007f9864b86800 Uncommon trap: reason=unstable_if action=reinterpret pc=0x00007f98552e4b60 method=java.lang.CharacterDataLatin1.isWhitespace(I)Z @ 14

Classes redefined (0 events):
No events

Internal exceptions (10 events):
Event: 3.048 Thread 0x00007f9864021800 Exception <a 'java/lang/ClassNotFoundException': org/springframework/web/servlet/config/annotation/WebMvcConfigurationSupportCustomizer> (0x0000000084fae530) thrown at [/home/racerz/jdk8u-jdk8u402-b05/hotspot/src/share/vm/classfile/systemDictionary.cpp, l
Event: 3.050 Thread 0x00007f9864021800 Exception <a 'java/lang/ClassNotFoundException': org/springframework/web/servlet/config/annotation/DelegatingWebMvcConfigurationCustomizer> (0x0000000084fca3c0) thrown at [/home/racerz/jdk8u-jdk8u402-b05/hotspot/src/share/vm/classfile/systemDictionary.cpp
Event: 3.051 Thread 0x00007f9864021800 Exception <a 'java/lang/ClassNotFoundException': org/springframework/boot/autoconfigure/web/servlet/WebMvcAutoConfiguration$EnableWebMvcConfigurationCustomizer> (0x0000000084fd4470) thrown at [/home/racerz/jdk8u-jdk8u402-b05/hotspot/src/share/vm/classfile
Event: 3.051 Thread 0x00007f9864021800 Exception <a 'java/lang/ClassNotFoundException': org/springframework/context/ResourceLoaderAwareCustomizer> (0x0000000084ff4980) thrown at [/home/racerz/jdk8u-jdk8u402-b05/hotspot/src/share/vm/classfile/systemDictionary.cpp, line 217]
Event: 3.051 Thread 0x00007f9864021800 Exception <a 'java/lang/ClassNotFoundException': org/springframework/beans/factory/AwareCustomizer> (0x0000000084ff8d78) thrown at [/home/racerz/jdk8u-jdk8u402-b05/hotspot/src/share/vm/classfile/systemDictionary.cpp, line 217]
Event: 3.051 Thread 0x00007f9864021800 Exception <a 'java/lang/ClassNotFoundException': org/springframework/context/ApplicationContextAwareCustomizer> (0x0000000084ffc508) thrown at [/home/racerz/jdk8u-jdk8u402-b05/hotspot/src/share/vm/classfile/systemDictionary.cpp, line 217]
Event: 3.051 Thread 0x00007f9864021800 Exception <a 'java/lang/ClassNotFoundException': org/springframework/beans/factory/AwareCustomizer> (0x0000000085000f08) thrown at [/home/racerz/jdk8u-jdk8u402-b05/hotspot/src/share/vm/classfile/systemDictionary.cpp, line 217]
Event: 3.051 Thread 0x00007f9864021800 Exception <a 'java/lang/ClassNotFoundException': org/springframework/web/context/ServletContextAwareCustomizer> (0x0000000085004628) thrown at [/home/racerz/jdk8u-jdk8u402-b05/hotspot/src/share/vm/classfile/systemDictionary.cpp, line 217]
Event: 3.051 Thread 0x00007f9864021800 Exception <a 'java/lang/ClassNotFoundException': org/springframework/beans/factory/AwareCustomizer> (0x0000000085008a98) thrown at [/home/racerz/jdk8u-jdk8u402-b05/hotspot/src/share/vm/classfile/systemDictionary.cpp, line 217]
Event: 3.328 Thread 0x00007f9864021800 Exception <a 'java/lang/IncompatibleClassChangeError': Found class java.lang.Object, but interface was expected> (0x0000000085be09f0) thrown at [/home/racerz/jdk8u-jdk8u402-b05/hotspot/src/share/vm/interpreter/linkResolver.cpp, line 653]

Events (10 events):
Event: 21.805 loading class org/apache/tomcat/util/http/fileupload/IOUtils
Event: 21.806 loading class org/apache/tomcat/util/http/fileupload/IOUtils done
Event: 21.806 loading class org/springframework/http/ContentDisposition
Event: 21.806 loading class org/springframework/http/ContentDisposition done
Event: 21.807 loading class org/springframework/http/ContentDisposition$Builder
Event: 21.807 loading class org/springframework/http/ContentDisposition$Builder done
Event: 21.913 Executing VM operation: RevokeBias
Event: 21.914 Executing VM operation: RevokeBias done
Event: 21.915 loading class java/io/RandomAccessFile
Event: 21.915 loading class java/io/RandomAccessFile done


Dynamic libraries:
84800000-87160000 rw-p 00000000 00:00 0 
87160000-adaa0000 ---p 00000000 00:00 0 
adaa0000-b2d50000 rw-p 00000000 00:00 0 
b2d50000-100000000 ---p 00000000 00:00 0 
100000000-100500000 rw-p 00000000 00:00 0 
100500000-140000000 ---p 00000000 00:00 0 
555eea59f000-555eea5a0000 r--p 00000000 08:20 564708                     /home/racerz/openjdk8/build/linux-x86_64-normal-server-release/jdk/bin/java
555eea5a0000-555eea5a1000 r-xp 00001000 08:20 564708                     /home/racerz/openjdk8/build/linux-x86_64-normal-server-release/jdk/bin/java
555eea5a1000-555eea5a2000 r--p 00002000 08:20 564708                     /home/racerz/openjdk8/build/linux-x86_64-normal-server-release/jdk/bin/java
555eea5a2000-555eea5a3000 r--p 00002000 08:20 564708                     /home/racerz/openjdk8/build/linux-x86_64-normal-server-release/jdk/bin/java
555eea5a3000-555eea5a4000 rw-p 00003000 08:20 564708                     /home/racerz/openjdk8/build/linux-x86_64-normal-server-release/jdk/bin/java
555eeb326000-555eeb347000 rw-p 00000000 00:00 0                          [heap]
7f97f4000000-7f97f4021000 rw-p 00000000 00:00 0 
7f97f4021000-7f97f8000000 ---p 00000000 00:00 0 
7f97f8000000-7f97f8021000 rw-p 00000000 00:00 0 
7f97f8021000-7f97fc000000 ---p 00000000 00:00 0 
7f97fc000000-7f97fc021000 rw-p 00000000 00:00 0 
7f97fc021000-7f9800000000 ---p 00000000 00:00 0 
7f9800000000-7f9800021000 rw-p 00000000 00:00 0 
7f9800021000-7f9804000000 ---p 00000000 00:00 0 
7f9804000000-7f9804042000 rw-p 00000000 00:00 0 
7f9804042000-7f9808000000 ---p 00000000 00:00 0 
7f9808000000-7f9808021000 rw-p 00000000 00:00 0 
7f9808021000-7f980c000000 ---p 00000000 00:00 0 
7f980c000000-7f980c021000 rw-p 00000000 00:00 0 
7f980c021000-7f9810000000 ---p 00000000 00:00 0 
7f9810000000-7f9810021000 rw-p 00000000 00:00 0 
7f9810021000-7f9814000000 ---p 00000000 00:00 0 
7f9814000000-7f9814021000 rw-p 00000000 00:00 0 
7f9814021000-7f9818000000 ---p 00000000 00:00 0 
7f9818000000-7f9818021000 rw-p 00000000 00:00 0 
7f9818021000-7f981c000000 ---p 00000000 00:00 0 
7f981c000000-7f981c03f000 rw-p 00000000 00:00 0 
7f981c03f000-7f9820000000 ---p 00000000 00:00 0 
7f9820000000-7f9820021000 rw-p 00000000 00:00 0 
7f9820021000-7f9824000000 ---p 00000000 00:00 0 
7f9824000000-7f9824021000 rw-p 00000000 00:00 0 
7f9824021000-7f9828000000 ---p 00000000 00:00 0 
7f9828000000-7f9828021000 rw-p 00000000 00:00 0 
7f9828021000-7f982c000000 ---p 00000000 00:00 0 
7f982c000000-7f982c021000 rw-p 00000000 00:00 0 
7f982c021000-7f9830000000 ---p 00000000 00:00 0 
7f9830000000-7f9830021000 rw-p 00000000 00:00 0 
7f9830021000-7f9834000000 ---p 00000000 00:00 0 
7f98363d1000-7f9836591000 rw-p 00000000 00:00 0 
7f9836591000-7f98365d1000 ---p 00000000 00:00 0 
7f98365d1000-7f98365d4000 ---p 00000000 00:00 0 
7f98365d4000-7f98366d2000 rw-p 00000000 00:00 0 
7f98366d2000-7f98366d5000 ---p 00000000 00:00 0 
7f98366d5000-7f98367d3000 rw-p 00000000 00:00 0 
7f98367d3000-7f98367d6000 ---p 00000000 00:00 0 
7f98367d6000-7f98368d4000 rw-p 00000000 00:00 0 
7f98368d4000-7f98368d7000 ---p 00000000 00:00 0 
7f98368d7000-7f98369d5000 rw-p 00000000 00:00 0 
7f98369d5000-7f98369d8000 ---p 00000000 00:00 0 
7f98369d8000-7f9836ad6000 rw-p 00000000 00:00 0 
7f9836ad6000-7f9836ad9000 ---p 00000000 00:00 0 
7f9836ad9000-7f9836bd7000 rw-p 00000000 00:00 0 
7f9836bd7000-7f9836bda000 ---p 00000000 00:00 0 
7f9836bda000-7f9836cd8000 rw-p 00000000 00:00 0 
7f9836cd8000-7f9836cdb000 ---p 00000000 00:00 0 
7f9836cdb000-7f9836dd9000 rw-p 00000000 00:00 0 
7f9836dd9000-7f9836ddc000 ---p 00000000 00:00 0 
7f9836ddc000-7f9836eda000 rw-p 00000000 00:00 0 
7f9836eda000-7f9836edd000 ---p 00000000 00:00 0 
7f9836edd000-7f9836fdb000 rw-p 00000000 00:00 0 
7f9836fdb000-7f9836fde000 ---p 00000000 00:00 0 
7f9836fde000-7f98370dc000 rw-p 00000000 00:00 0 
7f98370dc000-7f98370df000 ---p 00000000 00:00 0 
7f98370df000-7f98373dd000 rw-p 00000000 00:00 0 
7f98373fe000-7f98375fe000 rw-p 00000000 00:00 0 
7f98375fe000-7f9837601000 ---p 00000000 00:00 0 
7f9837601000-7f98376ff000 rw-p 00000000 00:00 0 
7f98376ff000-7f9837702000 ---p 00000000 00:00 0 
7f9837702000-7f9837a00000 rw-p 00000000 00:00 0 
7f9837a00000-7f9837c00000 rw-p 00000000 00:00 0 
7f9837c00000-7f9837e00000 rw-p 00000000 00:00 0 
7f9837e00000-7f9838000000 rw-p 00000000 00:00 0 
7f9838000000-7f9838f6d000 rw-p 00000000 00:00 0 
7f9838f6d000-7f983c000000 ---p 00000000 00:00 0 
7f983c000000-7f983c021000 rw-p 00000000 00:00 0 
7f983c021000-7f9840000000 ---p 00000000 00:00 0 
7f9840000000-7f9840021000 rw-p 00000000 00:00 0 
7f9840021000-7f9844000000 ---p 00000000 00:00 0 
7f9844000000-7f9845b29000 rw-p 00000000 00:00 0 
7f9845b29000-7f9848000000 ---p 00000000 00:00 0 
7f9848000000-7f9848021000 rw-p 00000000 00:00 0 
7f9848021000-7f984c000000 ---p 00000000 00:00 0 
7f984c000000-7f984c021000 rw-p 00000000 00:00 0 
7f984c021000-7f9850000000 ---p 00000000 00:00 0 
7f9850000000-7f9850033000 rw-p 00000000 00:00 0 
7f9850033000-7f9854000000 ---p 00000000 00:00 0 
7f9854025000-7f9854028000 ---p 00000000 00:00 0 
7f9854028000-7f9854326000 rw-p 00000000 00:00 0 
7f9854326000-7f9854526000 rw-p 00000000 00:00 0 
7f9854526000-7f9854726000 rw-p 00000000 00:00 0 
7f9854726000-7f9854926000 rw-p 00000000 00:00 0 
7f9854926000-7f9854b26000 rw-p 00000000 00:00 0 
7f9854b26000-7f9854d26000 rw-p 00000000 00:00 0 
7f9854d26000-7f9855000000 r--s 0341f000 08:20 354995                     /home/racerz/openjdk8/vuln-springboot2.jar
7f9855000000-7f9855a90000 rwxp 00000000 00:00 0 
7f9855a90000-7f9864000000 ---p 00000000 00:00 0 
7f9864000000-7f9864bbd000 rw-p 00000000 00:00 0 
7f9864bbd000-7f9868000000 ---p 00000000 00:00 0 
7f986806d000-7f9868076000 r--p 00000000 08:20 564363                     /home/racerz/openjdk8/build/linux-x86_64-normal-server-release/jdk/lib/amd64/libsunec.so
7f9868076000-7f9868098000 r-xp 00009000 08:20 564363                     /home/racerz/openjdk8/build/linux-x86_64-normal-server-release/jdk/lib/amd64/libsunec.so
7f9868098000-7f98680a5000 r--p 0002b000 08:20 564363                     /home/racerz/openjdk8/build/linux-x86_64-normal-server-release/jdk/lib/amd64/libsunec.so
7f98680a5000-7f98680a6000 ---p 00038000 08:20 564363                     /home/racerz/openjdk8/build/linux-x86_64-normal-server-release/jdk/lib/amd64/libsunec.so
7f98680a6000-7f98680ab000 r--p 00038000 08:20 564363                     /home/racerz/openjdk8/build/linux-x86_64-normal-server-release/jdk/lib/amd64/libsunec.so
7f98680ab000-7f98680ad000 rw-p 0003d000 08:20 564363                     /home/racerz/openjdk8/build/linux-x86_64-normal-server-release/jdk/lib/amd64/libsunec.so
7f98680ad000-7f98680be000 rw-p 00000000 00:00 0 
7f98680be000-7f98680c2000 r--p 00000000 08:20 564421                     /home/racerz/openjdk8/build/linux-x86_64-normal-server-release/jdk/lib/amd64/libmanagement.so
7f98680c2000-7f98680c5000 r-xp 00004000 08:20 564421                     /home/racerz/openjdk8/build/linux-x86_64-normal-server-release/jdk/lib/amd64/libmanagement.so
7f98680c5000-7f98680c7000 r--p 00007000 08:20 564421                     /home/racerz/openjdk8/build/linux-x86_64-normal-server-release/jdk/lib/amd64/libmanagement.so
7f98680c7000-7f98680c8000 r--p 00008000 08:20 564421                     /home/racerz/openjdk8/build/linux-x86_64-normal-server-release/jdk/lib/amd64/libmanagement.so
7f98680c8000-7f98680c9000 rw-p 00009000 08:20 564421                     /home/racerz/openjdk8/build/linux-x86_64-normal-server-release/jdk/lib/amd64/libmanagement.so
7f98680c9000-7f98680ce000 r--p 00000000 08:20 564398                     /home/racerz/openjdk8/build/linux-x86_64-normal-server-release/jdk/lib/amd64/libnet.so
7f98680ce000-7f98680de000 r-xp 00005000 08:20 564398                     /home/racerz/openjdk8/build/linux-x86_64-normal-server-release/jdk/lib/amd64/libnet.so
7f98680de000-7f98680e2000 r--p 00015000 08:20 564398                     /home/racerz/openjdk8/build/linux-x86_64-normal-server-release/jdk/lib/amd64/libnet.so
7f98680e2000-7f98680e3000 r--p 00018000 08:20 564398                     /home/racerz/openjdk8/build/linux-x86_64-normal-server-release/jdk/lib/amd64/libnet.so
7f98680e3000-7f98680e4000 rw-p 00019000 08:20 564398                     /home/racerz/openjdk8/build/linux-x86_64-normal-server-release/jdk/lib/amd64/libnet.so
7f98680e4000-7f98680eb000 r--p 00000000 08:20 564453                     /home/racerz/openjdk8/build/linux-x86_64-normal-server-release/jdk/lib/amd64/libnio.so
7f98680eb000-7f98680f3000 r-xp 00007000 08:20 564453                     /home/racerz/openjdk8/build/linux-x86_64-normal-server-release/jdk/lib/amd64/libnio.so
7f98680f3000-7f98680f6000 r--p 0000f000 08:20 564453                     /home/racerz/openjdk8/build/linux-x86_64-normal-server-release/jdk/lib/amd64/libnio.so
7f98680f6000-7f98680f7000 ---p 00012000 08:20 564453                     /home/racerz/openjdk8/build/linux-x86_64-normal-server-release/jdk/lib/amd64/libnio.so
7f98680f7000-7f98680f8000 r--p 00012000 08:20 564453                     /home/racerz/openjdk8/build/linux-x86_64-normal-server-release/jdk/lib/amd64/libnio.so
7f98680f8000-7f98680f9000 rw-p 00013000 08:20 564453                     /home/racerz/openjdk8/build/linux-x86_64-normal-server-release/jdk/lib/amd64/libnio.so
7f98680f9000-7f98680fb000 r--s 00008000 08:20 565110                     /home/racerz/openjdk8/build/linux-x86_64-normal-server-release/jdk/lib/ext/sunec.jar
7f98680fb000-7f9868101000 r--s 0003e000 08:20 565091                     /home/racerz/openjdk8/build/linux-x86_64-normal-server-release/jdk/lib/ext/sunjce_provider.jar
7f9868101000-7f9868104000 r--s 00042000 08:20 565096                     /home/racerz/openjdk8/build/linux-x86_64-normal-server-release/jdk/lib/ext/sunpkcs11.jar
7f9868104000-7f9868105000 ---p 00000000 00:00 0 
7f9868105000-7f9868205000 rw-p 00000000 00:00 0 
7f9868205000-7f986827f000 r--s 01107000 08:20 354993                     /home/racerz/openjdk8/tools.jar
7f986827f000-7f9868282000 ---p 00000000 00:00 0 
7f9868282000-7f9868380000 rw-p 00000000 00:00 0 
7f9868380000-7f9868381000 ---p 00000000 00:00 0 
7f9868381000-7f9868384000 ---p 00000000 00:00 0 
7f9868384000-7f9868481000 rw-p 00000000 00:00 0 
7f9868481000-7f9868482000 ---p 00000000 00:00 0 
7f9868482000-7f9868485000 ---p 00000000 00:00 0 
7f9868485000-7f9868582000 rw-p 00000000 00:00 0 
7f9868582000-7f9868585000 ---p 00000000 00:00 0 
7f9868585000-7f9868683000 rw-p 00000000 00:00 0 
7f9868683000-7f98686b5000 r--p 00000000 08:20 22158                      /usr/lib/locale/C.UTF-8/LC_CTYPE
7f98686b5000-7f98686b6000 r--p 00000000 08:20 22164                      /usr/lib/locale/C.UTF-8/LC_NUMERIC
7f98686b6000-7f98686b7000 r--p 00000000 08:20 22167                      /usr/lib/locale/C.UTF-8/LC_TIME
7f98686b7000-7f986882a000 r--p 00000000 08:20 22157                      /usr/lib/locale/C.UTF-8/LC_COLLATE
7f986882a000-7f986882b000 r--p 00000000 08:20 22162                      /usr/lib/locale/C.UTF-8/LC_MONETARY
7f986882b000-7f986882c000 r--p 00000000 08:20 22161                      /usr/lib/locale/C.UTF-8/LC_MESSAGES/SYS_LC_MESSAGES
7f986882c000-7f986882d000 r--p 00000000 08:20 22165                      /usr/lib/locale/C.UTF-8/LC_PAPER
7f986882d000-7f986882e000 r--p 00000000 08:20 22163                      /usr/lib/locale/C.UTF-8/LC_NAME
7f986882e000-7f986882f000 r--p 00000000 08:20 22156                      /usr/lib/locale/C.UTF-8/LC_ADDRESS
7f986882f000-7f9868b15000 r--p 00000000 08:20 3070                       /usr/lib/locale/locale-archive
7f9868b15000-7f9868b18000 ---p 00000000 00:00 0 
7f9868b18000-7f9868c16000 rw-p 00000000 00:00 0 
7f9868c16000-7f9868c19000 ---p 00000000 00:00 0 
7f9868c19000-7f9868d17000 rw-p 00000000 00:00 0 
7f9868d17000-7f9868d18000 ---p 00000000 00:00 0 
7f9868d18000-7f9869713000 rw-p 00000000 00:00 0 
7f9869713000-7f986997c000 ---p 00000000 00:00 0 
7f986997c000-7f9869991000 rw-p 00000000 00:00 0 
7f9869991000-7f9869ac5000 ---p 00000000 00:00 0 
7f9869ac5000-7f9869aef000 rw-p 00000000 00:00 0 
7f9869aef000-7f9869d58000 ---p 00000000 00:00 0 
7f9869d58000-7f9869d84000 rw-p 00000000 00:00 0 
7f9869d84000-7f986a119000 ---p 00000000 00:00 0 
7f986a119000-7f986a11c000 r--p 00000000 08:20 564392                     /home/racerz/openjdk8/build/linux-x86_64-normal-server-release/jdk/lib/amd64/libzip.so
7f986a11c000-7f986a12e000 r-xp 00003000 08:20 564392                     /home/racerz/openjdk8/build/linux-x86_64-normal-server-release/jdk/lib/amd64/libzip.so
7f986a12e000-7f986a136000 r--p 00015000 08:20 564392                     /home/racerz/openjdk8/build/linux-x86_64-normal-server-release/jdk/lib/amd64/libzip.so
7f986a136000-7f986a137000 r--p 0001c000 08:20 564392                     /home/racerz/openjdk8/build/linux-x86_64-normal-server-release/jdk/lib/amd64/libzip.so
7f986a137000-7f986a138000 rw-p 0001d000 08:20 564392                     /home/racerz/openjdk8/build/linux-x86_64-normal-server-release/jdk/lib/amd64/libzip.so
7f986a138000-7f986a13b000 r--p 00000000 08:20 29549                      /usr/lib/x86_64-linux-gnu/libnss_files-2.31.so
7f986a13b000-7f986a142000 r-xp 00003000 08:20 29549                      /usr/lib/x86_64-linux-gnu/libnss_files-2.31.so
7f986a142000-7f986a144000 r--p 0000a000 08:20 29549                      /usr/lib/x86_64-linux-gnu/libnss_files-2.31.so
7f986a144000-7f986a145000 r--p 0000b000 08:20 29549                      /usr/lib/x86_64-linux-gnu/libnss_files-2.31.so
7f986a145000-7f986a146000 rw-p 0000c000 08:20 29549                      /usr/lib/x86_64-linux-gnu/libnss_files-2.31.so
7f986a146000-7f986a14c000 rw-p 00000000 00:00 0 
7f986a14c000-7f986a14f000 r--p 00000000 08:20 20814                      /usr/lib/x86_64-linux-gnu/libgcc_s.so.1
7f986a14f000-7f986a161000 r-xp 00003000 08:20 20814                      /usr/lib/x86_64-linux-gnu/libgcc_s.so.1
7f986a161000-7f986a165000 r--p 00015000 08:20 20814                      /usr/lib/x86_64-linux-gnu/libgcc_s.so.1
7f986a165000-7f986a166000 r--p 00018000 08:20 20814                      /usr/lib/x86_64-linux-gnu/libgcc_s.so.1
7f986a166000-7f986a167000 rw-p 00019000 08:20 20814                      /usr/lib/x86_64-linux-gnu/libgcc_s.so.1
7f986a167000-7f986a1fd000 r--p 00000000 08:20 29517                      /usr/lib/x86_64-linux-gnu/libstdc++.so.6.0.28
7f986a1fd000-7f986a2ee000 r-xp 00096000 08:20 29517                      /usr/lib/x86_64-linux-gnu/libstdc++.so.6.0.28
7f986a2ee000-7f986a337000 r--p 00187000 08:20 29517                      /usr/lib/x86_64-linux-gnu/libstdc++.so.6.0.28
7f986a337000-7f986a338000 ---p 001d0000 08:20 29517                      /usr/lib/x86_64-linux-gnu/libstdc++.so.6.0.28
7f986a338000-7f986a343000 r--p 001d0000 08:20 29517                      /usr/lib/x86_64-linux-gnu/libstdc++.so.6.0.28
7f986a343000-7f986a346000 rw-p 001db000 08:20 29517                      /usr/lib/x86_64-linux-gnu/libstdc++.so.6.0.28
7f986a346000-7f986a349000 rw-p 00000000 00:00 0 
7f986a349000-7f986a34a000 r--p 00000000 08:20 22166                      /usr/lib/locale/C.UTF-8/LC_TELEPHONE
7f986a34a000-7f986a34b000 r--p 00000000 08:20 22160                      /usr/lib/locale/C.UTF-8/LC_MEASUREMENT
7f986a34b000-7f986a352000 r--s 00000000 08:20 29871                      /usr/lib/x86_64-linux-gnu/gconv/gconv-modules.cache
7f986a352000-7f986a354000 r--s 00016000 08:20 565087                     /home/racerz/openjdk8/build/linux-x86_64-normal-server-release/jdk/lib/jce.jar
7f986a354000-7f986a35c000 rw-s 00000000 08:20 584497                     /tmp/hsperfdata_racerz/222760
7f986a35c000-7f986a35d000 r--p 00000000 08:20 354992                     /home/racerz/openjdk8/libagent.so
7f986a35d000-7f986a35e000 r-xp 00001000 08:20 354992                     /home/racerz/openjdk8/libagent.so
7f986a35e000-7f986a35f000 r--p 00002000 08:20 354992                     /home/racerz/openjdk8/libagent.so
7f986a35f000-7f986a360000 r--p 00002000 08:20 354992                     /home/racerz/openjdk8/libagent.so
7f986a360000-7f986a361000 rw-p 00003000 08:20 354992                     /home/racerz/openjdk8/libagent.so
7f986a361000-7f986a36e000 r--p 00000000 08:20 564384                     /home/racerz/openjdk8/build/linux-x86_64-normal-server-release/jdk/lib/amd64/libjava.so
7f986a36e000-7f986a384000 r-xp 0000d000 08:20 564384                     /home/racerz/openjdk8/build/linux-x86_64-normal-server-release/jdk/lib/amd64/libjava.so
7f986a384000-7f986a38b000 r--p 00023000 08:20 564384                     /home/racerz/openjdk8/build/linux-x86_64-normal-server-release/jdk/lib/amd64/libjava.so
7f986a38b000-7f986a38c000 r--p 00029000 08:20 564384                     /home/racerz/openjdk8/build/linux-x86_64-normal-server-release/jdk/lib/amd64/libjava.so
7f986a38c000-7f986a38e000 rw-p 0002a000 08:20 564384                     /home/racerz/openjdk8/build/linux-x86_64-normal-server-release/jdk/lib/amd64/libjava.so
7f986a38e000-7f986a390000 r--p 00000000 08:20 29559                      /usr/lib/x86_64-linux-gnu/librt-2.31.so
7f986a390000-7f986a394000 r-xp 00002000 08:20 29559                      /usr/lib/x86_64-linux-gnu/librt-2.31.so
7f986a394000-7f986a396000 r--p 00006000 08:20 29559                      /usr/lib/x86_64-linux-gnu/librt-2.31.so
7f986a396000-7f986a397000 r--p 00007000 08:20 29559                      /usr/lib/x86_64-linux-gnu/librt-2.31.so
7f986a397000-7f986a398000 rw-p 00008000 08:20 29559                      /usr/lib/x86_64-linux-gnu/librt-2.31.so
7f986a398000-7f986a399000 ---p 00000000 00:00 0 
7f986a399000-7f986a39c000 ---p 00000000 00:00 0 
7f986a39c000-7f986a499000 rw-p 00000000 00:00 0 
7f986a499000-7f986a4a6000 r--p 00000000 08:20 29541                      /usr/lib/x86_64-linux-gnu/libm-2.31.so
7f986a4a6000-7f986a54d000 r-xp 0000d000 08:20 29541                      /usr/lib/x86_64-linux-gnu/libm-2.31.so
7f986a54d000-7f986a5e6000 r--p 000b4000 08:20 29541                      /usr/lib/x86_64-linux-gnu/libm-2.31.so
7f986a5e6000-7f986a5e7000 r--p 0014c000 08:20 29541                      /usr/lib/x86_64-linux-gnu/libm-2.31.so
7f986a5e7000-7f986a5e8000 rw-p 0014d000 08:20 29541                      /usr/lib/x86_64-linux-gnu/libm-2.31.so
7f986a5e8000-7f986a7f5000 r--p 00000000 08:20 519511                     /home/racerz/openjdk8/build/linux-x86_64-normal-server-release/jdk/lib/amd64/server/libjvm.so
7f986a7f5000-7f986b1a6000 r-xp 0020d000 08:20 519511                     /home/racerz/openjdk8/build/linux-x86_64-normal-server-release/jdk/lib/amd64/server/libjvm.so
7f986b1a6000-7f986b3bb000 r--p 00bbe000 08:20 519511                     /home/racerz/openjdk8/build/linux-x86_64-normal-server-release/jdk/lib/amd64/server/libjvm.so
7f986b3bb000-7f986b468000 r--p 00dd2000 08:20 519511                     /home/racerz/openjdk8/build/linux-x86_64-normal-server-release/jdk/lib/amd64/server/libjvm.so
7f986b468000-7f986b492000 rw-p 00e7f000 08:20 519511                     /home/racerz/openjdk8/build/linux-x86_64-normal-server-release/jdk/lib/amd64/server/libjvm.so
7f986b492000-7f986b4df000 rw-p 00000000 00:00 0 
7f986b4df000-7f986b4e5000 r--p 00000000 08:20 29555                      /usr/lib/x86_64-linux-gnu/libpthread-2.31.so
7f986b4e5000-7f986b4f6000 r-xp 00006000 08:20 29555                      /usr/lib/x86_64-linux-gnu/libpthread-2.31.so
7f986b4f6000-7f986b4fc000 r--p 00017000 08:20 29555                      /usr/lib/x86_64-linux-gnu/libpthread-2.31.so
7f986b4fc000-7f986b4fd000 r--p 0001c000 08:20 29555                      /usr/lib/x86_64-linux-gnu/libpthread-2.31.so
7f986b4fd000-7f986b4fe000 rw-p 0001d000 08:20 29555                      /usr/lib/x86_64-linux-gnu/libpthread-2.31.so
7f986b4fe000-7f986b502000 rw-p 00000000 00:00 0 
7f986b502000-7f986b503000 r--p 00000000 08:20 29540                      /usr/lib/x86_64-linux-gnu/libdl-2.31.so
7f986b503000-7f986b505000 r-xp 00001000 08:20 29540                      /usr/lib/x86_64-linux-gnu/libdl-2.31.so
7f986b505000-7f986b506000 r--p 00003000 08:20 29540                      /usr/lib/x86_64-linux-gnu/libdl-2.31.so
7f986b506000-7f986b507000 r--p 00003000 08:20 29540                      /usr/lib/x86_64-linux-gnu/libdl-2.31.so
7f986b507000-7f986b508000 rw-p 00004000 08:20 29540                      /usr/lib/x86_64-linux-gnu/libdl-2.31.so
7f986b508000-7f986b52a000 r--p 00000000 08:20 29539                      /usr/lib/x86_64-linux-gnu/libc-2.31.so
7f986b52a000-7f986b6a2000 r-xp 00022000 08:20 29539                      /usr/lib/x86_64-linux-gnu/libc-2.31.so
7f986b6a2000-7f986b6f0000 r--p 0019a000 08:20 29539                      /usr/lib/x86_64-linux-gnu/libc-2.31.so
7f986b6f0000-7f986b6f4000 r--p 001e7000 08:20 29539                      /usr/lib/x86_64-linux-gnu/libc-2.31.so
7f986b6f4000-7f986b6f6000 rw-p 001eb000 08:20 29539                      /usr/lib/x86_64-linux-gnu/libc-2.31.so
7f986b6f6000-7f986b6fa000 rw-p 00000000 00:00 0 
7f986b6fa000-7f986b6fb000 r--p 00000000 08:20 22159                      /usr/lib/locale/C.UTF-8/LC_IDENTIFICATION
7f986b6fb000-7f986b6fc000 rw-p 00000000 00:00 0 
7f986b6fc000-7f986b701000 r--p 00000000 08:20 564351                     /home/racerz/openjdk8/build/linux-x86_64-normal-server-release/jdk/lib/amd64/libverify.so
7f986b701000-7f986b708000 r-xp 00005000 08:20 564351                     /home/racerz/openjdk8/build/linux-x86_64-normal-server-release/jdk/lib/amd64/libverify.so
7f986b708000-7f986b70a000 r--p 0000c000 08:20 564351                     /home/racerz/openjdk8/build/linux-x86_64-normal-server-release/jdk/lib/amd64/libverify.so
7f986b70a000-7f986b70c000 r--p 0000d000 08:20 564351                     /home/racerz/openjdk8/build/linux-x86_64-normal-server-release/jdk/lib/amd64/libverify.so
7f986b70c000-7f986b70d000 rw-p 0000f000 08:20 564351                     /home/racerz/openjdk8/build/linux-x86_64-normal-server-release/jdk/lib/amd64/libverify.so
7f986b70d000-7f986b710000 r--p 00000000 08:20 564353                     /home/racerz/openjdk8/build/linux-x86_64-normal-server-release/jdk/lib/amd64/jli/libjli.so
7f986b710000-7f986b720000 r-xp 00003000 08:20 564353                     /home/racerz/openjdk8/build/linux-x86_64-normal-server-release/jdk/lib/amd64/jli/libjli.so
7f986b720000-7f986b727000 r--p 00013000 08:20 564353                     /home/racerz/openjdk8/build/linux-x86_64-normal-server-release/jdk/lib/amd64/jli/libjli.so
7f986b727000-7f986b728000 r--p 00019000 08:20 564353                     /home/racerz/openjdk8/build/linux-x86_64-normal-server-release/jdk/lib/amd64/jli/libjli.so
7f986b728000-7f986b729000 rw-p 0001a000 08:20 564353                     /home/racerz/openjdk8/build/linux-x86_64-normal-server-release/jdk/lib/amd64/jli/libjli.so
7f986b729000-7f986b72b000 rw-p 00000000 00:00 0 
7f986b72b000-7f986b72c000 r--p 00000000 08:20 29534                      /usr/lib/x86_64-linux-gnu/ld-2.31.so
7f986b72c000-7f986b74f000 r-xp 00001000 08:20 29534                      /usr/lib/x86_64-linux-gnu/ld-2.31.so
7f986b74f000-7f986b757000 r--p 00024000 08:20 29534                      /usr/lib/x86_64-linux-gnu/ld-2.31.so
7f986b757000-7f986b758000 r--p 00000000 00:00 0 
7f986b758000-7f986b759000 r--p 0002c000 08:20 29534                      /usr/lib/x86_64-linux-gnu/ld-2.31.so
7f986b759000-7f986b75a000 rw-p 0002d000 08:20 29534                      /usr/lib/x86_64-linux-gnu/ld-2.31.so
7f986b75a000-7f986b75b000 rw-p 00000000 00:00 0 
7fff0db9e000-7fff0dbc0000 rw-p 00000000 00:00 0                          [stack]
7fff0dbec000-7fff0dbf0000 r--p 00000000 00:00 0                          [vvar]
7fff0dbf0000-7fff0dbf2000 r-xp 00000000 00:00 0                          [vdso]

VM Arguments:
jvm_args: -Xbootclasspath/a:/home/racerz/openjdk8/tools.jar -agentpath:/home/racerz/openjdk8/libagent.so 
java_command: vuln-springboot2.jar
java_class_path (initial): vuln-springboot2.jar
Launcher Type: SUN_STANDARD

Environment Variables:
SHELL=/bin/bash
DISPLAY=:0
HOSTTYPE=x86_64

Signal Handlers:
SIGSEGV: [libjvm.so+0xb3c6d0], sa_mask[0]=11111111011111111101111111111110, sa_flags=SA_RESTART|SA_SIGINFO
SIGBUS: [libjvm.so+0xb3c6d0], sa_mask[0]=11111111011111111101111111111110, sa_flags=SA_RESTART|SA_SIGINFO
SIGFPE: [libjvm.so+0x977280], sa_mask[0]=11111111011111111101111111111110, sa_flags=SA_RESTART|SA_SIGINFO
SIGPIPE: [libjvm.so+0x977280], sa_mask[0]=11111111011111111101111111111110, sa_flags=SA_RESTART|SA_SIGINFO
SIGXFSZ: [libjvm.so+0x977280], sa_mask[0]=11111111011111111101111111111110, sa_flags=SA_RESTART|SA_SIGINFO
SIGILL: [libjvm.so+0x977280], sa_mask[0]=11111111011111111101111111111110, sa_flags=SA_RESTART|SA_SIGINFO
SIGUSR1: SIG_DFL, sa_mask[0]=00000000000000000000000000000000, sa_flags=none
SIGUSR2: [libjvm.so+0x9775c0], sa_mask[0]=00000000000000000000000000000000, sa_flags=SA_RESTART|SA_SIGINFO
SIGHUP: [libjvm.so+0x977510], sa_mask[0]=11111111011111111101111111111110, sa_flags=SA_RESTART|SA_SIGINFO
SIGINT: [libjvm.so+0x977510], sa_mask[0]=11111111011111111101111111111110, sa_flags=SA_RESTART|SA_SIGINFO
SIGTERM: [libjvm.so+0x977510], sa_mask[0]=11111111011111111101111111111110, sa_flags=SA_RESTART|SA_SIGINFO
SIGQUIT: [libjvm.so+0x977510], sa_mask[0]=11111111011111111101111111111110, sa_flags=SA_RESTART|SA_SIGINFO


---------------  S Y S T E M  ---------------

OS:DISTRIB_ID=Ubuntu
DISTRIB_RELEASE=20.04
DISTRIB_CODENAME=focal
DISTRIB_DESCRIPTION="Ubuntu 20.04.6 LTS"

uname:Linux 5.15.133.1-microsoft-standard-WSL2 #1 SMP Thu Oct 5 21:02:42 UTC 2023 x86_64
libc:glibc 2.31 NPTL 2.31 
rlimit: STACK 8192k, CORE 0k, NPROC 31559, NOFILE 1048576, AS infinity
load average:0.62 0.43 0.29

/proc/meminfo:
MemTotal:        8085828 kB
MemFree:         1691800 kB
MemAvailable:    6001820 kB
Buffers:          213544 kB
Cached:          3911208 kB
SwapCached:          540 kB
Active:          2434020 kB
Inactive:        3090128 kB
Active(anon):       9876 kB
Inactive(anon):  1375788 kB
Active(file):    2424144 kB
Inactive(file):  1714340 kB
Unevictable:           0 kB
Mlocked:               0 kB
SwapTotal:       2097152 kB
SwapFree:        2055556 kB
Dirty:                20 kB
Writeback:             0 kB
AnonPages:       1385936 kB
Mapped:           145500 kB
Shmem:              2960 kB
KReclaimable:     472104 kB
Slab:             566796 kB
SReclaimable:     472104 kB
SUnreclaim:        94692 kB
KernelStack:        7760 kB
PageTables:        14524 kB
NFS_Unstable:          0 kB
Bounce:                0 kB
WritebackTmp:          0 kB
CommitLimit:     6140064 kB
Committed_AS:    2671276 kB
VmallocTotal:   34359738367 kB
VmallocUsed:       30048 kB
VmallocChunk:          0 kB
Percpu:             8512 kB
AnonHugePages:    294912 kB
ShmemHugePages:        0 kB
ShmemPmdMapped:        0 kB
FileHugePages:         0 kB
FilePmdMapped:         0 kB
HugePages_Total:       0
HugePages_Free:        0
HugePages_Rsvd:        0
HugePages_Surp:        0
Hugepagesize:       2048 kB
Hugetlb:               0 kB
DirectMap4k:      152576 kB
DirectMap2M:     7137280 kB
DirectMap1G:    10485760 kB

container (cgroup) information:
container_type: cgroupv1
cpu_cpuset_cpus: 0-15
cpu_memory_nodes: 0
active_processor_count: 1
cpu_quota: -1
cpu_period: 100000
cpu_shares: -1
memory_limit_in_bytes: -1
memory_and_swap_limit_in_bytes: -1
memory_soft_limit_in_bytes: -1
memory_usage_in_bytes: 5643046912
memory_max_usage_in_bytes: 1150681088


CPU:total 16 (initial active 1) (8 cores per cpu, 2 threads per core) family 6 model 165 stepping 2, cmov, cx8, fxsr, mmx, sse, sse2, sse3, ssse3, sse4.1, sse4.2, popcnt, avx, avx2, aes, clmul, erms, 3dnowpref, lzcnt, ht, tsc, bmi1, bmi2, adx

/proc/cpuinfo:
processor	: 0
vendor_id	: GenuineIntel
cpu family	: 6
model		: 165
model name	: Intel(R) Core(TM) i7-10875H CPU @ 2.30GHz
stepping	: 2
microcode	: 0xffffffff
cpu MHz		: 2304.008
cache size	: 16384 KB
physical id	: 0
siblings	: 16
core id		: 0
cpu cores	: 8
apicid		: 0
initial apicid	: 0
fpu		: yes
fpu_exception	: yes
cpuid level	: 22
wp		: yes
flags		: fpu vme de pse tsc msr pae mce cx8 apic sep mtrr pge mca cmov pat pse36 clflush mmx fxsr sse sse2 ss ht syscall nx pdpe1gb rdtscp lm constant_tsc arch_perfmon rep_good nopl xtopology cpuid pni pclmulqdq vmx ssse3 fma cx16 pdcm pcid sse4_1 sse4_2 x2apic movbe popcnt aes xsave avx f16c rdrand hypervisor lahf_lm abm 3dnowprefetch invpcid_single ssbd ibrs ibpb stibp ibrs_enhanced tpr_shadow vnmi ept vpid ept_ad fsgsbase bmi1 avx2 smep bmi2 erms invpcid rdseed adx smap clflushopt xsaveopt xsavec xgetbv1 xsaves flush_l1d arch_capabilities
vmx flags	: vnmi invvpid ept_x_only ept_ad ept_1gb tsc_offset vtpr ept vpid unrestricted_guest ept_mode_based_exec
bugs		: spectre_v1 spectre_v2 spec_store_bypass swapgs itlb_multihit srbds mmio_stale_data retbleed eibrs_pbrsb gds
bogomips	: 4608.01
clflush size	: 64
cache_alignment	: 64
address sizes	: 39 bits physical, 48 bits virtual
power management:

processor	: 1
vendor_id	: GenuineIntel
cpu family	: 6
model		: 165
model name	: Intel(R) Core(TM) i7-10875H CPU @ 2.30GHz
stepping	: 2
microcode	: 0xffffffff
cpu MHz		: 2304.008
cache size	: 16384 KB
physical id	: 0
siblings	: 16
core id		: 0
cpu cores	: 8
apicid		: 1
initial apicid	: 1
fpu		: yes
fpu_exception	: yes
cpuid level	: 22
wp		: yes
flags		: fpu vme de pse tsc msr pae mce cx8 apic sep mtrr pge mca cmov pat pse36 clflush mmx fxsr sse sse2 ss ht syscall nx pdpe1gb rdtscp lm constant_tsc arch_perfmon rep_good nopl xtopology cpuid pni pclmulqdq vmx ssse3 fma cx16 pdcm pcid sse4_1 sse4_2 x2apic movbe popcnt aes xsave avx f16c rdrand hypervisor lahf_lm abm 3dnowprefetch invpcid_single ssbd ibrs ibpb stibp ibrs_enhanced tpr_shadow vnmi ept vpid ept_ad fsgsbase bmi1 avx2 smep bmi2 erms invpcid rdseed adx smap clflushopt xsaveopt xsavec xgetbv1 xsaves flush_l1d arch_capabilities
vmx flags	: vnmi invvpid ept_x_only ept_ad ept_1gb tsc_offset vtpr ept vpid unrestricted_guest ept_mode_based_exec
bugs		: spectre_v1 spectre_v2 spec_store_bypass swapgs itlb_multihit srbds mmio_stale_data retbleed eibrs_pbrsb gds
bogomips	: 4608.01
clflush size	: 64
cache_alignment	: 64
address sizes	: 39 bits physical, 48 bits virtual
power management:

processor	: 2
vendor_id	: GenuineIntel
cpu family	: 6
model		: 165
model name	: Intel(R) Core(TM) i7-10875H CPU @ 2.30GHz
stepping	: 2
microcode	: 0xffffffff
cpu MHz		: 2304.008
cache size	: 16384 KB
physical id	: 0
siblings	: 16
core id		: 1
cpu cores	: 8
apicid		: 2
initial apicid	: 2
fpu		: yes
fpu_exception	: yes
cpuid level	: 22
wp		: yes
flags		: fpu vme de pse tsc msr pae mce cx8 apic sep mtrr pge mca cmov pat pse36 clflush mmx fxsr sse sse2 ss ht syscall nx pdpe1gb rdtscp lm constant_tsc arch_perfmon rep_good nopl xtopology cpuid pni pclmulqdq vmx ssse3 fma cx16 pdcm pcid sse4_1 sse4_2 x2apic movbe popcnt aes xsave avx f16c rdrand hypervisor lahf_lm abm 3dnowprefetch invpcid_single ssbd ibrs ibpb stibp ibrs_enhanced tpr_shadow vnmi ept vpid ept_ad fsgsbase bmi1 avx2 smep bmi2 erms invpcid rdseed adx smap clflushopt xsaveopt xsavec xgetbv1 xsaves flush_l1d arch_capabilities
vmx flags	: vnmi invvpid ept_x_only ept_ad ept_1gb tsc_offset vtpr ept vpid unrestricted_guest ept_mode_based_exec
bugs		: spectre_v1 spectre_v2 spec_store_bypass swapgs itlb_multihit srbds mmio_stale_data retbleed eibrs_pbrsb gds
bogomips	: 4608.01
clflush size	: 64
cache_alignment	: 64
address sizes	: 39 bits physical, 48 bits virtual
power management:

processor	: 3
vendor_id	: GenuineIntel
cpu family	: 6
model		: 165
model name	: Intel(R) Core(TM) i7-10875H CPU @ 2.30GHz
stepping	: 2
microcode	: 0xffffffff
cpu MHz		: 2304.008
cache size	: 16384 KB
physical id	: 0
siblings	: 16
core id		: 1
cpu cores	: 8
apicid		: 3
initial apicid	: 3
fpu		: yes
fpu_exception	: yes
cpuid level	: 22
wp		: yes
flags		: fpu vme de pse tsc msr pae mce cx8 apic sep mtrr pge mca cmov pat pse36 clflush mmx fxsr sse sse2 ss ht syscall nx pdpe1gb rdtscp lm constant_tsc arch_perfmon rep_good nopl xtopology cpuid pni pclmulqdq vmx ssse3 fma cx16 pdcm pcid sse4_1 sse4_2 x2apic movbe popcnt aes xsave avx f16c rdrand hypervisor lahf_lm abm 3dnowprefetch invpcid_single ssbd ibrs ibpb stibp ibrs_enhanced tpr_shadow vnmi ept vpid ept_ad fsgsbase bmi1 avx2 smep bmi2 erms invpcid rdseed adx smap clflushopt xsaveopt xsavec xgetbv1 xsaves flush_l1d arch_capabilities
vmx flags	: vnmi invvpid ept_x_only ept_ad ept_1gb tsc_offset vtpr ept vpid unrestricted_guest ept_mode_based_exec
bugs		: spectre_v1 spectre_v2 spec_store_bypass swapgs itlb_multihit srbds mmio_stale_data retbleed eibrs_pbrsb gds
bogomips	: 4608.01
clflush size	: 64
cache_alignment	: 64
address sizes	: 39 bits physical, 48 bits virtual
power management:

processor	: 4
vendor_id	: GenuineIntel
cpu family	: 6
model		: 165
model name	: Intel(R) Core(TM) i7-10875H CPU @ 2.30GHz
stepping	: 2
microcode	: 0xffffffff
cpu MHz		: 2304.008
cache size	: 16384 KB
physical id	: 0
siblings	: 16
core id		: 2
cpu cores	: 8
apicid		: 4
initial apicid	: 4
fpu		: yes
fpu_exception	: yes
cpuid level	: 22
wp		: yes
flags		: fpu vme de pse tsc msr pae mce cx8 apic sep mtrr pge mca cmov pat pse36 clflush mmx fxsr sse sse2 ss ht syscall nx pdpe1gb rdtscp lm constant_tsc arch_perfmon rep_good nopl xtopology cpuid pni pclmulqdq vmx ssse3 fma cx16 pdcm pcid sse4_1 sse4_2 x2apic movbe popcnt aes xsave avx f16c rdrand hypervisor lahf_lm abm 3dnowprefetch invpcid_single ssbd ibrs ibpb stibp ibrs_enhanced tpr_shadow vnmi ept vpid ept_ad fsgsbase bmi1 avx2 smep bmi2 erms invpcid rdseed adx smap clflushopt xsaveopt xsavec xgetbv1 xsaves flush_l1d arch_capabilities
vmx flags	: vnmi invvpid ept_x_only ept_ad ept_1gb tsc_offset vtpr ept vpid unrestricted_guest ept_mode_based_exec
bugs		: spectre_v1 spectre_v2 spec_store_bypass swapgs itlb_multihit srbds mmio_stale_data retbleed eibrs_pbrsb gds
bogomips	: 4608.01
clflush size	: 64
cache_alignment	: 64
address sizes	: 39 bits physical, 48 bits virtual
power management:

processor	: 5
vendor_id	: GenuineIntel
cpu family	: 6
model		: 165
model name	: Intel(R) Core(TM) i7-10875H CPU @ 2.30GHz
stepping	: 2
microcode	: 0xffffffff
cpu MHz		: 2304.008
cache size	: 16384 KB
physical id	: 0
siblings	: 16
core id		: 2
cpu cores	: 8
apicid		: 5
initial apicid	: 5
fpu		: yes
fpu_exception	: yes
cpuid level	: 22
wp		: yes
flags		: fpu vme de pse tsc msr pae mce cx8 apic sep mtrr pge mca cmov pat pse36 clflush mmx fxsr sse sse2 ss ht syscall nx pdpe1gb rdtscp lm constant_tsc arch_perfmon rep_good nopl xtopology cpuid pni pclmulqdq vmx ssse3 fma cx16 pdcm pcid sse4_1 sse4_2 x2apic movbe popcnt aes xsave avx f16c rdrand hypervisor lahf_lm abm 3dnowprefetch invpcid_single ssbd ibrs ibpb stibp ibrs_enhanced tpr_shadow vnmi ept vpid ept_ad fsgsbase bmi1 avx2 smep bmi2 erms invpcid rdseed adx smap clflushopt xsaveopt xsavec xgetbv1 xsaves flush_l1d arch_capabilities
vmx flags	: vnmi invvpid ept_x_only ept_ad ept_1gb tsc_offset vtpr ept vpid unrestricted_guest ept_mode_based_exec
bugs		: spectre_v1 spectre_v2 spec_store_bypass swapgs itlb_multihit srbds mmio_stale_data retbleed eibrs_pbrsb gds
bogomips	: 4608.01
clflush size	: 64
cache_alignment	: 64
address sizes	: 39 bits physical, 48 bits virtual
power management:

processor	: 6
vendor_id	: GenuineIntel
cpu family	: 6
model		: 165
model name	: Intel(R) Core(TM) i7-10875H CPU @ 2.30GHz
stepping	: 2
microcode	: 0xffffffff
cpu MHz		: 2304.008
cache size	: 16384 KB
physical id	: 0
siblings	: 16
core id		: 3
cpu cores	: 8
apicid		: 6
initial apicid	: 6
fpu		: yes
fpu_exception	: yes
cpuid level	: 22
wp		: yes
flags		: fpu vme de pse tsc msr pae mce cx8 apic sep mtrr pge mca cmov pat pse36 clflush mmx fxsr sse sse2 ss ht syscall nx pdpe1gb rdtscp lm constant_tsc arch_perfmon rep_good nopl xtopology cpuid pni pclmulqdq vmx ssse3 fma cx16 pdcm pcid sse4_1 sse4_2 x2apic movbe popcnt aes xsave avx f16c rdrand hypervisor lahf_lm abm 3dnowprefetch invpcid_single ssbd ibrs ibpb stibp ibrs_enhanced tpr_shadow vnmi ept vpid ept_ad fsgsbase bmi1 avx2 smep bmi2 erms invpcid rdseed adx smap clflushopt xsaveopt xsavec xgetbv1 xsaves flush_l1d arch_capabilities
vmx flags	: vnmi invvpid ept_x_only ept_ad ept_1gb tsc_offset vtpr ept vpid unrestricted_guest ept_mode_based_exec
bugs		: spectre_v1 spectre_v2 spec_store_bypass swapgs itlb_multihit srbds mmio_stale_data retbleed eibrs_pbrsb gds
bogomips	: 4608.01
clflush size	: 64
cache_alignment	: 64
address sizes	: 39 bits physical, 48 bits virtual
power management:

processor	: 7
vendor_id	: GenuineIntel
cpu family	: 6
model		: 165
model name	: Intel(R) Core(TM) i7-10875H CPU @ 2.30GHz
stepping	: 2
microcode	: 0xffffffff
cpu MHz		: 2304.008
cache size	: 16384 KB
physical id	: 0
siblings	: 16
core id		: 3
cpu cores	: 8
apicid		: 7
initial apicid	: 7
fpu		: yes
fpu_exception	: yes
cpuid level	: 22
wp		: yes
flags		: fpu vme de pse tsc msr pae mce cx8 apic sep mtrr pge mca cmov pat pse36 clflush mmx fxsr sse sse2 ss ht syscall nx pdpe1gb rdtscp lm constant_tsc arch_perfmon rep_good nopl xtopology cpuid pni pclmulqdq vmx ssse3 fma cx16 pdcm pcid sse4_1 sse4_2 x2apic movbe popcnt aes xsave avx f16c rdrand hypervisor lahf_lm abm 3dnowprefetch invpcid_single ssbd ibrs ibpb stibp ibrs_enhanced tpr_shadow vnmi ept vpid ept_ad fsgsbase bmi1 avx2 smep bmi2 erms invpcid rdseed adx smap clflushopt xsaveopt xsavec xgetbv1 xsaves flush_l1d arch_capabilities
vmx flags	: vnmi invvpid ept_x_only ept_ad ept_1gb tsc_offset vtpr ept vpid unrestricted_guest ept_mode_based_exec
bugs		: spectre_v1 spectre_v2 spec_store_bypass swapgs itlb_multihit srbds mmio_stale_data retbleed eibrs_pbrsb gds
bogomips	: 4608.01
clflush size	: 64
cache_alignment	: 64
address sizes	: 39 bits physical, 48 bits virtual
power management:

processor	: 8
vendor_id	: GenuineIntel
cpu family	: 6
model		: 165
model name	: Intel(R) Core(TM) i7-10875H CPU @ 2.30GHz
stepping	: 2
microcode	: 0xffffffff
cpu MHz		: 2304.008
cache size	: 16384 KB
physical id	: 0
siblings	: 16
core id		: 4
cpu cores	: 8
apicid		: 8
initial apicid	: 8
fpu		: yes
fpu_exception	: yes
cpuid level	: 22
wp		: yes
flags		: fpu vme de pse tsc msr pae mce cx8 apic sep mtrr pge mca cmov pat pse36 clflush mmx fxsr sse sse2 ss ht syscall nx pdpe1gb rdtscp lm constant_tsc arch_perfmon rep_good nopl xtopology cpuid pni pclmulqdq vmx ssse3 fma cx16 pdcm pcid sse4_1 sse4_2 x2apic movbe popcnt aes xsave avx f16c rdrand hypervisor lahf_lm abm 3dnowprefetch invpcid_single ssbd ibrs ibpb stibp ibrs_enhanced tpr_shadow vnmi ept vpid ept_ad fsgsbase bmi1 avx2 smep bmi2 erms invpcid rdseed adx smap clflushopt xsaveopt xsavec xgetbv1 xsaves flush_l1d arch_capabilities
vmx flags	: vnmi invvpid ept_x_only ept_ad ept_1gb tsc_offset vtpr ept vpid unrestricted_guest ept_mode_based_exec
bugs		: spectre_v1 spectre_v2 spec_store_bypass swapgs itlb_multihit srbds mmio_stale_data retbleed eibrs_pbrsb gds
bogomips	: 4608.01
clflush size	: 64
cache_alignment	: 64
address sizes	: 39 bits physical, 48 bits virtual
power management:

processor	: 9
vendor_id	: GenuineIntel
cpu family	: 6
model		: 165
model name	: Intel(R) Core(TM) i7-10875H CPU @ 2.30GHz
stepping	: 2
microcode	: 0xffffffff
cpu MHz		: 2304.008
cache size	: 16384 KB
physical id	: 0
siblings	: 16
core id		: 4
cpu cores	: 8
apicid		: 9
initial apicid	: 9
fpu		: yes
fpu_exception	: yes
cpuid level	: 22
wp		: yes
flags		: fpu vme de pse tsc msr pae mce cx8 apic sep mtrr pge mca cmov pat pse36 clflush mmx fxsr sse sse2 ss ht syscall nx pdpe1gb rdtscp lm constant_tsc arch_perfmon rep_good nopl xtopology cpuid pni pclmulqdq vmx ssse3 fma cx16 pdcm pcid sse4_1 sse4_2 x2apic movbe popcnt aes xsave avx f16c rdrand hypervisor lahf_lm abm 3dnowprefetch invpcid_single ssbd ibrs ibpb stibp ibrs_enhanced tpr_shadow vnmi ept vpid ept_ad fsgsbase bmi1 avx2 smep bmi2 erms invpcid rdseed adx smap clflushopt xsaveopt xsavec xgetbv1 xsaves flush_l1d arch_capabilities
vmx flags	: vnmi invvpid ept_x_only ept_ad ept_1gb tsc_offset vtpr ept vpid unrestricted_guest ept_mode_based_exec
bugs		: spectre_v1 spectre_v2 spec_store_bypass swapgs itlb_multihit srbds mmio_stale_data retbleed eibrs_pbrsb gds
bogomips	: 4608.01
clflush size	: 64
cache_alignment	: 64
address sizes	: 39 bits physical, 48 bits virtual
power management:

processor	: 10
vendor_id	: GenuineIntel
cpu family	: 6
model		: 165
model name	: Intel(R) Core(TM) i7-10875H CPU @ 2.30GHz
stepping	: 2
microcode	: 0xffffffff
cpu MHz		: 2304.008
cache size	: 16384 KB
physical id	: 0
siblings	: 16
core id		: 5
cpu cores	: 8
apicid		: 10
initial apicid	: 10
fpu		: yes
fpu_exception	: yes
cpuid level	: 22
wp		: yes
flags		: fpu vme de pse tsc msr pae mce cx8 apic sep mtrr pge mca cmov pat pse36 clflush mmx fxsr sse sse2 ss ht syscall nx pdpe1gb rdtscp lm constant_tsc arch_perfmon rep_good nopl xtopology cpuid pni pclmulqdq vmx ssse3 fma cx16 pdcm pcid sse4_1 sse4_2 x2apic movbe popcnt aes xsave avx f16c rdrand hypervisor lahf_lm abm 3dnowprefetch invpcid_single ssbd ibrs ibpb stibp ibrs_enhanced tpr_shadow vnmi ept vpid ept_ad fsgsbase bmi1 avx2 smep bmi2 erms invpcid rdseed adx smap clflushopt xsaveopt xsavec xgetbv1 xsaves flush_l1d arch_capabilities
vmx flags	: vnmi invvpid ept_x_only ept_ad ept_1gb tsc_offset vtpr ept vpid unrestricted_guest ept_mode_based_exec
bugs		: spectre_v1 spectre_v2 spec_store_bypass swapgs itlb_multihit srbds mmio_stale_data retbleed eibrs_pbrsb gds
bogomips	: 4608.01
clflush size	: 64
cache_alignment	: 64
address sizes	: 39 bits physical, 48 bits virtual
power management:

processor	: 11
vendor_id	: GenuineIntel
cpu family	: 6
model		: 165
model name	: Intel(R) Core(TM) i7-10875H CPU @ 2.30GHz
stepping	: 2
microcode	: 0xffffffff
cpu MHz		: 2304.008
cache size	: 16384 KB
physical id	: 0
siblings	: 16
core id		: 5
cpu cores	: 8
apicid		: 11
initial apicid	: 11
fpu		: yes
fpu_exception	: yes
cpuid level	: 22
wp		: yes
flags		: fpu vme de pse tsc msr pae mce cx8 apic sep mtrr pge mca cmov pat pse36 clflush mmx fxsr sse sse2 ss ht syscall nx pdpe1gb rdtscp lm constant_tsc arch_perfmon rep_good nopl xtopology cpuid pni pclmulqdq vmx ssse3 fma cx16 pdcm pcid sse4_1 sse4_2 x2apic movbe popcnt aes xsave avx f16c rdrand hypervisor lahf_lm abm 3dnowprefetch invpcid_single ssbd ibrs ibpb stibp ibrs_enhanced tpr_shadow vnmi ept vpid ept_ad fsgsbase bmi1 avx2 smep bmi2 erms invpcid rdseed adx smap clflushopt xsaveopt xsavec xgetbv1 xsaves flush_l1d arch_capabilities
vmx flags	: vnmi invvpid ept_x_only ept_ad ept_1gb tsc_offset vtpr ept vpid unrestricted_guest ept_mode_based_exec
bugs		: spectre_v1 spectre_v2 spec_store_bypass swapgs itlb_multihit srbds mmio_stale_data retbleed eibrs_pbrsb gds
bogomips	: 4608.01
clflush size	: 64
cache_alignment	: 64
address sizes	: 39 bits physical, 48 bits virtual
power management:

processor	: 12
vendor_id	: GenuineIntel
cpu family	: 6
model		: 165
model name	: Intel(R) Core(TM) i7-10875H CPU @ 2.30GHz
stepping	: 2
microcode	: 0xffffffff
cpu MHz		: 2304.008
cache size	: 16384 KB
physical id	: 0
siblings	: 16
core id		: 6
cpu cores	: 8
apicid		: 12
initial apicid	: 12
fpu		: yes
fpu_exception	: yes
cpuid level	: 22
wp		: yes
flags		: fpu vme de pse tsc msr pae mce cx8 apic sep mtrr pge mca cmov pat pse36 clflush mmx fxsr sse sse2 ss ht syscall nx pdpe1gb rdtscp lm constant_tsc arch_perfmon rep_good nopl xtopology cpuid pni pclmulqdq vmx ssse3 fma cx16 pdcm pcid sse4_1 sse4_2 x2apic movbe popcnt aes xsave avx f16c rdrand hypervisor lahf_lm abm 3dnowprefetch invpcid_single ssbd ibrs ibpb stibp ibrs_enhanced tpr_shadow vnmi ept vpid ept_ad fsgsbase bmi1 avx2 smep bmi2 erms invpcid rdseed adx smap clflushopt xsaveopt xsavec xgetbv1 xsaves flush_l1d arch_capabilities
vmx flags	: vnmi invvpid ept_x_only ept_ad ept_1gb tsc_offset vtpr ept vpid unrestricted_guest ept_mode_based_exec
bugs		: spectre_v1 spectre_v2 spec_store_bypass swapgs itlb_multihit srbds mmio_stale_data retbleed eibrs_pbrsb gds
bogomips	: 4608.01
clflush size	: 64
cache_alignment	: 64
address sizes	: 39 bits physical, 48 bits virtual
power management:

processor	: 13
vendor_id	: GenuineIntel
cpu family	: 6
model		: 165
model name	: Intel(R) Core(TM) i7-10875H CPU @ 2.30GHz
stepping	: 2
microcode	: 0xffffffff
cpu MHz		: 2304.008
cache size	: 16384 KB
physical id	: 0
siblings	: 16
core id		: 6
cpu cores	: 8
apicid		: 13
initial apicid	: 13
fpu		: yes
fpu_exception	: yes
cpuid level	: 22
wp		: yes
flags		: fpu vme de pse tsc msr pae mce cx8 apic sep mtrr pge mca cmov pat pse36 clflush mmx fxsr sse sse2 ss ht syscall nx pdpe1gb rdtscp lm constant_tsc arch_perfmon rep_good nopl xtopology cpuid pni pclmulqdq vmx ssse3 fma cx16 pdcm pcid sse4_1 sse4_2 x2apic movbe popcnt aes xsave avx f16c rdrand hypervisor lahf_lm abm 3dnowprefetch invpcid_single ssbd ibrs ibpb stibp ibrs_enhanced tpr_shadow vnmi ept vpid ept_ad fsgsbase bmi1 avx2 smep bmi2 erms invpcid rdseed adx smap clflushopt xsaveopt xsavec xgetbv1 xsaves flush_l1d arch_capabilities
vmx flags	: vnmi invvpid ept_x_only ept_ad ept_1gb tsc_offset vtpr ept vpid unrestricted_guest ept_mode_based_exec
bugs		: spectre_v1 spectre_v2 spec_store_bypass swapgs itlb_multihit srbds mmio_stale_data retbleed eibrs_pbrsb gds
bogomips	: 4608.01
clflush size	: 64
cache_alignment	: 64
address sizes	: 39 bits physical, 48 bits virtual
power management:

processor	: 14
vendor_id	: GenuineIntel
cpu family	: 6
model		: 165
model name	: Intel(R) Core(TM) i7-10875H CPU @ 2.30GHz
stepping	: 2
microcode	: 0xffffffff
cpu MHz		: 2304.008
cache size	: 16384 KB
physical id	: 0
siblings	: 16
core id		: 7
cpu cores	: 8
apicid		: 14
initial apicid	: 14
fpu		: yes
fpu_exception	: yes
cpuid level	: 22
wp		: yes
flags		: fpu vme de pse tsc msr pae mce cx8 apic sep mtrr pge mca cmov pat pse36 clflush mmx fxsr sse sse2 ss ht syscall nx pdpe1gb rdtscp lm constant_tsc arch_perfmon rep_good nopl xtopology cpuid pni pclmulqdq vmx ssse3 fma cx16 pdcm pcid sse4_1 sse4_2 x2apic movbe popcnt aes xsave avx f16c rdrand hypervisor lahf_lm abm 3dnowprefetch invpcid_single ssbd ibrs ibpb stibp ibrs_enhanced tpr_shadow vnmi ept vpid ept_ad fsgsbase bmi1 avx2 smep bmi2 erms invpcid rdseed adx smap clflushopt xsaveopt xsavec xgetbv1 xsaves flush_l1d arch_capabilities
vmx flags	: vnmi invvpid ept_x_only ept_ad ept_1gb tsc_offset vtpr ept vpid unrestricted_guest ept_mode_based_exec
bugs		: spectre_v1 spectre_v2 spec_store_bypass swapgs itlb_multihit srbds mmio_stale_data retbleed eibrs_pbrsb gds
bogomips	: 4608.01
clflush size	: 64
cache_alignment	: 64
address sizes	: 39 bits physical, 48 bits virtual
power management:

processor	: 15
vendor_id	: GenuineIntel
cpu family	: 6
model		: 165
model name	: Intel(R) Core(TM) i7-10875H CPU @ 2.30GHz
stepping	: 2
microcode	: 0xffffffff
cpu MHz		: 2304.008
cache size	: 16384 KB
physical id	: 0
siblings	: 16
core id		: 7
cpu cores	: 8
apicid		: 15
initial apicid	: 15
fpu		: yes
fpu_exception	: yes
cpuid level	: 22
wp		: yes
flags		: fpu vme de pse tsc msr pae mce cx8 apic sep mtrr pge mca cmov pat pse36 clflush mmx fxsr sse sse2 ss ht syscall nx pdpe1gb rdtscp lm constant_tsc arch_perfmon rep_good nopl xtopology cpuid pni pclmulqdq vmx ssse3 fma cx16 pdcm pcid sse4_1 sse4_2 x2apic movbe popcnt aes xsave avx f16c rdrand hypervisor lahf_lm abm 3dnowprefetch invpcid_single ssbd ibrs ibpb stibp ibrs_enhanced tpr_shadow vnmi ept vpid ept_ad fsgsbase bmi1 avx2 smep bmi2 erms invpcid rdseed adx smap clflushopt xsaveopt xsavec xgetbv1 xsaves flush_l1d arch_capabilities
vmx flags	: vnmi invvpid ept_x_only ept_ad ept_1gb tsc_offset vtpr ept vpid unrestricted_guest ept_mode_based_exec
bugs		: spectre_v1 spectre_v2 spec_store_bypass swapgs itlb_multihit srbds mmio_stale_data retbleed eibrs_pbrsb gds
bogomips	: 4608.01
clflush size	: 64
cache_alignment	: 64
address sizes	: 39 bits physical, 48 bits virtual
power management:



Memory: 4k page, physical 8085828k(1691800k free), swap 2097152k(2055556k free)

vm_info: OpenJDK 64-Bit Server VM (25.402-b00) for linux-amd64 JRE (1.8.0_402-internal-racerz_2024_01_30_12_46-b00), built on Jan 30 2024 20:05:55 by "racerz" with gcc 4.9.3

time: Tue Jan 30 20:11:33 2024
timezone: CST
elapsed time: 21.946296 seconds (0d 0h 0m 21s)

