#
# A fatal error has been detected by the Java Runtime Environment:
#
#  SIGSEGV (0xb) at pc=0x00007fc62b9d01e6, pid=217570, tid=0x00007fc62944d700
#
# JRE version: OpenJDK Runtime Environment (8.0_402) (build 1.8.0_402-internal-racerz_2024_01_30_12_46-b00)
# Java VM: OpenJDK 64-Bit Server VM (25.402-b00 mixed mode linux-amd64 compressed oops)
# Problematic frame:
# V  [libjvm.so+0x41b1e6]  ciEnv::register_method(ciMethod*, int, CodeOffsets*, int, CodeBuffer*, int, OopMapSet*, ExceptionHandlerTable*, ImplicitExceptionTable*, AbstractCompiler*, int, bool, bool, RTMState)+0x9f6
#
# Failed to write core dump. Core dumps have been disabled. To enable core dumping, try "ulimit -c unlimited" before starting Java again
#
# If you would like to submit a bug report, please visit:
#   http://bugreport.java.com/bugreport/crash.jsp
#

---------------  T H R E A D  ---------------

Current thread (0x00007fc6240e9000):  JavaThread "C1 CompilerThread1" daemon [_thread_in_vm, id=217577, stack(0x00007fc62934e000,0x00007fc62944e000)]

siginfo: si_signo: 11 (SIGSEGV), si_code: 1 (SEGV_MAPERR), si_addr: 0x00007fc6cdf02900

Registers:
RAX=0x0000000014353db8, RBX=0x000055e987198f68, RCX=0x00007fc62c463b40, RDX=0x0000000014353db8
RSP=0x00007fc62944c4d0, RBP=0x00007fc62944c5a0, RSI=0x000000000000001d, RDI=0x0000000014353db9
R8 =0x00007fc5f8a783d8, R9 =0x0000000000000022, R10=0x0000000000000020, R11=0x00007fc5e000f3d0
R12=0x00007fc6240e9000, R13=0x00007fc62c463d88, R14=0x00007fc62c463a50, R15=0x00007fc61437c8a8
RIP=0x00007fc62b9d01e6, EFLAGS=0x0000000000010286, CSGSFS=0x002b000000000033, ERR=0x0000000000000006
  TRAPNO=0x000000000000000e

Top of Stack: (sp=0x00007fc62944c4d0)
0x00007fc62944c4d0:   00007fc5f8a779c0 00007fc5f8a779e0
0x00007fc62944c4e0:   00007fc624030dd0 00007fc61436f9d8
0x00007fc62944c4f0:   00007fc500000000 0000000000000000
0x00007fc62944c500:   00007fc615339810 00000000ffffffff
0x00007fc62944c510:   00007fc62401f430 00007fc62401f530
0x00007fc62944c520:   00007fc62944c530 00007fc62944caf0
0x00007fc62944c530:   0000000000000000 00007fc5f887a7c0
0x00007fc62944c540:   00007fc5f8a77cf0 00007fc600000004
0x00007fc62944c550:   0000000200000001 00007fc62b90ba82
0x00007fc62944c560:   00007fc62944c580 00007fc6042398d0
0x00007fc62944c570:   000000001436f9d8 00007fc62944c730
0x00007fc62944c580:   0000000000000008 0000000000000000
0x00007fc62944c590:   00007fc62944c610 00007fc5f887a770
0x00007fc62944c5a0:   00007fc62944c680 00007fc62b90bd54
0x00007fc62944c5b0:   0000000000000008 00007fc5f887a770
0x00007fc62944c5c0:   00007fc62944c7a0 00007fc62944c7b8
0x00007fc62944c5d0:   00007fc6240d32b0 0000000000000003
0x00007fc62944c5e0:   0000000000000000 0000000000000000
0x00007fc62944c5f0:   0000000000000002 00007fc62b90bd03
0x00007fc62944c600:   00007fc6240d32b0 0000000000000003
0x00007fc62944c610:   00007fc6fbad0000 0000000000000000
0x00007fc62944c620:   00007fc62944c8e0 00007fc62944c800
0x00007fc62944c630:   00007fc62944c660 00007fc62bfcb416
0x00007fc62944c640:   0000000000000000 00007fc60000000b
0x00007fc62944c650:   00007fc62944c690 00007fc62944c730
0x00007fc62944c660:   00007fc62944c690 00007fc604238b40
0x00007fc62944c670:   00007fc62c44a388 00000000ffffffff
0x00007fc62944c680:   00007fc62944c6f0 00007fc62b90c0d7
0x00007fc62944c690:   3035653933330000 0000000000000000
0x00007fc62944c6a0:   00007fc62944c700 69d7391c884e7c00
0x00007fc62944c6b0:   ffffffffffffffff 0000000000000000
0x00007fc62944c6c0:   0000000000000000 00007fc600000000 

Instructions: (pc=0x00007fc62b9d01e6)
0x00007fc62b9d01c6:   15 b5 3a a9 00 8d 7a 01 48 8d 0d 6b 39 a9 00 48
0x00007fc62b9d01d6:   63 c2 41 8b 75 00 89 3d 9e 3a a9 00 41 89 55 00
0x00007fc62b9d01e6:   4c 89 3c c1 48 8d 0d cf 3a a9 00 89 34 81 eb 8a
0x00007fc62b9d01f6:   66 2e 0f 1f 84 00 00 00 00 00 48 8d 3d 79 3b a9 

Register to memory mapping:

RAX=0x0000000014353db8 is an unknown value
RBX=0x000055e987198f68 is an unknown value
RCX=0x00007fc62c463b40: <offset 0xeaeb40> in /home/racerz/openjdk8/build/linux-x86_64-normal-server-release/jdk/lib/amd64/server/libjvm.so at 0x00007fc62b5b5000
RDX=0x0000000014353db8 is an unknown value
RSP=0x00007fc62944c4d0 is pointing into the stack for thread: 0x00007fc6240e9000
RBP=0x00007fc62944c5a0 is pointing into the stack for thread: 0x00007fc6240e9000
RSI=0x000000000000001d is an unknown value
RDI=0x0000000014353db9 is an unknown value
R8 =0x00007fc5f8a783d8 is an unknown value
R9 =0x0000000000000022 is an unknown value
R10=0x0000000000000020 is an unknown value
R11=0x00007fc5e000f3d0 is an unknown value
R12=0x00007fc6240e9000 is a thread
R13=0x00007fc62c463d88: <offset 0xeaed88> in /home/racerz/openjdk8/build/linux-x86_64-normal-server-release/jdk/lib/amd64/server/libjvm.so at 0x00007fc62b5b5000
R14=0x00007fc62c463a50: <offset 0xeaea50> in /home/racerz/openjdk8/build/linux-x86_64-normal-server-release/jdk/lib/amd64/server/libjvm.so at 0x00007fc62b5b5000
R15={method} {0x00007fc61437c8a8} 'isSuspended' '()Z' in 'org/apache/catalina/connector/OutputBuffer'


Stack: [0x00007fc62934e000,0x00007fc62944e000],  sp=0x00007fc62944c4d0,  free space=1017k
Native frames: (J=compiled Java code, j=interpreted, Vv=VM code, C=native code)
V  [libjvm.so+0x41b1e6]  ciEnv::register_method(ciMethod*, int, CodeOffsets*, int, CodeBuffer*, int, OopMapSet*, ExceptionHandlerTable*, ImplicitExceptionTable*, AbstractCompiler*, int, bool, bool, RTMState)+0x9f6
V  [libjvm.so+0x356d54]  Compilation::compile_method()+0x1d4
V  [libjvm.so+0x3570d7]  Compilation::Compilation(AbstractCompiler*, ciEnv*, ciMethod*, int, BufferBlob*)+0x267
V  [libjvm.so+0x357e4c]  Compiler::compile_method(ciEnv*, ciMethod*, int)+0xbc
V  [libjvm.so+0x4ba15e]  CompileBroker::invoke_compiler_on_method(CompileTask*)+0xaee
V  [libjvm.so+0x4bb5d7]  CompileBroker::compiler_thread_loop()+0x407
V  [libjvm.so+0xadef38]  JavaThread::thread_main_inner()+0xd8
V  [libjvm.so+0x9792a2]  java_start(Thread*)+0xf2
C  [libpthread.so.0+0x8609]  start_thread+0xd9


Current CompileTask:
C1:  28265 3721       3       org.apache.catalina.connector.Response::isSuspended (8 bytes)


---------------  P R O C E S S  ---------------

Java Threads: ( => current thread )
  0x00007fc624021800 JavaThread "DestroyJavaVM" [_thread_blocked, id=217571, stack(0x00007fc62b366000,0x00007fc62b466000)]
  0x00007fc624b62000 JavaThread "http-nio-8002-Acceptor" daemon [_thread_blocked, id=217606, stack(0x00007fc5e74f5000,0x00007fc5e75f6000)]
  0x00007fc624b46000 JavaThread "http-nio-8002-Poller" daemon [_thread_blocked, id=217605, stack(0x00007fc5e75f6000,0x00007fc5e76f7000)]
  0x00007fc624b41000 JavaThread "http-nio-8002-exec-10" daemon [_thread_blocked, id=217604, stack(0x00007fc5e76f7000,0x00007fc5e77f8000)]
  0x00007fc624b3f000 JavaThread "http-nio-8002-exec-9" daemon [_thread_blocked, id=217603, stack(0x00007fc5e77f8000,0x00007fc5e78f9000)]
  0x00007fc624b3d000 JavaThread "http-nio-8002-exec-8" daemon [_thread_blocked, id=217602, stack(0x00007fc5e78f9000,0x00007fc5e79fa000)]
  0x00007fc624b3b000 JavaThread "http-nio-8002-exec-7" daemon [_thread_blocked, id=217601, stack(0x00007fc5e79fa000,0x00007fc5e7afb000)]
  0x00007fc624b39000 JavaThread "http-nio-8002-exec-6" daemon [_thread_blocked, id=217600, stack(0x00007fc5e7afb000,0x00007fc5e7bfc000)]
  0x00007fc624b37000 JavaThread "http-nio-8002-exec-5" daemon [_thread_blocked, id=217599, stack(0x00007fc5e7bfc000,0x00007fc5e7cfd000)]
  0x00007fc624b35000 JavaThread "http-nio-8002-exec-4" daemon [_thread_blocked, id=217598, stack(0x00007fc5e7cfd000,0x00007fc5e7dfe000)]
  0x00007fc624b33000 JavaThread "http-nio-8002-exec-3" daemon [_thread_blocked, id=217597, stack(0x00007fc5e7dfe000,0x00007fc5e7eff000)]
  0x00007fc624b31800 JavaThread "http-nio-8002-exec-2" daemon [_thread_blocked, id=217596, stack(0x00007fc5e7eff000,0x00007fc5e8000000)]
  0x00007fc624b30000 JavaThread "http-nio-8002-exec-1" daemon [_thread_blocked, id=217595, stack(0x00007fc6140fd000,0x00007fc6141fe000)]
  0x00007fc624a30800 JavaThread "container-0" [_thread_blocked, id=217594, stack(0x00007fc6145fe000,0x00007fc6146ff000)]
  0x00007fc624a2f000 JavaThread "Catalina-utility-2" [_thread_blocked, id=217593, stack(0x00007fc6146ff000,0x00007fc614800000)]
  0x00007fc624a22000 JavaThread "Catalina-utility-1" [_thread_blocked, id=217592, stack(0x00007fc62805f000,0x00007fc628160000)]
  0x00007fc6240ec800 JavaThread "Service Thread" daemon [_thread_blocked, id=217578, stack(0x00007fc62924c000,0x00007fc62934d000)]
=>0x00007fc6240e9000 JavaThread "C1 CompilerThread1" daemon [_thread_in_vm, id=217577, stack(0x00007fc62934e000,0x00007fc62944e000)]
  0x00007fc6240e3000 JavaThread "C2 CompilerThread0" daemon [_thread_blocked, id=217576, stack(0x00007fc62944f000,0x00007fc62954f000)]
  0x00007fc6240d6800 JavaThread "Signal Dispatcher" daemon [_thread_blocked, id=217575, stack(0x00007fc62954f000,0x00007fc629650000)]
  0x00007fc6240b0800 JavaThread "Finalizer" daemon [_thread_blocked, id=217574, stack(0x00007fc629ae2000,0x00007fc629be3000)]
  0x00007fc6240ac000 JavaThread "Reference Handler" daemon [_thread_blocked, id=217573, stack(0x00007fc629be3000,0x00007fc629ce4000)]

Other Threads:
  0x00007fc6240a2000 VMThread [stack: 0x00007fc629ce5000,0x00007fc629de5000] [id=217572]
  0x00007fc6240f2000 WatcherThread [stack: 0x00007fc6290d2000,0x00007fc6291d2000] [id=217579]

VM state:synchronizing (normal execution)

VM Mutex/Monitor currently owned by a thread:  ([mutex/lock_event])
[0x00007fc62401ea30] Threads_lock - owner thread: 0x00007fc6240a2000
[0x00007fc62401f430] Compile_lock - owner thread: 0x00007fc6240e9000
[0x00007fc62401f530] MethodCompileQueue_lock - owner thread: 0x00007fc6240e9000

heap address: 0x0000000084800000, size: 1976 MB, Compressed Oops mode: 32-bit
Narrow klass base: 0x0000000000000000, Narrow klass shift: 3
Compressed class space size: 1073741824 Address: 0x0000000100000000

Heap:
 def new generation   total 38144K, used 20995K [0x0000000084800000, 0x0000000087160000, 0x00000000adaa0000)
  eden space 33920K,  61% used [0x0000000084800000, 0x0000000085c80f38, 0x0000000086920000)
  from space 4224K,   0% used [0x0000000086920000, 0x0000000086920000, 0x0000000086d40000)
  to   space 4224K,   0% used [0x0000000086d40000, 0x0000000086d40000, 0x0000000087160000)
 tenured generation   total 84672K, used 17895K [0x00000000adaa0000, 0x00000000b2d50000, 0x0000000100000000)
   the space 84672K,  21% used [0x00000000adaa0000, 0x00000000aec19e20, 0x00000000aec1a000, 0x00000000b2d50000)
 Metaspace       used 37213K, capacity 39420K, committed 39680K, reserved 1083392K
  class space    used 4701K, capacity 5117K, committed 5120K, reserved 1048576K

Card table byte_map: [0x00007fc62a949000,0x00007fc62ad26000] byte_map_base: 0x00007fc62a525000

Polling page: 0x00007fc62c724000

CodeCache: size=245760Kb used=10070Kb max_used=10745Kb free=235689Kb
 bounds [0x00007fc615000000, 0x00007fc615a90000, 0x00007fc624000000]
 total_blobs=3794 nmethods=3330 adapters=377
 compilation: enabled

Compilation events (10 events):
Event: 28.011 Thread 0x00007fc6240e9000 nmethod 3712 0x00007fc6154b4110 code [0x00007fc6154b43e0, 0x00007fc6154b5ae8]
Event: 28.011 Thread 0x00007fc6240e9000 3714       3       org.apache.coyote.AsyncStateMachine::isAsync (8 bytes)
Event: 28.012 Thread 0x00007fc6240e9000 nmethod 3714 0x00007fc6154b3d10 code [0x00007fc6154b3e80, 0x00007fc6154b4070]
Event: 28.012 Thread 0x00007fc6240e9000 3713       1       org.springframework.web.method.annotation.AbstractNamedValueMethodArgumentResolver$NamedValueInfo::access$000 (5 bytes)
Event: 28.012 Thread 0x00007fc6240e9000 nmethod 3713 0x00007fc6154b3a50 code [0x00007fc6154b3ba0, 0x00007fc6154b3c90]
Event: 28.025 Thread 0x00007fc6240e9000 3723       1       sun.nio.ch.Util::access$100 (4 bytes)
Event: 28.025 Thread 0x00007fc6240e9000 nmethod 3723 0x00007fc6154b3750 code [0x00007fc6154b38a0, 0x00007fc6154b3990]
Event: 28.025 Thread 0x00007fc6240e9000 3717       3       java.lang.InheritableThreadLocal::getMap (5 bytes)
Event: 28.026 Thread 0x00007fc6240e9000 nmethod 3717 0x00007fc615339b90 code [0x00007fc615339d00, 0x00007fc615339e50]
Event: 28.026 Thread 0x00007fc6240e9000 3721       3       org.apache.catalina.connector.Response::isSuspended (8 bytes)

GC Heap History (10 events):
Event: 1.758 GC heap before
{Heap before GC invocations=2 (full 0):
 def new generation   total 38080K, used 35450K [0x0000000084800000, 0x0000000087150000, 0x00000000adaa0000)
  eden space 33856K, 100% used [0x0000000084800000, 0x0000000086910000, 0x0000000086910000)
  from space 4224K,  37% used [0x0000000086910000, 0x0000000086a9e9d0, 0x0000000086d30000)
  to   space 4224K,   0% used [0x0000000086d30000, 0x0000000086d30000, 0x0000000087150000)
 tenured generation   total 84672K, used 6427K [0x00000000adaa0000, 0x00000000b2d50000, 0x0000000100000000)
   the space 84672K,   7% used [0x00000000adaa0000, 0x00000000ae0e6d30, 0x00000000ae0e6e00, 0x00000000b2d50000)
 Metaspace       used 18180K, capacity 19028K, committed 19200K, reserved 1067008K
  class space    used 2269K, capacity 2476K, committed 2560K, reserved 1048576K
Event: 1.762 GC heap after
Heap after GC invocations=3 (full 0):
 def new generation   total 38080K, used 4224K [0x0000000084800000, 0x0000000087150000, 0x00000000adaa0000)
  eden space 33856K,   0% used [0x0000000084800000, 0x0000000084800000, 0x0000000086910000)
  from space 4224K, 100% used [0x0000000086d30000, 0x0000000087150000, 0x0000000087150000)
  to   space 4224K,   0% used [0x0000000086910000, 0x0000000086910000, 0x0000000086d30000)
 tenured generation   total 84672K, used 7329K [0x00000000adaa0000, 0x00000000b2d50000, 0x0000000100000000)
   the space 84672K,   8% used [0x00000000adaa0000, 0x00000000ae1c85f8, 0x00000000ae1c8600, 0x00000000b2d50000)
 Metaspace       used 18180K, capacity 19028K, committed 19200K, reserved 1067008K
  class space    used 2269K, capacity 2476K, committed 2560K, reserved 1048576K
}
Event: 2.075 GC heap before
{Heap before GC invocations=3 (full 0):
 def new generation   total 38080K, used 23281K [0x0000000084800000, 0x0000000087150000, 0x00000000adaa0000)
  eden space 33856K,  56% used [0x0000000084800000, 0x0000000085a9c780, 0x0000000086910000)
  from space 4224K, 100% used [0x0000000086d30000, 0x0000000087150000, 0x0000000087150000)
  to   space 4224K,   0% used [0x0000000086910000, 0x0000000086910000, 0x0000000086d30000)
 tenured generation   total 84672K, used 7329K [0x00000000adaa0000, 0x00000000b2d50000, 0x0000000100000000)
   the space 84672K,   8% used [0x00000000adaa0000, 0x00000000ae1c85f8, 0x00000000ae1c8600, 0x00000000b2d50000)
 Metaspace       used 20264K, capacity 21184K, committed 21248K, reserved 1067008K
  class space    used 2548K, capacity 2754K, committed 2816K, reserved 1048576K
Event: 2.091 GC heap after
Heap after GC invocations=4 (full 1):
 def new generation   total 38144K, used 0K [0x0000000084800000, 0x0000000087160000, 0x00000000adaa0000)
  eden space 33920K,   0% used [0x0000000084800000, 0x0000000084800000, 0x0000000086920000)
  from space 4224K,   0% used [0x0000000086920000, 0x0000000086920000, 0x0000000086d40000)
  to   space 4224K,   0% used [0x0000000086d40000, 0x0000000086d40000, 0x0000000087160000)
 tenured generation   total 84672K, used 11871K [0x00000000adaa0000, 0x00000000b2d50000, 0x0000000100000000)
   the space 84672K,  14% used [0x00000000adaa0000, 0x00000000ae637ca0, 0x00000000ae637e00, 0x00000000b2d50000)
 Metaspace       used 20264K, capacity 21184K, committed 21248K, reserved 1067008K
  class space    used 2548K, capacity 2754K, committed 2816K, reserved 1048576K
}
Event: 2.949 GC heap before
{Heap before GC invocations=4 (full 1):
 def new generation   total 38144K, used 33920K [0x0000000084800000, 0x0000000087160000, 0x00000000adaa0000)
  eden space 33920K, 100% used [0x0000000084800000, 0x0000000086920000, 0x0000000086920000)
  from space 4224K,   0% used [0x0000000086920000, 0x0000000086920000, 0x0000000086d40000)
  to   space 4224K,   0% used [0x0000000086d40000, 0x0000000086d40000, 0x0000000087160000)
 tenured generation   total 84672K, used 11871K [0x00000000adaa0000, 0x00000000b2d50000, 0x0000000100000000)
   the space 84672K,  14% used [0x00000000adaa0000, 0x00000000ae637ca0, 0x00000000ae637e00, 0x00000000b2d50000)
 Metaspace       used 27270K, capacity 28910K, committed 29184K, reserved 1075200K
  class space    used 3475K, capacity 3758K, committed 3840K, reserved 1048576K
Event: 2.958 GC heap after
Heap after GC invocations=5 (full 1):
 def new generation   total 38144K, used 4223K [0x0000000084800000, 0x0000000087160000, 0x00000000adaa0000)
  eden space 33920K,   0% used [0x0000000084800000, 0x0000000084800000, 0x0000000086920000)
  from space 4224K,  99% used [0x0000000086d40000, 0x000000008715fff8, 0x0000000087160000)
  to   space 4224K,   0% used [0x0000000086920000, 0x0000000086920000, 0x0000000086d40000)
 tenured generation   total 84672K, used 15674K [0x00000000adaa0000, 0x00000000b2d50000, 0x0000000100000000)
   the space 84672K,  18% used [0x00000000adaa0000, 0x00000000ae9ee818, 0x00000000ae9eea00, 0x00000000b2d50000)
 Metaspace       used 27270K, capacity 28910K, committed 29184K, reserved 1075200K
  class space    used 3475K, capacity 3758K, committed 3840K, reserved 1048576K
}
Event: 3.444 GC heap before
{Heap before GC invocations=5 (full 1):
 def new generation   total 38144K, used 38143K [0x0000000084800000, 0x0000000087160000, 0x00000000adaa0000)
  eden space 33920K, 100% used [0x0000000084800000, 0x0000000086920000, 0x0000000086920000)
  from space 4224K,  99% used [0x0000000086d40000, 0x000000008715fff8, 0x0000000087160000)
  to   space 4224K,   0% used [0x0000000086920000, 0x0000000086920000, 0x0000000086d40000)
 tenured generation   total 84672K, used 15674K [0x00000000adaa0000, 0x00000000b2d50000, 0x0000000100000000)
   the space 84672K,  18% used [0x00000000adaa0000, 0x00000000ae9ee818, 0x00000000ae9eea00, 0x00000000b2d50000)
 Metaspace       used 31490K, capacity 33228K, committed 33536K, reserved 1079296K
  class space    used 3982K, capacity 4289K, committed 4352K, reserved 1048576K
Event: 3.454 GC heap after
Heap after GC invocations=6 (full 1):
 def new generation   total 38144K, used 4223K [0x0000000084800000, 0x0000000087160000, 0x00000000adaa0000)
  eden space 33920K,   0% used [0x0000000084800000, 0x0000000084800000, 0x0000000086920000)
  from space 4224K,  99% used [0x0000000086920000, 0x0000000086d3fff0, 0x0000000086d40000)
  to   space 4224K,   0% used [0x0000000086d40000, 0x0000000086d40000, 0x0000000087160000)
 tenured generation   total 84672K, used 19348K [0x00000000adaa0000, 0x00000000b2d50000, 0x0000000100000000)
   the space 84672K,  22% used [0x00000000adaa0000, 0x00000000aed850e8, 0x00000000aed85200, 0x00000000b2d50000)
 Metaspace       used 31490K, capacity 33228K, committed 33536K, reserved 1079296K
  class space    used 3982K, capacity 4289K, committed 4352K, reserved 1048576K
}
Event: 3.887 GC heap before
{Heap before GC invocations=6 (full 1):
 def new generation   total 38144K, used 25063K [0x0000000084800000, 0x0000000087160000, 0x00000000adaa0000)
  eden space 33920K,  61% used [0x0000000084800000, 0x0000000085c59e28, 0x0000000086920000)
  from space 4224K,  99% used [0x0000000086920000, 0x0000000086d3fff0, 0x0000000086d40000)
  to   space 4224K,   0% used [0x0000000086d40000, 0x0000000086d40000, 0x0000000087160000)
 tenured generation   total 84672K, used 19348K [0x00000000adaa0000, 0x00000000b2d50000, 0x0000000100000000)
   the space 84672K,  22% used [0x00000000adaa0000, 0x00000000aed850e8, 0x00000000aed85200, 0x00000000b2d50000)
 Metaspace       used 33382K, capacity 35404K, committed 35416K, reserved 1081344K
  class space    used 4226K, capacity 4599K, committed 4608K, reserved 1048576K
Event: 3.921 GC heap after
Heap after GC invocations=7 (full 2):
 def new generation   total 38144K, used 0K [0x0000000084800000, 0x0000000087160000, 0x00000000adaa0000)
  eden space 33920K,   0% used [0x0000000084800000, 0x0000000084800000, 0x0000000086920000)
  from space 4224K,   0% used [0x0000000086920000, 0x0000000086920000, 0x0000000086d40000)
  to   space 4224K,   0% used [0x0000000086d40000, 0x0000000086d40000, 0x0000000087160000)
 tenured generation   total 84672K, used 17895K [0x00000000adaa0000, 0x00000000b2d50000, 0x0000000100000000)
   the space 84672K,  21% used [0x00000000adaa0000, 0x00000000aec19e20, 0x00000000aec1a000, 0x00000000b2d50000)
 Metaspace       used 33382K, capacity 35404K, committed 35416K, reserved 1081344K
  class space    used 4226K, capacity 4599K, committed 4608K, reserved 1048576K
}

Deoptimization events (10 events):
Event: 3.493 Thread 0x00007fc624021800 Uncommon trap: reason=unstable_if action=reinterpret pc=0x00007fc6154cfea4 method=java.util.concurrent.ConcurrentHashMap.transfer([Ljava/util/concurrent/ConcurrentHashMap$Node;[Ljava/util/concurrent/ConcurrentHashMap$Node;)V @ 356
Event: 3.493 Thread 0x00007fc624021800 Uncommon trap: reason=unstable_if action=reinterpret pc=0x00007fc6154ce96c method=java.util.concurrent.ConcurrentHashMap.transfer([Ljava/util/concurrent/ConcurrentHashMap$Node;[Ljava/util/concurrent/ConcurrentHashMap$Node;)V @ 356
Event: 3.530 Thread 0x00007fc624021800 Uncommon trap: reason=class_check action=maybe_recompile pc=0x00007fc6158a7bb4 method=java.lang.reflect.Method.equals(Ljava/lang/Object;)Z @ 5
Event: 3.776 Thread 0x00007fc624021800 Uncommon trap: reason=class_check action=maybe_recompile pc=0x00007fc6158a7bb4 method=java.lang.reflect.Method.equals(Ljava/lang/Object;)Z @ 5
Event: 3.873 Thread 0x00007fc624021800 Uncommon trap: reason=unstable_if action=reinterpret pc=0x00007fc6158b08a8 method=org.springframework.beans.factory.support.AbstractBeanFactory.isTypeMatch(Ljava/lang/String;Lorg/springframework/core/ResolvableType;Z)Z @ 34
Event: 26.585 Thread 0x00007fc624b30000 Uncommon trap: reason=unstable_if action=reinterpret pc=0x00007fc6155d3be8 method=java.util.concurrent.ConcurrentMap.computeIfAbsent(Ljava/lang/Object;Ljava/util/function/Function;)Ljava/lang/Object; @ 41
Event: 26.660 Thread 0x00007fc624b30000 Uncommon trap: reason=unstable_if action=reinterpret pc=0x00007fc6154fe40c method=org.springframework.asm.ClassReader.readUtf(II[C)Ljava/lang/String; @ 41
Event: 26.660 Thread 0x00007fc624b30000 Uncommon trap: reason=unstable_if action=reinterpret pc=0x00007fc61548be2c method=org.springframework.asm.ClassReader.readUtf(II[C)Ljava/lang/String; @ 41
Event: 27.281 Thread 0x00007fc624b30000 Uncommon trap: reason=unstable_if action=reinterpret pc=0x00007fc615176884 method=java.nio.Buffer.limit(I)Ljava/nio/Buffer; @ 30
Event: 27.753 Thread 0x00007fc624b30000 Uncommon trap: reason=unstable_if action=reinterpret pc=0x00007fc6152e4360 method=java.lang.CharacterDataLatin1.isWhitespace(I)Z @ 14

Classes redefined (0 events):
No events

Internal exceptions (10 events):
Event: 3.543 Thread 0x00007fc624021800 Exception <a 'java/lang/ClassNotFoundException': org/springframework/web/servlet/config/annotation/WebMvcConfigurationSupportCustomizer> (0x0000000084fd94e8) thrown at [/home/racerz/jdk8u-jdk8u402-b05/hotspot/src/share/vm/classfile/systemDictionary.cpp, l
Event: 3.546 Thread 0x00007fc624021800 Exception <a 'java/lang/ClassNotFoundException': org/springframework/web/servlet/config/annotation/DelegatingWebMvcConfigurationCustomizer> (0x0000000084ff53e0) thrown at [/home/racerz/jdk8u-jdk8u402-b05/hotspot/src/share/vm/classfile/systemDictionary.cpp
Event: 3.546 Thread 0x00007fc624021800 Exception <a 'java/lang/ClassNotFoundException': org/springframework/boot/autoconfigure/web/servlet/WebMvcAutoConfiguration$EnableWebMvcConfigurationCustomizer> (0x0000000084fff490) thrown at [/home/racerz/jdk8u-jdk8u402-b05/hotspot/src/share/vm/classfile
Event: 3.547 Thread 0x00007fc624021800 Exception <a 'java/lang/ClassNotFoundException': org/springframework/context/ResourceLoaderAwareCustomizer> (0x0000000085015b98) thrown at [/home/racerz/jdk8u-jdk8u402-b05/hotspot/src/share/vm/classfile/systemDictionary.cpp, line 217]
Event: 3.547 Thread 0x00007fc624021800 Exception <a 'java/lang/ClassNotFoundException': org/springframework/beans/factory/AwareCustomizer> (0x0000000085019f90) thrown at [/home/racerz/jdk8u-jdk8u402-b05/hotspot/src/share/vm/classfile/systemDictionary.cpp, line 217]
Event: 3.547 Thread 0x00007fc624021800 Exception <a 'java/lang/ClassNotFoundException': org/springframework/context/ApplicationContextAwareCustomizer> (0x000000008501d720) thrown at [/home/racerz/jdk8u-jdk8u402-b05/hotspot/src/share/vm/classfile/systemDictionary.cpp, line 217]
Event: 3.547 Thread 0x00007fc624021800 Exception <a 'java/lang/ClassNotFoundException': org/springframework/beans/factory/AwareCustomizer> (0x0000000085022120) thrown at [/home/racerz/jdk8u-jdk8u402-b05/hotspot/src/share/vm/classfile/systemDictionary.cpp, line 217]
Event: 3.547 Thread 0x00007fc624021800 Exception <a 'java/lang/ClassNotFoundException': org/springframework/web/context/ServletContextAwareCustomizer> (0x0000000085025840) thrown at [/home/racerz/jdk8u-jdk8u402-b05/hotspot/src/share/vm/classfile/systemDictionary.cpp, line 217]
Event: 3.547 Thread 0x00007fc624021800 Exception <a 'java/lang/ClassNotFoundException': org/springframework/beans/factory/AwareCustomizer> (0x0000000085029cb0) thrown at [/home/racerz/jdk8u-jdk8u402-b05/hotspot/src/share/vm/classfile/systemDictionary.cpp, line 217]
Event: 3.880 Thread 0x00007fc624021800 Exception <a 'java/lang/IncompatibleClassChangeError': Found class java.lang.Object, but interface was expected> (0x0000000085bcd200) thrown at [/home/racerz/jdk8u-jdk8u402-b05/hotspot/src/share/vm/interpreter/linkResolver.cpp, line 653]

Events (10 events):
Event: 27.801 loading class org/apache/catalina/core/ApplicationPart
Event: 27.801 loading class org/apache/catalina/core/ApplicationPart done
Event: 27.802 loading class org/apache/tomcat/util/http/fileupload/IOUtils
Event: 27.802 loading class org/apache/tomcat/util/http/fileupload/IOUtils done
Event: 27.802 loading class org/springframework/http/ContentDisposition
Event: 27.802 loading class org/springframework/http/ContentDisposition done
Event: 27.803 loading class org/springframework/http/ContentDisposition$Builder
Event: 27.803 loading class org/springframework/http/ContentDisposition$Builder done
Event: 27.917 loading class java/io/RandomAccessFile
Event: 27.918 loading class java/io/RandomAccessFile done


Dynamic libraries:
84800000-87160000 rw-p 00000000 00:00 0 
87160000-adaa0000 ---p 00000000 00:00 0 
adaa0000-b2d50000 rw-p 00000000 00:00 0 
b2d50000-100000000 ---p 00000000 00:00 0 
100000000-100500000 rw-p 00000000 00:00 0 
100500000-140000000 ---p 00000000 00:00 0 
55e986639000-55e98663a000 r--p 00000000 08:20 564708                     /home/racerz/openjdk8/build/linux-x86_64-normal-server-release/jdk/bin/java
55e98663a000-55e98663b000 r-xp 00001000 08:20 564708                     /home/racerz/openjdk8/build/linux-x86_64-normal-server-release/jdk/bin/java
55e98663b000-55e98663c000 r--p 00002000 08:20 564708                     /home/racerz/openjdk8/build/linux-x86_64-normal-server-release/jdk/bin/java
55e98663c000-55e98663d000 r--p 00002000 08:20 564708                     /home/racerz/openjdk8/build/linux-x86_64-normal-server-release/jdk/bin/java
55e98663d000-55e98663e000 rw-p 00003000 08:20 564708                     /home/racerz/openjdk8/build/linux-x86_64-normal-server-release/jdk/bin/java
55e987198000-55e9871b9000 rw-p 00000000 00:00 0                          [heap]
7fc5b0000000-7fc5b0021000 rw-p 00000000 00:00 0 
7fc5b0021000-7fc5b4000000 ---p 00000000 00:00 0 
7fc5b8000000-7fc5b8021000 rw-p 00000000 00:00 0 
7fc5b8021000-7fc5bc000000 ---p 00000000 00:00 0 
7fc5bc000000-7fc5bc021000 rw-p 00000000 00:00 0 
7fc5bc021000-7fc5c0000000 ---p 00000000 00:00 0 
7fc5c0000000-7fc5c0021000 rw-p 00000000 00:00 0 
7fc5c0021000-7fc5c4000000 ---p 00000000 00:00 0 
7fc5c4000000-7fc5c4021000 rw-p 00000000 00:00 0 
7fc5c4021000-7fc5c8000000 ---p 00000000 00:00 0 
7fc5c8000000-7fc5c8021000 rw-p 00000000 00:00 0 
7fc5c8021000-7fc5cc000000 ---p 00000000 00:00 0 
7fc5cc000000-7fc5cc037000 rw-p 00000000 00:00 0 
7fc5cc037000-7fc5d0000000 ---p 00000000 00:00 0 
7fc5d0000000-7fc5d0025000 rw-p 00000000 00:00 0 
7fc5d0025000-7fc5d4000000 ---p 00000000 00:00 0 
7fc5d4000000-7fc5d4021000 rw-p 00000000 00:00 0 
7fc5d4021000-7fc5d8000000 ---p 00000000 00:00 0 
7fc5d8000000-7fc5d8032000 rw-p 00000000 00:00 0 
7fc5d8032000-7fc5dc000000 ---p 00000000 00:00 0 
7fc5dc000000-7fc5dc035000 rw-p 00000000 00:00 0 
7fc5dc035000-7fc5e0000000 ---p 00000000 00:00 0 
7fc5e0000000-7fc5e004b000 rw-p 00000000 00:00 0 
7fc5e004b000-7fc5e4000000 ---p 00000000 00:00 0 
7fc5e72f5000-7fc5e74b5000 rw-p 00000000 00:00 0 
7fc5e74b5000-7fc5e74f5000 ---p 00000000 00:00 0 
7fc5e74f5000-7fc5e74f8000 ---p 00000000 00:00 0 
7fc5e74f8000-7fc5e75f6000 rw-p 00000000 00:00 0 
7fc5e75f6000-7fc5e75f9000 ---p 00000000 00:00 0 
7fc5e75f9000-7fc5e76f7000 rw-p 00000000 00:00 0 
7fc5e76f7000-7fc5e76fa000 ---p 00000000 00:00 0 
7fc5e76fa000-7fc5e77f8000 rw-p 00000000 00:00 0 
7fc5e77f8000-7fc5e77fb000 ---p 00000000 00:00 0 
7fc5e77fb000-7fc5e78f9000 rw-p 00000000 00:00 0 
7fc5e78f9000-7fc5e78fc000 ---p 00000000 00:00 0 
7fc5e78fc000-7fc5e79fa000 rw-p 00000000 00:00 0 
7fc5e79fa000-7fc5e79fd000 ---p 00000000 00:00 0 
7fc5e79fd000-7fc5e7afb000 rw-p 00000000 00:00 0 
7fc5e7afb000-7fc5e7afe000 ---p 00000000 00:00 0 
7fc5e7afe000-7fc5e7bfc000 rw-p 00000000 00:00 0 
7fc5e7bfc000-7fc5e7bff000 ---p 00000000 00:00 0 
7fc5e7bff000-7fc5e7cfd000 rw-p 00000000 00:00 0 
7fc5e7cfd000-7fc5e7d00000 ---p 00000000 00:00 0 
7fc5e7d00000-7fc5e7dfe000 rw-p 00000000 00:00 0 
7fc5e7dfe000-7fc5e7e01000 ---p 00000000 00:00 0 
7fc5e7e01000-7fc5e7eff000 rw-p 00000000 00:00 0 
7fc5e7eff000-7fc5e7f02000 ---p 00000000 00:00 0 
7fc5e7f02000-7fc5e8000000 rw-p 00000000 00:00 0 
7fc5e8000000-7fc5e8021000 rw-p 00000000 00:00 0 
7fc5e8021000-7fc5ec000000 ---p 00000000 00:00 0 
7fc5ec000000-7fc5ec021000 rw-p 00000000 00:00 0 
7fc5ec021000-7fc5f0000000 ---p 00000000 00:00 0 
7fc5f0000000-7fc5f0021000 rw-p 00000000 00:00 0 
7fc5f0021000-7fc5f4000000 ---p 00000000 00:00 0 
7fc5f4000000-7fc5f4021000 rw-p 00000000 00:00 0 
7fc5f4021000-7fc5f8000000 ---p 00000000 00:00 0 
7fc5f8000000-7fc5f8d92000 rw-p 00000000 00:00 0 
7fc5f8d92000-7fc5fc000000 ---p 00000000 00:00 0 
7fc5fc000000-7fc5fc021000 rw-p 00000000 00:00 0 
7fc5fc021000-7fc600000000 ---p 00000000 00:00 0 
7fc600000000-7fc600021000 rw-p 00000000 00:00 0 
7fc600021000-7fc604000000 ---p 00000000 00:00 0 
7fc604000000-7fc605a17000 rw-p 00000000 00:00 0 
7fc605a17000-7fc608000000 ---p 00000000 00:00 0 
7fc608000000-7fc608021000 rw-p 00000000 00:00 0 
7fc608021000-7fc60c000000 ---p 00000000 00:00 0 
7fc60c000000-7fc60c021000 rw-p 00000000 00:00 0 
7fc60c021000-7fc610000000 ---p 00000000 00:00 0 
7fc610000000-7fc61003f000 rw-p 00000000 00:00 0 
7fc61003f000-7fc614000000 ---p 00000000 00:00 0 
7fc6140fd000-7fc614100000 ---p 00000000 00:00 0 
7fc614100000-7fc6143fe000 rw-p 00000000 00:00 0 
7fc6143fe000-7fc6145fe000 rw-p 00000000 00:00 0 
7fc6145fe000-7fc614601000 ---p 00000000 00:00 0 
7fc614601000-7fc6146ff000 rw-p 00000000 00:00 0 
7fc6146ff000-7fc614702000 ---p 00000000 00:00 0 
7fc614702000-7fc614a00000 rw-p 00000000 00:00 0 
7fc614a00000-7fc614c00000 rw-p 00000000 00:00 0 
7fc614c00000-7fc614e00000 rw-p 00000000 00:00 0 
7fc614e00000-7fc615000000 rw-p 00000000 00:00 0 
7fc615000000-7fc615a90000 rwxp 00000000 00:00 0 
7fc615a90000-7fc624000000 ---p 00000000 00:00 0 
7fc624000000-7fc624b6b000 rw-p 00000000 00:00 0 
7fc624b6b000-7fc628000000 ---p 00000000 00:00 0 
7fc62805f000-7fc628062000 ---p 00000000 00:00 0 
7fc628062000-7fc628160000 rw-p 00000000 00:00 0 
7fc628160000-7fc628169000 r--p 00000000 08:20 564363                     /home/racerz/openjdk8/build/linux-x86_64-normal-server-release/jdk/lib/amd64/libsunec.so
7fc628169000-7fc62818b000 r-xp 00009000 08:20 564363                     /home/racerz/openjdk8/build/linux-x86_64-normal-server-release/jdk/lib/amd64/libsunec.so
7fc62818b000-7fc628198000 r--p 0002b000 08:20 564363                     /home/racerz/openjdk8/build/linux-x86_64-normal-server-release/jdk/lib/amd64/libsunec.so
7fc628198000-7fc628199000 ---p 00038000 08:20 564363                     /home/racerz/openjdk8/build/linux-x86_64-normal-server-release/jdk/lib/amd64/libsunec.so
7fc628199000-7fc62819e000 r--p 00038000 08:20 564363                     /home/racerz/openjdk8/build/linux-x86_64-normal-server-release/jdk/lib/amd64/libsunec.so
7fc62819e000-7fc6281a0000 rw-p 0003d000 08:20 564363                     /home/racerz/openjdk8/build/linux-x86_64-normal-server-release/jdk/lib/amd64/libsunec.so
7fc6281a0000-7fc6283b1000 rw-p 00000000 00:00 0 
7fc6283b1000-7fc6285b1000 rw-p 00000000 00:00 0 
7fc6285b1000-7fc6287b1000 rw-p 00000000 00:00 0 
7fc6287b1000-7fc6289b1000 rw-p 00000000 00:00 0 
7fc6289b1000-7fc628bb1000 rw-p 00000000 00:00 0 
7fc628bb1000-7fc628db1000 rw-p 00000000 00:00 0 
7fc628db1000-7fc628db5000 r--p 00000000 08:20 564421                     /home/racerz/openjdk8/build/linux-x86_64-normal-server-release/jdk/lib/amd64/libmanagement.so
7fc628db5000-7fc628db8000 r-xp 00004000 08:20 564421                     /home/racerz/openjdk8/build/linux-x86_64-normal-server-release/jdk/lib/amd64/libmanagement.so
7fc628db8000-7fc628dba000 r--p 00007000 08:20 564421                     /home/racerz/openjdk8/build/linux-x86_64-normal-server-release/jdk/lib/amd64/libmanagement.so
7fc628dba000-7fc628dbb000 r--p 00008000 08:20 564421                     /home/racerz/openjdk8/build/linux-x86_64-normal-server-release/jdk/lib/amd64/libmanagement.so
7fc628dbb000-7fc628dbc000 rw-p 00009000 08:20 564421                     /home/racerz/openjdk8/build/linux-x86_64-normal-server-release/jdk/lib/amd64/libmanagement.so
7fc628dbc000-7fc628dc1000 r--p 00000000 08:20 564398                     /home/racerz/openjdk8/build/linux-x86_64-normal-server-release/jdk/lib/amd64/libnet.so
7fc628dc1000-7fc628dd1000 r-xp 00005000 08:20 564398                     /home/racerz/openjdk8/build/linux-x86_64-normal-server-release/jdk/lib/amd64/libnet.so
7fc628dd1000-7fc628dd5000 r--p 00015000 08:20 564398                     /home/racerz/openjdk8/build/linux-x86_64-normal-server-release/jdk/lib/amd64/libnet.so
7fc628dd5000-7fc628dd6000 r--p 00018000 08:20 564398                     /home/racerz/openjdk8/build/linux-x86_64-normal-server-release/jdk/lib/amd64/libnet.so
7fc628dd6000-7fc628dd7000 rw-p 00019000 08:20 564398                     /home/racerz/openjdk8/build/linux-x86_64-normal-server-release/jdk/lib/amd64/libnet.so
7fc628dd7000-7fc628dde000 r--p 00000000 08:20 564453                     /home/racerz/openjdk8/build/linux-x86_64-normal-server-release/jdk/lib/amd64/libnio.so
7fc628dde000-7fc628de6000 r-xp 00007000 08:20 564453                     /home/racerz/openjdk8/build/linux-x86_64-normal-server-release/jdk/lib/amd64/libnio.so
7fc628de6000-7fc628de9000 r--p 0000f000 08:20 564453                     /home/racerz/openjdk8/build/linux-x86_64-normal-server-release/jdk/lib/amd64/libnio.so
7fc628de9000-7fc628dea000 ---p 00012000 08:20 564453                     /home/racerz/openjdk8/build/linux-x86_64-normal-server-release/jdk/lib/amd64/libnio.so
7fc628dea000-7fc628deb000 r--p 00012000 08:20 564453                     /home/racerz/openjdk8/build/linux-x86_64-normal-server-release/jdk/lib/amd64/libnio.so
7fc628deb000-7fc628dec000 rw-p 00013000 08:20 564453                     /home/racerz/openjdk8/build/linux-x86_64-normal-server-release/jdk/lib/amd64/libnio.so
7fc628dec000-7fc6290c6000 r--s 0341f000 08:20 354995                     /home/racerz/openjdk8/vuln-springboot2.jar
7fc6290c6000-7fc6290c8000 r--s 00008000 08:20 565110                     /home/racerz/openjdk8/build/linux-x86_64-normal-server-release/jdk/lib/ext/sunec.jar
7fc6290c8000-7fc6290ce000 r--s 0003e000 08:20 565091                     /home/racerz/openjdk8/build/linux-x86_64-normal-server-release/jdk/lib/ext/sunjce_provider.jar
7fc6290ce000-7fc6290d1000 r--s 00042000 08:20 565096                     /home/racerz/openjdk8/build/linux-x86_64-normal-server-release/jdk/lib/ext/sunpkcs11.jar
7fc6290d1000-7fc6290d2000 ---p 00000000 00:00 0 
7fc6290d2000-7fc6291d2000 rw-p 00000000 00:00 0 
7fc6291d2000-7fc62924c000 r--s 01107000 08:20 354993                     /home/racerz/openjdk8/tools.jar
7fc62924c000-7fc62924f000 ---p 00000000 00:00 0 
7fc62924f000-7fc62934d000 rw-p 00000000 00:00 0 
7fc62934d000-7fc62934e000 ---p 00000000 00:00 0 
7fc62934e000-7fc629351000 ---p 00000000 00:00 0 
7fc629351000-7fc62944e000 rw-p 00000000 00:00 0 
7fc62944e000-7fc62944f000 ---p 00000000 00:00 0 
7fc62944f000-7fc629452000 ---p 00000000 00:00 0 
7fc629452000-7fc62954f000 rw-p 00000000 00:00 0 
7fc62954f000-7fc629552000 ---p 00000000 00:00 0 
7fc629552000-7fc629650000 rw-p 00000000 00:00 0 
7fc629650000-7fc629682000 r--p 00000000 08:20 22158                      /usr/lib/locale/C.UTF-8/LC_CTYPE
7fc629682000-7fc629683000 r--p 00000000 08:20 22164                      /usr/lib/locale/C.UTF-8/LC_NUMERIC
7fc629683000-7fc629684000 r--p 00000000 08:20 22167                      /usr/lib/locale/C.UTF-8/LC_TIME
7fc629684000-7fc6297f7000 r--p 00000000 08:20 22157                      /usr/lib/locale/C.UTF-8/LC_COLLATE
7fc6297f7000-7fc6297f8000 r--p 00000000 08:20 22162                      /usr/lib/locale/C.UTF-8/LC_MONETARY
7fc6297f8000-7fc6297f9000 r--p 00000000 08:20 22161                      /usr/lib/locale/C.UTF-8/LC_MESSAGES/SYS_LC_MESSAGES
7fc6297f9000-7fc6297fa000 r--p 00000000 08:20 22165                      /usr/lib/locale/C.UTF-8/LC_PAPER
7fc6297fa000-7fc6297fb000 r--p 00000000 08:20 22163                      /usr/lib/locale/C.UTF-8/LC_NAME
7fc6297fb000-7fc6297fc000 r--p 00000000 08:20 22156                      /usr/lib/locale/C.UTF-8/LC_ADDRESS
7fc6297fc000-7fc629ae2000 r--p 00000000 08:20 3070                       /usr/lib/locale/locale-archive
7fc629ae2000-7fc629ae5000 ---p 00000000 00:00 0 
7fc629ae5000-7fc629be3000 rw-p 00000000 00:00 0 
7fc629be3000-7fc629be6000 ---p 00000000 00:00 0 
7fc629be6000-7fc629ce4000 rw-p 00000000 00:00 0 
7fc629ce4000-7fc629ce5000 ---p 00000000 00:00 0 
7fc629ce5000-7fc62a6e0000 rw-p 00000000 00:00 0 
7fc62a6e0000-7fc62a949000 ---p 00000000 00:00 0 
7fc62a949000-7fc62a95e000 rw-p 00000000 00:00 0 
7fc62a95e000-7fc62aa92000 ---p 00000000 00:00 0 
7fc62aa92000-7fc62aabc000 rw-p 00000000 00:00 0 
7fc62aabc000-7fc62ad25000 ---p 00000000 00:00 0 
7fc62ad25000-7fc62ad51000 rw-p 00000000 00:00 0 
7fc62ad51000-7fc62b0e6000 ---p 00000000 00:00 0 
7fc62b0e6000-7fc62b0e9000 r--p 00000000 08:20 564392                     /home/racerz/openjdk8/build/linux-x86_64-normal-server-release/jdk/lib/amd64/libzip.so
7fc62b0e9000-7fc62b0fb000 r-xp 00003000 08:20 564392                     /home/racerz/openjdk8/build/linux-x86_64-normal-server-release/jdk/lib/amd64/libzip.so
7fc62b0fb000-7fc62b103000 r--p 00015000 08:20 564392                     /home/racerz/openjdk8/build/linux-x86_64-normal-server-release/jdk/lib/amd64/libzip.so
7fc62b103000-7fc62b104000 r--p 0001c000 08:20 564392                     /home/racerz/openjdk8/build/linux-x86_64-normal-server-release/jdk/lib/amd64/libzip.so
7fc62b104000-7fc62b105000 rw-p 0001d000 08:20 564392                     /home/racerz/openjdk8/build/linux-x86_64-normal-server-release/jdk/lib/amd64/libzip.so
7fc62b105000-7fc62b108000 r--p 00000000 08:20 29549                      /usr/lib/x86_64-linux-gnu/libnss_files-2.31.so
7fc62b108000-7fc62b10f000 r-xp 00003000 08:20 29549                      /usr/lib/x86_64-linux-gnu/libnss_files-2.31.so
7fc62b10f000-7fc62b111000 r--p 0000a000 08:20 29549                      /usr/lib/x86_64-linux-gnu/libnss_files-2.31.so
7fc62b111000-7fc62b112000 r--p 0000b000 08:20 29549                      /usr/lib/x86_64-linux-gnu/libnss_files-2.31.so
7fc62b112000-7fc62b113000 rw-p 0000c000 08:20 29549                      /usr/lib/x86_64-linux-gnu/libnss_files-2.31.so
7fc62b113000-7fc62b119000 rw-p 00000000 00:00 0 
7fc62b119000-7fc62b11c000 r--p 00000000 08:20 20814                      /usr/lib/x86_64-linux-gnu/libgcc_s.so.1
7fc62b11c000-7fc62b12e000 r-xp 00003000 08:20 20814                      /usr/lib/x86_64-linux-gnu/libgcc_s.so.1
7fc62b12e000-7fc62b132000 r--p 00015000 08:20 20814                      /usr/lib/x86_64-linux-gnu/libgcc_s.so.1
7fc62b132000-7fc62b133000 r--p 00018000 08:20 20814                      /usr/lib/x86_64-linux-gnu/libgcc_s.so.1
7fc62b133000-7fc62b134000 rw-p 00019000 08:20 20814                      /usr/lib/x86_64-linux-gnu/libgcc_s.so.1
7fc62b134000-7fc62b1ca000 r--p 00000000 08:20 29517                      /usr/lib/x86_64-linux-gnu/libstdc++.so.6.0.28
7fc62b1ca000-7fc62b2bb000 r-xp 00096000 08:20 29517                      /usr/lib/x86_64-linux-gnu/libstdc++.so.6.0.28
7fc62b2bb000-7fc62b304000 r--p 00187000 08:20 29517                      /usr/lib/x86_64-linux-gnu/libstdc++.so.6.0.28
7fc62b304000-7fc62b305000 ---p 001d0000 08:20 29517                      /usr/lib/x86_64-linux-gnu/libstdc++.so.6.0.28
7fc62b305000-7fc62b310000 r--p 001d0000 08:20 29517                      /usr/lib/x86_64-linux-gnu/libstdc++.so.6.0.28
7fc62b310000-7fc62b313000 rw-p 001db000 08:20 29517                      /usr/lib/x86_64-linux-gnu/libstdc++.so.6.0.28
7fc62b313000-7fc62b316000 rw-p 00000000 00:00 0 
7fc62b316000-7fc62b317000 r--p 00000000 08:20 22166                      /usr/lib/locale/C.UTF-8/LC_TELEPHONE
7fc62b317000-7fc62b318000 r--p 00000000 08:20 22160                      /usr/lib/locale/C.UTF-8/LC_MEASUREMENT
7fc62b318000-7fc62b31f000 r--s 00000000 08:20 29871                      /usr/lib/x86_64-linux-gnu/gconv/gconv-modules.cache
7fc62b31f000-7fc62b321000 r--s 00016000 08:20 565087                     /home/racerz/openjdk8/build/linux-x86_64-normal-server-release/jdk/lib/jce.jar
7fc62b321000-7fc62b329000 rw-s 00000000 08:20 584478                     /tmp/hsperfdata_racerz/217570
7fc62b329000-7fc62b32a000 r--p 00000000 08:20 354992                     /home/racerz/openjdk8/libagent.so
7fc62b32a000-7fc62b32b000 r-xp 00001000 08:20 354992                     /home/racerz/openjdk8/libagent.so
7fc62b32b000-7fc62b32c000 r--p 00002000 08:20 354992                     /home/racerz/openjdk8/libagent.so
7fc62b32c000-7fc62b32d000 r--p 00002000 08:20 354992                     /home/racerz/openjdk8/libagent.so
7fc62b32d000-7fc62b32e000 rw-p 00003000 08:20 354992                     /home/racerz/openjdk8/libagent.so
7fc62b32e000-7fc62b33b000 r--p 00000000 08:20 564384                     /home/racerz/openjdk8/build/linux-x86_64-normal-server-release/jdk/lib/amd64/libjava.so
7fc62b33b000-7fc62b351000 r-xp 0000d000 08:20 564384                     /home/racerz/openjdk8/build/linux-x86_64-normal-server-release/jdk/lib/amd64/libjava.so
7fc62b351000-7fc62b358000 r--p 00023000 08:20 564384                     /home/racerz/openjdk8/build/linux-x86_64-normal-server-release/jdk/lib/amd64/libjava.so
7fc62b358000-7fc62b359000 r--p 00029000 08:20 564384                     /home/racerz/openjdk8/build/linux-x86_64-normal-server-release/jdk/lib/amd64/libjava.so
7fc62b359000-7fc62b35b000 rw-p 0002a000 08:20 564384                     /home/racerz/openjdk8/build/linux-x86_64-normal-server-release/jdk/lib/amd64/libjava.so
7fc62b35b000-7fc62b35d000 r--p 00000000 08:20 29559                      /usr/lib/x86_64-linux-gnu/librt-2.31.so
7fc62b35d000-7fc62b361000 r-xp 00002000 08:20 29559                      /usr/lib/x86_64-linux-gnu/librt-2.31.so
7fc62b361000-7fc62b363000 r--p 00006000 08:20 29559                      /usr/lib/x86_64-linux-gnu/librt-2.31.so
7fc62b363000-7fc62b364000 r--p 00007000 08:20 29559                      /usr/lib/x86_64-linux-gnu/librt-2.31.so
7fc62b364000-7fc62b365000 rw-p 00008000 08:20 29559                      /usr/lib/x86_64-linux-gnu/librt-2.31.so
7fc62b365000-7fc62b366000 ---p 00000000 00:00 0 
7fc62b366000-7fc62b369000 ---p 00000000 00:00 0 
7fc62b369000-7fc62b466000 rw-p 00000000 00:00 0 
7fc62b466000-7fc62b473000 r--p 00000000 08:20 29541                      /usr/lib/x86_64-linux-gnu/libm-2.31.so
7fc62b473000-7fc62b51a000 r-xp 0000d000 08:20 29541                      /usr/lib/x86_64-linux-gnu/libm-2.31.so
7fc62b51a000-7fc62b5b3000 r--p 000b4000 08:20 29541                      /usr/lib/x86_64-linux-gnu/libm-2.31.so
7fc62b5b3000-7fc62b5b4000 r--p 0014c000 08:20 29541                      /usr/lib/x86_64-linux-gnu/libm-2.31.so
7fc62b5b4000-7fc62b5b5000 rw-p 0014d000 08:20 29541                      /usr/lib/x86_64-linux-gnu/libm-2.31.so
7fc62b5b5000-7fc62b7c2000 r--p 00000000 08:20 519511                     /home/racerz/openjdk8/build/linux-x86_64-normal-server-release/jdk/lib/amd64/server/libjvm.so
7fc62b7c2000-7fc62c173000 r-xp 0020d000 08:20 519511                     /home/racerz/openjdk8/build/linux-x86_64-normal-server-release/jdk/lib/amd64/server/libjvm.so
7fc62c173000-7fc62c388000 r--p 00bbe000 08:20 519511                     /home/racerz/openjdk8/build/linux-x86_64-normal-server-release/jdk/lib/amd64/server/libjvm.so
7fc62c388000-7fc62c435000 r--p 00dd2000 08:20 519511                     /home/racerz/openjdk8/build/linux-x86_64-normal-server-release/jdk/lib/amd64/server/libjvm.so
7fc62c435000-7fc62c45f000 rw-p 00e7f000 08:20 519511                     /home/racerz/openjdk8/build/linux-x86_64-normal-server-release/jdk/lib/amd64/server/libjvm.so
7fc62c45f000-7fc62c4ac000 rw-p 00000000 00:00 0 
7fc62c4ac000-7fc62c4b2000 r--p 00000000 08:20 29555                      /usr/lib/x86_64-linux-gnu/libpthread-2.31.so
7fc62c4b2000-7fc62c4c3000 r-xp 00006000 08:20 29555                      /usr/lib/x86_64-linux-gnu/libpthread-2.31.so
7fc62c4c3000-7fc62c4c9000 r--p 00017000 08:20 29555                      /usr/lib/x86_64-linux-gnu/libpthread-2.31.so
7fc62c4c9000-7fc62c4ca000 r--p 0001c000 08:20 29555                      /usr/lib/x86_64-linux-gnu/libpthread-2.31.so
7fc62c4ca000-7fc62c4cb000 rw-p 0001d000 08:20 29555                      /usr/lib/x86_64-linux-gnu/libpthread-2.31.so
7fc62c4cb000-7fc62c4cf000 rw-p 00000000 00:00 0 
7fc62c4cf000-7fc62c4d0000 r--p 00000000 08:20 29540                      /usr/lib/x86_64-linux-gnu/libdl-2.31.so
7fc62c4d0000-7fc62c4d2000 r-xp 00001000 08:20 29540                      /usr/lib/x86_64-linux-gnu/libdl-2.31.so
7fc62c4d2000-7fc62c4d3000 r--p 00003000 08:20 29540                      /usr/lib/x86_64-linux-gnu/libdl-2.31.so
7fc62c4d3000-7fc62c4d4000 r--p 00003000 08:20 29540                      /usr/lib/x86_64-linux-gnu/libdl-2.31.so
7fc62c4d4000-7fc62c4d5000 rw-p 00004000 08:20 29540                      /usr/lib/x86_64-linux-gnu/libdl-2.31.so
7fc62c4d5000-7fc62c4f7000 r--p 00000000 08:20 29539                      /usr/lib/x86_64-linux-gnu/libc-2.31.so
7fc62c4f7000-7fc62c66f000 r-xp 00022000 08:20 29539                      /usr/lib/x86_64-linux-gnu/libc-2.31.so
7fc62c66f000-7fc62c6bd000 r--p 0019a000 08:20 29539                      /usr/lib/x86_64-linux-gnu/libc-2.31.so
7fc62c6bd000-7fc62c6c1000 r--p 001e7000 08:20 29539                      /usr/lib/x86_64-linux-gnu/libc-2.31.so
7fc62c6c1000-7fc62c6c3000 rw-p 001eb000 08:20 29539                      /usr/lib/x86_64-linux-gnu/libc-2.31.so
7fc62c6c3000-7fc62c6c7000 rw-p 00000000 00:00 0 
7fc62c6c7000-7fc62c6c8000 r--p 00000000 08:20 22159                      /usr/lib/locale/C.UTF-8/LC_IDENTIFICATION
7fc62c6c8000-7fc62c6c9000 rw-p 00000000 00:00 0 
7fc62c6c9000-7fc62c6ce000 r--p 00000000 08:20 564351                     /home/racerz/openjdk8/build/linux-x86_64-normal-server-release/jdk/lib/amd64/libverify.so
7fc62c6ce000-7fc62c6d5000 r-xp 00005000 08:20 564351                     /home/racerz/openjdk8/build/linux-x86_64-normal-server-release/jdk/lib/amd64/libverify.so
7fc62c6d5000-7fc62c6d7000 r--p 0000c000 08:20 564351                     /home/racerz/openjdk8/build/linux-x86_64-normal-server-release/jdk/lib/amd64/libverify.so
7fc62c6d7000-7fc62c6d9000 r--p 0000d000 08:20 564351                     /home/racerz/openjdk8/build/linux-x86_64-normal-server-release/jdk/lib/amd64/libverify.so
7fc62c6d9000-7fc62c6da000 rw-p 0000f000 08:20 564351                     /home/racerz/openjdk8/build/linux-x86_64-normal-server-release/jdk/lib/amd64/libverify.so
7fc62c6da000-7fc62c6dd000 r--p 00000000 08:20 564353                     /home/racerz/openjdk8/build/linux-x86_64-normal-server-release/jdk/lib/amd64/jli/libjli.so
7fc62c6dd000-7fc62c6ed000 r-xp 00003000 08:20 564353                     /home/racerz/openjdk8/build/linux-x86_64-normal-server-release/jdk/lib/amd64/jli/libjli.so
7fc62c6ed000-7fc62c6f4000 r--p 00013000 08:20 564353                     /home/racerz/openjdk8/build/linux-x86_64-normal-server-release/jdk/lib/amd64/jli/libjli.so
7fc62c6f4000-7fc62c6f5000 r--p 00019000 08:20 564353                     /home/racerz/openjdk8/build/linux-x86_64-normal-server-release/jdk/lib/amd64/jli/libjli.so
7fc62c6f5000-7fc62c6f6000 rw-p 0001a000 08:20 564353                     /home/racerz/openjdk8/build/linux-x86_64-normal-server-release/jdk/lib/amd64/jli/libjli.so
7fc62c6f6000-7fc62c6f8000 rw-p 00000000 00:00 0 
7fc62c6f8000-7fc62c6f9000 r--p 00000000 08:20 29534                      /usr/lib/x86_64-linux-gnu/ld-2.31.so
7fc62c6f9000-7fc62c71c000 r-xp 00001000 08:20 29534                      /usr/lib/x86_64-linux-gnu/ld-2.31.so
7fc62c71c000-7fc62c724000 r--p 00024000 08:20 29534                      /usr/lib/x86_64-linux-gnu/ld-2.31.so
7fc62c724000-7fc62c725000 ---p 00000000 00:00 0 
7fc62c725000-7fc62c726000 r--p 0002c000 08:20 29534                      /usr/lib/x86_64-linux-gnu/ld-2.31.so
7fc62c726000-7fc62c727000 rw-p 0002d000 08:20 29534                      /usr/lib/x86_64-linux-gnu/ld-2.31.so
7fc62c727000-7fc62c728000 rw-p 00000000 00:00 0 
7ffefaca9000-7ffefaccb000 rw-p 00000000 00:00 0                          [stack]
7ffefaddd000-7ffefade1000 r--p 00000000 00:00 0                          [vvar]
7ffefade1000-7ffefade3000 r-xp 00000000 00:00 0                          [vdso]

VM Arguments:
jvm_args: -Xbootclasspath/a:/home/racerz/openjdk8/tools.jar -agentpath:/home/racerz/openjdk8/libagent.so 
java_command: vuln-springboot2.jar
java_class_path (initial): vuln-springboot2.jar
Launcher Type: SUN_STANDARD

Environment Variables:
SHELL=/bin/bash
DISPLAY=:0
HOSTTYPE=x86_64

Signal Handlers:
SIGSEGV: [libjvm.so+0xb3c6d0], sa_mask[0]=11111111011111111101111111111110, sa_flags=SA_RESTART|SA_SIGINFO
SIGBUS: [libjvm.so+0xb3c6d0], sa_mask[0]=11111111011111111101111111111110, sa_flags=SA_RESTART|SA_SIGINFO
SIGFPE: [libjvm.so+0x977280], sa_mask[0]=11111111011111111101111111111110, sa_flags=SA_RESTART|SA_SIGINFO
SIGPIPE: [libjvm.so+0x977280], sa_mask[0]=11111111011111111101111111111110, sa_flags=SA_RESTART|SA_SIGINFO
SIGXFSZ: [libjvm.so+0x977280], sa_mask[0]=11111111011111111101111111111110, sa_flags=SA_RESTART|SA_SIGINFO
SIGILL: [libjvm.so+0x977280], sa_mask[0]=11111111011111111101111111111110, sa_flags=SA_RESTART|SA_SIGINFO
SIGUSR1: SIG_DFL, sa_mask[0]=00000000000000000000000000000000, sa_flags=none
SIGUSR2: [libjvm.so+0x9775c0], sa_mask[0]=00000000000000000000000000000000, sa_flags=SA_RESTART|SA_SIGINFO
SIGHUP: [libjvm.so+0x977510], sa_mask[0]=11111111011111111101111111111110, sa_flags=SA_RESTART|SA_SIGINFO
SIGINT: [libjvm.so+0x977510], sa_mask[0]=11111111011111111101111111111110, sa_flags=SA_RESTART|SA_SIGINFO
SIGTERM: [libjvm.so+0x977510], sa_mask[0]=11111111011111111101111111111110, sa_flags=SA_RESTART|SA_SIGINFO
SIGQUIT: [libjvm.so+0x977510], sa_mask[0]=11111111011111111101111111111110, sa_flags=SA_RESTART|SA_SIGINFO


---------------  S Y S T E M  ---------------

OS:DISTRIB_ID=Ubuntu
DISTRIB_RELEASE=20.04
DISTRIB_CODENAME=focal
DISTRIB_DESCRIPTION="Ubuntu 20.04.6 LTS"

uname:Linux 5.15.133.1-microsoft-standard-WSL2 #1 SMP Thu Oct 5 21:02:42 UTC 2023 x86_64
libc:glibc 2.31 NPTL 2.31 
rlimit: STACK 8192k, CORE 0k, NPROC 31559, NOFILE 1048576, AS infinity
load average:0.52 0.35 0.16

/proc/meminfo:
MemTotal:        8085828 kB
MemFree:         1444080 kB
MemAvailable:    5605472 kB
Buffers:          184220 kB
Cached:          3849396 kB
SwapCached:         5808 kB
Active:          2156660 kB
Inactive:        3686496 kB
Active(anon):     110688 kB
Inactive(anon):  1675088 kB
Active(file):    2045972 kB
Inactive(file):  2011408 kB
Unevictable:           0 kB
Mlocked:               0 kB
SwapTotal:       2097152 kB
SwapFree:        2011780 kB
Dirty:                32 kB
Writeback:             0 kB
AnonPages:       1760812 kB
Mapped:           164228 kB
Shmem:              2956 kB
KReclaimable:     404580 kB
Slab:             497540 kB
SReclaimable:     404580 kB
SUnreclaim:        92960 kB
KernelStack:        9008 kB
PageTables:        16708 kB
NFS_Unstable:          0 kB
Bounce:                0 kB
WritebackTmp:          0 kB
CommitLimit:     6140064 kB
Committed_AS:    3317356 kB
VmallocTotal:   34359738367 kB
VmallocUsed:       31224 kB
VmallocChunk:          0 kB
Percpu:             8512 kB
AnonHugePages:    516096 kB
ShmemHugePages:        0 kB
ShmemPmdMapped:        0 kB
FileHugePages:         0 kB
FilePmdMapped:         0 kB
HugePages_Total:       0
HugePages_Free:        0
HugePages_Rsvd:        0
HugePages_Surp:        0
Hugepagesize:       2048 kB
Hugetlb:               0 kB
DirectMap4k:      152576 kB
DirectMap2M:     7137280 kB
DirectMap1G:    10485760 kB

container (cgroup) information:
container_type: cgroupv1
cpu_cpuset_cpus: 0-15
cpu_memory_nodes: 0
active_processor_count: 1
cpu_quota: -1
cpu_period: 100000
cpu_shares: -1
memory_limit_in_bytes: -1
memory_and_swap_limit_in_bytes: -1
memory_soft_limit_in_bytes: -1
memory_usage_in_bytes: 5933723648
memory_max_usage_in_bytes: 1150681088


CPU:total 16 (initial active 1) (8 cores per cpu, 2 threads per core) family 6 model 165 stepping 2, cmov, cx8, fxsr, mmx, sse, sse2, sse3, ssse3, sse4.1, sse4.2, popcnt, avx, avx2, aes, clmul, erms, 3dnowpref, lzcnt, ht, tsc, bmi1, bmi2, adx

/proc/cpuinfo:
processor	: 0
vendor_id	: GenuineIntel
cpu family	: 6
model		: 165
model name	: Intel(R) Core(TM) i7-10875H CPU @ 2.30GHz
stepping	: 2
microcode	: 0xffffffff
cpu MHz		: 2304.008
cache size	: 16384 KB
physical id	: 0
siblings	: 16
core id		: 0
cpu cores	: 8
apicid		: 0
initial apicid	: 0
fpu		: yes
fpu_exception	: yes
cpuid level	: 22
wp		: yes
flags		: fpu vme de pse tsc msr pae mce cx8 apic sep mtrr pge mca cmov pat pse36 clflush mmx fxsr sse sse2 ss ht syscall nx pdpe1gb rdtscp lm constant_tsc arch_perfmon rep_good nopl xtopology cpuid pni pclmulqdq vmx ssse3 fma cx16 pdcm pcid sse4_1 sse4_2 x2apic movbe popcnt aes xsave avx f16c rdrand hypervisor lahf_lm abm 3dnowprefetch invpcid_single ssbd ibrs ibpb stibp ibrs_enhanced tpr_shadow vnmi ept vpid ept_ad fsgsbase bmi1 avx2 smep bmi2 erms invpcid rdseed adx smap clflushopt xsaveopt xsavec xgetbv1 xsaves flush_l1d arch_capabilities
vmx flags	: vnmi invvpid ept_x_only ept_ad ept_1gb tsc_offset vtpr ept vpid unrestricted_guest ept_mode_based_exec
bugs		: spectre_v1 spectre_v2 spec_store_bypass swapgs itlb_multihit srbds mmio_stale_data retbleed eibrs_pbrsb gds
bogomips	: 4608.01
clflush size	: 64
cache_alignment	: 64
address sizes	: 39 bits physical, 48 bits virtual
power management:

processor	: 1
vendor_id	: GenuineIntel
cpu family	: 6
model		: 165
model name	: Intel(R) Core(TM) i7-10875H CPU @ 2.30GHz
stepping	: 2
microcode	: 0xffffffff
cpu MHz		: 2304.008
cache size	: 16384 KB
physical id	: 0
siblings	: 16
core id		: 0
cpu cores	: 8
apicid		: 1
initial apicid	: 1
fpu		: yes
fpu_exception	: yes
cpuid level	: 22
wp		: yes
flags		: fpu vme de pse tsc msr pae mce cx8 apic sep mtrr pge mca cmov pat pse36 clflush mmx fxsr sse sse2 ss ht syscall nx pdpe1gb rdtscp lm constant_tsc arch_perfmon rep_good nopl xtopology cpuid pni pclmulqdq vmx ssse3 fma cx16 pdcm pcid sse4_1 sse4_2 x2apic movbe popcnt aes xsave avx f16c rdrand hypervisor lahf_lm abm 3dnowprefetch invpcid_single ssbd ibrs ibpb stibp ibrs_enhanced tpr_shadow vnmi ept vpid ept_ad fsgsbase bmi1 avx2 smep bmi2 erms invpcid rdseed adx smap clflushopt xsaveopt xsavec xgetbv1 xsaves flush_l1d arch_capabilities
vmx flags	: vnmi invvpid ept_x_only ept_ad ept_1gb tsc_offset vtpr ept vpid unrestricted_guest ept_mode_based_exec
bugs		: spectre_v1 spectre_v2 spec_store_bypass swapgs itlb_multihit srbds mmio_stale_data retbleed eibrs_pbrsb gds
bogomips	: 4608.01
clflush size	: 64
cache_alignment	: 64
address sizes	: 39 bits physical, 48 bits virtual
power management:

processor	: 2
vendor_id	: GenuineIntel
cpu family	: 6
model		: 165
model name	: Intel(R) Core(TM) i7-10875H CPU @ 2.30GHz
stepping	: 2
microcode	: 0xffffffff
cpu MHz		: 2304.008
cache size	: 16384 KB
physical id	: 0
siblings	: 16
core id		: 1
cpu cores	: 8
apicid		: 2
initial apicid	: 2
fpu		: yes
fpu_exception	: yes
cpuid level	: 22
wp		: yes
flags		: fpu vme de pse tsc msr pae mce cx8 apic sep mtrr pge mca cmov pat pse36 clflush mmx fxsr sse sse2 ss ht syscall nx pdpe1gb rdtscp lm constant_tsc arch_perfmon rep_good nopl xtopology cpuid pni pclmulqdq vmx ssse3 fma cx16 pdcm pcid sse4_1 sse4_2 x2apic movbe popcnt aes xsave avx f16c rdrand hypervisor lahf_lm abm 3dnowprefetch invpcid_single ssbd ibrs ibpb stibp ibrs_enhanced tpr_shadow vnmi ept vpid ept_ad fsgsbase bmi1 avx2 smep bmi2 erms invpcid rdseed adx smap clflushopt xsaveopt xsavec xgetbv1 xsaves flush_l1d arch_capabilities
vmx flags	: vnmi invvpid ept_x_only ept_ad ept_1gb tsc_offset vtpr ept vpid unrestricted_guest ept_mode_based_exec
bugs		: spectre_v1 spectre_v2 spec_store_bypass swapgs itlb_multihit srbds mmio_stale_data retbleed eibrs_pbrsb gds
bogomips	: 4608.01
clflush size	: 64
cache_alignment	: 64
address sizes	: 39 bits physical, 48 bits virtual
power management:

processor	: 3
vendor_id	: GenuineIntel
cpu family	: 6
model		: 165
model name	: Intel(R) Core(TM) i7-10875H CPU @ 2.30GHz
stepping	: 2
microcode	: 0xffffffff
cpu MHz		: 2304.008
cache size	: 16384 KB
physical id	: 0
siblings	: 16
core id		: 1
cpu cores	: 8
apicid		: 3
initial apicid	: 3
fpu		: yes
fpu_exception	: yes
cpuid level	: 22
wp		: yes
flags		: fpu vme de pse tsc msr pae mce cx8 apic sep mtrr pge mca cmov pat pse36 clflush mmx fxsr sse sse2 ss ht syscall nx pdpe1gb rdtscp lm constant_tsc arch_perfmon rep_good nopl xtopology cpuid pni pclmulqdq vmx ssse3 fma cx16 pdcm pcid sse4_1 sse4_2 x2apic movbe popcnt aes xsave avx f16c rdrand hypervisor lahf_lm abm 3dnowprefetch invpcid_single ssbd ibrs ibpb stibp ibrs_enhanced tpr_shadow vnmi ept vpid ept_ad fsgsbase bmi1 avx2 smep bmi2 erms invpcid rdseed adx smap clflushopt xsaveopt xsavec xgetbv1 xsaves flush_l1d arch_capabilities
vmx flags	: vnmi invvpid ept_x_only ept_ad ept_1gb tsc_offset vtpr ept vpid unrestricted_guest ept_mode_based_exec
bugs		: spectre_v1 spectre_v2 spec_store_bypass swapgs itlb_multihit srbds mmio_stale_data retbleed eibrs_pbrsb gds
bogomips	: 4608.01
clflush size	: 64
cache_alignment	: 64
address sizes	: 39 bits physical, 48 bits virtual
power management:

processor	: 4
vendor_id	: GenuineIntel
cpu family	: 6
model		: 165
model name	: Intel(R) Core(TM) i7-10875H CPU @ 2.30GHz
stepping	: 2
microcode	: 0xffffffff
cpu MHz		: 2304.008
cache size	: 16384 KB
physical id	: 0
siblings	: 16
core id		: 2
cpu cores	: 8
apicid		: 4
initial apicid	: 4
fpu		: yes
fpu_exception	: yes
cpuid level	: 22
wp		: yes
flags		: fpu vme de pse tsc msr pae mce cx8 apic sep mtrr pge mca cmov pat pse36 clflush mmx fxsr sse sse2 ss ht syscall nx pdpe1gb rdtscp lm constant_tsc arch_perfmon rep_good nopl xtopology cpuid pni pclmulqdq vmx ssse3 fma cx16 pdcm pcid sse4_1 sse4_2 x2apic movbe popcnt aes xsave avx f16c rdrand hypervisor lahf_lm abm 3dnowprefetch invpcid_single ssbd ibrs ibpb stibp ibrs_enhanced tpr_shadow vnmi ept vpid ept_ad fsgsbase bmi1 avx2 smep bmi2 erms invpcid rdseed adx smap clflushopt xsaveopt xsavec xgetbv1 xsaves flush_l1d arch_capabilities
vmx flags	: vnmi invvpid ept_x_only ept_ad ept_1gb tsc_offset vtpr ept vpid unrestricted_guest ept_mode_based_exec
bugs		: spectre_v1 spectre_v2 spec_store_bypass swapgs itlb_multihit srbds mmio_stale_data retbleed eibrs_pbrsb gds
bogomips	: 4608.01
clflush size	: 64
cache_alignment	: 64
address sizes	: 39 bits physical, 48 bits virtual
power management:

processor	: 5
vendor_id	: GenuineIntel
cpu family	: 6
model		: 165
model name	: Intel(R) Core(TM) i7-10875H CPU @ 2.30GHz
stepping	: 2
microcode	: 0xffffffff
cpu MHz		: 2304.008
cache size	: 16384 KB
physical id	: 0
siblings	: 16
core id		: 2
cpu cores	: 8
apicid		: 5
initial apicid	: 5
fpu		: yes
fpu_exception	: yes
cpuid level	: 22
wp		: yes
flags		: fpu vme de pse tsc msr pae mce cx8 apic sep mtrr pge mca cmov pat pse36 clflush mmx fxsr sse sse2 ss ht syscall nx pdpe1gb rdtscp lm constant_tsc arch_perfmon rep_good nopl xtopology cpuid pni pclmulqdq vmx ssse3 fma cx16 pdcm pcid sse4_1 sse4_2 x2apic movbe popcnt aes xsave avx f16c rdrand hypervisor lahf_lm abm 3dnowprefetch invpcid_single ssbd ibrs ibpb stibp ibrs_enhanced tpr_shadow vnmi ept vpid ept_ad fsgsbase bmi1 avx2 smep bmi2 erms invpcid rdseed adx smap clflushopt xsaveopt xsavec xgetbv1 xsaves flush_l1d arch_capabilities
vmx flags	: vnmi invvpid ept_x_only ept_ad ept_1gb tsc_offset vtpr ept vpid unrestricted_guest ept_mode_based_exec
bugs		: spectre_v1 spectre_v2 spec_store_bypass swapgs itlb_multihit srbds mmio_stale_data retbleed eibrs_pbrsb gds
bogomips	: 4608.01
clflush size	: 64
cache_alignment	: 64
address sizes	: 39 bits physical, 48 bits virtual
power management:

processor	: 6
vendor_id	: GenuineIntel
cpu family	: 6
model		: 165
model name	: Intel(R) Core(TM) i7-10875H CPU @ 2.30GHz
stepping	: 2
microcode	: 0xffffffff
cpu MHz		: 2304.008
cache size	: 16384 KB
physical id	: 0
siblings	: 16
core id		: 3
cpu cores	: 8
apicid		: 6
initial apicid	: 6
fpu		: yes
fpu_exception	: yes
cpuid level	: 22
wp		: yes
flags		: fpu vme de pse tsc msr pae mce cx8 apic sep mtrr pge mca cmov pat pse36 clflush mmx fxsr sse sse2 ss ht syscall nx pdpe1gb rdtscp lm constant_tsc arch_perfmon rep_good nopl xtopology cpuid pni pclmulqdq vmx ssse3 fma cx16 pdcm pcid sse4_1 sse4_2 x2apic movbe popcnt aes xsave avx f16c rdrand hypervisor lahf_lm abm 3dnowprefetch invpcid_single ssbd ibrs ibpb stibp ibrs_enhanced tpr_shadow vnmi ept vpid ept_ad fsgsbase bmi1 avx2 smep bmi2 erms invpcid rdseed adx smap clflushopt xsaveopt xsavec xgetbv1 xsaves flush_l1d arch_capabilities
vmx flags	: vnmi invvpid ept_x_only ept_ad ept_1gb tsc_offset vtpr ept vpid unrestricted_guest ept_mode_based_exec
bugs		: spectre_v1 spectre_v2 spec_store_bypass swapgs itlb_multihit srbds mmio_stale_data retbleed eibrs_pbrsb gds
bogomips	: 4608.01
clflush size	: 64
cache_alignment	: 64
address sizes	: 39 bits physical, 48 bits virtual
power management:

processor	: 7
vendor_id	: GenuineIntel
cpu family	: 6
model		: 165
model name	: Intel(R) Core(TM) i7-10875H CPU @ 2.30GHz
stepping	: 2
microcode	: 0xffffffff
cpu MHz		: 2304.008
cache size	: 16384 KB
physical id	: 0
siblings	: 16
core id		: 3
cpu cores	: 8
apicid		: 7
initial apicid	: 7
fpu		: yes
fpu_exception	: yes
cpuid level	: 22
wp		: yes
flags		: fpu vme de pse tsc msr pae mce cx8 apic sep mtrr pge mca cmov pat pse36 clflush mmx fxsr sse sse2 ss ht syscall nx pdpe1gb rdtscp lm constant_tsc arch_perfmon rep_good nopl xtopology cpuid pni pclmulqdq vmx ssse3 fma cx16 pdcm pcid sse4_1 sse4_2 x2apic movbe popcnt aes xsave avx f16c rdrand hypervisor lahf_lm abm 3dnowprefetch invpcid_single ssbd ibrs ibpb stibp ibrs_enhanced tpr_shadow vnmi ept vpid ept_ad fsgsbase bmi1 avx2 smep bmi2 erms invpcid rdseed adx smap clflushopt xsaveopt xsavec xgetbv1 xsaves flush_l1d arch_capabilities
vmx flags	: vnmi invvpid ept_x_only ept_ad ept_1gb tsc_offset vtpr ept vpid unrestricted_guest ept_mode_based_exec
bugs		: spectre_v1 spectre_v2 spec_store_bypass swapgs itlb_multihit srbds mmio_stale_data retbleed eibrs_pbrsb gds
bogomips	: 4608.01
clflush size	: 64
cache_alignment	: 64
address sizes	: 39 bits physical, 48 bits virtual
power management:

processor	: 8
vendor_id	: GenuineIntel
cpu family	: 6
model		: 165
model name	: Intel(R) Core(TM) i7-10875H CPU @ 2.30GHz
stepping	: 2
microcode	: 0xffffffff
cpu MHz		: 2304.008
cache size	: 16384 KB
physical id	: 0
siblings	: 16
core id		: 4
cpu cores	: 8
apicid		: 8
initial apicid	: 8
fpu		: yes
fpu_exception	: yes
cpuid level	: 22
wp		: yes
flags		: fpu vme de pse tsc msr pae mce cx8 apic sep mtrr pge mca cmov pat pse36 clflush mmx fxsr sse sse2 ss ht syscall nx pdpe1gb rdtscp lm constant_tsc arch_perfmon rep_good nopl xtopology cpuid pni pclmulqdq vmx ssse3 fma cx16 pdcm pcid sse4_1 sse4_2 x2apic movbe popcnt aes xsave avx f16c rdrand hypervisor lahf_lm abm 3dnowprefetch invpcid_single ssbd ibrs ibpb stibp ibrs_enhanced tpr_shadow vnmi ept vpid ept_ad fsgsbase bmi1 avx2 smep bmi2 erms invpcid rdseed adx smap clflushopt xsaveopt xsavec xgetbv1 xsaves flush_l1d arch_capabilities
vmx flags	: vnmi invvpid ept_x_only ept_ad ept_1gb tsc_offset vtpr ept vpid unrestricted_guest ept_mode_based_exec
bugs		: spectre_v1 spectre_v2 spec_store_bypass swapgs itlb_multihit srbds mmio_stale_data retbleed eibrs_pbrsb gds
bogomips	: 4608.01
clflush size	: 64
cache_alignment	: 64
address sizes	: 39 bits physical, 48 bits virtual
power management:

processor	: 9
vendor_id	: GenuineIntel
cpu family	: 6
model		: 165
model name	: Intel(R) Core(TM) i7-10875H CPU @ 2.30GHz
stepping	: 2
microcode	: 0xffffffff
cpu MHz		: 2304.008
cache size	: 16384 KB
physical id	: 0
siblings	: 16
core id		: 4
cpu cores	: 8
apicid		: 9
initial apicid	: 9
fpu		: yes
fpu_exception	: yes
cpuid level	: 22
wp		: yes
flags		: fpu vme de pse tsc msr pae mce cx8 apic sep mtrr pge mca cmov pat pse36 clflush mmx fxsr sse sse2 ss ht syscall nx pdpe1gb rdtscp lm constant_tsc arch_perfmon rep_good nopl xtopology cpuid pni pclmulqdq vmx ssse3 fma cx16 pdcm pcid sse4_1 sse4_2 x2apic movbe popcnt aes xsave avx f16c rdrand hypervisor lahf_lm abm 3dnowprefetch invpcid_single ssbd ibrs ibpb stibp ibrs_enhanced tpr_shadow vnmi ept vpid ept_ad fsgsbase bmi1 avx2 smep bmi2 erms invpcid rdseed adx smap clflushopt xsaveopt xsavec xgetbv1 xsaves flush_l1d arch_capabilities
vmx flags	: vnmi invvpid ept_x_only ept_ad ept_1gb tsc_offset vtpr ept vpid unrestricted_guest ept_mode_based_exec
bugs		: spectre_v1 spectre_v2 spec_store_bypass swapgs itlb_multihit srbds mmio_stale_data retbleed eibrs_pbrsb gds
bogomips	: 4608.01
clflush size	: 64
cache_alignment	: 64
address sizes	: 39 bits physical, 48 bits virtual
power management:

processor	: 10
vendor_id	: GenuineIntel
cpu family	: 6
model		: 165
model name	: Intel(R) Core(TM) i7-10875H CPU @ 2.30GHz
stepping	: 2
microcode	: 0xffffffff
cpu MHz		: 2304.008
cache size	: 16384 KB
physical id	: 0
siblings	: 16
core id		: 5
cpu cores	: 8
apicid		: 10
initial apicid	: 10
fpu		: yes
fpu_exception	: yes
cpuid level	: 22
wp		: yes
flags		: fpu vme de pse tsc msr pae mce cx8 apic sep mtrr pge mca cmov pat pse36 clflush mmx fxsr sse sse2 ss ht syscall nx pdpe1gb rdtscp lm constant_tsc arch_perfmon rep_good nopl xtopology cpuid pni pclmulqdq vmx ssse3 fma cx16 pdcm pcid sse4_1 sse4_2 x2apic movbe popcnt aes xsave avx f16c rdrand hypervisor lahf_lm abm 3dnowprefetch invpcid_single ssbd ibrs ibpb stibp ibrs_enhanced tpr_shadow vnmi ept vpid ept_ad fsgsbase bmi1 avx2 smep bmi2 erms invpcid rdseed adx smap clflushopt xsaveopt xsavec xgetbv1 xsaves flush_l1d arch_capabilities
vmx flags	: vnmi invvpid ept_x_only ept_ad ept_1gb tsc_offset vtpr ept vpid unrestricted_guest ept_mode_based_exec
bugs		: spectre_v1 spectre_v2 spec_store_bypass swapgs itlb_multihit srbds mmio_stale_data retbleed eibrs_pbrsb gds
bogomips	: 4608.01
clflush size	: 64
cache_alignment	: 64
address sizes	: 39 bits physical, 48 bits virtual
power management:

processor	: 11
vendor_id	: GenuineIntel
cpu family	: 6
model		: 165
model name	: Intel(R) Core(TM) i7-10875H CPU @ 2.30GHz
stepping	: 2
microcode	: 0xffffffff
cpu MHz		: 2304.008
cache size	: 16384 KB
physical id	: 0
siblings	: 16
core id		: 5
cpu cores	: 8
apicid		: 11
initial apicid	: 11
fpu		: yes
fpu_exception	: yes
cpuid level	: 22
wp		: yes
flags		: fpu vme de pse tsc msr pae mce cx8 apic sep mtrr pge mca cmov pat pse36 clflush mmx fxsr sse sse2 ss ht syscall nx pdpe1gb rdtscp lm constant_tsc arch_perfmon rep_good nopl xtopology cpuid pni pclmulqdq vmx ssse3 fma cx16 pdcm pcid sse4_1 sse4_2 x2apic movbe popcnt aes xsave avx f16c rdrand hypervisor lahf_lm abm 3dnowprefetch invpcid_single ssbd ibrs ibpb stibp ibrs_enhanced tpr_shadow vnmi ept vpid ept_ad fsgsbase bmi1 avx2 smep bmi2 erms invpcid rdseed adx smap clflushopt xsaveopt xsavec xgetbv1 xsaves flush_l1d arch_capabilities
vmx flags	: vnmi invvpid ept_x_only ept_ad ept_1gb tsc_offset vtpr ept vpid unrestricted_guest ept_mode_based_exec
bugs		: spectre_v1 spectre_v2 spec_store_bypass swapgs itlb_multihit srbds mmio_stale_data retbleed eibrs_pbrsb gds
bogomips	: 4608.01
clflush size	: 64
cache_alignment	: 64
address sizes	: 39 bits physical, 48 bits virtual
power management:

processor	: 12
vendor_id	: GenuineIntel
cpu family	: 6
model		: 165
model name	: Intel(R) Core(TM) i7-10875H CPU @ 2.30GHz
stepping	: 2
microcode	: 0xffffffff
cpu MHz		: 2304.008
cache size	: 16384 KB
physical id	: 0
siblings	: 16
core id		: 6
cpu cores	: 8
apicid		: 12
initial apicid	: 12
fpu		: yes
fpu_exception	: yes
cpuid level	: 22
wp		: yes
flags		: fpu vme de pse tsc msr pae mce cx8 apic sep mtrr pge mca cmov pat pse36 clflush mmx fxsr sse sse2 ss ht syscall nx pdpe1gb rdtscp lm constant_tsc arch_perfmon rep_good nopl xtopology cpuid pni pclmulqdq vmx ssse3 fma cx16 pdcm pcid sse4_1 sse4_2 x2apic movbe popcnt aes xsave avx f16c rdrand hypervisor lahf_lm abm 3dnowprefetch invpcid_single ssbd ibrs ibpb stibp ibrs_enhanced tpr_shadow vnmi ept vpid ept_ad fsgsbase bmi1 avx2 smep bmi2 erms invpcid rdseed adx smap clflushopt xsaveopt xsavec xgetbv1 xsaves flush_l1d arch_capabilities
vmx flags	: vnmi invvpid ept_x_only ept_ad ept_1gb tsc_offset vtpr ept vpid unrestricted_guest ept_mode_based_exec
bugs		: spectre_v1 spectre_v2 spec_store_bypass swapgs itlb_multihit srbds mmio_stale_data retbleed eibrs_pbrsb gds
bogomips	: 4608.01
clflush size	: 64
cache_alignment	: 64
address sizes	: 39 bits physical, 48 bits virtual
power management:

processor	: 13
vendor_id	: GenuineIntel
cpu family	: 6
model		: 165
model name	: Intel(R) Core(TM) i7-10875H CPU @ 2.30GHz
stepping	: 2
microcode	: 0xffffffff
cpu MHz		: 2304.008
cache size	: 16384 KB
physical id	: 0
siblings	: 16
core id		: 6
cpu cores	: 8
apicid		: 13
initial apicid	: 13
fpu		: yes
fpu_exception	: yes
cpuid level	: 22
wp		: yes
flags		: fpu vme de pse tsc msr pae mce cx8 apic sep mtrr pge mca cmov pat pse36 clflush mmx fxsr sse sse2 ss ht syscall nx pdpe1gb rdtscp lm constant_tsc arch_perfmon rep_good nopl xtopology cpuid pni pclmulqdq vmx ssse3 fma cx16 pdcm pcid sse4_1 sse4_2 x2apic movbe popcnt aes xsave avx f16c rdrand hypervisor lahf_lm abm 3dnowprefetch invpcid_single ssbd ibrs ibpb stibp ibrs_enhanced tpr_shadow vnmi ept vpid ept_ad fsgsbase bmi1 avx2 smep bmi2 erms invpcid rdseed adx smap clflushopt xsaveopt xsavec xgetbv1 xsaves flush_l1d arch_capabilities
vmx flags	: vnmi invvpid ept_x_only ept_ad ept_1gb tsc_offset vtpr ept vpid unrestricted_guest ept_mode_based_exec
bugs		: spectre_v1 spectre_v2 spec_store_bypass swapgs itlb_multihit srbds mmio_stale_data retbleed eibrs_pbrsb gds
bogomips	: 4608.01
clflush size	: 64
cache_alignment	: 64
address sizes	: 39 bits physical, 48 bits virtual
power management:

processor	: 14
vendor_id	: GenuineIntel
cpu family	: 6
model		: 165
model name	: Intel(R) Core(TM) i7-10875H CPU @ 2.30GHz
stepping	: 2
microcode	: 0xffffffff
cpu MHz		: 2304.008
cache size	: 16384 KB
physical id	: 0
siblings	: 16
core id		: 7
cpu cores	: 8
apicid		: 14
initial apicid	: 14
fpu		: yes
fpu_exception	: yes
cpuid level	: 22
wp		: yes
flags		: fpu vme de pse tsc msr pae mce cx8 apic sep mtrr pge mca cmov pat pse36 clflush mmx fxsr sse sse2 ss ht syscall nx pdpe1gb rdtscp lm constant_tsc arch_perfmon rep_good nopl xtopology cpuid pni pclmulqdq vmx ssse3 fma cx16 pdcm pcid sse4_1 sse4_2 x2apic movbe popcnt aes xsave avx f16c rdrand hypervisor lahf_lm abm 3dnowprefetch invpcid_single ssbd ibrs ibpb stibp ibrs_enhanced tpr_shadow vnmi ept vpid ept_ad fsgsbase bmi1 avx2 smep bmi2 erms invpcid rdseed adx smap clflushopt xsaveopt xsavec xgetbv1 xsaves flush_l1d arch_capabilities
vmx flags	: vnmi invvpid ept_x_only ept_ad ept_1gb tsc_offset vtpr ept vpid unrestricted_guest ept_mode_based_exec
bugs		: spectre_v1 spectre_v2 spec_store_bypass swapgs itlb_multihit srbds mmio_stale_data retbleed eibrs_pbrsb gds
bogomips	: 4608.01
clflush size	: 64
cache_alignment	: 64
address sizes	: 39 bits physical, 48 bits virtual
power management:

processor	: 15
vendor_id	: GenuineIntel
cpu family	: 6
model		: 165
model name	: Intel(R) Core(TM) i7-10875H CPU @ 2.30GHz
stepping	: 2
microcode	: 0xffffffff
cpu MHz		: 2304.008
cache size	: 16384 KB
physical id	: 0
siblings	: 16
core id		: 7
cpu cores	: 8
apicid		: 15
initial apicid	: 15
fpu		: yes
fpu_exception	: yes
cpuid level	: 22
wp		: yes
flags		: fpu vme de pse tsc msr pae mce cx8 apic sep mtrr pge mca cmov pat pse36 clflush mmx fxsr sse sse2 ss ht syscall nx pdpe1gb rdtscp lm constant_tsc arch_perfmon rep_good nopl xtopology cpuid pni pclmulqdq vmx ssse3 fma cx16 pdcm pcid sse4_1 sse4_2 x2apic movbe popcnt aes xsave avx f16c rdrand hypervisor lahf_lm abm 3dnowprefetch invpcid_single ssbd ibrs ibpb stibp ibrs_enhanced tpr_shadow vnmi ept vpid ept_ad fsgsbase bmi1 avx2 smep bmi2 erms invpcid rdseed adx smap clflushopt xsaveopt xsavec xgetbv1 xsaves flush_l1d arch_capabilities
vmx flags	: vnmi invvpid ept_x_only ept_ad ept_1gb tsc_offset vtpr ept vpid unrestricted_guest ept_mode_based_exec
bugs		: spectre_v1 spectre_v2 spec_store_bypass swapgs itlb_multihit srbds mmio_stale_data retbleed eibrs_pbrsb gds
bogomips	: 4608.01
clflush size	: 64
cache_alignment	: 64
address sizes	: 39 bits physical, 48 bits virtual
power management:



Memory: 4k page, physical 8085828k(1444080k free), swap 2097152k(2011780k free)

vm_info: OpenJDK 64-Bit Server VM (25.402-b00) for linux-amd64 JRE (1.8.0_402-internal-racerz_2024_01_30_12_46-b00), built on Jan 30 2024 19:59:16 by "racerz" with gcc 4.9.3

time: Tue Jan 30 20:01:44 2024
timezone: CST
elapsed time: 28.273443 seconds (0d 0h 0m 28s)

