#
# A fatal error has been detected by the Java Runtime Environment:
#
#  SIGSEGV (0xb) at pc=0x00007f3aad9a2913, pid=250269, tid=0x00007f3a98418700
#
# JRE version: OpenJDK Runtime Environment (8.0_402) (build 1.8.0_402-internal-racerz_2024_01_30_12_46-b00)
# Java VM: OpenJDK 64-Bit Server VM (25.402-b00 mixed mode linux-amd64 compressed oops)
# Problematic frame:
# V  [libjvm.so+0x415913]  ciEnv::get_klass_by_name_impl(ciKlass*, constantPoolHandle, ciSymbol*, bool)+0x43
#
# Failed to write core dump. Core dumps have been disabled. To enable core dumping, try "ulimit -c unlimited" before starting Java again
#
# If you would like to submit a bug report, please visit:
#   http://bugreport.java.com/bugreport/crash.jsp
#

---------------  T H R E A D  ---------------

Current thread (0x00007f3aa80e9000):  JavaThread "C1 CompilerThread1" daemon [_thread_in_vm, id=250276, stack(0x00007f3a98319000,0x00007f3a98419000)]

siginfo: si_signo: 11 (SIGSEGV), si_code: 1 (SEGV_MAPERR), si_addr: 0x0000000000000008

Registers:
RAX=0x00007f3aa80e9000, RBX=0x00007f39f3b57e80, RCX=0x00007f39f3b57e80, RDX=0x00007f3aae4a2340
RSP=0x00007f3a98417710, RBP=0x00007f3a98417790, RSI=0x0000000000000001, RDI=0x0000000000000010
R8 =0x00007f3aa80e9000, R9 =0x00007f39f3e2fee0, R10=0x00007f3aae46ac00, R11=0x00007f3aa80e9ca0
R12=0x00007f3aa80e9000, R13=0x00007f3a7c7e4060, R14=0x00007f3a98417af0, R15=0x0000000000000000
RIP=0x00007f3aad9a2913, EFLAGS=0x0000000000010246, CSGSFS=0x002b000000000033, ERR=0x0000000000000004
  TRAPNO=0x000000000000000e

Top of Stack: (sp=0x00007f3a98417710)
0x00007f3a98417710:   00007f3a98417770 3c977f3bdfbda300
0x00007f3a98417720:   00007f3aa809cff0 00007f3a98417810
0x00007f3a98417730:   00007f3aa80e9000 0000000000000000
0x00007f3a98417740:   00007f3a98417800 00007f3a00000000
0x00007f3a98417750:   00007f3a98417790 00007f3aad9c9a7d
0x00007f3a98417760:   00007f3a98417810 00007f3a98417810
0x00007f3a98417770:   0000000000000000 0000000000000000
0x00007f3a98417780:   00007f3aa80e9000 00007f3a7c7e41d0
0x00007f3a98417790:   00007f3a98417860 00007f3aad9cdddd
0x00007f3a984177a0:   00007f3a7c7e4060 00007f3a4804f6f0
0x00007f3a984177b0:   00000000000003d8 00007f3a98417800
0x00007f3a984177c0:   00007f3a98417890 00007f3aa80ea048
0x00007f3a984177d0:   00007f3aa80e9ca0 00007f3aa80e9c20
0x00007f3a984177e0:   00007f3aa80e9c60 00007f3aad9ad1b4
0x00007f3a984177f0:   00007f3a98417af0 000000010059a078
0x00007f3a98417800:   00007f39f3e2fee0 00007f3aa80e9000
0x00007f3a98417810:   00007f3aac637ab0 0000001400000002
0x00007f3a98417820:   00007f010000000c 00007f3aa80e9ca0
0x00007f3a98417830:   00007f3a98417890 00007f3a7c7e4110
0x00007f3a98417840:   00007f39f3e2fee0 00007f3a7c7e41d0
0x00007f3a98417850:   00007f3aa80e9000 00007f3a984178f0
0x00007f3a98417860:   00007f3a984178d0 00007f3aad9b511a
0x00007f3a98417870:   0000000000000063 000000010059a078
0x00007f3a98417880:   00007f3a7c7e4060 00007f3aa808a790
0x00007f3a98417890:   00007f39f3e2fee0 00007f3aa80e9000
0x00007f3a984178a0:   00007f3aad9cd7e0 00007f3a7c7e4110
0x00007f3a984178b0:   00007f39f3e302a0 00007f3aa80e9000
0x00007f3a984178c0:   00007f3a7c7e4060 00007f3a98417af8
0x00007f3a984178d0:   00007f3a98417930 00007f3aad9cca91
0x00007f3a984178e0:   00007f3a7c970c50 00007f3aae451e00
0x00007f3a984178f0:   00007f39f3e302a0 00007f3aa80e9000
0x00007f3a98417900:   00007f3a7c7e4030 0000000000000063 

Instructions: (pc=0x00007f3aad9a2913)
0x00007f3aad9a28f3:   45 b8 e8 66 08 6d 00 84 c0 74 11 48 8d 05 03 fb
0x00007f3aad9a2903:   a7 00 8b 38 e8 5c 89 df ff 49 89 c4 4c 8b 7b 10
0x00007f3aad9a2913:   41 80 7f 08 4c 74 3e 49 8b 7e 40 31 c9 48 89 da
0x00007f3aad9a2923:   4c 89 ee e8 c5 7e 02 00 48 85 c0 48 89 c2 0f 84 

Register to memory mapping:

RAX=0x00007f3aa80e9000 is a thread
RBX={method} {0x00007f39f3b57e80} 'getXMLFilter' '()Lorg/xml/sax/XMLFilter;' in 'org/dom4j/io/SAXReader'
RCX={method} {0x00007f39f3b57e80} 'getXMLFilter' '()Lorg/xml/sax/XMLFilter;' in 'org/dom4j/io/SAXReader'
RDX=0x00007f3aae4a2340: <offset 0x1e340> in /lib/x86_64-linux-gnu/libpthread.so.0 at 0x00007f3aae484000
RSP=0x00007f3a98417710 is pointing into the stack for thread: 0x00007f3aa80e9000
RBP=0x00007f3a98417790 is pointing into the stack for thread: 0x00007f3aa80e9000
RSI=0x0000000000000001 is an unknown value
RDI=0x0000000000000010 is an unknown value
R8 =0x00007f3aa80e9000 is a thread
R9 =0x00007f39f3e2fee0 is pointing into metadata
R10=0x00007f3aae46ac00: <offset 0xeddc00> in /home/racerz/openjdk8/build/linux-x86_64-normal-server-release/jdk/lib/amd64/server/libjvm.so at 0x00007f3aad58d000
R11=0x00007f3aa80e9ca0 is an unknown value
R12=0x00007f3aa80e9000 is a thread
R13=0x00007f3a7c7e4060 is an unknown value
R14=0x00007f3a98417af0 is pointing into the stack for thread: 0x00007f3aa80e9000
R15=0x0000000000000000 is an unknown value


Stack: [0x00007f3a98319000,0x00007f3a98419000],  sp=0x00007f3a98417710,  free space=1017k
Native frames: (J=compiled Java code, j=interpreted, Vv=VM code, C=native code)
V  [libjvm.so+0x415913]  ciEnv::get_klass_by_name_impl(ciKlass*, constantPoolHandle, ciSymbol*, bool)+0x43
V  [libjvm.so+0x440ddd]  ciSignature::ciSignature(ciKlass*, constantPoolHandle, ciSymbol*)+0x56d
V  [libjvm.so+0x42811a]  ciMethod::ciMethod(methodHandle, ciInstanceKlass*)+0x2aa
V  [libjvm.so+0x43fa91]  ciObjectFactory::create_new_metadata(Metadata*)+0x131
V  [libjvm.so+0x43e69b]  ciObjectFactory::get_metadata(Metadata*)+0x7b
V  [libjvm.so+0x41533f]  ciEnv::get_method_from_handle(Method*)+0xbf
V  [libjvm.so+0x4b9b69]  CompileBroker::invoke_compiler_on_method(CompileTask*)+0x579
V  [libjvm.so+0x4bb557]  CompileBroker::compiler_thread_loop()+0x407
V  [libjvm.so+0xadeeb8]  JavaThread::thread_main_inner()+0xd8
V  [libjvm.so+0x979222]  java_start(Thread*)+0xf2
C  [libpthread.so.0+0x8609]  start_thread+0xd9


Current CompileTask:
C1:  28557 7056       1       org.apache.xerces.xni.parser.XMLConfigurationException::getIdentifier (5 bytes)


---------------  P R O C E S S  ---------------

Java Threads: ( => current thread )
  0x00007f3a40011800 JavaThread "http-nio-8002-exec-20" daemon [_thread_blocked, id=250846, stack(0x00007f39f37a9000,0x00007f39f38aa000)]
  0x00007f3a60019000 JavaThread "process reaper" daemon [_thread_blocked, id=250617, stack(0x00007f39f3eaa000,0x00007f39f3ee3000)]
  0x00007f3a54036800 JavaThread "process reaper" daemon [_thread_blocked, id=250616, stack(0x00007f39f3ee3000,0x00007f39f3f1c000)]
  0x00007f3a4c010000 JavaThread "process reaper" daemon [_thread_blocked, id=250615, stack(0x00007f39f3f1c000,0x00007f39f3f55000)]
  0x00007f3a30006800 JavaThread "process reaper" daemon [_thread_blocked, id=250614, stack(0x00007f39f3f55000,0x00007f39f3f8e000)]
  0x00007f3a38007800 JavaThread "process reaper" daemon [_thread_blocked, id=250613, stack(0x00007f39f3f8e000,0x00007f39f3fc7000)]
  0x00007f3a68021800 JavaThread "process reaper" daemon [_thread_blocked, id=250612, stack(0x00007f39f3fc7000,0x00007f39f4000000)]
  0x00007f3a5000e800 JavaThread "process reaper" daemon [_thread_blocked, id=250611, stack(0x00007f3a7802a000,0x00007f3a78063000)]
  0x00007f3a4000f800 JavaThread "http-nio-8002-exec-19" daemon [_thread_blocked, id=250605, stack(0x00007f3a78063000,0x00007f3a78164000)]
  0x00007f3a38005800 JavaThread "HikariPool-1 connection adder" daemon [_thread_blocked, id=250594, stack(0x00007f3a78164000,0x00007f3a78265000)]
  0x00007f3a24077000 JavaThread "HikariPool-1 housekeeper" daemon [_thread_blocked, id=250591, stack(0x00007f3a78265000,0x00007f3a78366000)]
  0x00007f3a58022000 JavaThread "process reaper" daemon [_thread_blocked, id=250486, stack(0x00007f3a7884f000,0x00007f3a78888000)]
  0x00007f3a6801f000 JavaThread "process reaper" daemon [_thread_blocked, id=250382, stack(0x00007f3a78888000,0x00007f3a788c1000)]
  0x00007f3a5c02e800 JavaThread "process reaper" daemon [_thread_blocked, id=250380, stack(0x00007f3a788c1000,0x00007f3a788fa000)]
  0x00007f3a28015800 JavaThread "process reaper" daemon [_thread_blocked, id=250376, stack(0x00007f3a788fa000,0x00007f3a78933000)]
  0x00007f3a60016800 JavaThread "process reaper" daemon [_thread_blocked, id=250375, stack(0x00007f3a78933000,0x00007f3a7896c000)]
  0x00007f3a44012000 JavaThread "process reaper" daemon [_thread_blocked, id=250374, stack(0x00007f3a7896c000,0x00007f3a789a5000)]
  0x00007f3a2000c000 JavaThread "process reaper" daemon [_thread_blocked, id=250372, stack(0x00007f3a789a5000,0x00007f3a789de000)]
  0x00007f3a4000e000 JavaThread "http-nio-8002-exec-18" daemon [_thread_blocked, id=250361, stack(0x00007f3a789de000,0x00007f3a78adf000)]
  0x00007f3a4000c000 JavaThread "http-nio-8002-exec-17" daemon [_thread_blocked, id=250360, stack(0x00007f3a78adf000,0x00007f3a78be0000)]
  0x00007f3a4000a800 JavaThread "http-nio-8002-exec-16" daemon [_thread_blocked, id=250359, stack(0x00007f3a78be0000,0x00007f3a78ce1000)]
  0x00007f3a40008800 JavaThread "http-nio-8002-exec-15" daemon [_thread_in_native, id=250358, stack(0x00007f3a78ce1000,0x00007f3a78de2000)]
  0x00007f3a40007000 JavaThread "http-nio-8002-exec-14" daemon [_thread_blocked, id=250357, stack(0x00007f3a78de2000,0x00007f3a78ee3000)]
  0x00007f3a40005000 JavaThread "http-nio-8002-exec-13" daemon [_thread_blocked, id=250356, stack(0x00007f3a78ee3000,0x00007f3a78fe4000)]
  0x00007f3a40003800 JavaThread "http-nio-8002-exec-12" daemon [_thread_blocked, id=250355, stack(0x00007f3a78fe4000,0x00007f3a790e5000)]
  0x00007f3a40001800 JavaThread "http-nio-8002-exec-11" daemon [_thread_blocked, id=250354, stack(0x00007f3a790e5000,0x00007f3a791e6000)]
  0x00007f3aa8021800 JavaThread "DestroyJavaVM" [_thread_blocked, id=250270, stack(0x00007f3aad33e000,0x00007f3aad43e000)]
  0x00007f3aa8b6a800 JavaThread "http-nio-8002-Acceptor" daemon [_thread_in_native, id=250305, stack(0x00007f3a795e6000,0x00007f3a796e7000)]
  0x00007f3aa8b4e000 JavaThread "http-nio-8002-Poller" daemon [_thread_in_native, id=250304, stack(0x00007f3a796e7000,0x00007f3a797e8000)]
  0x00007f3aa8b49000 JavaThread "http-nio-8002-exec-10" daemon [_thread_blocked, id=250303, stack(0x00007f3a797e8000,0x00007f3a798e9000)]
  0x00007f3aa8b47000 JavaThread "http-nio-8002-exec-9" daemon [_thread_blocked, id=250302, stack(0x00007f3a798e9000,0x00007f3a799ea000)]
  0x00007f3aa8b45000 JavaThread "http-nio-8002-exec-8" daemon [_thread_blocked, id=250301, stack(0x00007f3a799ea000,0x00007f3a79aeb000)]
  0x00007f3aa8b43000 JavaThread "http-nio-8002-exec-7" daemon [_thread_blocked, id=250300, stack(0x00007f3a79aeb000,0x00007f3a79bec000)]
  0x00007f3aa8b41000 JavaThread "http-nio-8002-exec-6" daemon [_thread_blocked, id=250299, stack(0x00007f3a79bec000,0x00007f3a79ced000)]
  0x00007f3aa8b3f000 JavaThread "http-nio-8002-exec-5" daemon [_thread_blocked, id=250298, stack(0x00007f3a79ced000,0x00007f3a79dee000)]
  0x00007f3aa8b3d800 JavaThread "http-nio-8002-exec-4" daemon [_thread_blocked, id=250297, stack(0x00007f3a79dee000,0x00007f3a79eef000)]
  0x00007f3aa8b3b000 JavaThread "http-nio-8002-exec-3" daemon [_thread_blocked, id=250296, stack(0x00007f3a79eef000,0x00007f3a79ff0000)]
  0x00007f3aa8b39800 JavaThread "http-nio-8002-exec-2" daemon [_thread_blocked, id=250295, stack(0x00007f3a79ff0000,0x00007f3a7a0f1000)]
  0x00007f3aa8b38000 JavaThread "http-nio-8002-exec-1" daemon [_thread_blocked, id=250294, stack(0x00007f3a7a0f1000,0x00007f3a7a1f2000)]
  0x00007f3aa8a22800 JavaThread "container-0" [_thread_blocked, id=250287, stack(0x00007f3a7a623000,0x00007f3a7a724000)]
  0x00007f3aa8a21000 JavaThread "Catalina-utility-2" [_thread_blocked, id=250286, stack(0x00007f3a7a724000,0x00007f3a7a825000)]
  0x00007f3aa8a14000 JavaThread "Catalina-utility-1" [_thread_blocked, id=250285, stack(0x00007f3a7a825000,0x00007f3a7a926000)]
  0x00007f3aa80ec800 JavaThread "Service Thread" daemon [_thread_blocked, id=250277, stack(0x00007f3a98217000,0x00007f3a98318000)]
=>0x00007f3aa80e9000 JavaThread "C1 CompilerThread1" daemon [_thread_in_vm, id=250276, stack(0x00007f3a98319000,0x00007f3a98419000)]
  0x00007f3aa80e3000 JavaThread "C2 CompilerThread0" daemon [_thread_in_native, id=250275, stack(0x00007f3a9841a000,0x00007f3a9851a000)]
  0x00007f3aa80d6800 JavaThread "Signal Dispatcher" daemon [_thread_blocked, id=250274, stack(0x00007f3aac00d000,0x00007f3aac10e000)]
  0x00007f3aa80b0800 JavaThread "Finalizer" daemon [_thread_blocked, id=250273, stack(0x00007f3aac2ba000,0x00007f3aac3bb000)]
  0x00007f3aa80ac000 JavaThread "Reference Handler" daemon [_thread_blocked, id=250272, stack(0x00007f3aac3bb000,0x00007f3aac4bc000)]

Other Threads:
  0x00007f3aa80a2000 VMThread [stack: 0x00007f3aac4bd000,0x00007f3aac5bd000] [id=250271]
  0x00007f3aa80f2000 WatcherThread [stack: 0x00007f3a9809d000,0x00007f3a9819d000] [id=250278]

VM state:not at safepoint (normal execution)

VM Mutex/Monitor currently owned by a thread:  ([mutex/lock_event])
[0x00007f3aa801e9b0] Safepoint_lock - owner thread: 0x00007f3aa80a2000

heap address: 0x0000000084800000, size: 1976 MB, Compressed Oops mode: 32-bit
Narrow klass base: 0x0000000000000000, Narrow klass shift: 3
Compressed class space size: 1073741824 Address: 0x0000000100000000

Heap:
 def new generation   total 38144K, used 12905K [0x0000000084800000, 0x0000000087160000, 0x00000000adaa0000)
  eden space 33920K,  35% used [0x0000000084800000, 0x00000000853d5380, 0x0000000086920000)
  from space 4224K,  18% used [0x0000000086d40000, 0x0000000086e051d8, 0x0000000087160000)
  to   space 4224K,   0% used [0x0000000086920000, 0x0000000086920000, 0x0000000086d40000)
 tenured generation   total 84672K, used 25703K [0x00000000adaa0000, 0x00000000b2d50000, 0x0000000100000000)
   the space 84672K,  30% used [0x00000000adaa0000, 0x00000000af3b9d40, 0x00000000af3b9e00, 0x00000000b2d50000)
 Metaspace       used 47735K, capacity 50598K, committed 50944K, reserved 1093632K
  class space    used 5758K, capacity 6273K, committed 6400K, reserved 1048576K

Card table byte_map: [0x00007f3aac921000,0x00007f3aaccfe000] byte_map_base: 0x00007f3aac4fd000

Polling page: 0x00007f3aae6fc000

CodeCache: size=245760Kb used=17916Kb max_used=18149Kb free=227843Kb
 bounds [0x00007f3a99000000, 0x00007f3a9a1d0000, 0x00007f3aa8000000]
 total_blobs=6768 nmethods=6267 adapters=413
 compilation: enabled

Compilation events (10 events):
Event: 28.554 Thread 0x00007f3aa80e9000 nmethod 7051 0x00007f3a99cb7d90 code [0x00007f3a99cb7ee0, 0x00007f3a99cb7ff0]
Event: 28.554 Thread 0x00007f3aa80e9000 7052       1       org.dom4j.io.SAXReader::isIncludeExternalDTDDeclarations (5 bytes)
Event: 28.554 Thread 0x00007f3aa80e9000 nmethod 7052 0x00007f3a99cbc110 code [0x00007f3a99cbc260, 0x00007f3a99cbc370]
Event: 28.554 Thread 0x00007f3aa80e9000 7053       1       org.dom4j.io.SAXReader::isMergeAdjacentText (5 bytes)
Event: 28.554 Thread 0x00007f3aa80e9000 nmethod 7053 0x00007f3a99e5f310 code [0x00007f3a99e5f460, 0x00007f3a99e5f570]
Event: 28.554 Thread 0x00007f3aa80e9000 7054       1       org.dom4j.io.SAXReader::isStripWhitespaceText (5 bytes)
Event: 28.554 Thread 0x00007f3aa80e9000 nmethod 7054 0x00007f3a995c1e10 code [0x00007f3a995c1f60, 0x00007f3a995c2070]
Event: 28.554 Thread 0x00007f3aa80e9000 7055       1       org.dom4j.io.SAXReader::isIgnoreComments (5 bytes)
Event: 28.554 Thread 0x00007f3aa80e9000 nmethod 7055 0x00007f3a99aba4d0 code [0x00007f3a99aba620, 0x00007f3a99aba730]
Event: 28.554 Thread 0x00007f3aa80e9000 7056       1       org.apache.xerces.xni.parser.XMLConfigurationException::getIdentifier (5 bytes)

GC Heap History (10 events):
Event: 24.834 GC heap before
{Heap before GC invocations=9 (full 2):
 def new generation   total 38144K, used 34645K [0x0000000084800000, 0x0000000087160000, 0x00000000adaa0000)
  eden space 33920K, 100% used [0x0000000084800000, 0x0000000086920000, 0x0000000086920000)
  from space 4224K,  17% used [0x0000000086920000, 0x00000000869d57e8, 0x0000000086d40000)
  to   space 4224K,   0% used [0x0000000086d40000, 0x0000000086d40000, 0x0000000087160000)
 tenured generation   total 84672K, used 23106K [0x00000000adaa0000, 0x00000000b2d50000, 0x0000000100000000)
   the space 84672K,  27% used [0x00000000adaa0000, 0x00000000af130968, 0x00000000af130a00, 0x00000000b2d50000)
 Metaspace       used 40072K, capacity 42598K, committed 42752K, reserved 1087488K
  class space    used 4858K, capacity 5300K, committed 5376K, reserved 1048576K
Event: 24.838 GC heap after
Heap after GC invocations=10 (full 2):
 def new generation   total 38144K, used 1368K [0x0000000084800000, 0x0000000087160000, 0x00000000adaa0000)
  eden space 33920K,   0% used [0x0000000084800000, 0x0000000084800000, 0x0000000086920000)
  from space 4224K,  32% used [0x0000000086d40000, 0x0000000086e96218, 0x0000000087160000)
  to   space 4224K,   0% used [0x0000000086920000, 0x0000000086920000, 0x0000000086d40000)
 tenured generation   total 84672K, used 23106K [0x00000000adaa0000, 0x00000000b2d50000, 0x0000000100000000)
   the space 84672K,  27% used [0x00000000adaa0000, 0x00000000af130968, 0x00000000af130a00, 0x00000000b2d50000)
 Metaspace       used 40072K, capacity 42598K, committed 42752K, reserved 1087488K
  class space    used 4858K, capacity 5300K, committed 5376K, reserved 1048576K
}
Event: 26.277 GC heap before
{Heap before GC invocations=10 (full 2):
 def new generation   total 38144K, used 35288K [0x0000000084800000, 0x0000000087160000, 0x00000000adaa0000)
  eden space 33920K, 100% used [0x0000000084800000, 0x0000000086920000, 0x0000000086920000)
  from space 4224K,  32% used [0x0000000086d40000, 0x0000000086e96218, 0x0000000087160000)
  to   space 4224K,   0% used [0x0000000086920000, 0x0000000086920000, 0x0000000086d40000)
 tenured generation   total 84672K, used 23106K [0x00000000adaa0000, 0x00000000b2d50000, 0x0000000100000000)
   the space 84672K,  27% used [0x00000000adaa0000, 0x00000000af130968, 0x00000000af130a00, 0x00000000b2d50000)
 Metaspace       used 42302K, capacity 44968K, committed 45312K, reserved 1089536K
  class space    used 5129K, capacity 5581K, committed 5632K, reserved 1048576K
Event: 26.282 GC heap after
Heap after GC invocations=11 (full 2):
 def new generation   total 38144K, used 3343K [0x0000000084800000, 0x0000000087160000, 0x00000000adaa0000)
  eden space 33920K,   0% used [0x0000000084800000, 0x0000000084800000, 0x0000000086920000)
  from space 4224K,  79% used [0x0000000086920000, 0x0000000086c63d28, 0x0000000086d40000)
  to   space 4224K,   0% used [0x0000000086d40000, 0x0000000086d40000, 0x0000000087160000)
 tenured generation   total 84672K, used 23106K [0x00000000adaa0000, 0x00000000b2d50000, 0x0000000100000000)
   the space 84672K,  27% used [0x00000000adaa0000, 0x00000000af130968, 0x00000000af130a00, 0x00000000b2d50000)
 Metaspace       used 42302K, capacity 44968K, committed 45312K, reserved 1089536K
  class space    used 5129K, capacity 5581K, committed 5632K, reserved 1048576K
}
Event: 27.481 GC heap before
{Heap before GC invocations=11 (full 2):
 def new generation   total 38144K, used 37263K [0x0000000084800000, 0x0000000087160000, 0x00000000adaa0000)
  eden space 33920K, 100% used [0x0000000084800000, 0x0000000086920000, 0x0000000086920000)
  from space 4224K,  79% used [0x0000000086920000, 0x0000000086c63d28, 0x0000000086d40000)
  to   space 4224K,   0% used [0x0000000086d40000, 0x0000000086d40000, 0x0000000087160000)
 tenured generation   total 84672K, used 23106K [0x00000000adaa0000, 0x00000000b2d50000, 0x0000000100000000)
   the space 84672K,  27% used [0x00000000adaa0000, 0x00000000af130968, 0x00000000af130a00, 0x00000000b2d50000)
 Metaspace       used 44691K, capacity 47488K, committed 47744K, reserved 1091584K
  class space    used 5442K, capacity 5899K, committed 6016K, reserved 1048576K
Event: 27.491 GC heap after
Heap after GC invocations=12 (full 2):
 def new generation   total 38144K, used 2546K [0x0000000084800000, 0x0000000087160000, 0x00000000adaa0000)
  eden space 33920K,   0% used [0x0000000084800000, 0x0000000084800000, 0x0000000086920000)
  from space 4224K,  60% used [0x0000000086d40000, 0x0000000086fbc8a8, 0x0000000087160000)
  to   space 4224K,   0% used [0x0000000086920000, 0x0000000086920000, 0x0000000086d40000)
 tenured generation   total 84672K, used 24528K [0x00000000adaa0000, 0x00000000b2d50000, 0x0000000100000000)
   the space 84672K,  28% used [0x00000000adaa0000, 0x00000000af2943f8, 0x00000000af294400, 0x00000000b2d50000)
 Metaspace       used 44691K, capacity 47488K, committed 47744K, reserved 1091584K
  class space    used 5442K, capacity 5899K, committed 6016K, reserved 1048576K
}
Event: 27.951 GC heap before
{Heap before GC invocations=12 (full 2):
 def new generation   total 38144K, used 36466K [0x0000000084800000, 0x0000000087160000, 0x00000000adaa0000)
  eden space 33920K, 100% used [0x0000000084800000, 0x0000000086920000, 0x0000000086920000)
  from space 4224K,  60% used [0x0000000086d40000, 0x0000000086fbc8a8, 0x0000000087160000)
  to   space 4224K,   0% used [0x0000000086920000, 0x0000000086920000, 0x0000000086d40000)
 tenured generation   total 84672K, used 24528K [0x00000000adaa0000, 0x00000000b2d50000, 0x0000000100000000)
   the space 84672K,  28% used [0x00000000adaa0000, 0x00000000af2943f8, 0x00000000af294400, 0x00000000b2d50000)
 Metaspace       used 45402K, capacity 48264K, committed 48512K, reserved 1091584K
  class space    used 5518K, capacity 6001K, committed 6016K, reserved 1048576K
Event: 27.956 GC heap after
Heap after GC invocations=13 (full 2):
 def new generation   total 38144K, used 682K [0x0000000084800000, 0x0000000087160000, 0x00000000adaa0000)
  eden space 33920K,   0% used [0x0000000084800000, 0x0000000084800000, 0x0000000086920000)
  from space 4224K,  16% used [0x0000000086920000, 0x00000000869ca9a0, 0x0000000086d40000)
  to   space 4224K,   0% used [0x0000000086d40000, 0x0000000086d40000, 0x0000000087160000)
 tenured generation   total 84672K, used 25703K [0x00000000adaa0000, 0x00000000b2d50000, 0x0000000100000000)
   the space 84672K,  30% used [0x00000000adaa0000, 0x00000000af3b9d40, 0x00000000af3b9e00, 0x00000000b2d50000)
 Metaspace       used 45402K, capacity 48264K, committed 48512K, reserved 1091584K
  class space    used 5518K, capacity 6001K, committed 6016K, reserved 1048576K
}
Event: 28.369 GC heap before
{Heap before GC invocations=13 (full 2):
 def new generation   total 38144K, used 34602K [0x0000000084800000, 0x0000000087160000, 0x00000000adaa0000)
  eden space 33920K, 100% used [0x0000000084800000, 0x0000000086920000, 0x0000000086920000)
  from space 4224K,  16% used [0x0000000086920000, 0x00000000869ca9a0, 0x0000000086d40000)
  to   space 4224K,   0% used [0x0000000086d40000, 0x0000000086d40000, 0x0000000087160000)
 tenured generation   total 84672K, used 25703K [0x00000000adaa0000, 0x00000000b2d50000, 0x0000000100000000)
   the space 84672K,  30% used [0x00000000adaa0000, 0x00000000af3b9d40, 0x00000000af3b9e00, 0x00000000b2d50000)
 Metaspace       used 46462K, capacity 49288K, committed 49408K, reserved 1093632K
  class space    used 5619K, capacity 6104K, committed 6144K, reserved 1048576K
Event: 28.372 GC heap after
Heap after GC invocations=14 (full 2):
 def new generation   total 38144K, used 788K [0x0000000084800000, 0x0000000087160000, 0x00000000adaa0000)
  eden space 33920K,   0% used [0x0000000084800000, 0x0000000084800000, 0x0000000086920000)
  from space 4224K,  18% used [0x0000000086d40000, 0x0000000086e051d8, 0x0000000087160000)
  to   space 4224K,   0% used [0x0000000086920000, 0x0000000086920000, 0x0000000086d40000)
 tenured generation   total 84672K, used 25703K [0x00000000adaa0000, 0x00000000b2d50000, 0x0000000100000000)
   the space 84672K,  30% used [0x00000000adaa0000, 0x00000000af3b9d40, 0x00000000af3b9e00, 0x00000000b2d50000)
 Metaspace       used 46462K, capacity 49288K, committed 49408K, reserved 1093632K
  class space    used 5619K, capacity 6104K, committed 6144K, reserved 1048576K
}

Deoptimization events (10 events):
Event: 27.269 Thread 0x00007f3aa8b43000 Uncommon trap: reason=class_check action=maybe_recompile pc=0x00007f3a99f76d70 method=java.util.Collections$UnmodifiableList.get(I)Ljava/lang/Object; @ 5
Event: 27.269 Thread 0x00007f3aa8b43000 Uncommon trap: reason=class_check action=maybe_recompile pc=0x00007f3a99f76d70 method=java.util.Collections$UnmodifiableList.get(I)Ljava/lang/Object; @ 5
Event: 27.269 Thread 0x00007f3aa8b43000 Uncommon trap: reason=class_check action=maybe_recompile pc=0x00007f3a99f76d70 method=java.util.Collections$UnmodifiableList.get(I)Ljava/lang/Object; @ 5
Event: 27.269 Thread 0x00007f3aa8b43000 Uncommon trap: reason=class_check action=maybe_recompile pc=0x00007f3a99f76d70 method=java.util.Collections$UnmodifiableList.get(I)Ljava/lang/Object; @ 5
Event: 27.497 Thread 0x00007f3aa8b41000 Uncommon trap: reason=unstable_if action=reinterpret pc=0x00007f3a99e0f3e8 method=org.springframework.util.StringUtils.uriDecode(Ljava/lang/String;Ljava/nio/charset/Charset;)Ljava/lang/String; @ 50
Event: 28.219 Thread 0x00007f3a4000c000 Uncommon trap: reason=unstable_if action=reinterpret pc=0x00007f3a9951c4d0 method=java.util.HashMap.putVal(ILjava/lang/Object;Ljava/lang/Object;ZZ)Ljava/lang/Object; @ 236
Event: 28.423 Thread 0x00007f3a4000c000 Uncommon trap: reason=unstable_if action=reinterpret pc=0x00007f3a99dd2f2c method=java.net.URI.match(CJJ)Z @ 45
Event: 28.507 Thread 0x00007f3aa8b49000 Uncommon trap: reason=null_assert action=make_not_entrant pc=0x00007f3a9a1a8abc method=java.util.ArrayList.get(I)Ljava/lang/Object; @ 10
Event: 28.507 Thread 0x00007f3aa8b49000 Uncommon trap: reason=unloaded action=reinterpret pc=0x00007f3a9915c9fc method=java.util.ArrayList.indexOf(Ljava/lang/Object;)I @ 51
Event: 28.515 Thread 0x00007f3a40001800 Uncommon trap: reason=class_check action=maybe_recompile pc=0x00007f3a9911cadc method=java.util.Properties$LineReader.readLine()I @ 410

Classes redefined (0 events):
No events

Internal exceptions (10 events):
Event: 24.580 Thread 0x00007f3aa8b39800 Exception <a 'sun/nio/fs/UnixException'> (0x00000000861482d8) thrown at [/home/racerz/jdk8u-jdk8u402-b05/hotspot/src/share/vm/prims/jni.cpp, line 742]
Event: 24.672 Thread 0x00007f3aa8b38000 Exception <a 'sun/nio/fs/UnixException'> (0x000000008637e130) thrown at [/home/racerz/jdk8u-jdk8u402-b05/hotspot/src/share/vm/prims/jni.cpp, line 742]
Event: 24.674 Thread 0x00007f3a40001800 Exception <a 'sun/nio/fs/UnixException'> (0x00000000863b1fc0) thrown at [/home/racerz/jdk8u-jdk8u402-b05/hotspot/src/share/vm/prims/jni.cpp, line 742]
Event: 24.748 Thread 0x00007f3a40003800 Exception <a 'sun/nio/fs/UnixException'> (0x00000000864e4458) thrown at [/home/racerz/jdk8u-jdk8u402-b05/hotspot/src/share/vm/prims/jni.cpp, line 742]
Event: 24.828 Thread 0x00007f3aa8b49000 Exception <a 'sun/nio/fs/UnixException'> (0x000000008657fbf0) thrown at [/home/racerz/jdk8u-jdk8u402-b05/hotspot/src/share/vm/prims/jni.cpp, line 742]
Event: 24.928 Thread 0x00007f3a40008800 Exception <a 'sun/nio/fs/UnixException'> (0x00000000848aace8) thrown at [/home/racerz/jdk8u-jdk8u402-b05/hotspot/src/share/vm/prims/jni.cpp, line 742]
Event: 25.027 Thread 0x00007f3aa8b3d800 Exception <a 'sun/nio/fs/UnixException'> (0x0000000084b9cf78) thrown at [/home/racerz/jdk8u-jdk8u402-b05/hotspot/src/share/vm/prims/jni.cpp, line 742]
Event: 26.087 Thread 0x00007f3aa8b43000 Implicit null exception at 0x00007f3a99dd967a to 0x00007f3a99dd9d4d
Event: 26.337 Thread 0x00007f3a4000f800 Implicit null exception at 0x00007f3a99dde194 to 0x00007f3a99ddeb21
Event: 26.344 Thread 0x00007f3aa8b38000 Implicit null exception at 0x00007f3a99e48dfe to 0x00007f3a99e496fd

Events (10 events):
Event: 28.550 Thread 0x00007f3aa80e9000 flushing nmethod 0x00007f3a99c80d50
Event: 28.550 Thread 0x00007f3aa80e9000 flushing nmethod 0x00007f3a99cb7d90
Event: 28.550 Thread 0x00007f3aa80e9000 flushing nmethod 0x00007f3a99cbc110
Event: 28.550 Thread 0x00007f3aa80e9000 flushing nmethod 0x00007f3a99cf3210
Event: 28.550 Thread 0x00007f3aa80e9000 flushing nmethod 0x00007f3a99cf7690
Event: 28.550 Thread 0x00007f3aa80e9000 flushing nmethod 0x00007f3a99d1f650
Event: 28.551 Thread 0x00007f3aa80e9000 flushing nmethod 0x00007f3a99dd9390
Event: 28.551 Thread 0x00007f3aa80e9000 flushing nmethod 0x00007f3a99e5f310
Event: 28.551 Thread 0x00007f3aa80e9000 flushing nmethod 0x00007f3a99f40990
Event: 28.551 Thread 0x00007f3aa80e9000 flushing nmethod 0x00007f3a99f436d0


Dynamic libraries:
84800000-87160000 rw-p 00000000 00:00 0 
87160000-adaa0000 ---p 00000000 00:00 0 
adaa0000-b2d50000 rw-p 00000000 00:00 0 
b2d50000-100000000 ---p 00000000 00:00 0 
100000000-100640000 rw-p 00000000 00:00 0 
100640000-140000000 ---p 00000000 00:00 0 
55d37e112000-55d37e113000 r--p 00000000 08:20 564708                     /home/racerz/openjdk8/build/linux-x86_64-normal-server-release/jdk/bin/java
55d37e113000-55d37e114000 r-xp 00001000 08:20 564708                     /home/racerz/openjdk8/build/linux-x86_64-normal-server-release/jdk/bin/java
55d37e114000-55d37e115000 r--p 00002000 08:20 564708                     /home/racerz/openjdk8/build/linux-x86_64-normal-server-release/jdk/bin/java
55d37e115000-55d37e116000 r--p 00002000 08:20 564708                     /home/racerz/openjdk8/build/linux-x86_64-normal-server-release/jdk/bin/java
55d37e116000-55d37e117000 rw-p 00003000 08:20 564708                     /home/racerz/openjdk8/build/linux-x86_64-normal-server-release/jdk/bin/java
55d37e71c000-55d37e73d000 rw-p 00000000 00:00 0                          [heap]
7f39c8000000-7f39c8021000 rw-p 00000000 00:00 0 
7f39c8021000-7f39cc000000 ---p 00000000 00:00 0 
7f39d0000000-7f39d0021000 rw-p 00000000 00:00 0 
7f39d0021000-7f39d4000000 ---p 00000000 00:00 0 
7f39d4000000-7f39d4021000 rw-p 00000000 00:00 0 
7f39d4021000-7f39d8000000 ---p 00000000 00:00 0 
7f39d8000000-7f39d8021000 rw-p 00000000 00:00 0 
7f39d8021000-7f39dc000000 ---p 00000000 00:00 0 
7f39dc000000-7f39dc021000 rw-p 00000000 00:00 0 
7f39dc021000-7f39e0000000 ---p 00000000 00:00 0 
7f39e0000000-7f39e0021000 rw-p 00000000 00:00 0 
7f39e0021000-7f39e4000000 ---p 00000000 00:00 0 
7f39e4000000-7f39e4021000 rw-p 00000000 00:00 0 
7f39e4021000-7f39e8000000 ---p 00000000 00:00 0 
7f39e8000000-7f39e8021000 rw-p 00000000 00:00 0 
7f39e8021000-7f39ec000000 ---p 00000000 00:00 0 
7f39ec000000-7f39ec032000 rw-p 00000000 00:00 0 
7f39ec032000-7f39f0000000 ---p 00000000 00:00 0 
7f39f37a9000-7f39f37ac000 ---p 00000000 00:00 0 
7f39f37ac000-7f39f3a2a000 rw-p 00000000 00:00 0 
7f39f3a2a000-7f39f3aaa000 ---p 00000000 00:00 0 
7f39f3aaa000-7f39f3caa000 rw-p 00000000 00:00 0 
7f39f3caa000-7f39f3eaa000 rw-p 00000000 00:00 0 
7f39f3eaa000-7f39f3ead000 ---p 00000000 00:00 0 
7f39f3ead000-7f39f3ee3000 rw-p 00000000 00:00 0 
7f39f3ee3000-7f39f3ee6000 ---p 00000000 00:00 0 
7f39f3ee6000-7f39f3f1c000 rw-p 00000000 00:00 0 
7f39f3f1c000-7f39f3f1f000 ---p 00000000 00:00 0 
7f39f3f1f000-7f39f3f55000 rw-p 00000000 00:00 0 
7f39f3f55000-7f39f3f58000 ---p 00000000 00:00 0 
7f39f3f58000-7f39f3f8e000 rw-p 00000000 00:00 0 
7f39f3f8e000-7f39f3f91000 ---p 00000000 00:00 0 
7f39f3f91000-7f39f3fc7000 rw-p 00000000 00:00 0 
7f39f3fc7000-7f39f3fca000 ---p 00000000 00:00 0 
7f39f3fca000-7f39f4000000 rw-p 00000000 00:00 0 
7f39f4000000-7f39f4021000 rw-p 00000000 00:00 0 
7f39f4021000-7f39f8000000 ---p 00000000 00:00 0 
7f39f8000000-7f39f8164000 rw-p 00000000 00:00 0 
7f39f8164000-7f39fc000000 ---p 00000000 00:00 0 
7f39fc000000-7f39fc021000 rw-p 00000000 00:00 0 
7f39fc021000-7f3a00000000 ---p 00000000 00:00 0 
7f3a00000000-7f3a00021000 rw-p 00000000 00:00 0 
7f3a00021000-7f3a04000000 ---p 00000000 00:00 0 
7f3a04000000-7f3a04021000 rw-p 00000000 00:00 0 
7f3a04021000-7f3a08000000 ---p 00000000 00:00 0 
7f3a08000000-7f3a08021000 rw-p 00000000 00:00 0 
7f3a08021000-7f3a0c000000 ---p 00000000 00:00 0 
7f3a0c000000-7f3a0c021000 rw-p 00000000 00:00 0 
7f3a0c021000-7f3a10000000 ---p 00000000 00:00 0 
7f3a10000000-7f3a10021000 rw-p 00000000 00:00 0 
7f3a10021000-7f3a14000000 ---p 00000000 00:00 0 
7f3a14000000-7f3a1402c000 rw-p 00000000 00:00 0 
7f3a1402c000-7f3a18000000 ---p 00000000 00:00 0 
7f3a18000000-7f3a18021000 rw-p 00000000 00:00 0 
7f3a18021000-7f3a1c000000 ---p 00000000 00:00 0 
7f3a1c000000-7f3a1c03e000 rw-p 00000000 00:00 0 
7f3a1c03e000-7f3a20000000 ---p 00000000 00:00 0 
7f3a20000000-7f3a2005a000 rw-p 00000000 00:00 0 
7f3a2005a000-7f3a24000000 ---p 00000000 00:00 0 
7f3a24000000-7f3a24093000 rw-p 00000000 00:00 0 
7f3a24093000-7f3a28000000 ---p 00000000 00:00 0 
7f3a28000000-7f3a28032000 rw-p 00000000 00:00 0 
7f3a28032000-7f3a2c000000 ---p 00000000 00:00 0 
7f3a2c000000-7f3a2c062000 rw-p 00000000 00:00 0 
7f3a2c062000-7f3a30000000 ---p 00000000 00:00 0 
7f3a30000000-7f3a30027000 rw-p 00000000 00:00 0 
7f3a30027000-7f3a34000000 ---p 00000000 00:00 0 
7f3a34000000-7f3a34021000 rw-p 00000000 00:00 0 
7f3a34021000-7f3a38000000 ---p 00000000 00:00 0 
7f3a38000000-7f3a38086000 rw-p 00000000 00:00 0 
7f3a38086000-7f3a3c000000 ---p 00000000 00:00 0 
7f3a3c000000-7f3a3c030000 rw-p 00000000 00:00 0 
7f3a3c030000-7f3a40000000 ---p 00000000 00:00 0 
7f3a40000000-7f3a40022000 rw-p 00000000 00:00 0 
7f3a40022000-7f3a44000000 ---p 00000000 00:00 0 
7f3a44000000-7f3a440ac000 rw-p 00000000 00:00 0 
7f3a440ac000-7f3a48000000 ---p 00000000 00:00 0 
7f3a48000000-7f3a480ad000 rw-p 00000000 00:00 0 
7f3a480ad000-7f3a4c000000 ---p 00000000 00:00 0 
7f3a4c000000-7f3a4c0e0000 rw-p 00000000 00:00 0 
7f3a4c0e0000-7f3a50000000 ---p 00000000 00:00 0 
7f3a50000000-7f3a5008b000 rw-p 00000000 00:00 0 
7f3a5008b000-7f3a54000000 ---p 00000000 00:00 0 
7f3a54000000-7f3a54085000 rw-p 00000000 00:00 0 
7f3a54085000-7f3a58000000 ---p 00000000 00:00 0 
7f3a58000000-7f3a5803a000 rw-p 00000000 00:00 0 
7f3a5803a000-7f3a5c000000 ---p 00000000 00:00 0 
7f3a5c000000-7f3a5c05b000 rw-p 00000000 00:00 0 
7f3a5c05b000-7f3a60000000 ---p 00000000 00:00 0 
7f3a60000000-7f3a60035000 rw-p 00000000 00:00 0 
7f3a60035000-7f3a64000000 ---p 00000000 00:00 0 
7f3a64000000-7f3a64021000 rw-p 00000000 00:00 0 
7f3a64021000-7f3a68000000 ---p 00000000 00:00 0 
7f3a68000000-7f3a680a9000 rw-p 00000000 00:00 0 
7f3a680a9000-7f3a6c000000 ---p 00000000 00:00 0 
7f3a6c000000-7f3a6c021000 rw-p 00000000 00:00 0 
7f3a6c021000-7f3a70000000 ---p 00000000 00:00 0 
7f3a70000000-7f3a70021000 rw-p 00000000 00:00 0 
7f3a70021000-7f3a74000000 ---p 00000000 00:00 0 
7f3a74000000-7f3a74021000 rw-p 00000000 00:00 0 
7f3a74021000-7f3a78000000 ---p 00000000 00:00 0 
7f3a7802a000-7f3a7802d000 ---p 00000000 00:00 0 
7f3a7802d000-7f3a78063000 rw-p 00000000 00:00 0 
7f3a78063000-7f3a78066000 ---p 00000000 00:00 0 
7f3a78066000-7f3a78164000 rw-p 00000000 00:00 0 
7f3a78164000-7f3a78167000 ---p 00000000 00:00 0 
7f3a78167000-7f3a78265000 rw-p 00000000 00:00 0 
7f3a78265000-7f3a78268000 ---p 00000000 00:00 0 
7f3a78268000-7f3a78366000 rw-p 00000000 00:00 0 
7f3a78366000-7f3a78449000 r-xp 00000000 08:20 584568                     /tmp/sqlite-3.36.0.3-97e655d3-2238-4393-a4fa-913ae5934648-libsqlitejdbc.so
7f3a78449000-7f3a78648000 ---p 000e3000 08:20 584568                     /tmp/sqlite-3.36.0.3-97e655d3-2238-4393-a4fa-913ae5934648-libsqlitejdbc.so
7f3a78648000-7f3a7864f000 rw-p 000e2000 08:20 584568                     /tmp/sqlite-3.36.0.3-97e655d3-2238-4393-a4fa-913ae5934648-libsqlitejdbc.so
7f3a7864f000-7f3a7884f000 rw-p 00000000 00:00 0 
7f3a7884f000-7f3a78852000 ---p 00000000 00:00 0 
7f3a78852000-7f3a78888000 rw-p 00000000 00:00 0 
7f3a78888000-7f3a7888b000 ---p 00000000 00:00 0 
7f3a7888b000-7f3a788c1000 rw-p 00000000 00:00 0 
7f3a788c1000-7f3a788c4000 ---p 00000000 00:00 0 
7f3a788c4000-7f3a788fa000 rw-p 00000000 00:00 0 
7f3a788fa000-7f3a788fd000 ---p 00000000 00:00 0 
7f3a788fd000-7f3a78933000 rw-p 00000000 00:00 0 
7f3a78933000-7f3a78936000 ---p 00000000 00:00 0 
7f3a78936000-7f3a7896c000 rw-p 00000000 00:00 0 
7f3a7896c000-7f3a7896f000 ---p 00000000 00:00 0 
7f3a7896f000-7f3a789a5000 rw-p 00000000 00:00 0 
7f3a789a5000-7f3a789a8000 ---p 00000000 00:00 0 
7f3a789a8000-7f3a789de000 rw-p 00000000 00:00 0 
7f3a789de000-7f3a789e1000 ---p 00000000 00:00 0 
7f3a789e1000-7f3a78adf000 rw-p 00000000 00:00 0 
7f3a78adf000-7f3a78ae2000 ---p 00000000 00:00 0 
7f3a78ae2000-7f3a78be0000 rw-p 00000000 00:00 0 
7f3a78be0000-7f3a78be3000 ---p 00000000 00:00 0 
7f3a78be3000-7f3a78ce1000 rw-p 00000000 00:00 0 
7f3a78ce1000-7f3a78ce4000 ---p 00000000 00:00 0 
7f3a78ce4000-7f3a78de2000 rw-p 00000000 00:00 0 
7f3a78de2000-7f3a78de5000 ---p 00000000 00:00 0 
7f3a78de5000-7f3a78ee3000 rw-p 00000000 00:00 0 
7f3a78ee3000-7f3a78ee6000 ---p 00000000 00:00 0 
7f3a78ee6000-7f3a78fe4000 rw-p 00000000 00:00 0 
7f3a78fe4000-7f3a78fe7000 ---p 00000000 00:00 0 
7f3a78fe7000-7f3a790e5000 rw-p 00000000 00:00 0 
7f3a790e5000-7f3a790e8000 ---p 00000000 00:00 0 
7f3a790e8000-7f3a793e6000 rw-p 00000000 00:00 0 
7f3a793e6000-7f3a795e6000 rw-p 00000000 00:00 0 
7f3a795e6000-7f3a795e9000 ---p 00000000 00:00 0 
7f3a795e9000-7f3a796e7000 rw-p 00000000 00:00 0 
7f3a796e7000-7f3a796ea000 ---p 00000000 00:00 0 
7f3a796ea000-7f3a797e8000 rw-p 00000000 00:00 0 
7f3a797e8000-7f3a797eb000 ---p 00000000 00:00 0 
7f3a797eb000-7f3a798e9000 rw-p 00000000 00:00 0 
7f3a798e9000-7f3a798ec000 ---p 00000000 00:00 0 
7f3a798ec000-7f3a799ea000 rw-p 00000000 00:00 0 
7f3a799ea000-7f3a799ed000 ---p 00000000 00:00 0 
7f3a799ed000-7f3a79aeb000 rw-p 00000000 00:00 0 
7f3a79aeb000-7f3a79aee000 ---p 00000000 00:00 0 
7f3a79aee000-7f3a79bec000 rw-p 00000000 00:00 0 
7f3a79bec000-7f3a79bef000 ---p 00000000 00:00 0 
7f3a79bef000-7f3a79ced000 rw-p 00000000 00:00 0 
7f3a79ced000-7f3a79cf0000 ---p 00000000 00:00 0 
7f3a79cf0000-7f3a79dee000 rw-p 00000000 00:00 0 
7f3a79dee000-7f3a79df1000 ---p 00000000 00:00 0 
7f3a79df1000-7f3a79eef000 rw-p 00000000 00:00 0 
7f3a79eef000-7f3a79ef2000 ---p 00000000 00:00 0 
7f3a79ef2000-7f3a79ff0000 rw-p 00000000 00:00 0 
7f3a79ff0000-7f3a79ff3000 ---p 00000000 00:00 0 
7f3a79ff3000-7f3a7a0f1000 rw-p 00000000 00:00 0 
7f3a7a0f1000-7f3a7a0f4000 ---p 00000000 00:00 0 
7f3a7a0f4000-7f3a7a3f2000 rw-p 00000000 00:00 0 
7f3a7a3f4000-7f3a7a3f8000 r--p 00000000 08:20 29557                      /usr/lib/x86_64-linux-gnu/libresolv-2.31.so
7f3a7a3f8000-7f3a7a408000 r-xp 00004000 08:20 29557                      /usr/lib/x86_64-linux-gnu/libresolv-2.31.so
7f3a7a408000-7f3a7a40c000 r--p 00014000 08:20 29557                      /usr/lib/x86_64-linux-gnu/libresolv-2.31.so
7f3a7a40c000-7f3a7a40d000 r--p 00017000 08:20 29557                      /usr/lib/x86_64-linux-gnu/libresolv-2.31.so
7f3a7a40d000-7f3a7a40e000 rw-p 00018000 08:20 29557                      /usr/lib/x86_64-linux-gnu/libresolv-2.31.so
7f3a7a40e000-7f3a7a410000 rw-p 00000000 00:00 0 
7f3a7a423000-7f3a7a623000 rw-p 00000000 00:00 0 
7f3a7a623000-7f3a7a626000 ---p 00000000 00:00 0 
7f3a7a626000-7f3a7a724000 rw-p 00000000 00:00 0 
7f3a7a724000-7f3a7a727000 ---p 00000000 00:00 0 
7f3a7a727000-7f3a7a825000 rw-p 00000000 00:00 0 
7f3a7a825000-7f3a7a828000 ---p 00000000 00:00 0 
7f3a7a828000-7f3a7ab26000 rw-p 00000000 00:00 0 
7f3a7ab26000-7f3a7ad26000 rw-p 00000000 00:00 0 
7f3a7ad26000-7f3a7af26000 rw-p 00000000 00:00 0 
7f3a7af26000-7f3a7b126000 rw-p 00000000 00:00 0 
7f3a7b126000-7f3a7b326000 rw-p 00000000 00:00 0 
7f3a7b326000-7f3a7b526000 rw-p 00000000 00:00 0 
7f3a7b526000-7f3a7b726000 rw-p 00000000 00:00 0 
7f3a7b726000-7f3a7b926000 rw-p 00000000 00:00 0 
7f3a7b926000-7f3a7bb26000 rw-p 00000000 00:00 0 
7f3a7bb26000-7f3a7bd26000 rw-p 00000000 00:00 0 
7f3a7bd26000-7f3a7c000000 r--s 0341f000 08:20 354995                     /home/racerz/openjdk8/vuln-springboot2.jar
7f3a7c000000-7f3a7d2ff000 rw-p 00000000 00:00 0 
7f3a7d2ff000-7f3a80000000 ---p 00000000 00:00 0 
7f3a80000000-7f3a80021000 rw-p 00000000 00:00 0 
7f3a80021000-7f3a84000000 ---p 00000000 00:00 0 
7f3a84000000-7f3a84021000 rw-p 00000000 00:00 0 
7f3a84021000-7f3a88000000 ---p 00000000 00:00 0 
7f3a88000000-7f3a89b2e000 rw-p 00000000 00:00 0 
7f3a89b2e000-7f3a8c000000 ---p 00000000 00:00 0 
7f3a8c000000-7f3a8c021000 rw-p 00000000 00:00 0 
7f3a8c021000-7f3a90000000 ---p 00000000 00:00 0 
7f3a90000000-7f3a90021000 rw-p 00000000 00:00 0 
7f3a90021000-7f3a94000000 ---p 00000000 00:00 0 
7f3a94000000-7f3a94293000 rw-p 00000000 00:00 0 
7f3a94293000-7f3a98000000 ---p 00000000 00:00 0 
7f3a98002000-7f3a98003000 r--p 00000000 08:20 29548                      /usr/lib/x86_64-linux-gnu/libnss_dns-2.31.so
7f3a98003000-7f3a98007000 r-xp 00001000 08:20 29548                      /usr/lib/x86_64-linux-gnu/libnss_dns-2.31.so
7f3a98007000-7f3a98008000 r--p 00005000 08:20 29548                      /usr/lib/x86_64-linux-gnu/libnss_dns-2.31.so
7f3a98008000-7f3a98009000 r--p 00005000 08:20 29548                      /usr/lib/x86_64-linux-gnu/libnss_dns-2.31.so
7f3a98009000-7f3a9800a000 rw-p 00006000 08:20 29548                      /usr/lib/x86_64-linux-gnu/libnss_dns-2.31.so
7f3a9800a000-7f3a9800b000 r--p 00000000 08:20 152426                     /usr/lib/x86_64-linux-gnu/libnss_mdns4_minimal.so.2
7f3a9800b000-7f3a9800d000 r-xp 00001000 08:20 152426                     /usr/lib/x86_64-linux-gnu/libnss_mdns4_minimal.so.2
7f3a9800d000-7f3a9800e000 r--p 00003000 08:20 152426                     /usr/lib/x86_64-linux-gnu/libnss_mdns4_minimal.so.2
7f3a9800e000-7f3a9800f000 r--p 00003000 08:20 152426                     /usr/lib/x86_64-linux-gnu/libnss_mdns4_minimal.so.2
7f3a9800f000-7f3a98010000 rw-p 00004000 08:20 152426                     /usr/lib/x86_64-linux-gnu/libnss_mdns4_minimal.so.2
7f3a98010000-7f3a98019000 r--p 00000000 08:20 564363                     /home/racerz/openjdk8/build/linux-x86_64-normal-server-release/jdk/lib/amd64/libsunec.so
7f3a98019000-7f3a9803b000 r-xp 00009000 08:20 564363                     /home/racerz/openjdk8/build/linux-x86_64-normal-server-release/jdk/lib/amd64/libsunec.so
7f3a9803b000-7f3a98048000 r--p 0002b000 08:20 564363                     /home/racerz/openjdk8/build/linux-x86_64-normal-server-release/jdk/lib/amd64/libsunec.so
7f3a98048000-7f3a98049000 ---p 00038000 08:20 564363                     /home/racerz/openjdk8/build/linux-x86_64-normal-server-release/jdk/lib/amd64/libsunec.so
7f3a98049000-7f3a9804e000 r--p 00038000 08:20 564363                     /home/racerz/openjdk8/build/linux-x86_64-normal-server-release/jdk/lib/amd64/libsunec.so
7f3a9804e000-7f3a98050000 rw-p 0003d000 08:20 564363                     /home/racerz/openjdk8/build/linux-x86_64-normal-server-release/jdk/lib/amd64/libsunec.so
7f3a98050000-7f3a98061000 rw-p 00000000 00:00 0 
7f3a98061000-7f3a98065000 r--p 00000000 08:20 564421                     /home/racerz/openjdk8/build/linux-x86_64-normal-server-release/jdk/lib/amd64/libmanagement.so
7f3a98065000-7f3a98068000 r-xp 00004000 08:20 564421                     /home/racerz/openjdk8/build/linux-x86_64-normal-server-release/jdk/lib/amd64/libmanagement.so
7f3a98068000-7f3a9806a000 r--p 00007000 08:20 564421                     /home/racerz/openjdk8/build/linux-x86_64-normal-server-release/jdk/lib/amd64/libmanagement.so
7f3a9806a000-7f3a9806b000 r--p 00008000 08:20 564421                     /home/racerz/openjdk8/build/linux-x86_64-normal-server-release/jdk/lib/amd64/libmanagement.so
7f3a9806b000-7f3a9806c000 rw-p 00009000 08:20 564421                     /home/racerz/openjdk8/build/linux-x86_64-normal-server-release/jdk/lib/amd64/libmanagement.so
7f3a9806c000-7f3a98071000 r--p 00000000 08:20 564398                     /home/racerz/openjdk8/build/linux-x86_64-normal-server-release/jdk/lib/amd64/libnet.so
7f3a98071000-7f3a98081000 r-xp 00005000 08:20 564398                     /home/racerz/openjdk8/build/linux-x86_64-normal-server-release/jdk/lib/amd64/libnet.so
7f3a98081000-7f3a98085000 r--p 00015000 08:20 564398                     /home/racerz/openjdk8/build/linux-x86_64-normal-server-release/jdk/lib/amd64/libnet.so
7f3a98085000-7f3a98086000 r--p 00018000 08:20 564398                     /home/racerz/openjdk8/build/linux-x86_64-normal-server-release/jdk/lib/amd64/libnet.so
7f3a98086000-7f3a98087000 rw-p 00019000 08:20 564398                     /home/racerz/openjdk8/build/linux-x86_64-normal-server-release/jdk/lib/amd64/libnet.so
7f3a98087000-7f3a9808e000 r--p 00000000 08:20 564453                     /home/racerz/openjdk8/build/linux-x86_64-normal-server-release/jdk/lib/amd64/libnio.so
7f3a9808e000-7f3a98096000 r-xp 00007000 08:20 564453                     /home/racerz/openjdk8/build/linux-x86_64-normal-server-release/jdk/lib/amd64/libnio.so
7f3a98096000-7f3a98099000 r--p 0000f000 08:20 564453                     /home/racerz/openjdk8/build/linux-x86_64-normal-server-release/jdk/lib/amd64/libnio.so
7f3a98099000-7f3a9809a000 ---p 00012000 08:20 564453                     /home/racerz/openjdk8/build/linux-x86_64-normal-server-release/jdk/lib/amd64/libnio.so
7f3a9809a000-7f3a9809b000 r--p 00012000 08:20 564453                     /home/racerz/openjdk8/build/linux-x86_64-normal-server-release/jdk/lib/amd64/libnio.so
7f3a9809b000-7f3a9809c000 rw-p 00013000 08:20 564453                     /home/racerz/openjdk8/build/linux-x86_64-normal-server-release/jdk/lib/amd64/libnio.so
7f3a9809c000-7f3a9809d000 ---p 00000000 00:00 0 
7f3a9809d000-7f3a9819d000 rw-p 00000000 00:00 0 
7f3a9819d000-7f3a98217000 r--s 01107000 08:20 354993                     /home/racerz/openjdk8/tools.jar
7f3a98217000-7f3a9821a000 ---p 00000000 00:00 0 
7f3a9821a000-7f3a98318000 rw-p 00000000 00:00 0 
7f3a98318000-7f3a98319000 ---p 00000000 00:00 0 
7f3a98319000-7f3a9831c000 ---p 00000000 00:00 0 
7f3a9831c000-7f3a98419000 rw-p 00000000 00:00 0 
7f3a98419000-7f3a9841a000 ---p 00000000 00:00 0 
7f3a9841a000-7f3a9841d000 ---p 00000000 00:00 0 
7f3a9841d000-7f3a9851a000 rw-p 00000000 00:00 0 
7f3a9851a000-7f3a98800000 r--p 00000000 08:20 3070                       /usr/lib/locale/locale-archive
7f3a98800000-7f3a99000000 rw-p 00000000 00:00 0 
7f3a99000000-7f3a9a1d0000 rwxp 00000000 00:00 0 
7f3a9a1d0000-7f3aa8000000 ---p 00000000 00:00 0 
7f3aa8000000-7f3aa8b75000 rw-p 00000000 00:00 0 
7f3aa8b75000-7f3aac000000 ---p 00000000 00:00 0 
7f3aac001000-7f3aac002000 r--p 00000000 00:00 0 
7f3aac002000-7f3aac004000 r--s 00008000 08:20 565110                     /home/racerz/openjdk8/build/linux-x86_64-normal-server-release/jdk/lib/ext/sunec.jar
7f3aac004000-7f3aac00a000 r--s 0003e000 08:20 565091                     /home/racerz/openjdk8/build/linux-x86_64-normal-server-release/jdk/lib/ext/sunjce_provider.jar
7f3aac00a000-7f3aac00d000 r--s 00042000 08:20 565096                     /home/racerz/openjdk8/build/linux-x86_64-normal-server-release/jdk/lib/ext/sunpkcs11.jar
7f3aac00d000-7f3aac010000 ---p 00000000 00:00 0 
7f3aac010000-7f3aac10e000 rw-p 00000000 00:00 0 
7f3aac10e000-7f3aac140000 r--p 00000000 08:20 22158                      /usr/lib/locale/C.UTF-8/LC_CTYPE
7f3aac140000-7f3aac141000 r--p 00000000 08:20 22164                      /usr/lib/locale/C.UTF-8/LC_NUMERIC
7f3aac141000-7f3aac142000 r--p 00000000 08:20 22167                      /usr/lib/locale/C.UTF-8/LC_TIME
7f3aac142000-7f3aac2b5000 r--p 00000000 08:20 22157                      /usr/lib/locale/C.UTF-8/LC_COLLATE
7f3aac2b5000-7f3aac2b6000 r--p 00000000 08:20 22162                      /usr/lib/locale/C.UTF-8/LC_MONETARY
7f3aac2b6000-7f3aac2b7000 r--p 00000000 08:20 22161                      /usr/lib/locale/C.UTF-8/LC_MESSAGES/SYS_LC_MESSAGES
7f3aac2b7000-7f3aac2b8000 r--p 00000000 08:20 22165                      /usr/lib/locale/C.UTF-8/LC_PAPER
7f3aac2b8000-7f3aac2b9000 r--p 00000000 08:20 22163                      /usr/lib/locale/C.UTF-8/LC_NAME
7f3aac2b9000-7f3aac2ba000 r--p 00000000 08:20 22156                      /usr/lib/locale/C.UTF-8/LC_ADDRESS
7f3aac2ba000-7f3aac2bd000 ---p 00000000 00:00 0 
7f3aac2bd000-7f3aac3bb000 rw-p 00000000 00:00 0 
7f3aac3bb000-7f3aac3be000 ---p 00000000 00:00 0 
7f3aac3be000-7f3aac4bc000 rw-p 00000000 00:00 0 
7f3aac4bc000-7f3aac4bd000 ---p 00000000 00:00 0 
7f3aac4bd000-7f3aac6b8000 rw-p 00000000 00:00 0 
7f3aac6b8000-7f3aac921000 ---p 00000000 00:00 0 
7f3aac921000-7f3aac936000 rw-p 00000000 00:00 0 
7f3aac936000-7f3aaca6a000 ---p 00000000 00:00 0 
7f3aaca6a000-7f3aaca94000 rw-p 00000000 00:00 0 
7f3aaca94000-7f3aaccfd000 ---p 00000000 00:00 0 
7f3aaccfd000-7f3aacd46000 rw-p 00000000 00:00 0 
7f3aacd46000-7f3aad0be000 ---p 00000000 00:00 0 
7f3aad0be000-7f3aad0c1000 r--p 00000000 08:20 564392                     /home/racerz/openjdk8/build/linux-x86_64-normal-server-release/jdk/lib/amd64/libzip.so
7f3aad0c1000-7f3aad0d3000 r-xp 00003000 08:20 564392                     /home/racerz/openjdk8/build/linux-x86_64-normal-server-release/jdk/lib/amd64/libzip.so
7f3aad0d3000-7f3aad0db000 r--p 00015000 08:20 564392                     /home/racerz/openjdk8/build/linux-x86_64-normal-server-release/jdk/lib/amd64/libzip.so
7f3aad0db000-7f3aad0dc000 r--p 0001c000 08:20 564392                     /home/racerz/openjdk8/build/linux-x86_64-normal-server-release/jdk/lib/amd64/libzip.so
7f3aad0dc000-7f3aad0dd000 rw-p 0001d000 08:20 564392                     /home/racerz/openjdk8/build/linux-x86_64-normal-server-release/jdk/lib/amd64/libzip.so
7f3aad0dd000-7f3aad0e0000 r--p 00000000 08:20 29549                      /usr/lib/x86_64-linux-gnu/libnss_files-2.31.so
7f3aad0e0000-7f3aad0e7000 r-xp 00003000 08:20 29549                      /usr/lib/x86_64-linux-gnu/libnss_files-2.31.so
7f3aad0e7000-7f3aad0e9000 r--p 0000a000 08:20 29549                      /usr/lib/x86_64-linux-gnu/libnss_files-2.31.so
7f3aad0e9000-7f3aad0ea000 r--p 0000b000 08:20 29549                      /usr/lib/x86_64-linux-gnu/libnss_files-2.31.so
7f3aad0ea000-7f3aad0eb000 rw-p 0000c000 08:20 29549                      /usr/lib/x86_64-linux-gnu/libnss_files-2.31.so
7f3aad0eb000-7f3aad0f1000 rw-p 00000000 00:00 0 
7f3aad0f1000-7f3aad0f4000 r--p 00000000 08:20 20814                      /usr/lib/x86_64-linux-gnu/libgcc_s.so.1
7f3aad0f4000-7f3aad106000 r-xp 00003000 08:20 20814                      /usr/lib/x86_64-linux-gnu/libgcc_s.so.1
7f3aad106000-7f3aad10a000 r--p 00015000 08:20 20814                      /usr/lib/x86_64-linux-gnu/libgcc_s.so.1
7f3aad10a000-7f3aad10b000 r--p 00018000 08:20 20814                      /usr/lib/x86_64-linux-gnu/libgcc_s.so.1
7f3aad10b000-7f3aad10c000 rw-p 00019000 08:20 20814                      /usr/lib/x86_64-linux-gnu/libgcc_s.so.1
7f3aad10c000-7f3aad1a2000 r--p 00000000 08:20 29517                      /usr/lib/x86_64-linux-gnu/libstdc++.so.6.0.28
7f3aad1a2000-7f3aad293000 r-xp 00096000 08:20 29517                      /usr/lib/x86_64-linux-gnu/libstdc++.so.6.0.28
7f3aad293000-7f3aad2dc000 r--p 00187000 08:20 29517                      /usr/lib/x86_64-linux-gnu/libstdc++.so.6.0.28
7f3aad2dc000-7f3aad2dd000 ---p 001d0000 08:20 29517                      /usr/lib/x86_64-linux-gnu/libstdc++.so.6.0.28
7f3aad2dd000-7f3aad2e8000 r--p 001d0000 08:20 29517                      /usr/lib/x86_64-linux-gnu/libstdc++.so.6.0.28
7f3aad2e8000-7f3aad2eb000 rw-p 001db000 08:20 29517                      /usr/lib/x86_64-linux-gnu/libstdc++.so.6.0.28
7f3aad2eb000-7f3aad2ee000 rw-p 00000000 00:00 0 
7f3aad2ee000-7f3aad2ef000 r--p 00000000 08:20 22166                      /usr/lib/locale/C.UTF-8/LC_TELEPHONE
7f3aad2ef000-7f3aad2f0000 r--p 00000000 08:20 22160                      /usr/lib/locale/C.UTF-8/LC_MEASUREMENT
7f3aad2f0000-7f3aad2f7000 r--s 00000000 08:20 29871                      /usr/lib/x86_64-linux-gnu/gconv/gconv-modules.cache
7f3aad2f7000-7f3aad2f9000 r--s 00016000 08:20 565087                     /home/racerz/openjdk8/build/linux-x86_64-normal-server-release/jdk/lib/jce.jar
7f3aad2f9000-7f3aad301000 rw-s 00000000 08:20 584449                     /tmp/hsperfdata_racerz/250269
7f3aad301000-7f3aad302000 r--p 00000000 08:20 354992                     /home/racerz/openjdk8/libagent.so
7f3aad302000-7f3aad303000 r-xp 00001000 08:20 354992                     /home/racerz/openjdk8/libagent.so
7f3aad303000-7f3aad304000 r--p 00002000 08:20 354992                     /home/racerz/openjdk8/libagent.so
7f3aad304000-7f3aad305000 r--p 00002000 08:20 354992                     /home/racerz/openjdk8/libagent.so
7f3aad305000-7f3aad306000 rw-p 00003000 08:20 354992                     /home/racerz/openjdk8/libagent.so
7f3aad306000-7f3aad313000 r--p 00000000 08:20 564384                     /home/racerz/openjdk8/build/linux-x86_64-normal-server-release/jdk/lib/amd64/libjava.so
7f3aad313000-7f3aad329000 r-xp 0000d000 08:20 564384                     /home/racerz/openjdk8/build/linux-x86_64-normal-server-release/jdk/lib/amd64/libjava.so
7f3aad329000-7f3aad330000 r--p 00023000 08:20 564384                     /home/racerz/openjdk8/build/linux-x86_64-normal-server-release/jdk/lib/amd64/libjava.so
7f3aad330000-7f3aad331000 r--p 00029000 08:20 564384                     /home/racerz/openjdk8/build/linux-x86_64-normal-server-release/jdk/lib/amd64/libjava.so
7f3aad331000-7f3aad333000 rw-p 0002a000 08:20 564384                     /home/racerz/openjdk8/build/linux-x86_64-normal-server-release/jdk/lib/amd64/libjava.so
7f3aad333000-7f3aad335000 r--p 00000000 08:20 29559                      /usr/lib/x86_64-linux-gnu/librt-2.31.so
7f3aad335000-7f3aad339000 r-xp 00002000 08:20 29559                      /usr/lib/x86_64-linux-gnu/librt-2.31.so
7f3aad339000-7f3aad33b000 r--p 00006000 08:20 29559                      /usr/lib/x86_64-linux-gnu/librt-2.31.so
7f3aad33b000-7f3aad33c000 r--p 00007000 08:20 29559                      /usr/lib/x86_64-linux-gnu/librt-2.31.so
7f3aad33c000-7f3aad33d000 rw-p 00008000 08:20 29559                      /usr/lib/x86_64-linux-gnu/librt-2.31.so
7f3aad33d000-7f3aad33e000 ---p 00000000 00:00 0 
7f3aad33e000-7f3aad341000 ---p 00000000 00:00 0 
7f3aad341000-7f3aad43e000 rw-p 00000000 00:00 0 
7f3aad43e000-7f3aad44b000 r--p 00000000 08:20 29541                      /usr/lib/x86_64-linux-gnu/libm-2.31.so
7f3aad44b000-7f3aad4f2000 r-xp 0000d000 08:20 29541                      /usr/lib/x86_64-linux-gnu/libm-2.31.so
7f3aad4f2000-7f3aad58b000 r--p 000b4000 08:20 29541                      /usr/lib/x86_64-linux-gnu/libm-2.31.so
7f3aad58b000-7f3aad58c000 r--p 0014c000 08:20 29541                      /usr/lib/x86_64-linux-gnu/libm-2.31.so
7f3aad58c000-7f3aad58d000 rw-p 0014d000 08:20 29541                      /usr/lib/x86_64-linux-gnu/libm-2.31.so
7f3aad58d000-7f3aad79a000 r--p 00000000 08:20 519511                     /home/racerz/openjdk8/build/linux-x86_64-normal-server-release/jdk/lib/amd64/server/libjvm.so
7f3aad79a000-7f3aae14b000 r-xp 0020d000 08:20 519511                     /home/racerz/openjdk8/build/linux-x86_64-normal-server-release/jdk/lib/amd64/server/libjvm.so
7f3aae14b000-7f3aae360000 r--p 00bbe000 08:20 519511                     /home/racerz/openjdk8/build/linux-x86_64-normal-server-release/jdk/lib/amd64/server/libjvm.so
7f3aae360000-7f3aae40d000 r--p 00dd2000 08:20 519511                     /home/racerz/openjdk8/build/linux-x86_64-normal-server-release/jdk/lib/amd64/server/libjvm.so
7f3aae40d000-7f3aae437000 rw-p 00e7f000 08:20 519511                     /home/racerz/openjdk8/build/linux-x86_64-normal-server-release/jdk/lib/amd64/server/libjvm.so
7f3aae437000-7f3aae484000 rw-p 00000000 00:00 0 
7f3aae484000-7f3aae48a000 r--p 00000000 08:20 29555                      /usr/lib/x86_64-linux-gnu/libpthread-2.31.so
7f3aae48a000-7f3aae49b000 r-xp 00006000 08:20 29555                      /usr/lib/x86_64-linux-gnu/libpthread-2.31.so
7f3aae49b000-7f3aae4a1000 r--p 00017000 08:20 29555                      /usr/lib/x86_64-linux-gnu/libpthread-2.31.so
7f3aae4a1000-7f3aae4a2000 r--p 0001c000 08:20 29555                      /usr/lib/x86_64-linux-gnu/libpthread-2.31.so
7f3aae4a2000-7f3aae4a3000 rw-p 0001d000 08:20 29555                      /usr/lib/x86_64-linux-gnu/libpthread-2.31.so
7f3aae4a3000-7f3aae4a7000 rw-p 00000000 00:00 0 
7f3aae4a7000-7f3aae4a8000 r--p 00000000 08:20 29540                      /usr/lib/x86_64-linux-gnu/libdl-2.31.so
7f3aae4a8000-7f3aae4aa000 r-xp 00001000 08:20 29540                      /usr/lib/x86_64-linux-gnu/libdl-2.31.so
7f3aae4aa000-7f3aae4ab000 r--p 00003000 08:20 29540                      /usr/lib/x86_64-linux-gnu/libdl-2.31.so
7f3aae4ab000-7f3aae4ac000 r--p 00003000 08:20 29540                      /usr/lib/x86_64-linux-gnu/libdl-2.31.so
7f3aae4ac000-7f3aae4ad000 rw-p 00004000 08:20 29540                      /usr/lib/x86_64-linux-gnu/libdl-2.31.so
7f3aae4ad000-7f3aae4cf000 r--p 00000000 08:20 29539                      /usr/lib/x86_64-linux-gnu/libc-2.31.so
7f3aae4cf000-7f3aae647000 r-xp 00022000 08:20 29539                      /usr/lib/x86_64-linux-gnu/libc-2.31.so
7f3aae647000-7f3aae695000 r--p 0019a000 08:20 29539                      /usr/lib/x86_64-linux-gnu/libc-2.31.so
7f3aae695000-7f3aae699000 r--p 001e7000 08:20 29539                      /usr/lib/x86_64-linux-gnu/libc-2.31.so
7f3aae699000-7f3aae69b000 rw-p 001eb000 08:20 29539                      /usr/lib/x86_64-linux-gnu/libc-2.31.so
7f3aae69b000-7f3aae69f000 rw-p 00000000 00:00 0 
7f3aae69f000-7f3aae6a0000 r--p 00000000 08:20 22159                      /usr/lib/locale/C.UTF-8/LC_IDENTIFICATION
7f3aae6a0000-7f3aae6a1000 rw-p 00000000 00:00 0 
7f3aae6a1000-7f3aae6a6000 r--p 00000000 08:20 564351                     /home/racerz/openjdk8/build/linux-x86_64-normal-server-release/jdk/lib/amd64/libverify.so
7f3aae6a6000-7f3aae6ad000 r-xp 00005000 08:20 564351                     /home/racerz/openjdk8/build/linux-x86_64-normal-server-release/jdk/lib/amd64/libverify.so
7f3aae6ad000-7f3aae6af000 r--p 0000c000 08:20 564351                     /home/racerz/openjdk8/build/linux-x86_64-normal-server-release/jdk/lib/amd64/libverify.so
7f3aae6af000-7f3aae6b1000 r--p 0000d000 08:20 564351                     /home/racerz/openjdk8/build/linux-x86_64-normal-server-release/jdk/lib/amd64/libverify.so
7f3aae6b1000-7f3aae6b2000 rw-p 0000f000 08:20 564351                     /home/racerz/openjdk8/build/linux-x86_64-normal-server-release/jdk/lib/amd64/libverify.so
7f3aae6b2000-7f3aae6b5000 r--p 00000000 08:20 564353                     /home/racerz/openjdk8/build/linux-x86_64-normal-server-release/jdk/lib/amd64/jli/libjli.so
7f3aae6b5000-7f3aae6c5000 r-xp 00003000 08:20 564353                     /home/racerz/openjdk8/build/linux-x86_64-normal-server-release/jdk/lib/amd64/jli/libjli.so
7f3aae6c5000-7f3aae6cc000 r--p 00013000 08:20 564353                     /home/racerz/openjdk8/build/linux-x86_64-normal-server-release/jdk/lib/amd64/jli/libjli.so
7f3aae6cc000-7f3aae6cd000 r--p 00019000 08:20 564353                     /home/racerz/openjdk8/build/linux-x86_64-normal-server-release/jdk/lib/amd64/jli/libjli.so
7f3aae6cd000-7f3aae6ce000 rw-p 0001a000 08:20 564353                     /home/racerz/openjdk8/build/linux-x86_64-normal-server-release/jdk/lib/amd64/jli/libjli.so
7f3aae6ce000-7f3aae6d0000 rw-p 00000000 00:00 0 
7f3aae6d0000-7f3aae6d1000 r--p 00000000 08:20 29534                      /usr/lib/x86_64-linux-gnu/ld-2.31.so
7f3aae6d1000-7f3aae6f4000 r-xp 00001000 08:20 29534                      /usr/lib/x86_64-linux-gnu/ld-2.31.so
7f3aae6f4000-7f3aae6fc000 r--p 00024000 08:20 29534                      /usr/lib/x86_64-linux-gnu/ld-2.31.so
7f3aae6fc000-7f3aae6fd000 r--p 00000000 00:00 0 
7f3aae6fd000-7f3aae6fe000 r--p 0002c000 08:20 29534                      /usr/lib/x86_64-linux-gnu/ld-2.31.so
7f3aae6fe000-7f3aae6ff000 rw-p 0002d000 08:20 29534                      /usr/lib/x86_64-linux-gnu/ld-2.31.so
7f3aae6ff000-7f3aae700000 rw-p 00000000 00:00 0 
7ffe06e37000-7ffe06e59000 rw-p 00000000 00:00 0                          [stack]
7ffe06edb000-7ffe06edf000 r--p 00000000 00:00 0                          [vvar]
7ffe06edf000-7ffe06ee1000 r-xp 00000000 00:00 0                          [vdso]

VM Arguments:
jvm_args: -Xbootclasspath/a:/home/racerz/openjdk8/tools.jar -agentpath:/home/racerz/openjdk8/libagent.so 
java_command: vuln-springboot2.jar
java_class_path (initial): vuln-springboot2.jar
Launcher Type: SUN_STANDARD

Environment Variables:
SHELL=/bin/bash
DISPLAY=:0
HOSTTYPE=x86_64

Signal Handlers:
SIGSEGV: [libjvm.so+0xb3c650], sa_mask[0]=11111111011111111101111111111110, sa_flags=SA_RESTART|SA_SIGINFO
SIGBUS: [libjvm.so+0xb3c650], sa_mask[0]=11111111011111111101111111111110, sa_flags=SA_RESTART|SA_SIGINFO
SIGFPE: [libjvm.so+0x977200], sa_mask[0]=11111111011111111101111111111110, sa_flags=SA_RESTART|SA_SIGINFO
SIGPIPE: [libjvm.so+0x977200], sa_mask[0]=11111111011111111101111111111110, sa_flags=SA_RESTART|SA_SIGINFO
SIGXFSZ: [libjvm.so+0x977200], sa_mask[0]=11111111011111111101111111111110, sa_flags=SA_RESTART|SA_SIGINFO
SIGILL: [libjvm.so+0x977200], sa_mask[0]=11111111011111111101111111111110, sa_flags=SA_RESTART|SA_SIGINFO
SIGUSR1: SIG_DFL, sa_mask[0]=00000000000000000000000000000000, sa_flags=none
SIGUSR2: [libjvm.so+0x977540], sa_mask[0]=00000000000000000000000000000000, sa_flags=SA_RESTART|SA_SIGINFO
SIGHUP: [libjvm.so+0x977490], sa_mask[0]=11111111011111111101111111111110, sa_flags=SA_RESTART|SA_SIGINFO
SIGINT: [libjvm.so+0x977490], sa_mask[0]=11111111011111111101111111111110, sa_flags=SA_RESTART|SA_SIGINFO
SIGTERM: [libjvm.so+0x977490], sa_mask[0]=11111111011111111101111111111110, sa_flags=SA_RESTART|SA_SIGINFO
SIGQUIT: [libjvm.so+0x977490], sa_mask[0]=11111111011111111101111111111110, sa_flags=SA_RESTART|SA_SIGINFO


---------------  S Y S T E M  ---------------

OS:DISTRIB_ID=Ubuntu
DISTRIB_RELEASE=20.04
DISTRIB_CODENAME=focal
DISTRIB_DESCRIPTION="Ubuntu 20.04.6 LTS"

uname:Linux 5.15.133.1-microsoft-standard-WSL2 #1 SMP Thu Oct 5 21:02:42 UTC 2023 x86_64
libc:glibc 2.31 NPTL 2.31 
rlimit: STACK 8192k, CORE 0k, NPROC 31559, NOFILE 1048576, AS infinity
load average:1.46 0.72 0.71

/proc/meminfo:
MemTotal:        8085828 kB
MemFree:         1513072 kB
MemAvailable:    5868556 kB
Buffers:          218896 kB
Cached:          3935544 kB
SwapCached:          540 kB
Active:          2271428 kB
Inactive:        3423492 kB
Active(anon):      10048 kB
Inactive(anon):  1507472 kB
Active(file):    2261380 kB
Inactive(file):  1916020 kB
Unevictable:           0 kB
Mlocked:               0 kB
SwapTotal:       2097152 kB
SwapFree:        2055556 kB
Dirty:              1124 kB
Writeback:             0 kB
AnonPages:       1511588 kB
Mapped:           146272 kB
Shmem:              2964 kB
KReclaimable:     478652 kB
Slab:             574128 kB
SReclaimable:     478652 kB
SUnreclaim:        95476 kB
KernelStack:        8544 kB
PageTables:        15268 kB
NFS_Unstable:          0 kB
Bounce:                0 kB
WritebackTmp:          0 kB
CommitLimit:     6140064 kB
Committed_AS:    2846660 kB
VmallocTotal:   34359738367 kB
VmallocUsed:       30816 kB
VmallocChunk:          0 kB
Percpu:             8512 kB
AnonHugePages:    491520 kB
ShmemHugePages:        0 kB
ShmemPmdMapped:        0 kB
FileHugePages:         0 kB
FilePmdMapped:         0 kB
HugePages_Total:       0
HugePages_Free:        0
HugePages_Rsvd:        0
HugePages_Surp:        0
Hugepagesize:       2048 kB
Hugetlb:               0 kB
DirectMap4k:      152576 kB
DirectMap2M:     7137280 kB
DirectMap1G:    10485760 kB

container (cgroup) information:
container_type: cgroupv1
cpu_cpuset_cpus: 0-15
cpu_memory_nodes: 0
active_processor_count: 1
cpu_quota: -1
cpu_period: 100000
cpu_shares: -1
memory_limit_in_bytes: -1
memory_and_swap_limit_in_bytes: -1
memory_soft_limit_in_bytes: -1
memory_usage_in_bytes: 5802299392
memory_max_usage_in_bytes: 1150681088


CPU:total 16 (initial active 1) (8 cores per cpu, 2 threads per core) family 6 model 165 stepping 2, cmov, cx8, fxsr, mmx, sse, sse2, sse3, ssse3, sse4.1, sse4.2, popcnt, avx, avx2, aes, clmul, erms, 3dnowpref, lzcnt, ht, tsc, bmi1, bmi2, adx

/proc/cpuinfo:
processor	: 0
vendor_id	: GenuineIntel
cpu family	: 6
model		: 165
model name	: Intel(R) Core(TM) i7-10875H CPU @ 2.30GHz
stepping	: 2
microcode	: 0xffffffff
cpu MHz		: 2304.008
cache size	: 16384 KB
physical id	: 0
siblings	: 16
core id		: 0
cpu cores	: 8
apicid		: 0
initial apicid	: 0
fpu		: yes
fpu_exception	: yes
cpuid level	: 22
wp		: yes
flags		: fpu vme de pse tsc msr pae mce cx8 apic sep mtrr pge mca cmov pat pse36 clflush mmx fxsr sse sse2 ss ht syscall nx pdpe1gb rdtscp lm constant_tsc arch_perfmon rep_good nopl xtopology cpuid pni pclmulqdq vmx ssse3 fma cx16 pdcm pcid sse4_1 sse4_2 x2apic movbe popcnt aes xsave avx f16c rdrand hypervisor lahf_lm abm 3dnowprefetch invpcid_single ssbd ibrs ibpb stibp ibrs_enhanced tpr_shadow vnmi ept vpid ept_ad fsgsbase bmi1 avx2 smep bmi2 erms invpcid rdseed adx smap clflushopt xsaveopt xsavec xgetbv1 xsaves flush_l1d arch_capabilities
vmx flags	: vnmi invvpid ept_x_only ept_ad ept_1gb tsc_offset vtpr ept vpid unrestricted_guest ept_mode_based_exec
bugs		: spectre_v1 spectre_v2 spec_store_bypass swapgs itlb_multihit srbds mmio_stale_data retbleed eibrs_pbrsb gds
bogomips	: 4608.01
clflush size	: 64
cache_alignment	: 64
address sizes	: 39 bits physical, 48 bits virtual
power management:

processor	: 1
vendor_id	: GenuineIntel
cpu family	: 6
model		: 165
model name	: Intel(R) Core(TM) i7-10875H CPU @ 2.30GHz
stepping	: 2
microcode	: 0xffffffff
cpu MHz		: 2304.008
cache size	: 16384 KB
physical id	: 0
siblings	: 16
core id		: 0
cpu cores	: 8
apicid		: 1
initial apicid	: 1
fpu		: yes
fpu_exception	: yes
cpuid level	: 22
wp		: yes
flags		: fpu vme de pse tsc msr pae mce cx8 apic sep mtrr pge mca cmov pat pse36 clflush mmx fxsr sse sse2 ss ht syscall nx pdpe1gb rdtscp lm constant_tsc arch_perfmon rep_good nopl xtopology cpuid pni pclmulqdq vmx ssse3 fma cx16 pdcm pcid sse4_1 sse4_2 x2apic movbe popcnt aes xsave avx f16c rdrand hypervisor lahf_lm abm 3dnowprefetch invpcid_single ssbd ibrs ibpb stibp ibrs_enhanced tpr_shadow vnmi ept vpid ept_ad fsgsbase bmi1 avx2 smep bmi2 erms invpcid rdseed adx smap clflushopt xsaveopt xsavec xgetbv1 xsaves flush_l1d arch_capabilities
vmx flags	: vnmi invvpid ept_x_only ept_ad ept_1gb tsc_offset vtpr ept vpid unrestricted_guest ept_mode_based_exec
bugs		: spectre_v1 spectre_v2 spec_store_bypass swapgs itlb_multihit srbds mmio_stale_data retbleed eibrs_pbrsb gds
bogomips	: 4608.01
clflush size	: 64
cache_alignment	: 64
address sizes	: 39 bits physical, 48 bits virtual
power management:

processor	: 2
vendor_id	: GenuineIntel
cpu family	: 6
model		: 165
model name	: Intel(R) Core(TM) i7-10875H CPU @ 2.30GHz
stepping	: 2
microcode	: 0xffffffff
cpu MHz		: 2304.008
cache size	: 16384 KB
physical id	: 0
siblings	: 16
core id		: 1
cpu cores	: 8
apicid		: 2
initial apicid	: 2
fpu		: yes
fpu_exception	: yes
cpuid level	: 22
wp		: yes
flags		: fpu vme de pse tsc msr pae mce cx8 apic sep mtrr pge mca cmov pat pse36 clflush mmx fxsr sse sse2 ss ht syscall nx pdpe1gb rdtscp lm constant_tsc arch_perfmon rep_good nopl xtopology cpuid pni pclmulqdq vmx ssse3 fma cx16 pdcm pcid sse4_1 sse4_2 x2apic movbe popcnt aes xsave avx f16c rdrand hypervisor lahf_lm abm 3dnowprefetch invpcid_single ssbd ibrs ibpb stibp ibrs_enhanced tpr_shadow vnmi ept vpid ept_ad fsgsbase bmi1 avx2 smep bmi2 erms invpcid rdseed adx smap clflushopt xsaveopt xsavec xgetbv1 xsaves flush_l1d arch_capabilities
vmx flags	: vnmi invvpid ept_x_only ept_ad ept_1gb tsc_offset vtpr ept vpid unrestricted_guest ept_mode_based_exec
bugs		: spectre_v1 spectre_v2 spec_store_bypass swapgs itlb_multihit srbds mmio_stale_data retbleed eibrs_pbrsb gds
bogomips	: 4608.01
clflush size	: 64
cache_alignment	: 64
address sizes	: 39 bits physical, 48 bits virtual
power management:

processor	: 3
vendor_id	: GenuineIntel
cpu family	: 6
model		: 165
model name	: Intel(R) Core(TM) i7-10875H CPU @ 2.30GHz
stepping	: 2
microcode	: 0xffffffff
cpu MHz		: 2304.008
cache size	: 16384 KB
physical id	: 0
siblings	: 16
core id		: 1
cpu cores	: 8
apicid		: 3
initial apicid	: 3
fpu		: yes
fpu_exception	: yes
cpuid level	: 22
wp		: yes
flags		: fpu vme de pse tsc msr pae mce cx8 apic sep mtrr pge mca cmov pat pse36 clflush mmx fxsr sse sse2 ss ht syscall nx pdpe1gb rdtscp lm constant_tsc arch_perfmon rep_good nopl xtopology cpuid pni pclmulqdq vmx ssse3 fma cx16 pdcm pcid sse4_1 sse4_2 x2apic movbe popcnt aes xsave avx f16c rdrand hypervisor lahf_lm abm 3dnowprefetch invpcid_single ssbd ibrs ibpb stibp ibrs_enhanced tpr_shadow vnmi ept vpid ept_ad fsgsbase bmi1 avx2 smep bmi2 erms invpcid rdseed adx smap clflushopt xsaveopt xsavec xgetbv1 xsaves flush_l1d arch_capabilities
vmx flags	: vnmi invvpid ept_x_only ept_ad ept_1gb tsc_offset vtpr ept vpid unrestricted_guest ept_mode_based_exec
bugs		: spectre_v1 spectre_v2 spec_store_bypass swapgs itlb_multihit srbds mmio_stale_data retbleed eibrs_pbrsb gds
bogomips	: 4608.01
clflush size	: 64
cache_alignment	: 64
address sizes	: 39 bits physical, 48 bits virtual
power management:

processor	: 4
vendor_id	: GenuineIntel
cpu family	: 6
model		: 165
model name	: Intel(R) Core(TM) i7-10875H CPU @ 2.30GHz
stepping	: 2
microcode	: 0xffffffff
cpu MHz		: 2304.008
cache size	: 16384 KB
physical id	: 0
siblings	: 16
core id		: 2
cpu cores	: 8
apicid		: 4
initial apicid	: 4
fpu		: yes
fpu_exception	: yes
cpuid level	: 22
wp		: yes
flags		: fpu vme de pse tsc msr pae mce cx8 apic sep mtrr pge mca cmov pat pse36 clflush mmx fxsr sse sse2 ss ht syscall nx pdpe1gb rdtscp lm constant_tsc arch_perfmon rep_good nopl xtopology cpuid pni pclmulqdq vmx ssse3 fma cx16 pdcm pcid sse4_1 sse4_2 x2apic movbe popcnt aes xsave avx f16c rdrand hypervisor lahf_lm abm 3dnowprefetch invpcid_single ssbd ibrs ibpb stibp ibrs_enhanced tpr_shadow vnmi ept vpid ept_ad fsgsbase bmi1 avx2 smep bmi2 erms invpcid rdseed adx smap clflushopt xsaveopt xsavec xgetbv1 xsaves flush_l1d arch_capabilities
vmx flags	: vnmi invvpid ept_x_only ept_ad ept_1gb tsc_offset vtpr ept vpid unrestricted_guest ept_mode_based_exec
bugs		: spectre_v1 spectre_v2 spec_store_bypass swapgs itlb_multihit srbds mmio_stale_data retbleed eibrs_pbrsb gds
bogomips	: 4608.01
clflush size	: 64
cache_alignment	: 64
address sizes	: 39 bits physical, 48 bits virtual
power management:

processor	: 5
vendor_id	: GenuineIntel
cpu family	: 6
model		: 165
model name	: Intel(R) Core(TM) i7-10875H CPU @ 2.30GHz
stepping	: 2
microcode	: 0xffffffff
cpu MHz		: 2304.008
cache size	: 16384 KB
physical id	: 0
siblings	: 16
core id		: 2
cpu cores	: 8
apicid		: 5
initial apicid	: 5
fpu		: yes
fpu_exception	: yes
cpuid level	: 22
wp		: yes
flags		: fpu vme de pse tsc msr pae mce cx8 apic sep mtrr pge mca cmov pat pse36 clflush mmx fxsr sse sse2 ss ht syscall nx pdpe1gb rdtscp lm constant_tsc arch_perfmon rep_good nopl xtopology cpuid pni pclmulqdq vmx ssse3 fma cx16 pdcm pcid sse4_1 sse4_2 x2apic movbe popcnt aes xsave avx f16c rdrand hypervisor lahf_lm abm 3dnowprefetch invpcid_single ssbd ibrs ibpb stibp ibrs_enhanced tpr_shadow vnmi ept vpid ept_ad fsgsbase bmi1 avx2 smep bmi2 erms invpcid rdseed adx smap clflushopt xsaveopt xsavec xgetbv1 xsaves flush_l1d arch_capabilities
vmx flags	: vnmi invvpid ept_x_only ept_ad ept_1gb tsc_offset vtpr ept vpid unrestricted_guest ept_mode_based_exec
bugs		: spectre_v1 spectre_v2 spec_store_bypass swapgs itlb_multihit srbds mmio_stale_data retbleed eibrs_pbrsb gds
bogomips	: 4608.01
clflush size	: 64
cache_alignment	: 64
address sizes	: 39 bits physical, 48 bits virtual
power management:

processor	: 6
vendor_id	: GenuineIntel
cpu family	: 6
model		: 165
model name	: Intel(R) Core(TM) i7-10875H CPU @ 2.30GHz
stepping	: 2
microcode	: 0xffffffff
cpu MHz		: 2304.008
cache size	: 16384 KB
physical id	: 0
siblings	: 16
core id		: 3
cpu cores	: 8
apicid		: 6
initial apicid	: 6
fpu		: yes
fpu_exception	: yes
cpuid level	: 22
wp		: yes
flags		: fpu vme de pse tsc msr pae mce cx8 apic sep mtrr pge mca cmov pat pse36 clflush mmx fxsr sse sse2 ss ht syscall nx pdpe1gb rdtscp lm constant_tsc arch_perfmon rep_good nopl xtopology cpuid pni pclmulqdq vmx ssse3 fma cx16 pdcm pcid sse4_1 sse4_2 x2apic movbe popcnt aes xsave avx f16c rdrand hypervisor lahf_lm abm 3dnowprefetch invpcid_single ssbd ibrs ibpb stibp ibrs_enhanced tpr_shadow vnmi ept vpid ept_ad fsgsbase bmi1 avx2 smep bmi2 erms invpcid rdseed adx smap clflushopt xsaveopt xsavec xgetbv1 xsaves flush_l1d arch_capabilities
vmx flags	: vnmi invvpid ept_x_only ept_ad ept_1gb tsc_offset vtpr ept vpid unrestricted_guest ept_mode_based_exec
bugs		: spectre_v1 spectre_v2 spec_store_bypass swapgs itlb_multihit srbds mmio_stale_data retbleed eibrs_pbrsb gds
bogomips	: 4608.01
clflush size	: 64
cache_alignment	: 64
address sizes	: 39 bits physical, 48 bits virtual
power management:

processor	: 7
vendor_id	: GenuineIntel
cpu family	: 6
model		: 165
model name	: Intel(R) Core(TM) i7-10875H CPU @ 2.30GHz
stepping	: 2
microcode	: 0xffffffff
cpu MHz		: 2304.008
cache size	: 16384 KB
physical id	: 0
siblings	: 16
core id		: 3
cpu cores	: 8
apicid		: 7
initial apicid	: 7
fpu		: yes
fpu_exception	: yes
cpuid level	: 22
wp		: yes
flags		: fpu vme de pse tsc msr pae mce cx8 apic sep mtrr pge mca cmov pat pse36 clflush mmx fxsr sse sse2 ss ht syscall nx pdpe1gb rdtscp lm constant_tsc arch_perfmon rep_good nopl xtopology cpuid pni pclmulqdq vmx ssse3 fma cx16 pdcm pcid sse4_1 sse4_2 x2apic movbe popcnt aes xsave avx f16c rdrand hypervisor lahf_lm abm 3dnowprefetch invpcid_single ssbd ibrs ibpb stibp ibrs_enhanced tpr_shadow vnmi ept vpid ept_ad fsgsbase bmi1 avx2 smep bmi2 erms invpcid rdseed adx smap clflushopt xsaveopt xsavec xgetbv1 xsaves flush_l1d arch_capabilities
vmx flags	: vnmi invvpid ept_x_only ept_ad ept_1gb tsc_offset vtpr ept vpid unrestricted_guest ept_mode_based_exec
bugs		: spectre_v1 spectre_v2 spec_store_bypass swapgs itlb_multihit srbds mmio_stale_data retbleed eibrs_pbrsb gds
bogomips	: 4608.01
clflush size	: 64
cache_alignment	: 64
address sizes	: 39 bits physical, 48 bits virtual
power management:

processor	: 8
vendor_id	: GenuineIntel
cpu family	: 6
model		: 165
model name	: Intel(R) Core(TM) i7-10875H CPU @ 2.30GHz
stepping	: 2
microcode	: 0xffffffff
cpu MHz		: 2304.008
cache size	: 16384 KB
physical id	: 0
siblings	: 16
core id		: 4
cpu cores	: 8
apicid		: 8
initial apicid	: 8
fpu		: yes
fpu_exception	: yes
cpuid level	: 22
wp		: yes
flags		: fpu vme de pse tsc msr pae mce cx8 apic sep mtrr pge mca cmov pat pse36 clflush mmx fxsr sse sse2 ss ht syscall nx pdpe1gb rdtscp lm constant_tsc arch_perfmon rep_good nopl xtopology cpuid pni pclmulqdq vmx ssse3 fma cx16 pdcm pcid sse4_1 sse4_2 x2apic movbe popcnt aes xsave avx f16c rdrand hypervisor lahf_lm abm 3dnowprefetch invpcid_single ssbd ibrs ibpb stibp ibrs_enhanced tpr_shadow vnmi ept vpid ept_ad fsgsbase bmi1 avx2 smep bmi2 erms invpcid rdseed adx smap clflushopt xsaveopt xsavec xgetbv1 xsaves flush_l1d arch_capabilities
vmx flags	: vnmi invvpid ept_x_only ept_ad ept_1gb tsc_offset vtpr ept vpid unrestricted_guest ept_mode_based_exec
bugs		: spectre_v1 spectre_v2 spec_store_bypass swapgs itlb_multihit srbds mmio_stale_data retbleed eibrs_pbrsb gds
bogomips	: 4608.01
clflush size	: 64
cache_alignment	: 64
address sizes	: 39 bits physical, 48 bits virtual
power management:

processor	: 9
vendor_id	: GenuineIntel
cpu family	: 6
model		: 165
model name	: Intel(R) Core(TM) i7-10875H CPU @ 2.30GHz
stepping	: 2
microcode	: 0xffffffff
cpu MHz		: 2304.008
cache size	: 16384 KB
physical id	: 0
siblings	: 16
core id		: 4
cpu cores	: 8
apicid		: 9
initial apicid	: 9
fpu		: yes
fpu_exception	: yes
cpuid level	: 22
wp		: yes
flags		: fpu vme de pse tsc msr pae mce cx8 apic sep mtrr pge mca cmov pat pse36 clflush mmx fxsr sse sse2 ss ht syscall nx pdpe1gb rdtscp lm constant_tsc arch_perfmon rep_good nopl xtopology cpuid pni pclmulqdq vmx ssse3 fma cx16 pdcm pcid sse4_1 sse4_2 x2apic movbe popcnt aes xsave avx f16c rdrand hypervisor lahf_lm abm 3dnowprefetch invpcid_single ssbd ibrs ibpb stibp ibrs_enhanced tpr_shadow vnmi ept vpid ept_ad fsgsbase bmi1 avx2 smep bmi2 erms invpcid rdseed adx smap clflushopt xsaveopt xsavec xgetbv1 xsaves flush_l1d arch_capabilities
vmx flags	: vnmi invvpid ept_x_only ept_ad ept_1gb tsc_offset vtpr ept vpid unrestricted_guest ept_mode_based_exec
bugs		: spectre_v1 spectre_v2 spec_store_bypass swapgs itlb_multihit srbds mmio_stale_data retbleed eibrs_pbrsb gds
bogomips	: 4608.01
clflush size	: 64
cache_alignment	: 64
address sizes	: 39 bits physical, 48 bits virtual
power management:

processor	: 10
vendor_id	: GenuineIntel
cpu family	: 6
model		: 165
model name	: Intel(R) Core(TM) i7-10875H CPU @ 2.30GHz
stepping	: 2
microcode	: 0xffffffff
cpu MHz		: 2304.008
cache size	: 16384 KB
physical id	: 0
siblings	: 16
core id		: 5
cpu cores	: 8
apicid		: 10
initial apicid	: 10
fpu		: yes
fpu_exception	: yes
cpuid level	: 22
wp		: yes
flags		: fpu vme de pse tsc msr pae mce cx8 apic sep mtrr pge mca cmov pat pse36 clflush mmx fxsr sse sse2 ss ht syscall nx pdpe1gb rdtscp lm constant_tsc arch_perfmon rep_good nopl xtopology cpuid pni pclmulqdq vmx ssse3 fma cx16 pdcm pcid sse4_1 sse4_2 x2apic movbe popcnt aes xsave avx f16c rdrand hypervisor lahf_lm abm 3dnowprefetch invpcid_single ssbd ibrs ibpb stibp ibrs_enhanced tpr_shadow vnmi ept vpid ept_ad fsgsbase bmi1 avx2 smep bmi2 erms invpcid rdseed adx smap clflushopt xsaveopt xsavec xgetbv1 xsaves flush_l1d arch_capabilities
vmx flags	: vnmi invvpid ept_x_only ept_ad ept_1gb tsc_offset vtpr ept vpid unrestricted_guest ept_mode_based_exec
bugs		: spectre_v1 spectre_v2 spec_store_bypass swapgs itlb_multihit srbds mmio_stale_data retbleed eibrs_pbrsb gds
bogomips	: 4608.01
clflush size	: 64
cache_alignment	: 64
address sizes	: 39 bits physical, 48 bits virtual
power management:

processor	: 11
vendor_id	: GenuineIntel
cpu family	: 6
model		: 165
model name	: Intel(R) Core(TM) i7-10875H CPU @ 2.30GHz
stepping	: 2
microcode	: 0xffffffff
cpu MHz		: 2304.008
cache size	: 16384 KB
physical id	: 0
siblings	: 16
core id		: 5
cpu cores	: 8
apicid		: 11
initial apicid	: 11
fpu		: yes
fpu_exception	: yes
cpuid level	: 22
wp		: yes
flags		: fpu vme de pse tsc msr pae mce cx8 apic sep mtrr pge mca cmov pat pse36 clflush mmx fxsr sse sse2 ss ht syscall nx pdpe1gb rdtscp lm constant_tsc arch_perfmon rep_good nopl xtopology cpuid pni pclmulqdq vmx ssse3 fma cx16 pdcm pcid sse4_1 sse4_2 x2apic movbe popcnt aes xsave avx f16c rdrand hypervisor lahf_lm abm 3dnowprefetch invpcid_single ssbd ibrs ibpb stibp ibrs_enhanced tpr_shadow vnmi ept vpid ept_ad fsgsbase bmi1 avx2 smep bmi2 erms invpcid rdseed adx smap clflushopt xsaveopt xsavec xgetbv1 xsaves flush_l1d arch_capabilities
vmx flags	: vnmi invvpid ept_x_only ept_ad ept_1gb tsc_offset vtpr ept vpid unrestricted_guest ept_mode_based_exec
bugs		: spectre_v1 spectre_v2 spec_store_bypass swapgs itlb_multihit srbds mmio_stale_data retbleed eibrs_pbrsb gds
bogomips	: 4608.01
clflush size	: 64
cache_alignment	: 64
address sizes	: 39 bits physical, 48 bits virtual
power management:

processor	: 12
vendor_id	: GenuineIntel
cpu family	: 6
model		: 165
model name	: Intel(R) Core(TM) i7-10875H CPU @ 2.30GHz
stepping	: 2
microcode	: 0xffffffff
cpu MHz		: 2304.008
cache size	: 16384 KB
physical id	: 0
siblings	: 16
core id		: 6
cpu cores	: 8
apicid		: 12
initial apicid	: 12
fpu		: yes
fpu_exception	: yes
cpuid level	: 22
wp		: yes
flags		: fpu vme de pse tsc msr pae mce cx8 apic sep mtrr pge mca cmov pat pse36 clflush mmx fxsr sse sse2 ss ht syscall nx pdpe1gb rdtscp lm constant_tsc arch_perfmon rep_good nopl xtopology cpuid pni pclmulqdq vmx ssse3 fma cx16 pdcm pcid sse4_1 sse4_2 x2apic movbe popcnt aes xsave avx f16c rdrand hypervisor lahf_lm abm 3dnowprefetch invpcid_single ssbd ibrs ibpb stibp ibrs_enhanced tpr_shadow vnmi ept vpid ept_ad fsgsbase bmi1 avx2 smep bmi2 erms invpcid rdseed adx smap clflushopt xsaveopt xsavec xgetbv1 xsaves flush_l1d arch_capabilities
vmx flags	: vnmi invvpid ept_x_only ept_ad ept_1gb tsc_offset vtpr ept vpid unrestricted_guest ept_mode_based_exec
bugs		: spectre_v1 spectre_v2 spec_store_bypass swapgs itlb_multihit srbds mmio_stale_data retbleed eibrs_pbrsb gds
bogomips	: 4608.01
clflush size	: 64
cache_alignment	: 64
address sizes	: 39 bits physical, 48 bits virtual
power management:

processor	: 13
vendor_id	: GenuineIntel
cpu family	: 6
model		: 165
model name	: Intel(R) Core(TM) i7-10875H CPU @ 2.30GHz
stepping	: 2
microcode	: 0xffffffff
cpu MHz		: 2304.008
cache size	: 16384 KB
physical id	: 0
siblings	: 16
core id		: 6
cpu cores	: 8
apicid		: 13
initial apicid	: 13
fpu		: yes
fpu_exception	: yes
cpuid level	: 22
wp		: yes
flags		: fpu vme de pse tsc msr pae mce cx8 apic sep mtrr pge mca cmov pat pse36 clflush mmx fxsr sse sse2 ss ht syscall nx pdpe1gb rdtscp lm constant_tsc arch_perfmon rep_good nopl xtopology cpuid pni pclmulqdq vmx ssse3 fma cx16 pdcm pcid sse4_1 sse4_2 x2apic movbe popcnt aes xsave avx f16c rdrand hypervisor lahf_lm abm 3dnowprefetch invpcid_single ssbd ibrs ibpb stibp ibrs_enhanced tpr_shadow vnmi ept vpid ept_ad fsgsbase bmi1 avx2 smep bmi2 erms invpcid rdseed adx smap clflushopt xsaveopt xsavec xgetbv1 xsaves flush_l1d arch_capabilities
vmx flags	: vnmi invvpid ept_x_only ept_ad ept_1gb tsc_offset vtpr ept vpid unrestricted_guest ept_mode_based_exec
bugs		: spectre_v1 spectre_v2 spec_store_bypass swapgs itlb_multihit srbds mmio_stale_data retbleed eibrs_pbrsb gds
bogomips	: 4608.01
clflush size	: 64
cache_alignment	: 64
address sizes	: 39 bits physical, 48 bits virtual
power management:

processor	: 14
vendor_id	: GenuineIntel
cpu family	: 6
model		: 165
model name	: Intel(R) Core(TM) i7-10875H CPU @ 2.30GHz
stepping	: 2
microcode	: 0xffffffff
cpu MHz		: 2304.008
cache size	: 16384 KB
physical id	: 0
siblings	: 16
core id		: 7
cpu cores	: 8
apicid		: 14
initial apicid	: 14
fpu		: yes
fpu_exception	: yes
cpuid level	: 22
wp		: yes
flags		: fpu vme de pse tsc msr pae mce cx8 apic sep mtrr pge mca cmov pat pse36 clflush mmx fxsr sse sse2 ss ht syscall nx pdpe1gb rdtscp lm constant_tsc arch_perfmon rep_good nopl xtopology cpuid pni pclmulqdq vmx ssse3 fma cx16 pdcm pcid sse4_1 sse4_2 x2apic movbe popcnt aes xsave avx f16c rdrand hypervisor lahf_lm abm 3dnowprefetch invpcid_single ssbd ibrs ibpb stibp ibrs_enhanced tpr_shadow vnmi ept vpid ept_ad fsgsbase bmi1 avx2 smep bmi2 erms invpcid rdseed adx smap clflushopt xsaveopt xsavec xgetbv1 xsaves flush_l1d arch_capabilities
vmx flags	: vnmi invvpid ept_x_only ept_ad ept_1gb tsc_offset vtpr ept vpid unrestricted_guest ept_mode_based_exec
bugs		: spectre_v1 spectre_v2 spec_store_bypass swapgs itlb_multihit srbds mmio_stale_data retbleed eibrs_pbrsb gds
bogomips	: 4608.01
clflush size	: 64
cache_alignment	: 64
address sizes	: 39 bits physical, 48 bits virtual
power management:

processor	: 15
vendor_id	: GenuineIntel
cpu family	: 6
model		: 165
model name	: Intel(R) Core(TM) i7-10875H CPU @ 2.30GHz
stepping	: 2
microcode	: 0xffffffff
cpu MHz		: 2304.008
cache size	: 16384 KB
physical id	: 0
siblings	: 16
core id		: 7
cpu cores	: 8
apicid		: 15
initial apicid	: 15
fpu		: yes
fpu_exception	: yes
cpuid level	: 22
wp		: yes
flags		: fpu vme de pse tsc msr pae mce cx8 apic sep mtrr pge mca cmov pat pse36 clflush mmx fxsr sse sse2 ss ht syscall nx pdpe1gb rdtscp lm constant_tsc arch_perfmon rep_good nopl xtopology cpuid pni pclmulqdq vmx ssse3 fma cx16 pdcm pcid sse4_1 sse4_2 x2apic movbe popcnt aes xsave avx f16c rdrand hypervisor lahf_lm abm 3dnowprefetch invpcid_single ssbd ibrs ibpb stibp ibrs_enhanced tpr_shadow vnmi ept vpid ept_ad fsgsbase bmi1 avx2 smep bmi2 erms invpcid rdseed adx smap clflushopt xsaveopt xsavec xgetbv1 xsaves flush_l1d arch_capabilities
vmx flags	: vnmi invvpid ept_x_only ept_ad ept_1gb tsc_offset vtpr ept vpid unrestricted_guest ept_mode_based_exec
bugs		: spectre_v1 spectre_v2 spec_store_bypass swapgs itlb_multihit srbds mmio_stale_data retbleed eibrs_pbrsb gds
bogomips	: 4608.01
clflush size	: 64
cache_alignment	: 64
address sizes	: 39 bits physical, 48 bits virtual
power management:



Memory: 4k page, physical 8085828k(1513072k free), swap 2097152k(2055556k free)

vm_info: OpenJDK 64-Bit Server VM (25.402-b00) for linux-amd64 JRE (1.8.0_402-internal-racerz_2024_01_30_12_46-b00), built on Jan 30 2024 20:48:04 by "racerz" with gcc 4.9.3

time: Tue Jan 30 20:49:53 2024
timezone: CST
elapsed time: 28.560278 seconds (0d 0h 0m 28s)

