#
# A fatal error has been detected by the Java Runtime Environment:
#
#  SIGSEGV (0xb) at pc=0x00007f105c849151, pid=256367, tid=0x00007f104728f700
#
# JRE version: OpenJDK Runtime Environment (8.0_402) (build 1.8.0_402-internal-racerz_2024_01_30_12_46-b00)
# Java VM: OpenJDK 64-Bit Server VM (25.402-b00 mixed mode linux-amd64 compressed oops)
# Problematic frame:
# V  [libjvm.so+0x41b151]  ciEnv::register_method(ciMethod*, int, CodeOffsets*, int, CodeBuffer*, int, OopMapSet*, ExceptionHandlerTable*, ImplicitExceptionTable*, AbstractCompiler*, int, bool, bool, RTMState)+0x9b1
#
# Failed to write core dump. Core dumps have been disabled. To enable core dumping, try "ulimit -c unlimited" before starting Java again
#
# If you would like to submit a bug report, please visit:
#   http://bugreport.java.com/bugreport/crash.jsp
#

---------------  T H R E A D  ---------------

Current thread (0x00007f10580e9000):  JavaThread "C1 CompilerThread1" daemon [_thread_in_vm, id=256374, stack(0x00007f1047190000,0x00007f1047290000)]

siginfo: si_signo: 11 (SIGSEGV), si_code: 1 (SEGV_MAPERR), si_addr: 0x00007f128639e340

Registers:
RAX=0x0000000045218300, RBX=0x00005635f3300008, RCX=0x0000000045218301, RDX=0x0000000045218300
RSP=0x00007f104728e4d0, RBP=0x00007f104728e5a0, RSI=0x00007f105d2dcb40, RDI=0x0000000000000025
R8 =0x00007f102826fc48, R9 =0x0000000000000012, R10=0x0000000000000010, R11=0x00007f10587facf0
R12=0x00007f10580e9000, R13=0x00007f105d2dcd94, R14=0x00007f105d2dca68, R15=0x00007f1045fe4bb0
RIP=0x00007f105c849151, EFLAGS=0x0000000000010286, CSGSFS=0x002b000000000033, ERR=0x0000000000000006
  TRAPNO=0x000000000000000e

Top of Stack: (sp=0x00007f104728e4d0)
0x00007f104728e4d0:   00007f102826fa10 00007f102826fa30
0x00007f104728e4e0:   00007f1058030dd0 00007f1045fe4bb0
0x00007f104728e4f0:   00007f1000000000 0000000000000000
0x00007f104728e500:   00007f10495b9f50 00000000ffffffff
0x00007f104728e510:   00007f105801f430 00007f105801f530
0x00007f104728e520:   00007f104728e530 00007f104728eaf0
0x00007f104728e530:   0000000000000000 00007f1034124a80
0x00007f104728e540:   00007f102826fb20 00007f1000000002
0x00007f104728e550:   0000000100000001 00007f105c784a82
0x00007f104728e560:   00007f104728e580 00007f1034183e80
0x00007f104728e570:   0000000045fe4bb0 00007f104728e730
0x00007f104728e580:   0000000000000008 0000000000000000
0x00007f104728e590:   00007f104728e610 00007f1034124a30
0x00007f104728e5a0:   00007f104728e680 00007f105c784d54
0x00007f104728e5b0:   0000000000000008 00007f1034124a30
0x00007f104728e5c0:   00007f104728e7a0 00007f104728e7b8
0x00007f104728e5d0:   00007f10580d32b0 0000000000000003
0x00007f104728e5e0:   0000000000000000 0000000000000000
0x00007f104728e5f0:   0000000000000002 00007f105c784d03
0x00007f104728e600:   00007f10580d32b0 0000000000000003
0x00007f104728e610:   00007f10fbad0000 0000000000000000
0x00007f104728e620:   00007f104728e8e0 00007f104728e800
0x00007f104728e630:   00007f104728e660 00007f105ce443c6
0x00007f104728e640:   0000000000000000 00007f100000000b
0x00007f104728e650:   00007f104728e690 00007f104728e730
0x00007f104728e660:   00007f104728e690 00007f10341830f0
0x00007f104728e670:   00007f105d2c3388 00000000ffffffff
0x00007f104728e680:   00007f104728e6f0 00007f105c7850d7
0x00007f104728e690:   3834613437660000 0000000000000000
0x00007f104728e6a0:   00007f104728e700 88a8845bf6078100
0x00007f104728e6b0:   ffffffffffffffff 0000000000000000
0x00007f104728e6c0:   0000000000000000 00007f1000000000 

Instructions: (pc=0x00007f105c849151)
0x00007f105c849131:   15 4a 3b a9 00 8d 4a 01 48 8d 35 00 3a a9 00 48
0x00007f105c849141:   63 c2 41 8b 7d 00 89 0d 33 3b a9 00 41 89 55 00
0x00007f105c849151:   4c 89 3c c6 48 8d 35 64 3b a9 00 89 3c 86 48 8d
0x00007f105c849161:   05 9a 3c a9 00 49 83 c5 04 49 83 c6 08 49 39 c5 

Register to memory mapping:

RAX=0x0000000045218300 is an unknown value
RBX=0x00005635f3300008 is an unknown value
RCX=0x0000000045218301 is an unknown value
RDX=0x0000000045218300 is an unknown value
RSP=0x00007f104728e4d0 is pointing into the stack for thread: 0x00007f10580e9000
RBP=0x00007f104728e5a0 is pointing into the stack for thread: 0x00007f10580e9000
RSI=0x00007f105d2dcb40: <offset 0xeaeb40> in /home/racerz/openjdk8/build/linux-x86_64-normal-server-release/jdk/lib/amd64/server/libjvm.so at 0x00007f105c42e000
RDI=0x0000000000000025 is an unknown value
R8 =0x00007f102826fc48 is an unknown value
R9 =0x0000000000000012 is an unknown value
R10=0x0000000000000010 is an unknown value
R11=0x00007f10587facf0 is an unknown value
R12=0x00007f10580e9000 is a thread
R13=0x00007f105d2dcd94: <offset 0xeaed94> in /home/racerz/openjdk8/build/linux-x86_64-normal-server-release/jdk/lib/amd64/server/libjvm.so at 0x00007f105c42e000
R14=0x00007f105d2dca68: <offset 0xeaea68> in /home/racerz/openjdk8/build/linux-x86_64-normal-server-release/jdk/lib/amd64/server/libjvm.so at 0x00007f105c42e000
R15={method} {0x00007f1045fe4bb0} 'getContentLengthLong' '()J' in 'org/apache/coyote/Response'


Stack: [0x00007f1047190000,0x00007f1047290000],  sp=0x00007f104728e4d0,  free space=1017k
Native frames: (J=compiled Java code, j=interpreted, Vv=VM code, C=native code)
V  [libjvm.so+0x41b151]  ciEnv::register_method(ciMethod*, int, CodeOffsets*, int, CodeBuffer*, int, OopMapSet*, ExceptionHandlerTable*, ImplicitExceptionTable*, AbstractCompiler*, int, bool, bool, RTMState)+0x9b1
V  [libjvm.so+0x356d54]  Compilation::compile_method()+0x1d4
V  [libjvm.so+0x3570d7]  Compilation::Compilation(AbstractCompiler*, ciEnv*, ciMethod*, int, BufferBlob*)+0x267
V  [libjvm.so+0x357e4c]  Compiler::compile_method(ciEnv*, ciMethod*, int)+0xbc
V  [libjvm.so+0x4ba10e]  CompileBroker::invoke_compiler_on_method(CompileTask*)+0xaee
V  [libjvm.so+0x4bb587]  CompileBroker::compiler_thread_loop()+0x407
V  [libjvm.so+0xadeee8]  JavaThread::thread_main_inner()+0xd8
V  [libjvm.so+0x979252]  java_start(Thread*)+0xf2
C  [libpthread.so.0+0x8609]  start_thread+0xd9


Current CompileTask:
C1:  16042 3786       3       org.apache.coyote.Response::getContentLengthLong (5 bytes)


---------------  P R O C E S S  ---------------

Java Threads: ( => current thread )
  0x00007f1058021800 JavaThread "DestroyJavaVM" [_thread_blocked, id=256368, stack(0x00007f105c1df000,0x00007f105c2df000)]
  0x00007f1058b8b000 JavaThread "http-nio-8002-Acceptor" daemon [_thread_in_native, id=256403, stack(0x00007f10444be000,0x00007f10445bf000)]
  0x00007f1058b6d000 JavaThread "http-nio-8002-Poller" daemon [_thread_in_native, id=256402, stack(0x00007f10445bf000,0x00007f10446c0000)]
  0x00007f1058b68800 JavaThread "http-nio-8002-exec-10" daemon [_thread_blocked, id=256401, stack(0x00007f10446c0000,0x00007f10447c1000)]
  0x00007f1058b66800 JavaThread "http-nio-8002-exec-9" daemon [_thread_blocked, id=256400, stack(0x00007f10447c1000,0x00007f10448c2000)]
  0x00007f1058b65000 JavaThread "http-nio-8002-exec-8" daemon [_thread_blocked, id=256399, stack(0x00007f10448c2000,0x00007f10449c3000)]
  0x00007f1058b63000 JavaThread "http-nio-8002-exec-7" daemon [_thread_blocked, id=256398, stack(0x00007f10449c3000,0x00007f1044ac4000)]
  0x00007f1058b61000 JavaThread "http-nio-8002-exec-6" daemon [_thread_blocked, id=256397, stack(0x00007f1044ac4000,0x00007f1044bc5000)]
  0x00007f1058b5f000 JavaThread "http-nio-8002-exec-5" daemon [_thread_blocked, id=256396, stack(0x00007f1044bc5000,0x00007f1044cc6000)]
  0x00007f1058b5e000 JavaThread "http-nio-8002-exec-4" daemon [_thread_blocked, id=256395, stack(0x00007f1044cc6000,0x00007f1044dc7000)]
  0x00007f1058b5b800 JavaThread "http-nio-8002-exec-3" daemon [_thread_blocked, id=256394, stack(0x00007f1044dc7000,0x00007f1044ec8000)]
  0x00007f1058b5a000 JavaThread "http-nio-8002-exec-2" daemon [_thread_blocked, id=256393, stack(0x00007f1044ec8000,0x00007f1044fc9000)]
  0x00007f1058b58800 JavaThread "http-nio-8002-exec-1" daemon [_thread_blocked, id=256392, stack(0x00007f1044fc9000,0x00007f10450ca000)]
  0x00007f1058a5b000 JavaThread "container-0" [_thread_blocked, id=256391, stack(0x00007f10454ca000,0x00007f10455cb000)]
  0x00007f1058a59800 JavaThread "Catalina-utility-2" [_thread_blocked, id=256390, stack(0x00007f10455cb000,0x00007f10456cc000)]
  0x00007f1058a4c800 JavaThread "Catalina-utility-1" [_thread_blocked, id=256389, stack(0x00007f10456cc000,0x00007f10457cd000)]
  0x00007f10580ec800 JavaThread "Service Thread" daemon [_thread_blocked, id=256375, stack(0x00007f104708e000,0x00007f104718f000)]
=>0x00007f10580e9000 JavaThread "C1 CompilerThread1" daemon [_thread_in_vm, id=256374, stack(0x00007f1047190000,0x00007f1047290000)]
  0x00007f10580e3000 JavaThread "C2 CompilerThread0" daemon [_thread_blocked, id=256373, stack(0x00007f1047291000,0x00007f1047391000)]
  0x00007f10580d6800 JavaThread "Signal Dispatcher" daemon [_thread_blocked, id=256372, stack(0x00007f1047391000,0x00007f1047492000)]
  0x00007f10580b0800 JavaThread "Finalizer" daemon [_thread_blocked, id=256371, stack(0x00007f10478eb000,0x00007f10479ec000)]
  0x00007f10580ac000 JavaThread "Reference Handler" daemon [_thread_blocked, id=256370, stack(0x00007f10479ec000,0x00007f1047aed000)]

Other Threads:
  0x00007f10580a2000 VMThread [stack: 0x00007f1047aee000,0x00007f1047bee000] [id=256369]
  0x00007f10580f2000 WatcherThread [stack: 0x00007f1046f14000,0x00007f1047014000] [id=256376]

VM state:not at safepoint (normal execution)

VM Mutex/Monitor currently owned by a thread:  ([mutex/lock_event])
[0x00007f105801f430] Compile_lock - owner thread: 0x00007f10580e9000
[0x00007f105801f530] MethodCompileQueue_lock - owner thread: 0x00007f10580e9000

heap address: 0x0000000084800000, size: 1976 MB, Compressed Oops mode: 32-bit
Narrow klass base: 0x0000000000000000, Narrow klass shift: 3
Compressed class space size: 1073741824 Address: 0x0000000100000000

Heap:
 def new generation   total 38144K, used 23622K [0x0000000084800000, 0x0000000087160000, 0x00000000adaa0000)
  eden space 33920K,  69% used [0x0000000084800000, 0x0000000085f11b50, 0x0000000086920000)
  from space 4224K,   0% used [0x0000000086920000, 0x0000000086920000, 0x0000000086d40000)
  to   space 4224K,   0% used [0x0000000086d40000, 0x0000000086d40000, 0x0000000087160000)
 tenured generation   total 84672K, used 17867K [0x00000000adaa0000, 0x00000000b2d50000, 0x0000000100000000)
   the space 84672K,  21% used [0x00000000adaa0000, 0x00000000aec12c70, 0x00000000aec12e00, 0x00000000b2d50000)
 Metaspace       used 37233K, capacity 39502K, committed 39680K, reserved 1083392K
  class space    used 4703K, capacity 5120K, committed 5120K, reserved 1048576K

Card table byte_map: [0x00007f1048681000,0x00007f1048a5e000] byte_map_base: 0x00007f104825d000

Polling page: 0x00007f105d59d000

CodeCache: size=245760Kb used=9629Kb max_used=10550Kb free=236131Kb
 bounds [0x00007f1048e1e000, 0x00007f104987e000, 0x00007f1057e1e000]
 total_blobs=3782 nmethods=3318 adapters=377
 compilation: enabled

Compilation events (10 events):
Event: 16.031 Thread 0x00007f10580e3000 nmethod 3776 0x00007f10493f2110 code [0x00007f10493f2260, 0x00007f10493f22d8]
Event: 16.036 Thread 0x00007f10580e3000 3785       4       java.nio.Buffer::limit (53 bytes)
Event: 16.036 Thread 0x00007f10580e3000 nmethod 3785 0x00007f10495ba5d0 code [0x00007f10495ba720, 0x00007f10495ba7f8]
Event: 16.037 Thread 0x00007f10580e3000 3782       4       org.springframework.util.CollectionUtils::isEmpty (19 bytes)
Event: 16.037 Thread 0x00007f10580e3000 nmethod 3782 0x00007f1048ffc050 code [0x00007f1048ffc1a0, 0x00007f1048ffc218]
Event: 16.037 Thread 0x00007f10580e3000 3780       4       org.springframework.util.ObjectUtils::nullSafeHashCode (183 bytes)
Event: 16.038 Thread 0x00007f10580e3000 nmethod 3780 0x00007f10495ba290 code [0x00007f10495ba3e0, 0x00007f10495ba4c8]
Event: 16.038 Thread 0x00007f10580e9000 3789       3       org.springframework.web.util.pattern.LiteralPathElement::matches (235 bytes)
Event: 16.039 Thread 0x00007f10580e9000 nmethod 3789 0x00007f1048f73090 code [0x00007f1048f73360, 0x00007f1048f74a48]
Event: 16.039 Thread 0x00007f10580e9000 3786       3       org.apache.coyote.Response::getContentLengthLong (5 bytes)

GC Heap History (10 events):
Event: 1.513 GC heap before
{Heap before GC invocations=2 (full 0):
 def new generation   total 38080K, used 35449K [0x0000000084800000, 0x0000000087150000, 0x00000000adaa0000)
  eden space 33856K, 100% used [0x0000000084800000, 0x0000000086910000, 0x0000000086910000)
  from space 4224K,  37% used [0x0000000086910000, 0x0000000086a9e530, 0x0000000086d30000)
  to   space 4224K,   0% used [0x0000000086d30000, 0x0000000086d30000, 0x0000000087150000)
 tenured generation   total 84672K, used 6427K [0x00000000adaa0000, 0x00000000b2d50000, 0x0000000100000000)
   the space 84672K,   7% used [0x00000000adaa0000, 0x00000000ae0e6db8, 0x00000000ae0e6e00, 0x00000000b2d50000)
 Metaspace       used 18107K, capacity 19016K, committed 19200K, reserved 1067008K
  class space    used 2269K, capacity 2476K, committed 2560K, reserved 1048576K
Event: 1.517 GC heap after
Heap after GC invocations=3 (full 0):
 def new generation   total 38080K, used 4224K [0x0000000084800000, 0x0000000087150000, 0x00000000adaa0000)
  eden space 33856K,   0% used [0x0000000084800000, 0x0000000084800000, 0x0000000086910000)
  from space 4224K, 100% used [0x0000000086d30000, 0x0000000087150000, 0x0000000087150000)
  to   space 4224K,   0% used [0x0000000086910000, 0x0000000086910000, 0x0000000086d30000)
 tenured generation   total 84672K, used 7321K [0x00000000adaa0000, 0x00000000b2d50000, 0x0000000100000000)
   the space 84672K,   8% used [0x00000000adaa0000, 0x00000000ae1c6590, 0x00000000ae1c6600, 0x00000000b2d50000)
 Metaspace       used 18107K, capacity 19016K, committed 19200K, reserved 1067008K
  class space    used 2269K, capacity 2476K, committed 2560K, reserved 1048576K
}
Event: 1.904 GC heap before
{Heap before GC invocations=3 (full 0):
 def new generation   total 38080K, used 23284K [0x0000000084800000, 0x0000000087150000, 0x00000000adaa0000)
  eden space 33856K,  56% used [0x0000000084800000, 0x0000000085a9d020, 0x0000000086910000)
  from space 4224K, 100% used [0x0000000086d30000, 0x0000000087150000, 0x0000000087150000)
  to   space 4224K,   0% used [0x0000000086910000, 0x0000000086910000, 0x0000000086d30000)
 tenured generation   total 84672K, used 7321K [0x00000000adaa0000, 0x00000000b2d50000, 0x0000000100000000)
   the space 84672K,   8% used [0x00000000adaa0000, 0x00000000ae1c6590, 0x00000000ae1c6600, 0x00000000b2d50000)
 Metaspace       used 20214K, capacity 21124K, committed 21248K, reserved 1067008K
  class space    used 2549K, capacity 2754K, committed 2816K, reserved 1048576K
Event: 1.924 GC heap after
Heap after GC invocations=4 (full 1):
 def new generation   total 38144K, used 0K [0x0000000084800000, 0x0000000087160000, 0x00000000adaa0000)
  eden space 33920K,   0% used [0x0000000084800000, 0x0000000084800000, 0x0000000086920000)
  from space 4224K,   0% used [0x0000000086920000, 0x0000000086920000, 0x0000000086d40000)
  to   space 4224K,   0% used [0x0000000086d40000, 0x0000000086d40000, 0x0000000087160000)
 tenured generation   total 84672K, used 11885K [0x00000000adaa0000, 0x00000000b2d50000, 0x0000000100000000)
   the space 84672K,  14% used [0x00000000adaa0000, 0x00000000ae63b448, 0x00000000ae63b600, 0x00000000b2d50000)
 Metaspace       used 20214K, capacity 21124K, committed 21248K, reserved 1067008K
  class space    used 2549K, capacity 2754K, committed 2816K, reserved 1048576K
}
Event: 2.811 GC heap before
{Heap before GC invocations=4 (full 1):
 def new generation   total 38144K, used 33920K [0x0000000084800000, 0x0000000087160000, 0x00000000adaa0000)
  eden space 33920K, 100% used [0x0000000084800000, 0x0000000086920000, 0x0000000086920000)
  from space 4224K,   0% used [0x0000000086920000, 0x0000000086920000, 0x0000000086d40000)
  to   space 4224K,   0% used [0x0000000086d40000, 0x0000000086d40000, 0x0000000087160000)
 tenured generation   total 84672K, used 11885K [0x00000000adaa0000, 0x00000000b2d50000, 0x0000000100000000)
   the space 84672K,  14% used [0x00000000adaa0000, 0x00000000ae63b448, 0x00000000ae63b600, 0x00000000b2d50000)
 Metaspace       used 27309K, capacity 28982K, committed 29184K, reserved 1075200K
  class space    used 3478K, capacity 3758K, committed 3840K, reserved 1048576K
Event: 2.823 GC heap after
Heap after GC invocations=5 (full 1):
 def new generation   total 38144K, used 4223K [0x0000000084800000, 0x0000000087160000, 0x00000000adaa0000)
  eden space 33920K,   0% used [0x0000000084800000, 0x0000000084800000, 0x0000000086920000)
  from space 4224K,  99% used [0x0000000086d40000, 0x000000008715fff8, 0x0000000087160000)
  to   space 4224K,   0% used [0x0000000086920000, 0x0000000086920000, 0x0000000086d40000)
 tenured generation   total 84672K, used 15670K [0x00000000adaa0000, 0x00000000b2d50000, 0x0000000100000000)
   the space 84672K,  18% used [0x00000000adaa0000, 0x00000000ae9ed888, 0x00000000ae9eda00, 0x00000000b2d50000)
 Metaspace       used 27309K, capacity 28982K, committed 29184K, reserved 1075200K
  class space    used 3478K, capacity 3758K, committed 3840K, reserved 1048576K
}
Event: 3.281 GC heap before
{Heap before GC invocations=5 (full 1):
 def new generation   total 38144K, used 38143K [0x0000000084800000, 0x0000000087160000, 0x00000000adaa0000)
  eden space 33920K, 100% used [0x0000000084800000, 0x0000000086920000, 0x0000000086920000)
  from space 4224K,  99% used [0x0000000086d40000, 0x000000008715fff8, 0x0000000087160000)
  to   space 4224K,   0% used [0x0000000086920000, 0x0000000086920000, 0x0000000086d40000)
 tenured generation   total 84672K, used 15670K [0x00000000adaa0000, 0x00000000b2d50000, 0x0000000100000000)
   the space 84672K,  18% used [0x00000000adaa0000, 0x00000000ae9ed888, 0x00000000ae9eda00, 0x00000000b2d50000)
 Metaspace       used 31495K, capacity 33232K, committed 33536K, reserved 1079296K
  class space    used 3982K, capacity 4289K, committed 4352K, reserved 1048576K
Event: 3.289 GC heap after
Heap after GC invocations=6 (full 1):
 def new generation   total 38144K, used 4223K [0x0000000084800000, 0x0000000087160000, 0x00000000adaa0000)
  eden space 33920K,   0% used [0x0000000084800000, 0x0000000084800000, 0x0000000086920000)
  from space 4224K,  99% used [0x0000000086920000, 0x0000000086d3fff8, 0x0000000086d40000)
  to   space 4224K,   0% used [0x0000000086d40000, 0x0000000086d40000, 0x0000000087160000)
 tenured generation   total 84672K, used 19296K [0x00000000adaa0000, 0x00000000b2d50000, 0x0000000100000000)
   the space 84672K,  22% used [0x00000000adaa0000, 0x00000000aed782b8, 0x00000000aed78400, 0x00000000b2d50000)
 Metaspace       used 31495K, capacity 33232K, committed 33536K, reserved 1079296K
  class space    used 3982K, capacity 4289K, committed 4352K, reserved 1048576K
}
Event: 3.724 GC heap before
{Heap before GC invocations=6 (full 1):
 def new generation   total 38144K, used 25033K [0x0000000084800000, 0x0000000087160000, 0x00000000adaa0000)
  eden space 33920K,  61% used [0x0000000084800000, 0x0000000085c52628, 0x0000000086920000)
  from space 4224K,  99% used [0x0000000086920000, 0x0000000086d3fff8, 0x0000000086d40000)
  to   space 4224K,   0% used [0x0000000086d40000, 0x0000000086d40000, 0x0000000087160000)
 tenured generation   total 84672K, used 19296K [0x00000000adaa0000, 0x00000000b2d50000, 0x0000000100000000)
   the space 84672K,  22% used [0x00000000adaa0000, 0x00000000aed782b8, 0x00000000aed78400, 0x00000000b2d50000)
 Metaspace       used 33357K, capacity 35404K, committed 35416K, reserved 1081344K
  class space    used 4226K, capacity 4599K, committed 4608K, reserved 1048576K
Event: 3.760 GC heap after
Heap after GC invocations=7 (full 2):
 def new generation   total 38144K, used 0K [0x0000000084800000, 0x0000000087160000, 0x00000000adaa0000)
  eden space 33920K,   0% used [0x0000000084800000, 0x0000000084800000, 0x0000000086920000)
  from space 4224K,   0% used [0x0000000086920000, 0x0000000086920000, 0x0000000086d40000)
  to   space 4224K,   0% used [0x0000000086d40000, 0x0000000086d40000, 0x0000000087160000)
 tenured generation   total 84672K, used 17867K [0x00000000adaa0000, 0x00000000b2d50000, 0x0000000100000000)
   the space 84672K,  21% used [0x00000000adaa0000, 0x00000000aec12c70, 0x00000000aec12e00, 0x00000000b2d50000)
 Metaspace       used 33357K, capacity 35404K, committed 35416K, reserved 1081344K
  class space    used 4226K, capacity 4599K, committed 4608K, reserved 1048576K
}

Deoptimization events (10 events):
Event: 3.175 Thread 0x00007f1058021800 Uncommon trap: reason=unstable_if action=reinterpret pc=0x00007f10494d42bc method=org.springframework.beans.factory.BeanFactoryUtils.transformedBeanName(Ljava/lang/String;)Ljava/lang/String; @ 12
Event: 3.303 Thread 0x00007f1058021800 Uncommon trap: reason=unstable_if action=reinterpret pc=0x00007f1049448120 method=java.util.concurrent.ConcurrentHashMap.transfer([Ljava/util/concurrent/ConcurrentHashMap$Node;[Ljava/util/concurrent/ConcurrentHashMap$Node;)V @ 356
Event: 3.335 Thread 0x00007f1058021800 Uncommon trap: reason=class_check action=maybe_recompile pc=0x00007f10496c4734 method=java.lang.reflect.Method.equals(Ljava/lang/Object;)Z @ 5
Event: 3.587 Thread 0x00007f1058021800 Uncommon trap: reason=class_check action=maybe_recompile pc=0x00007f10496c4734 method=java.lang.reflect.Method.equals(Ljava/lang/Object;)Z @ 5
Event: 3.691 Thread 0x00007f1058021800 Uncommon trap: reason=unstable_if action=reinterpret pc=0x00007f10496ac314 method=org.springframework.beans.factory.support.AbstractBeanFactory.isTypeMatch(Ljava/lang/String;Lorg/springframework/core/ResolvableType;Z)Z @ 34
Event: 3.789 Thread 0x00007f1058021800 Uncommon trap: reason=unstable_if action=reinterpret pc=0x00007f1049446b34 method=java.util.concurrent.ConcurrentHashMap.transfer([Ljava/util/concurrent/ConcurrentHashMap$Node;[Ljava/util/concurrent/ConcurrentHashMap$Node;)V @ 356
Event: 15.122 Thread 0x00007f1058b58800 Uncommon trap: reason=unstable_if action=reinterpret pc=0x00007f104933cdd8 method=org.springframework.asm.ClassReader.readUtf(II[C)Ljava/lang/String; @ 41
Event: 15.122 Thread 0x00007f1058b58800 Uncommon trap: reason=unstable_if action=reinterpret pc=0x00007f10492f934c method=org.springframework.asm.ClassReader.readUtf(II[C)Ljava/lang/String; @ 41
Event: 15.122 Thread 0x00007f1058b58800 Uncommon trap: reason=unstable_if action=reinterpret pc=0x00007f104926112c method=org.springframework.asm.ClassReader.readUtf(II[C)Ljava/lang/String; @ 41
Event: 15.892 Thread 0x00007f1058b65000 Uncommon trap: reason=unstable_if action=reinterpret pc=0x00007f10490fb0a0 method=java.lang.CharacterDataLatin1.isWhitespace(I)Z @ 14

Classes redefined (0 events):
No events

Internal exceptions (10 events):
Event: 3.360 Thread 0x00007f1058021800 Exception <a 'java/lang/ClassNotFoundException': org/springframework/web/servlet/config/annotation/WebMvcConfigurationSupportCustomizer> (0x0000000084fbaac0) thrown at [/home/racerz/jdk8u-jdk8u402-b05/hotspot/src/share/vm/classfile/systemDictionary.cpp, l
Event: 3.362 Thread 0x00007f1058021800 Exception <a 'java/lang/ClassNotFoundException': org/springframework/web/servlet/config/annotation/DelegatingWebMvcConfigurationCustomizer> (0x0000000084fd6950) thrown at [/home/racerz/jdk8u-jdk8u402-b05/hotspot/src/share/vm/classfile/systemDictionary.cpp
Event: 3.363 Thread 0x00007f1058021800 Exception <a 'java/lang/ClassNotFoundException': org/springframework/boot/autoconfigure/web/servlet/WebMvcAutoConfiguration$EnableWebMvcConfigurationCustomizer> (0x0000000084fea838) thrown at [/home/racerz/jdk8u-jdk8u402-b05/hotspot/src/share/vm/classfile
Event: 3.363 Thread 0x00007f1058021800 Exception <a 'java/lang/ClassNotFoundException': org/springframework/context/ResourceLoaderAwareCustomizer> (0x0000000085000f40) thrown at [/home/racerz/jdk8u-jdk8u402-b05/hotspot/src/share/vm/classfile/systemDictionary.cpp, line 217]
Event: 3.363 Thread 0x00007f1058021800 Exception <a 'java/lang/ClassNotFoundException': org/springframework/beans/factory/AwareCustomizer> (0x0000000085005338) thrown at [/home/racerz/jdk8u-jdk8u402-b05/hotspot/src/share/vm/classfile/systemDictionary.cpp, line 217]
Event: 3.363 Thread 0x00007f1058021800 Exception <a 'java/lang/ClassNotFoundException': org/springframework/context/ApplicationContextAwareCustomizer> (0x0000000085008ac8) thrown at [/home/racerz/jdk8u-jdk8u402-b05/hotspot/src/share/vm/classfile/systemDictionary.cpp, line 217]
Event: 3.363 Thread 0x00007f1058021800 Exception <a 'java/lang/ClassNotFoundException': org/springframework/beans/factory/AwareCustomizer> (0x000000008500d4c8) thrown at [/home/racerz/jdk8u-jdk8u402-b05/hotspot/src/share/vm/classfile/systemDictionary.cpp, line 217]
Event: 3.364 Thread 0x00007f1058021800 Exception <a 'java/lang/ClassNotFoundException': org/springframework/web/context/ServletContextAwareCustomizer> (0x0000000085010be8) thrown at [/home/racerz/jdk8u-jdk8u402-b05/hotspot/src/share/vm/classfile/systemDictionary.cpp, line 217]
Event: 3.364 Thread 0x00007f1058021800 Exception <a 'java/lang/ClassNotFoundException': org/springframework/beans/factory/AwareCustomizer> (0x0000000085015058) thrown at [/home/racerz/jdk8u-jdk8u402-b05/hotspot/src/share/vm/classfile/systemDictionary.cpp, line 217]
Event: 3.699 Thread 0x00007f1058021800 Exception <a 'java/lang/IncompatibleClassChangeError': Found class java.lang.Object, but interface was expected> (0x0000000085bb2b78) thrown at [/home/racerz/jdk8u-jdk8u402-b05/hotspot/src/share/vm/interpreter/linkResolver.cpp, line 653]

Events (10 events):
Event: 15.970 loading class java/io/RandomAccessFile
Event: 15.970 loading class java/io/RandomAccessFile done
Event: 15.983 Executing VM operation: RevokeBias
Event: 15.983 Executing VM operation: RevokeBias done
Event: 15.986 Executing VM operation: RevokeBias
Event: 15.986 Executing VM operation: RevokeBias done
Event: 15.988 Executing VM operation: RevokeBias
Event: 15.988 Executing VM operation: RevokeBias done
Event: 15.988 Executing VM operation: BulkRevokeBias
Event: 15.988 Executing VM operation: BulkRevokeBias done


Dynamic libraries:
84800000-87160000 rw-p 00000000 00:00 0 
87160000-adaa0000 ---p 00000000 00:00 0 
adaa0000-b2d50000 rw-p 00000000 00:00 0 
b2d50000-100000000 ---p 00000000 00:00 0 
100000000-100500000 rw-p 00000000 00:00 0 
100500000-140000000 ---p 00000000 00:00 0 
5635f2a22000-5635f2a23000 r--p 00000000 08:20 564708                     /home/racerz/openjdk8/build/linux-x86_64-normal-server-release/jdk/bin/java
5635f2a23000-5635f2a24000 r-xp 00001000 08:20 564708                     /home/racerz/openjdk8/build/linux-x86_64-normal-server-release/jdk/bin/java
5635f2a24000-5635f2a25000 r--p 00002000 08:20 564708                     /home/racerz/openjdk8/build/linux-x86_64-normal-server-release/jdk/bin/java
5635f2a25000-5635f2a26000 r--p 00002000 08:20 564708                     /home/racerz/openjdk8/build/linux-x86_64-normal-server-release/jdk/bin/java
5635f2a26000-5635f2a27000 rw-p 00003000 08:20 564708                     /home/racerz/openjdk8/build/linux-x86_64-normal-server-release/jdk/bin/java
5635f32ff000-5635f3320000 rw-p 00000000 00:00 0                          [heap]
7f0fe8000000-7f0fe8021000 rw-p 00000000 00:00 0 
7f0fe8021000-7f0fec000000 ---p 00000000 00:00 0 
7f0fec000000-7f0fec021000 rw-p 00000000 00:00 0 
7f0fec021000-7f0ff0000000 ---p 00000000 00:00 0 
7f0ff0000000-7f0ff0021000 rw-p 00000000 00:00 0 
7f0ff0021000-7f0ff4000000 ---p 00000000 00:00 0 
7f0ff4000000-7f0ff4021000 rw-p 00000000 00:00 0 
7f0ff4021000-7f0ff8000000 ---p 00000000 00:00 0 
7f0ff8000000-7f0ff8021000 rw-p 00000000 00:00 0 
7f0ff8021000-7f0ffc000000 ---p 00000000 00:00 0 
7f0ffc000000-7f0ffc021000 rw-p 00000000 00:00 0 
7f0ffc021000-7f1000000000 ---p 00000000 00:00 0 
7f1000000000-7f1000021000 rw-p 00000000 00:00 0 
7f1000021000-7f1004000000 ---p 00000000 00:00 0 
7f1004000000-7f1004021000 rw-p 00000000 00:00 0 
7f1004021000-7f1008000000 ---p 00000000 00:00 0 
7f1008000000-7f1008021000 rw-p 00000000 00:00 0 
7f1008021000-7f100c000000 ---p 00000000 00:00 0 
7f100c000000-7f100c03a000 rw-p 00000000 00:00 0 
7f100c03a000-7f1010000000 ---p 00000000 00:00 0 
7f1010000000-7f1010056000 rw-p 00000000 00:00 0 
7f1010056000-7f1014000000 ---p 00000000 00:00 0 
7f1014000000-7f1014021000 rw-p 00000000 00:00 0 
7f1014021000-7f1018000000 ---p 00000000 00:00 0 
7f1018000000-7f1018021000 rw-p 00000000 00:00 0 
7f1018021000-7f101c000000 ---p 00000000 00:00 0 
7f101c000000-7f101c021000 rw-p 00000000 00:00 0 
7f101c021000-7f1020000000 ---p 00000000 00:00 0 
7f1020000000-7f1020021000 rw-p 00000000 00:00 0 
7f1020021000-7f1024000000 ---p 00000000 00:00 0 
7f1024000000-7f1024021000 rw-p 00000000 00:00 0 
7f1024021000-7f1028000000 ---p 00000000 00:00 0 
7f1028000000-7f1028ce4000 rw-p 00000000 00:00 0 
7f1028ce4000-7f102c000000 ---p 00000000 00:00 0 
7f102c000000-7f102c021000 rw-p 00000000 00:00 0 
7f102c021000-7f1030000000 ---p 00000000 00:00 0 
7f1030000000-7f1030021000 rw-p 00000000 00:00 0 
7f1030021000-7f1034000000 ---p 00000000 00:00 0 
7f1034000000-7f1034969000 rw-p 00000000 00:00 0 
7f1034969000-7f1038000000 ---p 00000000 00:00 0 
7f1038000000-7f1038021000 rw-p 00000000 00:00 0 
7f1038021000-7f103c000000 ---p 00000000 00:00 0 
7f103c000000-7f103c021000 rw-p 00000000 00:00 0 
7f103c021000-7f1040000000 ---p 00000000 00:00 0 
7f1040000000-7f1040038000 rw-p 00000000 00:00 0 
7f1040038000-7f1044000000 ---p 00000000 00:00 0 
7f10442be000-7f104447e000 rw-p 00000000 00:00 0 
7f104447e000-7f10444be000 ---p 00000000 00:00 0 
7f10444be000-7f10444c1000 ---p 00000000 00:00 0 
7f10444c1000-7f10445bf000 rw-p 00000000 00:00 0 
7f10445bf000-7f10445c2000 ---p 00000000 00:00 0 
7f10445c2000-7f10446c0000 rw-p 00000000 00:00 0 
7f10446c0000-7f10446c3000 ---p 00000000 00:00 0 
7f10446c3000-7f10447c1000 rw-p 00000000 00:00 0 
7f10447c1000-7f10447c4000 ---p 00000000 00:00 0 
7f10447c4000-7f10448c2000 rw-p 00000000 00:00 0 
7f10448c2000-7f10448c5000 ---p 00000000 00:00 0 
7f10448c5000-7f10449c3000 rw-p 00000000 00:00 0 
7f10449c3000-7f10449c6000 ---p 00000000 00:00 0 
7f10449c6000-7f1044ac4000 rw-p 00000000 00:00 0 
7f1044ac4000-7f1044ac7000 ---p 00000000 00:00 0 
7f1044ac7000-7f1044bc5000 rw-p 00000000 00:00 0 
7f1044bc5000-7f1044bc8000 ---p 00000000 00:00 0 
7f1044bc8000-7f1044cc6000 rw-p 00000000 00:00 0 
7f1044cc6000-7f1044cc9000 ---p 00000000 00:00 0 
7f1044cc9000-7f1044dc7000 rw-p 00000000 00:00 0 
7f1044dc7000-7f1044dca000 ---p 00000000 00:00 0 
7f1044dca000-7f1044ec8000 rw-p 00000000 00:00 0 
7f1044ec8000-7f1044ecb000 ---p 00000000 00:00 0 
7f1044ecb000-7f1044fc9000 rw-p 00000000 00:00 0 
7f1044fc9000-7f1044fcc000 ---p 00000000 00:00 0 
7f1044fcc000-7f10452ca000 rw-p 00000000 00:00 0 
7f10452ca000-7f10454ca000 rw-p 00000000 00:00 0 
7f10454ca000-7f10454cd000 ---p 00000000 00:00 0 
7f10454cd000-7f10455cb000 rw-p 00000000 00:00 0 
7f10455cb000-7f10455ce000 ---p 00000000 00:00 0 
7f10455ce000-7f10456cc000 rw-p 00000000 00:00 0 
7f10456cc000-7f10456cf000 ---p 00000000 00:00 0 
7f10456cf000-7f10459cd000 rw-p 00000000 00:00 0 
7f10459cd000-7f1045bcd000 rw-p 00000000 00:00 0 
7f1045bcd000-7f1045bd6000 r--p 00000000 08:20 564363                     /home/racerz/openjdk8/build/linux-x86_64-normal-server-release/jdk/lib/amd64/libsunec.so
7f1045bd6000-7f1045bf8000 r-xp 00009000 08:20 564363                     /home/racerz/openjdk8/build/linux-x86_64-normal-server-release/jdk/lib/amd64/libsunec.so
7f1045bf8000-7f1045c05000 r--p 0002b000 08:20 564363                     /home/racerz/openjdk8/build/linux-x86_64-normal-server-release/jdk/lib/amd64/libsunec.so
7f1045c05000-7f1045c06000 ---p 00038000 08:20 564363                     /home/racerz/openjdk8/build/linux-x86_64-normal-server-release/jdk/lib/amd64/libsunec.so
7f1045c06000-7f1045c0b000 r--p 00038000 08:20 564363                     /home/racerz/openjdk8/build/linux-x86_64-normal-server-release/jdk/lib/amd64/libsunec.so
7f1045c0b000-7f1045c0d000 rw-p 0003d000 08:20 564363                     /home/racerz/openjdk8/build/linux-x86_64-normal-server-release/jdk/lib/amd64/libsunec.so
7f1045c0d000-7f1045e1e000 rw-p 00000000 00:00 0 
7f1045e1e000-7f104601e000 rw-p 00000000 00:00 0 
7f104601e000-7f104621e000 rw-p 00000000 00:00 0 
7f104621e000-7f104641e000 rw-p 00000000 00:00 0 
7f104641e000-7f104661e000 rw-p 00000000 00:00 0 
7f104661e000-7f104681e000 rw-p 00000000 00:00 0 
7f104681e000-7f1046a1e000 rw-p 00000000 00:00 0 
7f1046a1e000-7f1046c1e000 rw-p 00000000 00:00 0 
7f1046c1e000-7f1046c23000 r--p 00000000 08:20 564398                     /home/racerz/openjdk8/build/linux-x86_64-normal-server-release/jdk/lib/amd64/libnet.so
7f1046c23000-7f1046c33000 r-xp 00005000 08:20 564398                     /home/racerz/openjdk8/build/linux-x86_64-normal-server-release/jdk/lib/amd64/libnet.so
7f1046c33000-7f1046c37000 r--p 00015000 08:20 564398                     /home/racerz/openjdk8/build/linux-x86_64-normal-server-release/jdk/lib/amd64/libnet.so
7f1046c37000-7f1046c38000 r--p 00018000 08:20 564398                     /home/racerz/openjdk8/build/linux-x86_64-normal-server-release/jdk/lib/amd64/libnet.so
7f1046c38000-7f1046c39000 rw-p 00019000 08:20 564398                     /home/racerz/openjdk8/build/linux-x86_64-normal-server-release/jdk/lib/amd64/libnet.so
7f1046c39000-7f1046f13000 r--s 0341f000 08:20 354995                     /home/racerz/openjdk8/vuln-springboot2.jar
7f1046f13000-7f1046f14000 ---p 00000000 00:00 0 
7f1046f14000-7f1047014000 rw-p 00000000 00:00 0 
7f1047014000-7f104708e000 r--s 01107000 08:20 354993                     /home/racerz/openjdk8/tools.jar
7f104708e000-7f1047091000 ---p 00000000 00:00 0 
7f1047091000-7f104718f000 rw-p 00000000 00:00 0 
7f104718f000-7f1047190000 ---p 00000000 00:00 0 
7f1047190000-7f1047193000 ---p 00000000 00:00 0 
7f1047193000-7f1047290000 rw-p 00000000 00:00 0 
7f1047290000-7f1047291000 ---p 00000000 00:00 0 
7f1047291000-7f1047294000 ---p 00000000 00:00 0 
7f1047294000-7f1047391000 rw-p 00000000 00:00 0 
7f1047391000-7f1047394000 ---p 00000000 00:00 0 
7f1047394000-7f1047492000 rw-p 00000000 00:00 0 
7f1047492000-7f1047605000 r--p 00000000 08:20 22157                      /usr/lib/locale/C.UTF-8/LC_COLLATE
7f1047605000-7f10478eb000 r--p 00000000 08:20 3070                       /usr/lib/locale/locale-archive
7f10478eb000-7f10478ee000 ---p 00000000 00:00 0 
7f10478ee000-7f10479ec000 rw-p 00000000 00:00 0 
7f10479ec000-7f10479ef000 ---p 00000000 00:00 0 
7f10479ef000-7f1047aed000 rw-p 00000000 00:00 0 
7f1047aed000-7f1047aee000 ---p 00000000 00:00 0 
7f1047aee000-7f1048418000 rw-p 00000000 00:00 0 
7f1048418000-7f1048681000 ---p 00000000 00:00 0 
7f1048681000-7f1048696000 rw-p 00000000 00:00 0 
7f1048696000-7f10487ca000 ---p 00000000 00:00 0 
7f10487ca000-7f10487f4000 rw-p 00000000 00:00 0 
7f10487f4000-7f1048a5d000 ---p 00000000 00:00 0 
7f1048a5d000-7f1048a88000 rw-p 00000000 00:00 0 
7f1048a88000-7f1048e1e000 ---p 00000000 00:00 0 
7f1048e1e000-7f104987e000 rwxp 00000000 00:00 0 
7f104987e000-7f1057e1e000 ---p 00000000 00:00 0 
7f1057e1e000-7f1057eb4000 r--p 00000000 08:20 29517                      /usr/lib/x86_64-linux-gnu/libstdc++.so.6.0.28
7f1057eb4000-7f1057fa5000 r-xp 00096000 08:20 29517                      /usr/lib/x86_64-linux-gnu/libstdc++.so.6.0.28
7f1057fa5000-7f1057fee000 r--p 00187000 08:20 29517                      /usr/lib/x86_64-linux-gnu/libstdc++.so.6.0.28
7f1057fee000-7f1057fef000 ---p 001d0000 08:20 29517                      /usr/lib/x86_64-linux-gnu/libstdc++.so.6.0.28
7f1057fef000-7f1057ffa000 r--p 001d0000 08:20 29517                      /usr/lib/x86_64-linux-gnu/libstdc++.so.6.0.28
7f1057ffa000-7f1057ffd000 rw-p 001db000 08:20 29517                      /usr/lib/x86_64-linux-gnu/libstdc++.so.6.0.28
7f1057ffd000-7f1058000000 rw-p 00000000 00:00 0 
7f1058000000-7f1058b94000 rw-p 00000000 00:00 0 
7f1058b94000-7f105c000000 ---p 00000000 00:00 0 
7f105c00c000-7f105c010000 r--p 00000000 08:20 564421                     /home/racerz/openjdk8/build/linux-x86_64-normal-server-release/jdk/lib/amd64/libmanagement.so
7f105c010000-7f105c013000 r-xp 00004000 08:20 564421                     /home/racerz/openjdk8/build/linux-x86_64-normal-server-release/jdk/lib/amd64/libmanagement.so
7f105c013000-7f105c015000 r--p 00007000 08:20 564421                     /home/racerz/openjdk8/build/linux-x86_64-normal-server-release/jdk/lib/amd64/libmanagement.so
7f105c015000-7f105c016000 r--p 00008000 08:20 564421                     /home/racerz/openjdk8/build/linux-x86_64-normal-server-release/jdk/lib/amd64/libmanagement.so
7f105c016000-7f105c017000 rw-p 00009000 08:20 564421                     /home/racerz/openjdk8/build/linux-x86_64-normal-server-release/jdk/lib/amd64/libmanagement.so
7f105c017000-7f105c01e000 r--p 00000000 08:20 564453                     /home/racerz/openjdk8/build/linux-x86_64-normal-server-release/jdk/lib/amd64/libnio.so
7f105c01e000-7f105c026000 r-xp 00007000 08:20 564453                     /home/racerz/openjdk8/build/linux-x86_64-normal-server-release/jdk/lib/amd64/libnio.so
7f105c026000-7f105c029000 r--p 0000f000 08:20 564453                     /home/racerz/openjdk8/build/linux-x86_64-normal-server-release/jdk/lib/amd64/libnio.so
7f105c029000-7f105c02a000 ---p 00012000 08:20 564453                     /home/racerz/openjdk8/build/linux-x86_64-normal-server-release/jdk/lib/amd64/libnio.so
7f105c02a000-7f105c02b000 r--p 00012000 08:20 564453                     /home/racerz/openjdk8/build/linux-x86_64-normal-server-release/jdk/lib/amd64/libnio.so
7f105c02b000-7f105c02c000 rw-p 00013000 08:20 564453                     /home/racerz/openjdk8/build/linux-x86_64-normal-server-release/jdk/lib/amd64/libnio.so
7f105c02c000-7f105c02e000 r--s 00008000 08:20 565110                     /home/racerz/openjdk8/build/linux-x86_64-normal-server-release/jdk/lib/ext/sunec.jar
7f105c02e000-7f105c034000 r--s 0003e000 08:20 565091                     /home/racerz/openjdk8/build/linux-x86_64-normal-server-release/jdk/lib/ext/sunjce_provider.jar
7f105c034000-7f105c037000 r--s 00042000 08:20 565096                     /home/racerz/openjdk8/build/linux-x86_64-normal-server-release/jdk/lib/ext/sunpkcs11.jar
7f105c037000-7f105c069000 r--p 00000000 08:20 22158                      /usr/lib/locale/C.UTF-8/LC_CTYPE
7f105c069000-7f105c06a000 r--p 00000000 08:20 22164                      /usr/lib/locale/C.UTF-8/LC_NUMERIC
7f105c06a000-7f105c06b000 r--p 00000000 08:20 22167                      /usr/lib/locale/C.UTF-8/LC_TIME
7f105c06b000-7f105c06c000 r--p 00000000 08:20 22162                      /usr/lib/locale/C.UTF-8/LC_MONETARY
7f105c06c000-7f105c06d000 r--p 00000000 08:20 22161                      /usr/lib/locale/C.UTF-8/LC_MESSAGES/SYS_LC_MESSAGES
7f105c06d000-7f105c06e000 r--p 00000000 08:20 22165                      /usr/lib/locale/C.UTF-8/LC_PAPER
7f105c06e000-7f105c06f000 r--p 00000000 08:20 22163                      /usr/lib/locale/C.UTF-8/LC_NAME
7f105c06f000-7f105c070000 r--p 00000000 08:20 22156                      /usr/lib/locale/C.UTF-8/LC_ADDRESS
7f105c070000-7f105c141000 rw-p 00000000 00:00 0 
7f105c141000-7f105c144000 r--p 00000000 08:20 564392                     /home/racerz/openjdk8/build/linux-x86_64-normal-server-release/jdk/lib/amd64/libzip.so
7f105c144000-7f105c156000 r-xp 00003000 08:20 564392                     /home/racerz/openjdk8/build/linux-x86_64-normal-server-release/jdk/lib/amd64/libzip.so
7f105c156000-7f105c15e000 r--p 00015000 08:20 564392                     /home/racerz/openjdk8/build/linux-x86_64-normal-server-release/jdk/lib/amd64/libzip.so
7f105c15e000-7f105c15f000 r--p 0001c000 08:20 564392                     /home/racerz/openjdk8/build/linux-x86_64-normal-server-release/jdk/lib/amd64/libzip.so
7f105c15f000-7f105c160000 rw-p 0001d000 08:20 564392                     /home/racerz/openjdk8/build/linux-x86_64-normal-server-release/jdk/lib/amd64/libzip.so
7f105c160000-7f105c163000 r--p 00000000 08:20 29549                      /usr/lib/x86_64-linux-gnu/libnss_files-2.31.so
7f105c163000-7f105c16a000 r-xp 00003000 08:20 29549                      /usr/lib/x86_64-linux-gnu/libnss_files-2.31.so
7f105c16a000-7f105c16c000 r--p 0000a000 08:20 29549                      /usr/lib/x86_64-linux-gnu/libnss_files-2.31.so
7f105c16c000-7f105c16d000 r--p 0000b000 08:20 29549                      /usr/lib/x86_64-linux-gnu/libnss_files-2.31.so
7f105c16d000-7f105c16e000 rw-p 0000c000 08:20 29549                      /usr/lib/x86_64-linux-gnu/libnss_files-2.31.so
7f105c16e000-7f105c174000 rw-p 00000000 00:00 0 
7f105c174000-7f105c177000 r--p 00000000 08:20 20814                      /usr/lib/x86_64-linux-gnu/libgcc_s.so.1
7f105c177000-7f105c189000 r-xp 00003000 08:20 20814                      /usr/lib/x86_64-linux-gnu/libgcc_s.so.1
7f105c189000-7f105c18d000 r--p 00015000 08:20 20814                      /usr/lib/x86_64-linux-gnu/libgcc_s.so.1
7f105c18d000-7f105c18e000 r--p 00018000 08:20 20814                      /usr/lib/x86_64-linux-gnu/libgcc_s.so.1
7f105c18e000-7f105c18f000 rw-p 00019000 08:20 20814                      /usr/lib/x86_64-linux-gnu/libgcc_s.so.1
7f105c18f000-7f105c190000 r--p 00000000 08:20 22166                      /usr/lib/locale/C.UTF-8/LC_TELEPHONE
7f105c190000-7f105c191000 r--p 00000000 08:20 22160                      /usr/lib/locale/C.UTF-8/LC_MEASUREMENT
7f105c191000-7f105c198000 r--s 00000000 08:20 29871                      /usr/lib/x86_64-linux-gnu/gconv/gconv-modules.cache
7f105c198000-7f105c19a000 r--s 00016000 08:20 565087                     /home/racerz/openjdk8/build/linux-x86_64-normal-server-release/jdk/lib/jce.jar
7f105c19a000-7f105c1a2000 rw-s 00000000 08:20 584438                     /tmp/hsperfdata_racerz/256367
7f105c1a2000-7f105c1a3000 r--p 00000000 08:20 354992                     /home/racerz/openjdk8/libagent.so
7f105c1a3000-7f105c1a4000 r-xp 00001000 08:20 354992                     /home/racerz/openjdk8/libagent.so
7f105c1a4000-7f105c1a5000 r--p 00002000 08:20 354992                     /home/racerz/openjdk8/libagent.so
7f105c1a5000-7f105c1a6000 r--p 00002000 08:20 354992                     /home/racerz/openjdk8/libagent.so
7f105c1a6000-7f105c1a7000 rw-p 00003000 08:20 354992                     /home/racerz/openjdk8/libagent.so
7f105c1a7000-7f105c1b4000 r--p 00000000 08:20 564384                     /home/racerz/openjdk8/build/linux-x86_64-normal-server-release/jdk/lib/amd64/libjava.so
7f105c1b4000-7f105c1ca000 r-xp 0000d000 08:20 564384                     /home/racerz/openjdk8/build/linux-x86_64-normal-server-release/jdk/lib/amd64/libjava.so
7f105c1ca000-7f105c1d1000 r--p 00023000 08:20 564384                     /home/racerz/openjdk8/build/linux-x86_64-normal-server-release/jdk/lib/amd64/libjava.so
7f105c1d1000-7f105c1d2000 r--p 00029000 08:20 564384                     /home/racerz/openjdk8/build/linux-x86_64-normal-server-release/jdk/lib/amd64/libjava.so
7f105c1d2000-7f105c1d4000 rw-p 0002a000 08:20 564384                     /home/racerz/openjdk8/build/linux-x86_64-normal-server-release/jdk/lib/amd64/libjava.so
7f105c1d4000-7f105c1d6000 r--p 00000000 08:20 29559                      /usr/lib/x86_64-linux-gnu/librt-2.31.so
7f105c1d6000-7f105c1da000 r-xp 00002000 08:20 29559                      /usr/lib/x86_64-linux-gnu/librt-2.31.so
7f105c1da000-7f105c1dc000 r--p 00006000 08:20 29559                      /usr/lib/x86_64-linux-gnu/librt-2.31.so
7f105c1dc000-7f105c1dd000 r--p 00007000 08:20 29559                      /usr/lib/x86_64-linux-gnu/librt-2.31.so
7f105c1dd000-7f105c1de000 rw-p 00008000 08:20 29559                      /usr/lib/x86_64-linux-gnu/librt-2.31.so
7f105c1de000-7f105c1df000 ---p 00000000 00:00 0 
7f105c1df000-7f105c1e2000 ---p 00000000 00:00 0 
7f105c1e2000-7f105c2df000 rw-p 00000000 00:00 0 
7f105c2df000-7f105c2ec000 r--p 00000000 08:20 29541                      /usr/lib/x86_64-linux-gnu/libm-2.31.so
7f105c2ec000-7f105c393000 r-xp 0000d000 08:20 29541                      /usr/lib/x86_64-linux-gnu/libm-2.31.so
7f105c393000-7f105c42c000 r--p 000b4000 08:20 29541                      /usr/lib/x86_64-linux-gnu/libm-2.31.so
7f105c42c000-7f105c42d000 r--p 0014c000 08:20 29541                      /usr/lib/x86_64-linux-gnu/libm-2.31.so
7f105c42d000-7f105c42e000 rw-p 0014d000 08:20 29541                      /usr/lib/x86_64-linux-gnu/libm-2.31.so
7f105c42e000-7f105c63b000 r--p 00000000 08:20 519511                     /home/racerz/openjdk8/build/linux-x86_64-normal-server-release/jdk/lib/amd64/server/libjvm.so
7f105c63b000-7f105cfec000 r-xp 0020d000 08:20 519511                     /home/racerz/openjdk8/build/linux-x86_64-normal-server-release/jdk/lib/amd64/server/libjvm.so
7f105cfec000-7f105d201000 r--p 00bbe000 08:20 519511                     /home/racerz/openjdk8/build/linux-x86_64-normal-server-release/jdk/lib/amd64/server/libjvm.so
7f105d201000-7f105d2ae000 r--p 00dd2000 08:20 519511                     /home/racerz/openjdk8/build/linux-x86_64-normal-server-release/jdk/lib/amd64/server/libjvm.so
7f105d2ae000-7f105d2d8000 rw-p 00e7f000 08:20 519511                     /home/racerz/openjdk8/build/linux-x86_64-normal-server-release/jdk/lib/amd64/server/libjvm.so
7f105d2d8000-7f105d325000 rw-p 00000000 00:00 0 
7f105d325000-7f105d32b000 r--p 00000000 08:20 29555                      /usr/lib/x86_64-linux-gnu/libpthread-2.31.so
7f105d32b000-7f105d33c000 r-xp 00006000 08:20 29555                      /usr/lib/x86_64-linux-gnu/libpthread-2.31.so
7f105d33c000-7f105d342000 r--p 00017000 08:20 29555                      /usr/lib/x86_64-linux-gnu/libpthread-2.31.so
7f105d342000-7f105d343000 r--p 0001c000 08:20 29555                      /usr/lib/x86_64-linux-gnu/libpthread-2.31.so
7f105d343000-7f105d344000 rw-p 0001d000 08:20 29555                      /usr/lib/x86_64-linux-gnu/libpthread-2.31.so
7f105d344000-7f105d348000 rw-p 00000000 00:00 0 
7f105d348000-7f105d349000 r--p 00000000 08:20 29540                      /usr/lib/x86_64-linux-gnu/libdl-2.31.so
7f105d349000-7f105d34b000 r-xp 00001000 08:20 29540                      /usr/lib/x86_64-linux-gnu/libdl-2.31.so
7f105d34b000-7f105d34c000 r--p 00003000 08:20 29540                      /usr/lib/x86_64-linux-gnu/libdl-2.31.so
7f105d34c000-7f105d34d000 r--p 00003000 08:20 29540                      /usr/lib/x86_64-linux-gnu/libdl-2.31.so
7f105d34d000-7f105d34e000 rw-p 00004000 08:20 29540                      /usr/lib/x86_64-linux-gnu/libdl-2.31.so
7f105d34e000-7f105d370000 r--p 00000000 08:20 29539                      /usr/lib/x86_64-linux-gnu/libc-2.31.so
7f105d370000-7f105d4e8000 r-xp 00022000 08:20 29539                      /usr/lib/x86_64-linux-gnu/libc-2.31.so
7f105d4e8000-7f105d536000 r--p 0019a000 08:20 29539                      /usr/lib/x86_64-linux-gnu/libc-2.31.so
7f105d536000-7f105d53a000 r--p 001e7000 08:20 29539                      /usr/lib/x86_64-linux-gnu/libc-2.31.so
7f105d53a000-7f105d53c000 rw-p 001eb000 08:20 29539                      /usr/lib/x86_64-linux-gnu/libc-2.31.so
7f105d53c000-7f105d540000 rw-p 00000000 00:00 0 
7f105d540000-7f105d541000 r--p 00000000 08:20 22159                      /usr/lib/locale/C.UTF-8/LC_IDENTIFICATION
7f105d541000-7f105d542000 rw-p 00000000 00:00 0 
7f105d542000-7f105d547000 r--p 00000000 08:20 564351                     /home/racerz/openjdk8/build/linux-x86_64-normal-server-release/jdk/lib/amd64/libverify.so
7f105d547000-7f105d54e000 r-xp 00005000 08:20 564351                     /home/racerz/openjdk8/build/linux-x86_64-normal-server-release/jdk/lib/amd64/libverify.so
7f105d54e000-7f105d550000 r--p 0000c000 08:20 564351                     /home/racerz/openjdk8/build/linux-x86_64-normal-server-release/jdk/lib/amd64/libverify.so
7f105d550000-7f105d552000 r--p 0000d000 08:20 564351                     /home/racerz/openjdk8/build/linux-x86_64-normal-server-release/jdk/lib/amd64/libverify.so
7f105d552000-7f105d553000 rw-p 0000f000 08:20 564351                     /home/racerz/openjdk8/build/linux-x86_64-normal-server-release/jdk/lib/amd64/libverify.so
7f105d553000-7f105d556000 r--p 00000000 08:20 564353                     /home/racerz/openjdk8/build/linux-x86_64-normal-server-release/jdk/lib/amd64/jli/libjli.so
7f105d556000-7f105d566000 r-xp 00003000 08:20 564353                     /home/racerz/openjdk8/build/linux-x86_64-normal-server-release/jdk/lib/amd64/jli/libjli.so
7f105d566000-7f105d56d000 r--p 00013000 08:20 564353                     /home/racerz/openjdk8/build/linux-x86_64-normal-server-release/jdk/lib/amd64/jli/libjli.so
7f105d56d000-7f105d56e000 r--p 00019000 08:20 564353                     /home/racerz/openjdk8/build/linux-x86_64-normal-server-release/jdk/lib/amd64/jli/libjli.so
7f105d56e000-7f105d56f000 rw-p 0001a000 08:20 564353                     /home/racerz/openjdk8/build/linux-x86_64-normal-server-release/jdk/lib/amd64/jli/libjli.so
7f105d56f000-7f105d571000 rw-p 00000000 00:00 0 
7f105d571000-7f105d572000 r--p 00000000 08:20 29534                      /usr/lib/x86_64-linux-gnu/ld-2.31.so
7f105d572000-7f105d595000 r-xp 00001000 08:20 29534                      /usr/lib/x86_64-linux-gnu/ld-2.31.so
7f105d595000-7f105d59d000 r--p 00024000 08:20 29534                      /usr/lib/x86_64-linux-gnu/ld-2.31.so
7f105d59d000-7f105d59e000 r--p 00000000 00:00 0 
7f105d59e000-7f105d59f000 r--p 0002c000 08:20 29534                      /usr/lib/x86_64-linux-gnu/ld-2.31.so
7f105d59f000-7f105d5a0000 rw-p 0002d000 08:20 29534                      /usr/lib/x86_64-linux-gnu/ld-2.31.so
7f105d5a0000-7f105d5a1000 rw-p 00000000 00:00 0 
7ffe75566000-7ffe75588000 rw-p 00000000 00:00 0                          [stack]
7ffe755ab000-7ffe755af000 r--p 00000000 00:00 0                          [vvar]
7ffe755af000-7ffe755b1000 r-xp 00000000 00:00 0                          [vdso]

VM Arguments:
jvm_args: -Xbootclasspath/a:/home/racerz/openjdk8/tools.jar -agentpath:/home/racerz/openjdk8/libagent.so 
java_command: vuln-springboot2.jar
java_class_path (initial): vuln-springboot2.jar
Launcher Type: SUN_STANDARD

Environment Variables:
SHELL=/bin/bash
DISPLAY=:0
HOSTTYPE=x86_64

Signal Handlers:
SIGSEGV: [libjvm.so+0xb3c680], sa_mask[0]=11111111011111111101111111111110, sa_flags=SA_RESTART|SA_SIGINFO
SIGBUS: [libjvm.so+0xb3c680], sa_mask[0]=11111111011111111101111111111110, sa_flags=SA_RESTART|SA_SIGINFO
SIGFPE: [libjvm.so+0x977230], sa_mask[0]=11111111011111111101111111111110, sa_flags=SA_RESTART|SA_SIGINFO
SIGPIPE: [libjvm.so+0x977230], sa_mask[0]=11111111011111111101111111111110, sa_flags=SA_RESTART|SA_SIGINFO
SIGXFSZ: [libjvm.so+0x977230], sa_mask[0]=11111111011111111101111111111110, sa_flags=SA_RESTART|SA_SIGINFO
SIGILL: [libjvm.so+0x977230], sa_mask[0]=11111111011111111101111111111110, sa_flags=SA_RESTART|SA_SIGINFO
SIGUSR1: SIG_DFL, sa_mask[0]=00000000000000000000000000000000, sa_flags=none
SIGUSR2: [libjvm.so+0x977570], sa_mask[0]=00000000000000000000000000000000, sa_flags=SA_RESTART|SA_SIGINFO
SIGHUP: [libjvm.so+0x9774c0], sa_mask[0]=11111111011111111101111111111110, sa_flags=SA_RESTART|SA_SIGINFO
SIGINT: [libjvm.so+0x9774c0], sa_mask[0]=11111111011111111101111111111110, sa_flags=SA_RESTART|SA_SIGINFO
SIGTERM: [libjvm.so+0x9774c0], sa_mask[0]=11111111011111111101111111111110, sa_flags=SA_RESTART|SA_SIGINFO
SIGQUIT: [libjvm.so+0x9774c0], sa_mask[0]=11111111011111111101111111111110, sa_flags=SA_RESTART|SA_SIGINFO


---------------  S Y S T E M  ---------------

OS:DISTRIB_ID=Ubuntu
DISTRIB_RELEASE=20.04
DISTRIB_CODENAME=focal
DISTRIB_DESCRIPTION="Ubuntu 20.04.6 LTS"

uname:Linux 5.15.133.1-microsoft-standard-WSL2 #1 SMP Thu Oct 5 21:02:42 UTC 2023 x86_64
libc:glibc 2.31 NPTL 2.31 
rlimit: STACK 8192k, CORE 0k, NPROC 31559, NOFILE 1048576, AS infinity
load average:0.56 0.40 0.53

/proc/meminfo:
MemTotal:        8085828 kB
MemFree:         1603224 kB
MemAvailable:    5950612 kB
Buffers:          219972 kB
Cached:          3935892 kB
SwapCached:          540 kB
Active:          2278196 kB
Inactive:        3332860 kB
Active(anon):      10048 kB
Inactive(anon):  1431724 kB
Active(file):    2268148 kB
Inactive(file):  1901136 kB
Unevictable:           0 kB
Mlocked:               0 kB
SwapTotal:       2097152 kB
SwapFree:        2055556 kB
Dirty:                16 kB
Writeback:             0 kB
AnonPages:       1426656 kB
Mapped:           145420 kB
Shmem:              2964 kB
KReclaimable:     478672 kB
Slab:             572160 kB
SReclaimable:     478672 kB
SUnreclaim:        93488 kB
KernelStack:        8160 kB
PageTables:        15072 kB
NFS_Unstable:          0 kB
Bounce:                0 kB
WritebackTmp:          0 kB
CommitLimit:     6140064 kB
Committed_AS:    2782148 kB
VmallocTotal:   34359738367 kB
VmallocUsed:       30432 kB
VmallocChunk:          0 kB
Percpu:             8512 kB
AnonHugePages:    442368 kB
ShmemHugePages:        0 kB
ShmemPmdMapped:        0 kB
FileHugePages:         0 kB
FilePmdMapped:         0 kB
HugePages_Total:       0
HugePages_Free:        0
HugePages_Rsvd:        0
HugePages_Surp:        0
Hugepagesize:       2048 kB
Hugetlb:               0 kB
DirectMap4k:      152576 kB
DirectMap2M:     7137280 kB
DirectMap1G:    10485760 kB

container (cgroup) information:
container_type: cgroupv1
cpu_cpuset_cpus: 0-15
cpu_memory_nodes: 0
active_processor_count: 1
cpu_quota: -1
cpu_period: 100000
cpu_shares: -1
memory_limit_in_bytes: -1
memory_and_swap_limit_in_bytes: -1
memory_soft_limit_in_bytes: -1
memory_usage_in_bytes: 5716455424
memory_max_usage_in_bytes: 1150681088


CPU:total 16 (initial active 1) (8 cores per cpu, 2 threads per core) family 6 model 165 stepping 2, cmov, cx8, fxsr, mmx, sse, sse2, sse3, ssse3, sse4.1, sse4.2, popcnt, avx, avx2, aes, clmul, erms, 3dnowpref, lzcnt, ht, tsc, bmi1, bmi2, adx

/proc/cpuinfo:
processor	: 0
vendor_id	: GenuineIntel
cpu family	: 6
model		: 165
model name	: Intel(R) Core(TM) i7-10875H CPU @ 2.30GHz
stepping	: 2
microcode	: 0xffffffff
cpu MHz		: 2304.008
cache size	: 16384 KB
physical id	: 0
siblings	: 16
core id		: 0
cpu cores	: 8
apicid		: 0
initial apicid	: 0
fpu		: yes
fpu_exception	: yes
cpuid level	: 22
wp		: yes
flags		: fpu vme de pse tsc msr pae mce cx8 apic sep mtrr pge mca cmov pat pse36 clflush mmx fxsr sse sse2 ss ht syscall nx pdpe1gb rdtscp lm constant_tsc arch_perfmon rep_good nopl xtopology cpuid pni pclmulqdq vmx ssse3 fma cx16 pdcm pcid sse4_1 sse4_2 x2apic movbe popcnt aes xsave avx f16c rdrand hypervisor lahf_lm abm 3dnowprefetch invpcid_single ssbd ibrs ibpb stibp ibrs_enhanced tpr_shadow vnmi ept vpid ept_ad fsgsbase bmi1 avx2 smep bmi2 erms invpcid rdseed adx smap clflushopt xsaveopt xsavec xgetbv1 xsaves flush_l1d arch_capabilities
vmx flags	: vnmi invvpid ept_x_only ept_ad ept_1gb tsc_offset vtpr ept vpid unrestricted_guest ept_mode_based_exec
bugs		: spectre_v1 spectre_v2 spec_store_bypass swapgs itlb_multihit srbds mmio_stale_data retbleed eibrs_pbrsb gds
bogomips	: 4608.01
clflush size	: 64
cache_alignment	: 64
address sizes	: 39 bits physical, 48 bits virtual
power management:

processor	: 1
vendor_id	: GenuineIntel
cpu family	: 6
model		: 165
model name	: Intel(R) Core(TM) i7-10875H CPU @ 2.30GHz
stepping	: 2
microcode	: 0xffffffff
cpu MHz		: 2304.008
cache size	: 16384 KB
physical id	: 0
siblings	: 16
core id		: 0
cpu cores	: 8
apicid		: 1
initial apicid	: 1
fpu		: yes
fpu_exception	: yes
cpuid level	: 22
wp		: yes
flags		: fpu vme de pse tsc msr pae mce cx8 apic sep mtrr pge mca cmov pat pse36 clflush mmx fxsr sse sse2 ss ht syscall nx pdpe1gb rdtscp lm constant_tsc arch_perfmon rep_good nopl xtopology cpuid pni pclmulqdq vmx ssse3 fma cx16 pdcm pcid sse4_1 sse4_2 x2apic movbe popcnt aes xsave avx f16c rdrand hypervisor lahf_lm abm 3dnowprefetch invpcid_single ssbd ibrs ibpb stibp ibrs_enhanced tpr_shadow vnmi ept vpid ept_ad fsgsbase bmi1 avx2 smep bmi2 erms invpcid rdseed adx smap clflushopt xsaveopt xsavec xgetbv1 xsaves flush_l1d arch_capabilities
vmx flags	: vnmi invvpid ept_x_only ept_ad ept_1gb tsc_offset vtpr ept vpid unrestricted_guest ept_mode_based_exec
bugs		: spectre_v1 spectre_v2 spec_store_bypass swapgs itlb_multihit srbds mmio_stale_data retbleed eibrs_pbrsb gds
bogomips	: 4608.01
clflush size	: 64
cache_alignment	: 64
address sizes	: 39 bits physical, 48 bits virtual
power management:

processor	: 2
vendor_id	: GenuineIntel
cpu family	: 6
model		: 165
model name	: Intel(R) Core(TM) i7-10875H CPU @ 2.30GHz
stepping	: 2
microcode	: 0xffffffff
cpu MHz		: 2304.008
cache size	: 16384 KB
physical id	: 0
siblings	: 16
core id		: 1
cpu cores	: 8
apicid		: 2
initial apicid	: 2
fpu		: yes
fpu_exception	: yes
cpuid level	: 22
wp		: yes
flags		: fpu vme de pse tsc msr pae mce cx8 apic sep mtrr pge mca cmov pat pse36 clflush mmx fxsr sse sse2 ss ht syscall nx pdpe1gb rdtscp lm constant_tsc arch_perfmon rep_good nopl xtopology cpuid pni pclmulqdq vmx ssse3 fma cx16 pdcm pcid sse4_1 sse4_2 x2apic movbe popcnt aes xsave avx f16c rdrand hypervisor lahf_lm abm 3dnowprefetch invpcid_single ssbd ibrs ibpb stibp ibrs_enhanced tpr_shadow vnmi ept vpid ept_ad fsgsbase bmi1 avx2 smep bmi2 erms invpcid rdseed adx smap clflushopt xsaveopt xsavec xgetbv1 xsaves flush_l1d arch_capabilities
vmx flags	: vnmi invvpid ept_x_only ept_ad ept_1gb tsc_offset vtpr ept vpid unrestricted_guest ept_mode_based_exec
bugs		: spectre_v1 spectre_v2 spec_store_bypass swapgs itlb_multihit srbds mmio_stale_data retbleed eibrs_pbrsb gds
bogomips	: 4608.01
clflush size	: 64
cache_alignment	: 64
address sizes	: 39 bits physical, 48 bits virtual
power management:

processor	: 3
vendor_id	: GenuineIntel
cpu family	: 6
model		: 165
model name	: Intel(R) Core(TM) i7-10875H CPU @ 2.30GHz
stepping	: 2
microcode	: 0xffffffff
cpu MHz		: 2304.008
cache size	: 16384 KB
physical id	: 0
siblings	: 16
core id		: 1
cpu cores	: 8
apicid		: 3
initial apicid	: 3
fpu		: yes
fpu_exception	: yes
cpuid level	: 22
wp		: yes
flags		: fpu vme de pse tsc msr pae mce cx8 apic sep mtrr pge mca cmov pat pse36 clflush mmx fxsr sse sse2 ss ht syscall nx pdpe1gb rdtscp lm constant_tsc arch_perfmon rep_good nopl xtopology cpuid pni pclmulqdq vmx ssse3 fma cx16 pdcm pcid sse4_1 sse4_2 x2apic movbe popcnt aes xsave avx f16c rdrand hypervisor lahf_lm abm 3dnowprefetch invpcid_single ssbd ibrs ibpb stibp ibrs_enhanced tpr_shadow vnmi ept vpid ept_ad fsgsbase bmi1 avx2 smep bmi2 erms invpcid rdseed adx smap clflushopt xsaveopt xsavec xgetbv1 xsaves flush_l1d arch_capabilities
vmx flags	: vnmi invvpid ept_x_only ept_ad ept_1gb tsc_offset vtpr ept vpid unrestricted_guest ept_mode_based_exec
bugs		: spectre_v1 spectre_v2 spec_store_bypass swapgs itlb_multihit srbds mmio_stale_data retbleed eibrs_pbrsb gds
bogomips	: 4608.01
clflush size	: 64
cache_alignment	: 64
address sizes	: 39 bits physical, 48 bits virtual
power management:

processor	: 4
vendor_id	: GenuineIntel
cpu family	: 6
model		: 165
model name	: Intel(R) Core(TM) i7-10875H CPU @ 2.30GHz
stepping	: 2
microcode	: 0xffffffff
cpu MHz		: 2304.008
cache size	: 16384 KB
physical id	: 0
siblings	: 16
core id		: 2
cpu cores	: 8
apicid		: 4
initial apicid	: 4
fpu		: yes
fpu_exception	: yes
cpuid level	: 22
wp		: yes
flags		: fpu vme de pse tsc msr pae mce cx8 apic sep mtrr pge mca cmov pat pse36 clflush mmx fxsr sse sse2 ss ht syscall nx pdpe1gb rdtscp lm constant_tsc arch_perfmon rep_good nopl xtopology cpuid pni pclmulqdq vmx ssse3 fma cx16 pdcm pcid sse4_1 sse4_2 x2apic movbe popcnt aes xsave avx f16c rdrand hypervisor lahf_lm abm 3dnowprefetch invpcid_single ssbd ibrs ibpb stibp ibrs_enhanced tpr_shadow vnmi ept vpid ept_ad fsgsbase bmi1 avx2 smep bmi2 erms invpcid rdseed adx smap clflushopt xsaveopt xsavec xgetbv1 xsaves flush_l1d arch_capabilities
vmx flags	: vnmi invvpid ept_x_only ept_ad ept_1gb tsc_offset vtpr ept vpid unrestricted_guest ept_mode_based_exec
bugs		: spectre_v1 spectre_v2 spec_store_bypass swapgs itlb_multihit srbds mmio_stale_data retbleed eibrs_pbrsb gds
bogomips	: 4608.01
clflush size	: 64
cache_alignment	: 64
address sizes	: 39 bits physical, 48 bits virtual
power management:

processor	: 5
vendor_id	: GenuineIntel
cpu family	: 6
model		: 165
model name	: Intel(R) Core(TM) i7-10875H CPU @ 2.30GHz
stepping	: 2
microcode	: 0xffffffff
cpu MHz		: 2304.008
cache size	: 16384 KB
physical id	: 0
siblings	: 16
core id		: 2
cpu cores	: 8
apicid		: 5
initial apicid	: 5
fpu		: yes
fpu_exception	: yes
cpuid level	: 22
wp		: yes
flags		: fpu vme de pse tsc msr pae mce cx8 apic sep mtrr pge mca cmov pat pse36 clflush mmx fxsr sse sse2 ss ht syscall nx pdpe1gb rdtscp lm constant_tsc arch_perfmon rep_good nopl xtopology cpuid pni pclmulqdq vmx ssse3 fma cx16 pdcm pcid sse4_1 sse4_2 x2apic movbe popcnt aes xsave avx f16c rdrand hypervisor lahf_lm abm 3dnowprefetch invpcid_single ssbd ibrs ibpb stibp ibrs_enhanced tpr_shadow vnmi ept vpid ept_ad fsgsbase bmi1 avx2 smep bmi2 erms invpcid rdseed adx smap clflushopt xsaveopt xsavec xgetbv1 xsaves flush_l1d arch_capabilities
vmx flags	: vnmi invvpid ept_x_only ept_ad ept_1gb tsc_offset vtpr ept vpid unrestricted_guest ept_mode_based_exec
bugs		: spectre_v1 spectre_v2 spec_store_bypass swapgs itlb_multihit srbds mmio_stale_data retbleed eibrs_pbrsb gds
bogomips	: 4608.01
clflush size	: 64
cache_alignment	: 64
address sizes	: 39 bits physical, 48 bits virtual
power management:

processor	: 6
vendor_id	: GenuineIntel
cpu family	: 6
model		: 165
model name	: Intel(R) Core(TM) i7-10875H CPU @ 2.30GHz
stepping	: 2
microcode	: 0xffffffff
cpu MHz		: 2304.008
cache size	: 16384 KB
physical id	: 0
siblings	: 16
core id		: 3
cpu cores	: 8
apicid		: 6
initial apicid	: 6
fpu		: yes
fpu_exception	: yes
cpuid level	: 22
wp		: yes
flags		: fpu vme de pse tsc msr pae mce cx8 apic sep mtrr pge mca cmov pat pse36 clflush mmx fxsr sse sse2 ss ht syscall nx pdpe1gb rdtscp lm constant_tsc arch_perfmon rep_good nopl xtopology cpuid pni pclmulqdq vmx ssse3 fma cx16 pdcm pcid sse4_1 sse4_2 x2apic movbe popcnt aes xsave avx f16c rdrand hypervisor lahf_lm abm 3dnowprefetch invpcid_single ssbd ibrs ibpb stibp ibrs_enhanced tpr_shadow vnmi ept vpid ept_ad fsgsbase bmi1 avx2 smep bmi2 erms invpcid rdseed adx smap clflushopt xsaveopt xsavec xgetbv1 xsaves flush_l1d arch_capabilities
vmx flags	: vnmi invvpid ept_x_only ept_ad ept_1gb tsc_offset vtpr ept vpid unrestricted_guest ept_mode_based_exec
bugs		: spectre_v1 spectre_v2 spec_store_bypass swapgs itlb_multihit srbds mmio_stale_data retbleed eibrs_pbrsb gds
bogomips	: 4608.01
clflush size	: 64
cache_alignment	: 64
address sizes	: 39 bits physical, 48 bits virtual
power management:

processor	: 7
vendor_id	: GenuineIntel
cpu family	: 6
model		: 165
model name	: Intel(R) Core(TM) i7-10875H CPU @ 2.30GHz
stepping	: 2
microcode	: 0xffffffff
cpu MHz		: 2304.008
cache size	: 16384 KB
physical id	: 0
siblings	: 16
core id		: 3
cpu cores	: 8
apicid		: 7
initial apicid	: 7
fpu		: yes
fpu_exception	: yes
cpuid level	: 22
wp		: yes
flags		: fpu vme de pse tsc msr pae mce cx8 apic sep mtrr pge mca cmov pat pse36 clflush mmx fxsr sse sse2 ss ht syscall nx pdpe1gb rdtscp lm constant_tsc arch_perfmon rep_good nopl xtopology cpuid pni pclmulqdq vmx ssse3 fma cx16 pdcm pcid sse4_1 sse4_2 x2apic movbe popcnt aes xsave avx f16c rdrand hypervisor lahf_lm abm 3dnowprefetch invpcid_single ssbd ibrs ibpb stibp ibrs_enhanced tpr_shadow vnmi ept vpid ept_ad fsgsbase bmi1 avx2 smep bmi2 erms invpcid rdseed adx smap clflushopt xsaveopt xsavec xgetbv1 xsaves flush_l1d arch_capabilities
vmx flags	: vnmi invvpid ept_x_only ept_ad ept_1gb tsc_offset vtpr ept vpid unrestricted_guest ept_mode_based_exec
bugs		: spectre_v1 spectre_v2 spec_store_bypass swapgs itlb_multihit srbds mmio_stale_data retbleed eibrs_pbrsb gds
bogomips	: 4608.01
clflush size	: 64
cache_alignment	: 64
address sizes	: 39 bits physical, 48 bits virtual
power management:

processor	: 8
vendor_id	: GenuineIntel
cpu family	: 6
model		: 165
model name	: Intel(R) Core(TM) i7-10875H CPU @ 2.30GHz
stepping	: 2
microcode	: 0xffffffff
cpu MHz		: 2304.008
cache size	: 16384 KB
physical id	: 0
siblings	: 16
core id		: 4
cpu cores	: 8
apicid		: 8
initial apicid	: 8
fpu		: yes
fpu_exception	: yes
cpuid level	: 22
wp		: yes
flags		: fpu vme de pse tsc msr pae mce cx8 apic sep mtrr pge mca cmov pat pse36 clflush mmx fxsr sse sse2 ss ht syscall nx pdpe1gb rdtscp lm constant_tsc arch_perfmon rep_good nopl xtopology cpuid pni pclmulqdq vmx ssse3 fma cx16 pdcm pcid sse4_1 sse4_2 x2apic movbe popcnt aes xsave avx f16c rdrand hypervisor lahf_lm abm 3dnowprefetch invpcid_single ssbd ibrs ibpb stibp ibrs_enhanced tpr_shadow vnmi ept vpid ept_ad fsgsbase bmi1 avx2 smep bmi2 erms invpcid rdseed adx smap clflushopt xsaveopt xsavec xgetbv1 xsaves flush_l1d arch_capabilities
vmx flags	: vnmi invvpid ept_x_only ept_ad ept_1gb tsc_offset vtpr ept vpid unrestricted_guest ept_mode_based_exec
bugs		: spectre_v1 spectre_v2 spec_store_bypass swapgs itlb_multihit srbds mmio_stale_data retbleed eibrs_pbrsb gds
bogomips	: 4608.01
clflush size	: 64
cache_alignment	: 64
address sizes	: 39 bits physical, 48 bits virtual
power management:

processor	: 9
vendor_id	: GenuineIntel
cpu family	: 6
model		: 165
model name	: Intel(R) Core(TM) i7-10875H CPU @ 2.30GHz
stepping	: 2
microcode	: 0xffffffff
cpu MHz		: 2304.008
cache size	: 16384 KB
physical id	: 0
siblings	: 16
core id		: 4
cpu cores	: 8
apicid		: 9
initial apicid	: 9
fpu		: yes
fpu_exception	: yes
cpuid level	: 22
wp		: yes
flags		: fpu vme de pse tsc msr pae mce cx8 apic sep mtrr pge mca cmov pat pse36 clflush mmx fxsr sse sse2 ss ht syscall nx pdpe1gb rdtscp lm constant_tsc arch_perfmon rep_good nopl xtopology cpuid pni pclmulqdq vmx ssse3 fma cx16 pdcm pcid sse4_1 sse4_2 x2apic movbe popcnt aes xsave avx f16c rdrand hypervisor lahf_lm abm 3dnowprefetch invpcid_single ssbd ibrs ibpb stibp ibrs_enhanced tpr_shadow vnmi ept vpid ept_ad fsgsbase bmi1 avx2 smep bmi2 erms invpcid rdseed adx smap clflushopt xsaveopt xsavec xgetbv1 xsaves flush_l1d arch_capabilities
vmx flags	: vnmi invvpid ept_x_only ept_ad ept_1gb tsc_offset vtpr ept vpid unrestricted_guest ept_mode_based_exec
bugs		: spectre_v1 spectre_v2 spec_store_bypass swapgs itlb_multihit srbds mmio_stale_data retbleed eibrs_pbrsb gds
bogomips	: 4608.01
clflush size	: 64
cache_alignment	: 64
address sizes	: 39 bits physical, 48 bits virtual
power management:

processor	: 10
vendor_id	: GenuineIntel
cpu family	: 6
model		: 165
model name	: Intel(R) Core(TM) i7-10875H CPU @ 2.30GHz
stepping	: 2
microcode	: 0xffffffff
cpu MHz		: 2304.008
cache size	: 16384 KB
physical id	: 0
siblings	: 16
core id		: 5
cpu cores	: 8
apicid		: 10
initial apicid	: 10
fpu		: yes
fpu_exception	: yes
cpuid level	: 22
wp		: yes
flags		: fpu vme de pse tsc msr pae mce cx8 apic sep mtrr pge mca cmov pat pse36 clflush mmx fxsr sse sse2 ss ht syscall nx pdpe1gb rdtscp lm constant_tsc arch_perfmon rep_good nopl xtopology cpuid pni pclmulqdq vmx ssse3 fma cx16 pdcm pcid sse4_1 sse4_2 x2apic movbe popcnt aes xsave avx f16c rdrand hypervisor lahf_lm abm 3dnowprefetch invpcid_single ssbd ibrs ibpb stibp ibrs_enhanced tpr_shadow vnmi ept vpid ept_ad fsgsbase bmi1 avx2 smep bmi2 erms invpcid rdseed adx smap clflushopt xsaveopt xsavec xgetbv1 xsaves flush_l1d arch_capabilities
vmx flags	: vnmi invvpid ept_x_only ept_ad ept_1gb tsc_offset vtpr ept vpid unrestricted_guest ept_mode_based_exec
bugs		: spectre_v1 spectre_v2 spec_store_bypass swapgs itlb_multihit srbds mmio_stale_data retbleed eibrs_pbrsb gds
bogomips	: 4608.01
clflush size	: 64
cache_alignment	: 64
address sizes	: 39 bits physical, 48 bits virtual
power management:

processor	: 11
vendor_id	: GenuineIntel
cpu family	: 6
model		: 165
model name	: Intel(R) Core(TM) i7-10875H CPU @ 2.30GHz
stepping	: 2
microcode	: 0xffffffff
cpu MHz		: 2304.008
cache size	: 16384 KB
physical id	: 0
siblings	: 16
core id		: 5
cpu cores	: 8
apicid		: 11
initial apicid	: 11
fpu		: yes
fpu_exception	: yes
cpuid level	: 22
wp		: yes
flags		: fpu vme de pse tsc msr pae mce cx8 apic sep mtrr pge mca cmov pat pse36 clflush mmx fxsr sse sse2 ss ht syscall nx pdpe1gb rdtscp lm constant_tsc arch_perfmon rep_good nopl xtopology cpuid pni pclmulqdq vmx ssse3 fma cx16 pdcm pcid sse4_1 sse4_2 x2apic movbe popcnt aes xsave avx f16c rdrand hypervisor lahf_lm abm 3dnowprefetch invpcid_single ssbd ibrs ibpb stibp ibrs_enhanced tpr_shadow vnmi ept vpid ept_ad fsgsbase bmi1 avx2 smep bmi2 erms invpcid rdseed adx smap clflushopt xsaveopt xsavec xgetbv1 xsaves flush_l1d arch_capabilities
vmx flags	: vnmi invvpid ept_x_only ept_ad ept_1gb tsc_offset vtpr ept vpid unrestricted_guest ept_mode_based_exec
bugs		: spectre_v1 spectre_v2 spec_store_bypass swapgs itlb_multihit srbds mmio_stale_data retbleed eibrs_pbrsb gds
bogomips	: 4608.01
clflush size	: 64
cache_alignment	: 64
address sizes	: 39 bits physical, 48 bits virtual
power management:

processor	: 12
vendor_id	: GenuineIntel
cpu family	: 6
model		: 165
model name	: Intel(R) Core(TM) i7-10875H CPU @ 2.30GHz
stepping	: 2
microcode	: 0xffffffff
cpu MHz		: 2304.008
cache size	: 16384 KB
physical id	: 0
siblings	: 16
core id		: 6
cpu cores	: 8
apicid		: 12
initial apicid	: 12
fpu		: yes
fpu_exception	: yes
cpuid level	: 22
wp		: yes
flags		: fpu vme de pse tsc msr pae mce cx8 apic sep mtrr pge mca cmov pat pse36 clflush mmx fxsr sse sse2 ss ht syscall nx pdpe1gb rdtscp lm constant_tsc arch_perfmon rep_good nopl xtopology cpuid pni pclmulqdq vmx ssse3 fma cx16 pdcm pcid sse4_1 sse4_2 x2apic movbe popcnt aes xsave avx f16c rdrand hypervisor lahf_lm abm 3dnowprefetch invpcid_single ssbd ibrs ibpb stibp ibrs_enhanced tpr_shadow vnmi ept vpid ept_ad fsgsbase bmi1 avx2 smep bmi2 erms invpcid rdseed adx smap clflushopt xsaveopt xsavec xgetbv1 xsaves flush_l1d arch_capabilities
vmx flags	: vnmi invvpid ept_x_only ept_ad ept_1gb tsc_offset vtpr ept vpid unrestricted_guest ept_mode_based_exec
bugs		: spectre_v1 spectre_v2 spec_store_bypass swapgs itlb_multihit srbds mmio_stale_data retbleed eibrs_pbrsb gds
bogomips	: 4608.01
clflush size	: 64
cache_alignment	: 64
address sizes	: 39 bits physical, 48 bits virtual
power management:

processor	: 13
vendor_id	: GenuineIntel
cpu family	: 6
model		: 165
model name	: Intel(R) Core(TM) i7-10875H CPU @ 2.30GHz
stepping	: 2
microcode	: 0xffffffff
cpu MHz		: 2304.008
cache size	: 16384 KB
physical id	: 0
siblings	: 16
core id		: 6
cpu cores	: 8
apicid		: 13
initial apicid	: 13
fpu		: yes
fpu_exception	: yes
cpuid level	: 22
wp		: yes
flags		: fpu vme de pse tsc msr pae mce cx8 apic sep mtrr pge mca cmov pat pse36 clflush mmx fxsr sse sse2 ss ht syscall nx pdpe1gb rdtscp lm constant_tsc arch_perfmon rep_good nopl xtopology cpuid pni pclmulqdq vmx ssse3 fma cx16 pdcm pcid sse4_1 sse4_2 x2apic movbe popcnt aes xsave avx f16c rdrand hypervisor lahf_lm abm 3dnowprefetch invpcid_single ssbd ibrs ibpb stibp ibrs_enhanced tpr_shadow vnmi ept vpid ept_ad fsgsbase bmi1 avx2 smep bmi2 erms invpcid rdseed adx smap clflushopt xsaveopt xsavec xgetbv1 xsaves flush_l1d arch_capabilities
vmx flags	: vnmi invvpid ept_x_only ept_ad ept_1gb tsc_offset vtpr ept vpid unrestricted_guest ept_mode_based_exec
bugs		: spectre_v1 spectre_v2 spec_store_bypass swapgs itlb_multihit srbds mmio_stale_data retbleed eibrs_pbrsb gds
bogomips	: 4608.01
clflush size	: 64
cache_alignment	: 64
address sizes	: 39 bits physical, 48 bits virtual
power management:

processor	: 14
vendor_id	: GenuineIntel
cpu family	: 6
model		: 165
model name	: Intel(R) Core(TM) i7-10875H CPU @ 2.30GHz
stepping	: 2
microcode	: 0xffffffff
cpu MHz		: 2304.008
cache size	: 16384 KB
physical id	: 0
siblings	: 16
core id		: 7
cpu cores	: 8
apicid		: 14
initial apicid	: 14
fpu		: yes
fpu_exception	: yes
cpuid level	: 22
wp		: yes
flags		: fpu vme de pse tsc msr pae mce cx8 apic sep mtrr pge mca cmov pat pse36 clflush mmx fxsr sse sse2 ss ht syscall nx pdpe1gb rdtscp lm constant_tsc arch_perfmon rep_good nopl xtopology cpuid pni pclmulqdq vmx ssse3 fma cx16 pdcm pcid sse4_1 sse4_2 x2apic movbe popcnt aes xsave avx f16c rdrand hypervisor lahf_lm abm 3dnowprefetch invpcid_single ssbd ibrs ibpb stibp ibrs_enhanced tpr_shadow vnmi ept vpid ept_ad fsgsbase bmi1 avx2 smep bmi2 erms invpcid rdseed adx smap clflushopt xsaveopt xsavec xgetbv1 xsaves flush_l1d arch_capabilities
vmx flags	: vnmi invvpid ept_x_only ept_ad ept_1gb tsc_offset vtpr ept vpid unrestricted_guest ept_mode_based_exec
bugs		: spectre_v1 spectre_v2 spec_store_bypass swapgs itlb_multihit srbds mmio_stale_data retbleed eibrs_pbrsb gds
bogomips	: 4608.01
clflush size	: 64
cache_alignment	: 64
address sizes	: 39 bits physical, 48 bits virtual
power management:

processor	: 15
vendor_id	: GenuineIntel
cpu family	: 6
model		: 165
model name	: Intel(R) Core(TM) i7-10875H CPU @ 2.30GHz
stepping	: 2
microcode	: 0xffffffff
cpu MHz		: 2304.008
cache size	: 16384 KB
physical id	: 0
siblings	: 16
core id		: 7
cpu cores	: 8
apicid		: 15
initial apicid	: 15
fpu		: yes
fpu_exception	: yes
cpuid level	: 22
wp		: yes
flags		: fpu vme de pse tsc msr pae mce cx8 apic sep mtrr pge mca cmov pat pse36 clflush mmx fxsr sse sse2 ss ht syscall nx pdpe1gb rdtscp lm constant_tsc arch_perfmon rep_good nopl xtopology cpuid pni pclmulqdq vmx ssse3 fma cx16 pdcm pcid sse4_1 sse4_2 x2apic movbe popcnt aes xsave avx f16c rdrand hypervisor lahf_lm abm 3dnowprefetch invpcid_single ssbd ibrs ibpb stibp ibrs_enhanced tpr_shadow vnmi ept vpid ept_ad fsgsbase bmi1 avx2 smep bmi2 erms invpcid rdseed adx smap clflushopt xsaveopt xsavec xgetbv1 xsaves flush_l1d arch_capabilities
vmx flags	: vnmi invvpid ept_x_only ept_ad ept_1gb tsc_offset vtpr ept vpid unrestricted_guest ept_mode_based_exec
bugs		: spectre_v1 spectre_v2 spec_store_bypass swapgs itlb_multihit srbds mmio_stale_data retbleed eibrs_pbrsb gds
bogomips	: 4608.01
clflush size	: 64
cache_alignment	: 64
address sizes	: 39 bits physical, 48 bits virtual
power management:



Memory: 4k page, physical 8085828k(1603224k free), swap 2097152k(2055556k free)

vm_info: OpenJDK 64-Bit Server VM (25.402-b00) for linux-amd64 JRE (1.8.0_402-internal-racerz_2024_01_30_12_46-b00), built on Jan 30 2024 20:56:44 by "racerz" with gcc 4.9.3

time: Tue Jan 30 20:58:12 2024
timezone: CST
elapsed time: 16.046527 seconds (0d 0h 0m 16s)

